2018-09-10 17:23:02,622 - BrowserEngine - INFO - you had select Chrome browser.
2018-09-10 17:23:02,622 - BrowserEngine - INFO - The test server url is:http://192.168.0.133:7001/ApprBase
2018-09-10 17:23:07,566 - BrowserEngine - INFO - Starting chrome browser.
2018-09-10 17:23:08,297 - BrowserEngine - INFO - Open url:http://192.168.0.133:7001/ApprBase
2018-09-10 17:23:09,468 - BrowserEngine - INFO - Maxmize the current window.
2018-09-10 17:23:09,504 - BasePage - INFO - Had find the element '  ' successful by id via value: j_username 
2018-09-10 17:23:09,566 - BasePage - INFO - Had type ' ceshi1 ' in inputBox
2018-09-10 17:23:09,608 - BasePage - INFO - Had find the element '  ' successful by id via value: j_password 
2018-09-10 17:23:09,674 - BasePage - INFO - Had type ' abc123456! ' in inputBox
2018-09-10 17:23:09,702 - BasePage - INFO - Had find the element ' 登    录 ' successful by xpath via value: //*[@id='login-tabs-item']/div/div[2]/div/div[1]/div/a[1] 
2018-09-10 17:23:09,948 - BasePage - INFO - The element ' 登    录 ' was clicked.
2018-09-10 17:23:10,606 - BasePage - INFO - had wait for the element: 欢迎您！
2018-09-10 17:23:10,639 - BasePage - INFO - Had find the element ' 办件登记 ' successful by xpath via value: //*[@id="j-nav"]/li[2]/a/span 
2018-09-10 17:23:10,745 - BasePage - INFO - Had find the element ' 普通窗口登记 ' successful by xpath via value: //*[@id="j-033-tree"]/ul/li/a 
2018-09-10 17:23:10,801 - BasePage - INFO - The element ' 普通窗口登记 ' was clicked.
2018-09-10 17:23:11,832 - BasePage - INFO - had changed the frame
2018-09-10 17:23:11,879 - BasePage - INFO - had wait for the element: 测试局
2010828
限时办结
测试局-子部门
窗口登记
绿色通道登记
2018-09-10 17:23:11,894 - BasePage - INFO - Had find the element ' 窗口登记 ' successful by xpath via value: //body/div[2]/div/div/div/div[1]/div[2]/div[2]/table/tbody/tr/td[5]/div/a[1]/font 
2018-09-10 17:23:12,065 - BasePage - INFO - The element ' 窗口登记 ' was clicked.
2018-09-10 17:23:12,068 - BasePage - INFO - had came back to the main frame
2018-09-10 17:23:13,070 - BasePage - INFO - switch to second window:CDwindow-F54CBAF6E0B1BDFC53CE6E48B13B26F5 
2018-09-10 17:23:14,226 - BasePage - INFO - had changed the frame
2018-09-10 17:23:14,262 - BasePage - INFO - Had find the element '  ' successful by xpath via value: //*[@id="selectCustQY"] 
2018-09-10 17:23:14,381 - BasePage - INFO - The element '  ' was clicked.
2018-09-10 17:23:14,384 - BasePage - INFO - had came back to the main frame
2018-09-10 17:23:14,759 - BasePage - INFO - hand wait and changed frame
2018-09-10 17:23:14,785 - BasePage - INFO - had wait for the element: 
2018-09-10 17:23:14,796 - BasePage - INFO - Had find the element '  ' successful by xpath via value: //*[@id="datagrid-row-r1-1-3"]/td[2]/div/input 
2018-09-10 17:23:14,860 - BasePage - INFO - The element '  ' was clicked.
2018-09-10 17:23:14,891 - BasePage - INFO - Had find the element '  ' successful by xpath via value: //*[@id="selectedButton"] 
2018-09-10 17:23:14,999 - BasePage - INFO - The element '  ' was clicked.
2018-09-10 17:23:15,002 - BasePage - INFO - had came back to the main frame
2018-09-10 17:23:15,017 - BasePage - INFO - had changed the frame
2018-09-10 17:23:15,032 - BasePage - INFO - had wait for the element input value:小企业
2018-09-10 17:23:15,038 - BasePage - INFO - had scroll to the foot
2018-09-10 17:23:15,066 - BasePage - INFO - Had find the element '  ' successful by xpath via value: //*[@id="custContactPerson"] 
2018-09-10 17:23:15,139 - BasePage - INFO - Had type ' damon ' in inputBox
2018-09-10 17:23:15,164 - BasePage - INFO - Had find the element '  ' successful by xpath via value: //*[@id="idCard"] 
2018-09-10 17:23:15,294 - BasePage - INFO - Had type ' 362421199303019322 ' in inputBox
2018-09-10 17:23:15,320 - BasePage - INFO - Had find the element '  ' successful by xpath via value: //*[@id="custMobile"] 
2018-09-10 17:23:15,405 - BasePage - INFO - Had type ' 13148907967 ' in inputBox
2018-09-10 17:23:15,407 - BasePage - INFO - had came back to the main frame
2018-09-10 17:23:15,432 - BasePage - INFO - Had find the element ' 保存 ' successful by id via value: doSave 
2018-09-10 17:23:15,514 - BasePage - INFO - The element ' 保存 ' was clicked.
2018-09-10 17:23:18,592 - BasePage - INFO - Had find the element ' 进入材料审核 ' successful by id via value: doSend 
2018-09-10 17:23:18,608 - BasePage - INFO - The element_text is: 进入材料审核
2018-09-10 17:23:18,952 - BasePage - INFO - Had take screenshot and save to folder : /screenshots
2018-09-10 17:23:18,968 - BasePage - INFO - Had find the element ' 申报材料 ' successful by id via value: nav_sbcl 
2018-09-10 17:23:19,065 - BasePage - INFO - The element ' 申报材料 ' was clicked.
2018-09-10 17:23:19,195 - BasePage - INFO - hand wait and changed frame
2018-09-10 17:23:19,244 - BasePage - INFO - had wait for the element: 上传额外材料
2018-09-10 17:23:19,256 - BasePage - INFO - Had find the element ' 上传额外材料 ' successful by xpath via value: //*[@id="subWrap"]/div[1]/div/div/div/div[1]/a[1] 
2018-09-10 17:23:19,382 - BasePage - INFO - The element ' 上传额外材料 ' was clicked.
2018-09-10 17:23:19,384 - BasePage - INFO - had came back to the main frame
2018-09-10 17:23:19,464 - BasePage - INFO - hand wait and changed frame
2018-09-10 17:23:19,534 - BasePage - INFO - Had find the element ' 请选择文件 ' successful by xpath via value: //*[@id="i_select_files"]/div 
2018-09-10 17:23:19,590 - BasePage - INFO - The element ' 请选择文件 ' was clicked.
2018-09-10 17:23:25,197 - BasePage - INFO - Had find the element ' 开始上传 ' successful by xpath via value: /html/body/button[1] 
2018-09-10 17:23:25,266 - BasePage - INFO - The element ' 开始上传 ' was clicked.
2018-09-10 17:23:28,277 - BasePage - INFO - had came back to the main frame
2018-09-10 17:23:28,340 - BasePage - INFO - Had find the element ' × ' successful by xpath via value: /html/body/div[6]/div/table/tbody/tr[1]/td/button 
2018-09-10 17:23:28,413 - BasePage - INFO - The element ' × ' was clicked.
2018-09-10 17:23:28,434 - BasePage - INFO - had changed the frame
2018-09-10 17:23:29,513 - BasePage - INFO - Had find the element ' 请选择
合格
不合格
免交 ' successful by id via value: auditResult0 
2018-09-10 17:23:29,588 - BasePage - INFO - had select 合格
2018-09-10 17:23:29,621 - BasePage - INFO - Had find the element '  ' successful by xpath via value: //*[@id="datagrid-row-r1-2-0"]/td[9]/div/input 
2018-09-10 17:23:29,670 - BasePage - INFO - Had type ' 审核通过 ' in inputBox
2018-09-10 17:23:29,694 - BasePage - INFO - Had find the element ' 纸质材料齐全 ' successful by xpath via value: //*[@id="subWrap"]/div[1]/div/div/div/div[1]/a[2] 
2018-09-10 17:23:29,836 - BasePage - INFO - The element ' 纸质材料齐全 ' was clicked.
2018-09-10 17:23:29,868 - BasePage - INFO - had came back to the main frame
2018-09-10 17:23:29,953 - BasePage - INFO - hand wait and changed frame
2018-09-10 17:23:29,979 - BasePage - INFO - Had find the element '  ' successful by id via value: contents 
2018-09-10 17:23:30,038 - BasePage - INFO - Had type ' 纸质材料收集完毕 ' in inputBox
2018-09-10 17:23:30,066 - BasePage - INFO - Had find the element ' 保存 ' successful by id via value: savePaperStuff 
2018-09-10 17:23:30,140 - BasePage - INFO - The element ' 保存 ' was clicked.
2018-09-10 17:23:30,650 - BasePage - INFO - had wait for the alert
2018-09-10 17:23:30,688 - BasePage - INFO - closed alert and alert message is 保存成功
2018-09-10 17:23:31,046 - BasePage - INFO - Had take screenshot and save to folder : /screenshots
2018-09-10 17:23:31,046 - BasePage - INFO - had came back to the main frame
2018-09-10 17:23:31,046 - BasePage - INFO - had changed the frame
2018-09-10 17:23:31,078 - BasePage - INFO - Had find the element '         请选择审核结果
        合格
        不合格
        信任后补
        免交
        ' successful by id via value: attaStatusSelect 
2018-09-10 17:23:31,124 - BasePage - INFO - had select 合格
2018-09-10 17:23:31,124 - BasePage - INFO - had came back to the main frame
2018-09-10 17:23:31,140 - BasePage - INFO - Had find the element ' 进入材料审核 ' successful by id via value: doSend 
2018-09-10 17:23:31,946 - BasePage - INFO - The element ' 进入材料审核 ' was clicked.
2018-09-10 17:23:35,272 - BasePage - INFO - Had find the element ' 进入受理 ' successful by id via value: doSend 
2018-09-10 17:23:35,393 - BasePage - INFO - The element_text is: 进入受理
2018-09-10 17:23:35,768 - BasePage - INFO - Had take screenshot and save to folder : /screenshots
2018-09-10 17:23:35,799 - BasePage - INFO - Had find the element ' 同意审核 ' successful by id via value: doSave 
2018-09-10 17:23:36,727 - BasePage - INFO - The element ' 同意审核 ' was clicked.
2018-09-10 17:23:37,784 - BasePage - INFO - Had find the element ' 进入受理 ' successful by id via value: doSend 
2018-09-10 17:23:38,441 - BasePage - INFO - The element ' 进入受理 ' was clicked.
2018-09-10 17:23:41,944 - BasePage - INFO - Had find the element ' 进入承办 ' successful by id via value: doSend 
2018-09-10 17:23:41,950 - BasePage - INFO - The element_text is: 进入承办
2018-09-10 17:23:42,270 - BasePage - INFO - Had take screenshot and save to folder : /screenshots
2018-09-10 17:23:42,290 - BasePage - INFO - Had find the element ' 受理 ' successful by id via value: doSave 
2018-09-10 17:23:42,332 - BasePage - INFO - The element ' 受理 ' was clicked.
2018-09-10 17:23:43,337 - BasePage - INFO - had wait for the alert
2018-09-10 17:23:43,358 - BasePage - INFO - closed alert and alert message is 受理之后，办件开始倒计时。
2018-09-10 17:23:44,608 - BasePage - INFO - Had take screenshot and save to folder : /screenshots
2018-09-10 17:23:44,623 - BasePage - INFO - Had find the element ' 进入承办 ' successful by id via value: doSend 
2018-09-10 17:23:44,714 - BasePage - INFO - The element ' 进入承办 ' was clicked.
2018-09-10 17:23:45,785 - BasePage - INFO - Had find the element ' 跳过 ' successful by xpath via value: //button[text()="跳过"] 
2018-09-10 17:23:46,329 - BasePage - INFO - The element ' 跳过 ' was clicked.
2018-09-10 17:23:50,015 - BasePage - INFO - Had find the element ' 转入审核 ' successful by id via value: doSend 
2018-09-10 17:23:50,102 - BasePage - INFO - The element_text is: 转入审核
2018-09-10 17:23:50,403 - BasePage - INFO - Had take screenshot and save to folder : /screenshots
2018-09-10 17:23:50,438 - BasePage - INFO - Had find the element ' 保存承办 ' successful by id via value: doSave 
2018-09-10 17:23:51,497 - BasePage - INFO - The element ' 保存承办 ' was clicked.
2018-09-10 17:23:52,556 - BasePage - INFO - Had find the element ' 转入审核 ' successful by id via value: doSend 
2018-09-10 17:23:53,200 - BasePage - INFO - The element ' 转入审核 ' was clicked.
2018-09-10 17:23:57,256 - BasePage - INFO - Had find the element ' 进入批准 ' successful by id via value: doSend 
2018-09-10 17:23:57,271 - BasePage - INFO - The element_text is: 进入批准
2018-09-10 17:23:57,589 - BasePage - INFO - Had take screenshot and save to folder : /screenshots
2018-09-10 17:23:57,605 - BasePage - INFO - Had find the element ' 保存审核 ' successful by id via value: doSave 
2018-09-10 17:23:58,711 - BasePage - INFO - The element ' 保存审核 ' was clicked.
2018-09-10 17:23:59,766 - BasePage - INFO - Had find the element ' 进入批准 ' successful by id via value: doSend 
2018-09-10 17:24:00,335 - BasePage - INFO - The element ' 进入批准 ' was clicked.
2018-09-10 17:24:04,406 - BasePage - INFO - Had find the element ' 办结 ' successful by id via value: doSend 
2018-09-10 17:24:04,421 - BasePage - INFO - The element_text is: 办结
2018-09-10 17:24:04,731 - BasePage - INFO - Had take screenshot and save to folder : /screenshots
2018-09-10 17:24:04,747 - BasePage - INFO - Had find the element ' 保存批准 ' successful by id via value: doSave 
2018-09-10 17:24:05,776 - BasePage - INFO - The element ' 保存批准 ' was clicked.
2018-09-10 17:24:06,840 - BasePage - INFO - Had find the element ' 办结 ' successful by id via value: doSend 
2018-09-10 17:24:07,479 - BasePage - INFO - The element ' 办结 ' was clicked.
2018-09-10 17:24:11,531 - BasePage - INFO - Had find the element ' 下一步 ' successful by id via value: doSend 
2018-09-10 17:24:11,547 - BasePage - INFO - The element_text is: 下一步
2018-09-10 17:24:11,845 - BasePage - INFO - Had take screenshot and save to folder : /screenshots
2018-09-10 17:24:11,860 - BasePage - INFO - Had find the element ' 保存内部审批完成意见 ' successful by id via value: doSave 
2018-09-10 17:24:12,931 - BasePage - INFO - The element ' 保存内部审批完成意见 ' was clicked.
2018-09-10 17:24:13,971 - BasePage - INFO - Had find the element ' 下一步 ' successful by id via value: doSend 
2018-09-10 17:24:14,700 - BasePage - INFO - The element ' 下一步 ' was clicked.
2018-09-10 17:24:18,786 - BasePage - INFO - Had find the element ' 结束 ' successful by id via value: doSend 
2018-09-10 17:24:18,786 - BasePage - INFO - The element_text is: 结束
2018-09-10 17:24:19,111 - BasePage - INFO - Had take screenshot and save to folder : /screenshots
2018-09-10 17:24:19,127 - BasePage - INFO - Had find the element ' 出件 ' successful by id via value: doSave 
2018-09-10 17:24:20,249 - BasePage - INFO - The element ' 出件 ' was clicked.
2018-09-10 17:24:21,310 - BasePage - INFO - Had find the element ' 结束 ' successful by id via value: doSend 
2018-09-10 17:24:21,444 - BasePage - INFO - The element ' 结束 ' was clicked.
2018-09-10 17:24:22,501 - BasePage - INFO - Had find the element ' 跳过 ' successful by xpath via value: //button[text()="跳过"] 
2018-09-10 17:24:22,922 - BasePage - INFO - The element ' 跳过 ' was clicked.
2018-09-10 17:24:27,303 - BasePage - INFO - Had take screenshot and save to folder : /screenshots
2018-09-10 17:24:30,384 - BrowserEngine - INFO - you had select Chrome browser.
2018-09-10 17:24:30,384 - BrowserEngine - INFO - The test server url is:http://192.168.0.133:7001/ApprBase
2018-09-10 17:24:35,376 - BrowserEngine - INFO - Starting chrome browser.
2018-09-10 17:24:35,807 - BrowserEngine - INFO - Open url:http://192.168.0.133:7001/ApprBase
2018-09-10 17:24:37,010 - BrowserEngine - INFO - Maxmize the current window.
2018-09-10 17:24:37,069 - BasePage - INFO - Had find the element '  ' successful by id via value: j_username 
2018-09-10 17:24:37,113 - BasePage - INFO - Had type ' admin ' in inputBox
2018-09-10 17:24:37,146 - BasePage - INFO - Had find the element '  ' successful by id via value: j_password 
2018-09-10 17:24:37,208 - BasePage - INFO - Had type ' abc123456 ' in inputBox
2018-09-10 17:24:37,237 - BasePage - INFO - Had find the element ' 登    录 ' successful by xpath via value: //*[@id='login-tabs-item']/div/div[2]/div/div[1]/div/a[1] 
2018-09-10 17:24:37,501 - BasePage - INFO - The element ' 登    录 ' was clicked.
2018-09-10 17:24:38,102 - BasePage - INFO - had wait for the element: 欢迎您！
2018-09-10 17:24:38,399 - BasePage - INFO - Had take screenshot and save to folder : /screenshots
2018-09-10 17:24:38,399 - BasePage - INFO - Current page title is 网上审批系统
2018-09-10 17:24:38,430 - BasePage - INFO - Had find the element ' 退出 ' successful by xpath via value: //*[@id='header']/ul/li[4]/a/span 
2018-09-10 17:24:38,644 - BasePage - INFO - The element ' 退出 ' was clicked.
2018-09-10 17:24:38,651 - BasePage - INFO - Current page title is 登录
2018-09-10 17:24:41,711 - EmailReport - INFO - the report:D:\PycharmProjects\General Approval\test_report\2018-09-10-17-23-02HTMLtemplate.htmlwill be send
2018-09-10 17:24:41,711 - EmailReport - INFO - connectting email server.....
2018-09-10 17:24:42,656 - EmailReport - INFO - logging email.....
2018-09-10 17:24:43,765 - EmailReport - INFO - email has sent
