2018-09-07 17:13:49,654 - BrowserEngine - INFO - you had select Chrome browser.
2018-09-07 17:13:49,654 - BrowserEngine - INFO - The test server url is:http://192.168.0.133:7001/ApprBase
2018-09-07 17:13:54,935 - BrowserEngine - INFO - Starting chrome browser.
2018-09-07 17:13:55,635 - BrowserEngine - INFO - Open url:http://192.168.0.133:7001/ApprBase
2018-09-07 17:13:56,819 - BrowserEngine - INFO - Maxmize the current window.
2018-09-07 17:13:56,846 - BasePage - INFO - Had find the element '  ' successful by id via value: j_username 
2018-09-07 17:13:56,897 - BasePage - INFO - Had type ' ceshi1 ' in inputBox
2018-09-07 17:13:56,924 - BasePage - INFO - Had find the element '  ' successful by id via value: j_password 
2018-09-07 17:13:56,989 - BasePage - INFO - Had type ' abc123456! ' in inputBox
2018-09-07 17:13:57,016 - BasePage - INFO - Had find the element ' 登    录 ' successful by xpath via value: //*[@id='login-tabs-item']/div/div[2]/div/div[1]/div/a[1] 
2018-09-07 17:13:57,267 - BasePage - INFO - The element ' 登    录 ' was clicked.
2018-09-07 17:13:57,928 - BasePage - INFO - had wait for the element: 欢迎您！
2018-09-07 17:13:57,956 - BasePage - INFO - Had find the element ' 办件登记 ' successful by xpath via value: //*[@id="j-nav"]/li[2]/a/span 
2018-09-07 17:13:58,050 - BasePage - INFO - Had find the element ' 普通窗口登记 ' successful by xpath via value: //*[@id="j-033-tree"]/ul/li/a 
2018-09-07 17:13:58,118 - BasePage - INFO - The element ' 普通窗口登记 ' was clicked.
2018-09-07 17:13:59,140 - BasePage - INFO - had changed the frame
2018-09-07 17:13:59,195 - BasePage - INFO - had wait for the element: 测试局
2010828
限时办结
测试局-子部门
窗口登记
绿色通道登记
2018-09-07 17:13:59,222 - BasePage - INFO - Had find the element ' 窗口登记 ' successful by xpath via value: //body/div[2]/div/div/div/div[1]/div[2]/div[2]/table/tbody/tr/td[5]/div/a[1]/font 
2018-09-07 17:13:59,380 - BasePage - INFO - The element ' 窗口登记 ' was clicked.
2018-09-07 17:13:59,385 - BasePage - INFO - had came back to the main frame
2018-09-07 17:14:00,397 - BasePage - INFO - switch to second window:CDwindow-A06A31A8A8A3A8732DD7812AB8A4B9BE 
2018-09-07 17:14:01,538 - BasePage - INFO - had changed the frame
2018-09-07 17:14:01,573 - BasePage - INFO - Had find the element '  ' successful by xpath via value: //*[@id="selectCustQY"] 
2018-09-07 17:14:01,676 - BasePage - INFO - The element '  ' was clicked.
2018-09-07 17:14:01,679 - BasePage - INFO - had came back to the main frame
2018-09-07 17:14:01,906 - BasePage - INFO - hand wait and changed frame
2018-09-07 17:14:02,051 - BasePage - INFO - had wait for the element: 
2018-09-07 17:14:02,065 - BasePage - INFO - Had find the element '  ' successful by xpath via value: //*[@id="datagrid-row-r1-1-3"]/td[2]/div/input 
2018-09-07 17:14:02,141 - BasePage - INFO - The element '  ' was clicked.
2018-09-07 17:14:02,172 - BasePage - INFO - Had find the element '  ' successful by xpath via value: //*[@id="selectedButton"] 
2018-09-07 17:14:02,286 - BasePage - INFO - The element '  ' was clicked.
2018-09-07 17:14:02,289 - BasePage - INFO - had came back to the main frame
2018-09-07 17:14:02,298 - BasePage - INFO - had changed the frame
2018-09-07 17:14:02,314 - BasePage - INFO - had wait for the element input value:小企业
2018-09-07 17:14:02,319 - BasePage - INFO - had scroll to the foot
2018-09-07 17:14:02,346 - BasePage - INFO - Had find the element '  ' successful by xpath via value: //*[@id="custContactPerson"] 
2018-09-07 17:14:02,427 - BasePage - INFO - Had type ' damon ' in inputBox
2018-09-07 17:14:02,452 - BasePage - INFO - Had find the element '  ' successful by xpath via value: //*[@id="idCard"] 
2018-09-07 17:14:02,578 - BasePage - INFO - Had type ' 362421199303019322 ' in inputBox
2018-09-07 17:14:02,604 - BasePage - INFO - Had find the element '  ' successful by xpath via value: //*[@id="custMobile"] 
2018-09-07 17:14:02,693 - BasePage - INFO - Had type ' 13148907967 ' in inputBox
2018-09-07 17:14:02,695 - BasePage - INFO - had came back to the main frame
2018-09-07 17:14:02,721 - BasePage - INFO - Had find the element ' 保存 ' successful by id via value: doSave 
2018-09-07 17:14:02,801 - BasePage - INFO - The element ' 保存 ' was clicked.
2018-09-07 17:14:05,880 - BasePage - INFO - Had find the element ' 进入材料审核 ' successful by id via value: doSend 
2018-09-07 17:14:05,894 - BasePage - INFO - The element_text is: 进入材料审核
2018-09-07 17:14:06,229 - BasePage - INFO - Had take screenshot and save to folder : /screenshots
2018-09-07 17:14:06,252 - BasePage - INFO - Had find the element ' 申报材料 ' successful by id via value: nav_sbcl 
2018-09-07 17:14:06,348 - BasePage - INFO - The element ' 申报材料 ' was clicked.
2018-09-07 17:14:06,477 - BasePage - INFO - hand wait and changed frame
2018-09-07 17:14:06,516 - BasePage - INFO - had wait for the element: 上传额外材料
2018-09-07 17:14:06,537 - BasePage - INFO - Had find the element ' 上传额外材料 ' successful by xpath via value: //*[@id="subWrap"]/div[1]/div/div/div/div[1]/a[1] 
2018-09-07 17:14:06,655 - BasePage - INFO - The element ' 上传额外材料 ' was clicked.
2018-09-07 17:14:06,658 - BasePage - INFO - had came back to the main frame
2018-09-07 17:14:06,779 - BasePage - INFO - hand wait and changed frame
2018-09-07 17:14:06,817 - BasePage - INFO - Had find the element ' 请选择文件 ' successful by xpath via value: //*[@id="i_select_files"]/div 
2018-09-07 17:14:06,885 - BasePage - INFO - The element ' 请选择文件 ' was clicked.
2018-09-07 17:14:12,354 - BasePage - INFO - Had find the element ' 开始上传 ' successful by xpath via value: /html/body/button[1] 
2018-09-07 17:14:12,415 - BasePage - INFO - The element ' 开始上传 ' was clicked.
2018-09-07 17:14:15,423 - BasePage - INFO - had came back to the main frame
2018-09-07 17:14:15,487 - BasePage - INFO - Had find the element ' × ' successful by xpath via value: /html/body/div[6]/div/table/tbody/tr[1]/td/button 
2018-09-07 17:14:15,556 - BasePage - INFO - The element ' × ' was clicked.
2018-09-07 17:14:15,570 - BasePage - INFO - had changed the frame
2018-09-07 17:14:16,636 - BasePage - INFO - Had find the element ' 请选择
合格
不合格
免交 ' successful by id via value: auditResult0 
2018-09-07 17:14:16,692 - BasePage - INFO - had select 合格
2018-09-07 17:14:16,720 - BasePage - INFO - Had find the element '  ' successful by xpath via value: //*[@id="datagrid-row-r1-2-0"]/td[9]/div/input 
2018-09-07 17:14:16,777 - BasePage - INFO - Had type ' 审核通过 ' in inputBox
2018-09-07 17:14:16,800 - BasePage - INFO - Had find the element ' 纸质材料齐全 ' successful by xpath via value: //*[@id="subWrap"]/div[1]/div/div/div/div[1]/a[2] 
2018-09-07 17:14:16,921 - BasePage - INFO - The element ' 纸质材料齐全 ' was clicked.
2018-09-07 17:14:16,964 - BasePage - INFO - had came back to the main frame
2018-09-07 17:14:17,088 - BasePage - INFO - hand wait and changed frame
2018-09-07 17:14:17,119 - BasePage - INFO - Had find the element '  ' successful by id via value: contents 
2018-09-07 17:14:17,180 - BasePage - INFO - Had type ' 纸质材料收集完毕 ' in inputBox
2018-09-07 17:14:17,209 - BasePage - INFO - Had find the element ' 保存 ' successful by id via value: savePaperStuff 
2018-09-07 17:14:17,282 - BasePage - INFO - The element ' 保存 ' was clicked.
2018-09-07 17:14:17,791 - BasePage - INFO - had wait for the alert
2018-09-07 17:14:17,830 - BasePage - INFO - closed alert and alert message is 保存成功
2018-09-07 17:14:18,167 - BasePage - INFO - Had take screenshot and save to folder : /screenshots
2018-09-07 17:14:18,170 - BasePage - INFO - had came back to the main frame
2018-09-07 17:14:18,176 - BasePage - INFO - had changed the frame
2018-09-07 17:14:18,202 - BasePage - INFO - Had find the element '         请选择审核结果
        合格
        不合格
        信任后补
        免交
        ' successful by id via value: attaStatusSelect 
2018-09-07 17:14:18,255 - BasePage - INFO - had select 合格
2018-09-07 17:14:18,258 - BasePage - INFO - had came back to the main frame
2018-09-07 17:14:18,273 - BasePage - INFO - Had find the element ' 进入材料审核 ' successful by id via value: doSend 
2018-09-07 17:14:19,241 - BasePage - INFO - The element ' 进入材料审核 ' was clicked.
2018-09-07 17:14:22,681 - BasePage - INFO - Had find the element ' 进入受理 ' successful by id via value: doSend 
2018-09-07 17:14:22,734 - BasePage - INFO - The element_text is: 进入受理
2018-09-07 17:14:23,075 - BasePage - INFO - Had take screenshot and save to folder : /screenshots
2018-09-07 17:14:23,095 - BasePage - INFO - Had find the element ' 同意审核 ' successful by id via value: doSave 
2018-09-07 17:14:23,988 - BasePage - INFO - The element ' 同意审核 ' was clicked.
2018-09-07 17:14:25,051 - BasePage - INFO - Had find the element ' 进入受理 ' successful by id via value: doSend 
2018-09-07 17:14:25,677 - BasePage - INFO - The element ' 进入受理 ' was clicked.
2018-09-07 17:14:29,153 - BasePage - INFO - Had find the element ' 进入承办 ' successful by id via value: doSend 
2018-09-07 17:14:29,213 - BasePage - INFO - The element_text is: 进入承办
2018-09-07 17:14:29,597 - BasePage - INFO - Had take screenshot and save to folder : /screenshots
2018-09-07 17:14:29,618 - BasePage - INFO - Had find the element ' 受理 ' successful by id via value: doSave 
2018-09-07 17:14:29,661 - BasePage - INFO - The element ' 受理 ' was clicked.
2018-09-07 17:14:30,667 - BasePage - INFO - had wait for the alert
2018-09-07 17:14:30,692 - BasePage - INFO - closed alert and alert message is 受理之后，办件开始倒计时。
2018-09-07 17:14:31,924 - BasePage - INFO - Had take screenshot and save to folder : /screenshots
2018-09-07 17:14:31,943 - BasePage - INFO - Had find the element ' 进入承办 ' successful by id via value: doSend 
2018-09-07 17:14:32,031 - BasePage - INFO - The element ' 进入承办 ' was clicked.
2018-09-07 17:14:33,105 - BasePage - INFO - Had find the element ' 跳过 ' successful by xpath via value: //button[text()="跳过"] 
2018-09-07 17:14:33,674 - BasePage - INFO - The element ' 跳过 ' was clicked.
2018-09-07 17:14:37,396 - BasePage - INFO - Had find the element ' 转入审核 ' successful by id via value: doSend 
2018-09-07 17:14:37,444 - BasePage - INFO - The element_text is: 转入审核
2018-09-07 17:14:37,802 - BasePage - INFO - Had take screenshot and save to folder : /screenshots
2018-09-07 17:14:37,822 - BasePage - INFO - Had find the element ' 保存承办 ' successful by id via value: doSave 
2018-09-07 17:14:38,948 - BasePage - INFO - The element ' 保存承办 ' was clicked.
2018-09-07 17:14:40,015 - BasePage - INFO - Had find the element ' 转入审核 ' successful by id via value: doSend 
2018-09-07 17:14:40,544 - BasePage - INFO - The element ' 转入审核 ' was clicked.
2018-09-07 17:14:44,620 - BasePage - INFO - Had find the element ' 进入批准 ' successful by id via value: doSend 
2018-09-07 17:14:44,627 - BasePage - INFO - The element_text is: 进入批准
2018-09-07 17:14:44,936 - BasePage - INFO - Had take screenshot and save to folder : /screenshots
2018-09-07 17:14:44,957 - BasePage - INFO - Had find the element ' 保存审核 ' successful by id via value: doSave 
2018-09-07 17:14:45,920 - BasePage - INFO - The element ' 保存审核 ' was clicked.
2018-09-07 17:14:46,984 - BasePage - INFO - Had find the element ' 进入批准 ' successful by id via value: doSend 
2018-09-07 17:14:47,516 - BasePage - INFO - The element ' 进入批准 ' was clicked.
2018-09-07 17:14:51,581 - BasePage - INFO - Had find the element ' 办结 ' successful by id via value: doSend 
2018-09-07 17:14:51,588 - BasePage - INFO - The element_text is: 办结
2018-09-07 17:14:51,905 - BasePage - INFO - Had take screenshot and save to folder : /screenshots
2018-09-07 17:14:51,928 - BasePage - INFO - Had find the element ' 保存批准 ' successful by id via value: doSave 
2018-09-07 17:14:52,988 - BasePage - INFO - The element ' 保存批准 ' was clicked.
2018-09-07 17:14:54,043 - BasePage - INFO - Had find the element ' 办结 ' successful by id via value: doSend 
2018-09-07 17:14:54,599 - BasePage - INFO - The element ' 办结 ' was clicked.
2018-09-07 17:14:58,662 - BasePage - INFO - Had find the element ' 下一步 ' successful by id via value: doSend 
2018-09-07 17:14:58,675 - BasePage - INFO - The element_text is: 下一步
2018-09-07 17:14:59,025 - BasePage - INFO - Had take screenshot and save to folder : /screenshots
2018-09-07 17:14:59,043 - BasePage - INFO - Had find the element ' 保存内部审批完成意见 ' successful by id via value: doSave 
2018-09-07 17:15:00,042 - BasePage - INFO - The element ' 保存内部审批完成意见 ' was clicked.
2018-09-07 17:15:01,108 - BasePage - INFO - Had find the element ' 下一步 ' successful by id via value: doSend 
2018-09-07 17:15:01,750 - BasePage - INFO - The element ' 下一步 ' was clicked.
2018-09-07 17:15:05,819 - BasePage - INFO - Had find the element ' 结束 ' successful by id via value: doSend 
2018-09-07 17:15:05,830 - BasePage - INFO - The element_text is: 结束
2018-09-07 17:15:06,147 - BasePage - INFO - Had take screenshot and save to folder : /screenshots
2018-09-07 17:15:06,165 - BasePage - INFO - Had find the element ' 出件 ' successful by id via value: doSave 
2018-09-07 17:15:07,143 - BasePage - INFO - The element ' 出件 ' was clicked.
2018-09-07 17:15:08,211 - BasePage - INFO - Had find the element ' 结束 ' successful by id via value: doSend 
2018-09-07 17:15:08,312 - BasePage - INFO - The element ' 结束 ' was clicked.
2018-09-07 17:15:09,376 - BasePage - INFO - Had find the element ' 跳过 ' successful by xpath via value: //button[text()="跳过"] 
2018-09-07 17:15:09,891 - BasePage - INFO - The element ' 跳过 ' was clicked.
2018-09-07 17:15:14,226 - BasePage - INFO - Had take screenshot and save to folder : /screenshots
2018-09-07 17:15:17,258 - BrowserEngine - INFO - you had select Chrome browser.
2018-09-07 17:15:17,259 - BrowserEngine - INFO - The test server url is:http://192.168.0.133:7001/ApprBase
2018-09-07 17:15:22,360 - BrowserEngine - INFO - Starting chrome browser.
2018-09-07 17:15:23,008 - BrowserEngine - INFO - Open url:http://192.168.0.133:7001/ApprBase
2018-09-07 17:15:24,184 - BrowserEngine - INFO - Maxmize the current window.
2018-09-07 17:15:24,210 - BasePage - INFO - Had find the element '  ' successful by id via value: j_username 
2018-09-07 17:15:24,262 - BasePage - INFO - Had type ' admin ' in inputBox
2018-09-07 17:15:24,288 - BasePage - INFO - Had find the element '  ' successful by id via value: j_password 
2018-09-07 17:15:24,351 - BasePage - INFO - Had type ' abc123456 ' in inputBox
2018-09-07 17:15:24,377 - BasePage - INFO - Had find the element ' 登    录 ' successful by xpath via value: //*[@id='login-tabs-item']/div/div[2]/div/div[1]/div/a[1] 
2018-09-07 17:15:24,621 - BasePage - INFO - The element ' 登    录 ' was clicked.
2018-09-07 17:15:25,205 - BasePage - INFO - had wait for the element: 欢迎您！
2018-09-07 17:15:25,527 - BasePage - INFO - Had take screenshot and save to folder : /screenshots
2018-09-07 17:15:25,531 - BasePage - INFO - Current page title is 网上审批系统
2018-09-07 17:15:25,559 - BasePage - INFO - Had find the element ' 退出 ' successful by xpath via value: //*[@id='header']/ul/li[4]/a/span 
2018-09-07 17:15:25,748 - BasePage - INFO - The element ' 退出 ' was clicked.
2018-09-07 17:15:25,778 - BasePage - INFO - Current page title is 登录
2018-09-07 17:15:28,849 - EmailReport - INFO - the report:D:\PycharmProjects\General Approval\test_report\2018-09-07-17-13-49HTMLtemplate.htmlwill be send
2018-09-07 17:15:28,853 - EmailReport - INFO - connectting email server.....
2018-09-07 17:15:29,556 - EmailReport - INFO - logging email.....
2018-09-07 17:15:30,723 - EmailReport - INFO - email has sent
