2018-09-07 16:06:00,107 - BrowserEngine - INFO - you had select Chrome browser.
2018-09-07 16:06:00,107 - BrowserEngine - INFO - The test server url is:http://192.168.0.133:7001/ApprBase
2018-09-07 16:06:05,360 - BrowserEngine - INFO - Starting chrome browser.
2018-09-07 16:06:06,137 - BrowserEngine - INFO - Open url:http://192.168.0.133:7001/ApprBase
2018-09-07 16:06:07,283 - BrowserEngine - INFO - Maxmize the current window.
2018-09-07 16:06:07,308 - BasePage - INFO - Had find the element '  ' successful by id via value: j_username 
2018-09-07 16:06:07,361 - BasePage - INFO - Had type ' ceshi1 ' in inputBox
2018-09-07 16:06:07,386 - BasePage - INFO - Had find the element '  ' successful by id via value: j_password 
2018-09-07 16:06:07,447 - BasePage - INFO - Had type ' abc123456! ' in inputBox
2018-09-07 16:06:07,473 - BasePage - INFO - Had find the element ' 登    录 ' successful by xpath via value: //*[@id='login-tabs-item']/div/div[2]/div/div[1]/div/a[1] 
2018-09-07 16:06:07,742 - BasePage - INFO - The element ' 登    录 ' was clicked.
2018-09-07 16:06:08,352 - BasePage - INFO - had wait for the element: 欢迎您！
2018-09-07 16:06:08,464 - BasePage - INFO - Had find the element ' 办件登记 ' successful by xpath via value: //*[@id="j-nav"]/li[2]/a/span 
2018-09-07 16:06:08,598 - BasePage - INFO - Had find the element ' 普通窗口登记 ' successful by xpath via value: //*[@id="j-033-tree"]/ul/li/a 
2018-09-07 16:06:08,651 - BasePage - INFO - The element ' 普通窗口登记 ' was clicked.
2018-09-07 16:06:09,668 - BasePage - INFO - had changed the frame
2018-09-07 16:06:09,712 - BasePage - INFO - had wait for the element: 测试局
2010828
限时办结
测试局-子部门
窗口登记
绿色通道登记
2018-09-07 16:06:09,737 - BasePage - INFO - Had find the element ' 窗口登记 ' successful by xpath via value: //body/div[2]/div/div/div/div[1]/div[2]/div[2]/table/tbody/tr/td[5]/div/a[1]/font 
2018-09-07 16:06:09,943 - BasePage - INFO - The element ' 窗口登记 ' was clicked.
2018-09-07 16:06:09,946 - BasePage - INFO - had came back to the main frame
2018-09-07 16:06:10,961 - BasePage - INFO - switch to second window:CDwindow-E1C776CE976308DCAD4C202084A62FF4 
2018-09-07 16:06:12,056 - BasePage - INFO - had changed the frame
2018-09-07 16:06:12,085 - BasePage - INFO - Had find the element '  ' successful by xpath via value: //*[@id="selectCustQY"] 
2018-09-07 16:06:12,194 - BasePage - INFO - The element '  ' was clicked.
2018-09-07 16:06:12,200 - BasePage - INFO - had came back to the main frame
2018-09-07 16:06:12,545 - BasePage - INFO - hand wait and changed frame
2018-09-07 16:06:12,579 - BasePage - INFO - had wait for the element: 
2018-09-07 16:06:12,597 - BasePage - INFO - Had find the element '  ' successful by xpath via value: //*[@id="datagrid-row-r1-1-3"]/td[2]/div/input 
2018-09-07 16:06:12,672 - BasePage - INFO - The element '  ' was clicked.
2018-09-07 16:06:12,701 - BasePage - INFO - Had find the element '  ' successful by xpath via value: //*[@id="selectedButton"] 
2018-09-07 16:06:12,824 - BasePage - INFO - The element '  ' was clicked.
2018-09-07 16:06:12,827 - BasePage - INFO - had came back to the main frame
2018-09-07 16:06:12,837 - BasePage - INFO - had changed the frame
2018-09-07 16:06:12,854 - BasePage - INFO - had wait for the element input value:小企业
2018-09-07 16:06:12,857 - BasePage - INFO - had scroll to the foot
2018-09-07 16:06:12,886 - BasePage - INFO - Had find the element '  ' successful by xpath via value: //*[@id="custContactPerson"] 
2018-09-07 16:06:12,965 - BasePage - INFO - Had type ' damon ' in inputBox
2018-09-07 16:06:12,991 - BasePage - INFO - Had find the element '  ' successful by xpath via value: //*[@id="idCard"] 
2018-09-07 16:06:13,118 - BasePage - INFO - Had type ' 362421199303019322 ' in inputBox
2018-09-07 16:06:13,144 - BasePage - INFO - Had find the element '  ' successful by xpath via value: //*[@id="custMobile"] 
2018-09-07 16:06:13,231 - BasePage - INFO - Had type ' 13148907967 ' in inputBox
2018-09-07 16:06:13,234 - BasePage - INFO - had came back to the main frame
2018-09-07 16:06:13,281 - BasePage - INFO - Had find the element ' 保存 ' successful by id via value: doSave 
2018-09-07 16:06:13,359 - BasePage - INFO - The element ' 保存 ' was clicked.
2018-09-07 16:06:16,427 - BasePage - INFO - Had find the element ' 进入材料审核 ' successful by id via value: doSend 
2018-09-07 16:06:16,434 - BasePage - INFO - The element_text is: 进入材料审核
2018-09-07 16:06:16,748 - BasePage - INFO - Had take screenshot and save to folder : /screenshots
2018-09-07 16:06:16,770 - BasePage - INFO - Had find the element ' 申报材料 ' successful by id via value: nav_sbcl 
2018-09-07 16:06:16,851 - BasePage - INFO - The element ' 申报材料 ' was clicked.
2018-09-07 16:06:16,980 - BasePage - INFO - hand wait and changed frame
2018-09-07 16:06:17,021 - BasePage - INFO - had wait for the element: 上传额外材料
2018-09-07 16:06:17,034 - BasePage - INFO - Had find the element ' 上传额外材料 ' successful by xpath via value: //*[@id="subWrap"]/div[1]/div/div/div/div[1]/a[1] 
2018-09-07 16:06:17,148 - BasePage - INFO - The element ' 上传额外材料 ' was clicked.
2018-09-07 16:06:17,150 - BasePage - INFO - had came back to the main frame
2018-09-07 16:06:17,253 - BasePage - INFO - hand wait and changed frame
2018-09-07 16:06:17,298 - BasePage - INFO - Had find the element ' 请选择文件 ' successful by xpath via value: //*[@id="i_select_files"]/div 
2018-09-07 16:06:17,375 - BasePage - INFO - The element ' 请选择文件 ' was clicked.
2018-09-07 16:06:22,860 - BasePage - INFO - Had find the element ' 开始上传 ' successful by xpath via value: /html/body/button[1] 
2018-09-07 16:06:22,924 - BasePage - INFO - The element ' 开始上传 ' was clicked.
2018-09-07 16:06:25,933 - BasePage - INFO - had came back to the main frame
2018-09-07 16:06:26,002 - BasePage - INFO - Had find the element ' × ' successful by xpath via value: /html/body/div[6]/div/table/tbody/tr[1]/td/button 
2018-09-07 16:06:26,074 - BasePage - INFO - The element ' × ' was clicked.
2018-09-07 16:06:26,087 - BasePage - INFO - had changed the frame
2018-09-07 16:06:27,161 - BasePage - INFO - Had find the element ' 请选择
合格
不合格
免交 ' successful by id via value: auditResult0 
2018-09-07 16:06:27,217 - BasePage - INFO - had select 合格
2018-09-07 16:06:27,245 - BasePage - INFO - Had find the element '  ' successful by xpath via value: //*[@id="datagrid-row-r1-2-0"]/td[9]/div/input 
2018-09-07 16:06:27,294 - BasePage - INFO - Had type ' 审核通过 ' in inputBox
2018-09-07 16:06:27,319 - BasePage - INFO - Had find the element ' 纸质材料齐全 ' successful by xpath via value: //*[@id="subWrap"]/div[1]/div/div/div/div[1]/a[2] 
2018-09-07 16:06:27,487 - BasePage - INFO - The element ' 纸质材料齐全 ' was clicked.
2018-09-07 16:06:27,524 - BasePage - INFO - had came back to the main frame
2018-09-07 16:06:27,611 - BasePage - INFO - hand wait and changed frame
2018-09-07 16:06:27,638 - BasePage - INFO - Had find the element '  ' successful by id via value: contents 
2018-09-07 16:06:27,689 - BasePage - INFO - Had type ' 纸质材料收集完毕 ' in inputBox
2018-09-07 16:06:27,716 - BasePage - INFO - Had find the element ' 保存 ' successful by id via value: savePaperStuff 
2018-09-07 16:06:27,791 - BasePage - INFO - The element ' 保存 ' was clicked.
2018-09-07 16:06:28,298 - BasePage - INFO - had wait for the alert
2018-09-07 16:06:28,327 - BasePage - INFO - closed alert and alert message is 保存成功
2018-09-07 16:06:28,663 - BasePage - INFO - Had take screenshot and save to folder : /screenshots
2018-09-07 16:06:28,666 - BasePage - INFO - had came back to the main frame
2018-09-07 16:06:28,672 - BasePage - INFO - had changed the frame
2018-09-07 16:06:28,697 - BasePage - INFO - Had find the element '         请选择审核结果
        合格
        不合格
        信任后补
        免交
        ' successful by id via value: attaStatusSelect 
2018-09-07 16:06:28,746 - BasePage - INFO - had select 合格
2018-09-07 16:06:28,750 - BasePage - INFO - had came back to the main frame
2018-09-07 16:06:28,764 - BasePage - INFO - Had find the element ' 进入材料审核 ' successful by id via value: doSend 
2018-09-07 16:06:29,561 - BasePage - INFO - The element ' 进入材料审核 ' was clicked.
2018-09-07 16:06:32,890 - BasePage - INFO - Had find the element ' 进入受理 ' successful by id via value: doSend 
2018-09-07 16:06:32,973 - BasePage - INFO - The element_text is: 进入受理
2018-09-07 16:06:33,304 - BasePage - INFO - Had take screenshot and save to folder : /screenshots
2018-09-07 16:06:33,329 - BasePage - INFO - Had find the element ' 同意审核 ' successful by id via value: doSave 
2018-09-07 16:06:34,265 - BasePage - INFO - The element ' 同意审核 ' was clicked.
2018-09-07 16:06:35,320 - BasePage - INFO - Had find the element ' 进入受理 ' successful by id via value: doSend 
2018-09-07 16:06:35,972 - BasePage - INFO - The element ' 进入受理 ' was clicked.
2018-09-07 16:06:39,471 - BasePage - INFO - Had find the element ' 进入承办 ' successful by id via value: doSend 
2018-09-07 16:06:39,493 - BasePage - INFO - The element_text is: 进入承办
2018-09-07 16:06:39,866 - BasePage - INFO - Had take screenshot and save to folder : /screenshots
2018-09-07 16:06:39,887 - BasePage - INFO - Had find the element ' 受理 ' successful by id via value: doSave 
2018-09-07 16:06:39,929 - BasePage - INFO - The element ' 受理 ' was clicked.
2018-09-07 16:06:40,935 - BasePage - INFO - had wait for the alert
2018-09-07 16:06:40,959 - BasePage - INFO - closed alert and alert message is 受理之后，办件开始倒计时。
2018-09-07 16:06:42,250 - BasePage - INFO - Had take screenshot and save to folder : /screenshots
2018-09-07 16:06:42,269 - BasePage - INFO - Had find the element ' 进入承办 ' successful by id via value: doSend 
2018-09-07 16:06:42,351 - BasePage - INFO - The element ' 进入承办 ' was clicked.
2018-09-07 16:06:43,419 - BasePage - INFO - Had find the element ' 跳过 ' successful by xpath via value: //button[text()="跳过"] 
2018-09-07 16:06:43,991 - BasePage - INFO - The element ' 跳过 ' was clicked.
2018-09-07 16:06:47,719 - BasePage - INFO - Had find the element ' 转入审核 ' successful by id via value: doSend 
2018-09-07 16:06:47,744 - BasePage - INFO - The element_text is: 转入审核
2018-09-07 16:06:48,121 - BasePage - INFO - Had take screenshot and save to folder : /screenshots
2018-09-07 16:06:48,141 - BasePage - INFO - Had find the element ' 保存承办 ' successful by id via value: doSave 
2018-09-07 16:06:49,067 - BasePage - INFO - The element ' 保存承办 ' was clicked.
2018-09-07 16:06:50,132 - BasePage - INFO - Had find the element ' 转入审核 ' successful by id via value: doSend 
2018-09-07 16:06:50,697 - BasePage - INFO - The element ' 转入审核 ' was clicked.
2018-09-07 16:06:54,763 - BasePage - INFO - Had find the element ' 进入批准 ' successful by id via value: doSend 
2018-09-07 16:06:54,770 - BasePage - INFO - The element_text is: 进入批准
2018-09-07 16:06:55,083 - BasePage - INFO - Had take screenshot and save to folder : /screenshots
2018-09-07 16:06:55,103 - BasePage - INFO - Had find the element ' 保存审核 ' successful by id via value: doSave 
2018-09-07 16:06:56,137 - BasePage - INFO - The element ' 保存审核 ' was clicked.
2018-09-07 16:06:57,165 - BasePage - INFO - Had find the element ' 进入批准 ' successful by id via value: doSend 
2018-09-07 16:06:57,708 - BasePage - INFO - The element ' 进入批准 ' was clicked.
2018-09-07 16:07:01,768 - BasePage - INFO - Had find the element ' 办结 ' successful by id via value: doSend 
2018-09-07 16:07:01,779 - BasePage - INFO - The element_text is: 办结
2018-09-07 16:07:02,096 - BasePage - INFO - Had take screenshot and save to folder : /screenshots
2018-09-07 16:07:02,115 - BasePage - INFO - Had find the element ' 保存批准 ' successful by id via value: doSave 
2018-09-07 16:07:03,160 - BasePage - INFO - The element ' 保存批准 ' was clicked.
2018-09-07 16:07:04,232 - BasePage - INFO - Had find the element ' 办结 ' successful by id via value: doSend 
2018-09-07 16:07:04,780 - BasePage - INFO - The element ' 办结 ' was clicked.
2018-09-07 16:07:08,845 - BasePage - INFO - Had find the element ' 下一步 ' successful by id via value: doSend 
2018-09-07 16:07:08,856 - BasePage - INFO - The element_text is: 下一步
2018-09-07 16:07:09,162 - BasePage - INFO - Had take screenshot and save to folder : /screenshots
2018-09-07 16:07:09,182 - BasePage - INFO - Had find the element ' 保存内部审批完成意见 ' successful by id via value: doSave 
2018-09-07 16:07:10,170 - BasePage - INFO - The element ' 保存内部审批完成意见 ' was clicked.
2018-09-07 16:07:11,226 - BasePage - INFO - Had find the element ' 下一步 ' successful by id via value: doSend 
2018-09-07 16:07:11,925 - BasePage - INFO - The element ' 下一步 ' was clicked.
2018-09-07 16:07:15,999 - BasePage - INFO - Had find the element ' 结束 ' successful by id via value: doSend 
2018-09-07 16:07:16,007 - BasePage - INFO - The element_text is: 结束
2018-09-07 16:07:16,320 - BasePage - INFO - Had take screenshot and save to folder : /screenshots
2018-09-07 16:07:16,339 - BasePage - INFO - Had find the element ' 出件 ' successful by id via value: doSave 
2018-09-07 16:07:17,408 - BasePage - INFO - The element ' 出件 ' was clicked.
2018-09-07 16:07:18,478 - BasePage - INFO - Had find the element ' 结束 ' successful by id via value: doSend 
2018-09-07 16:07:18,598 - BasePage - INFO - The element ' 结束 ' was clicked.
2018-09-07 16:07:19,663 - BasePage - INFO - Had find the element ' 跳过 ' successful by xpath via value: //button[text()="跳过"] 
2018-09-07 16:07:20,074 - BasePage - INFO - The element ' 跳过 ' was clicked.
2018-09-07 16:07:24,423 - BasePage - INFO - Had take screenshot and save to folder : /screenshots
2018-09-07 16:07:27,487 - BrowserEngine - INFO - you had select Chrome browser.
2018-09-07 16:07:27,488 - BrowserEngine - INFO - The test server url is:http://192.168.0.133:7001/ApprBase
2018-09-07 16:07:32,780 - BrowserEngine - INFO - Starting chrome browser.
2018-09-07 16:07:33,573 - BrowserEngine - INFO - Open url:http://192.168.0.133:7001/ApprBase
2018-09-07 16:07:34,733 - BrowserEngine - INFO - Maxmize the current window.
2018-09-07 16:07:34,759 - BasePage - INFO - Had find the element '  ' successful by id via value: j_username 
2018-09-07 16:07:34,808 - BasePage - INFO - Had type ' admin ' in inputBox
2018-09-07 16:07:34,832 - BasePage - INFO - Had find the element '  ' successful by id via value: j_password 
2018-09-07 16:07:34,895 - BasePage - INFO - Had type ' abc123456 ' in inputBox
2018-09-07 16:07:34,920 - BasePage - INFO - Had find the element ' 登    录 ' successful by xpath via value: //*[@id='login-tabs-item']/div/div[2]/div/div[1]/div/a[1] 
2018-09-07 16:07:35,188 - BasePage - INFO - The element ' 登    录 ' was clicked.
2018-09-07 16:07:35,743 - BasePage - INFO - had wait for the element: 欢迎您！
2018-09-07 16:07:36,063 - BasePage - INFO - Had take screenshot and save to folder : /screenshots
2018-09-07 16:07:36,068 - BasePage - INFO - Current page title is 网上审批系统
2018-09-07 16:07:36,096 - BasePage - INFO - Had find the element ' 退出 ' successful by xpath via value: //*[@id='header']/ul/li[4]/a/span 
2018-09-07 16:07:36,337 - BasePage - INFO - The element ' 退出 ' was clicked.
2018-09-07 16:07:36,341 - BasePage - INFO - Current page title is 登录
