2018-09-10 17:34:37,269 - BrowserEngine - INFO - you had select Chrome browser.
2018-09-10 17:34:37,269 - BrowserEngine - INFO - The test server url is:http://192.168.0.133:7001/ApprBase
2018-09-10 17:34:42,057 - BrowserEngine - INFO - Starting chrome browser.
2018-09-10 17:34:42,637 - BrowserEngine - INFO - Open url:http://192.168.0.133:7001/ApprBase
2018-09-10 17:34:43,780 - BrowserEngine - INFO - Maxmize the current window.
2018-09-10 17:34:43,807 - BasePage - INFO - Had find the element '  ' successful by id via value: j_username 
2018-09-10 17:34:43,853 - BasePage - INFO - Had type ' ceshi1 ' in inputBox
2018-09-10 17:34:43,890 - BasePage - INFO - Had find the element '  ' successful by id via value: j_password 
2018-09-10 17:34:43,954 - BasePage - INFO - Had type ' abc123456! ' in inputBox
2018-09-10 17:34:43,981 - BasePage - INFO - Had find the element ' 登    录 ' successful by xpath via value: //*[@id='login-tabs-item']/div/div[2]/div/div[1]/div/a[1] 
2018-09-10 17:34:44,229 - BasePage - INFO - The element ' 登    录 ' was clicked.
2018-09-10 17:34:44,776 - BasePage - INFO - had wait for the element: 欢迎您！
2018-09-10 17:34:44,812 - BasePage - INFO - Had find the element ' 办件登记 ' successful by xpath via value: //*[@id="j-nav"]/li[2]/a/span 
2018-09-10 17:34:45,052 - BasePage - INFO - Had find the element ' 普通窗口登记 ' successful by xpath via value: //*[@id="j-033-tree"]/ul/li/a 
2018-09-10 17:34:45,105 - BasePage - INFO - The element ' 普通窗口登记 ' was clicked.
2018-09-10 17:34:46,152 - BasePage - INFO - had changed the frame
2018-09-10 17:34:46,199 - BasePage - INFO - had wait for the element: 测试局
2010828
限时办结
测试局-子部门
窗口登记
绿色通道登记
2018-09-10 17:34:46,215 - BasePage - INFO - Had find the element ' 窗口登记 ' successful by xpath via value: //body/div[2]/div/div/div/div[1]/div[2]/div[2]/table/tbody/tr/td[5]/div/a[1]/font 
2018-09-10 17:34:46,400 - BasePage - INFO - The element ' 窗口登记 ' was clicked.
2018-09-10 17:34:46,406 - BasePage - INFO - had came back to the main frame
2018-09-10 17:34:47,431 - BasePage - INFO - switch to second window:CDwindow-6ED8B7FD1A0432DC9C79EFC823265953 
2018-09-10 17:34:48,537 - BasePage - INFO - had changed the frame
2018-09-10 17:34:48,585 - BasePage - INFO - Had find the element '  ' successful by xpath via value: //*[@id="selectCustQY"] 
2018-09-10 17:34:48,689 - BasePage - INFO - The element '  ' was clicked.
2018-09-10 17:34:48,692 - BasePage - INFO - had came back to the main frame
2018-09-10 17:34:48,908 - BasePage - INFO - hand wait and changed frame
2018-09-10 17:34:49,061 - BasePage - INFO - had wait for the element: 
2018-09-10 17:34:49,074 - BasePage - INFO - Had find the element '  ' successful by xpath via value: //*[@id="datagrid-row-r1-1-3"]/td[2]/div/input 
2018-09-10 17:34:49,151 - BasePage - INFO - The element '  ' was clicked.
2018-09-10 17:34:49,204 - BasePage - INFO - Had find the element '  ' successful by xpath via value: //*[@id="selectedButton"] 
2018-09-10 17:34:49,317 - BasePage - INFO - The element '  ' was clicked.
2018-09-10 17:34:49,320 - BasePage - INFO - had came back to the main frame
2018-09-10 17:34:49,330 - BasePage - INFO - had changed the frame
2018-09-10 17:34:49,345 - BasePage - INFO - had wait for the element input value:小企业
2018-09-10 17:34:49,350 - BasePage - INFO - had scroll to the foot
2018-09-10 17:34:49,379 - BasePage - INFO - Had find the element '  ' successful by xpath via value: //*[@id="custContactPerson"] 
2018-09-10 17:34:49,461 - BasePage - INFO - Had type ' damon ' in inputBox
2018-09-10 17:34:49,488 - BasePage - INFO - Had find the element '  ' successful by xpath via value: //*[@id="idCard"] 
2018-09-10 17:34:49,614 - BasePage - INFO - Had type ' 362421199303019322 ' in inputBox
2018-09-10 17:34:49,638 - BasePage - INFO - Had find the element '  ' successful by xpath via value: //*[@id="custMobile"] 
2018-09-10 17:34:49,726 - BasePage - INFO - Had type ' 13148907967 ' in inputBox
2018-09-10 17:34:49,727 - BasePage - INFO - had came back to the main frame
2018-09-10 17:34:49,757 - BasePage - INFO - Had find the element ' 保存 ' successful by id via value: doSave 
2018-09-10 17:34:49,835 - BasePage - INFO - The element ' 保存 ' was clicked.
2018-09-10 17:34:52,869 - BasePage - INFO - Had find the element ' 进入材料审核 ' successful by id via value: doSend 
2018-09-10 17:34:52,869 - BasePage - INFO - The element_text is: 进入材料审核
2018-09-10 17:34:53,206 - BasePage - INFO - Had take screenshot and save to folder : /screenshots
2018-09-10 17:34:53,238 - BasePage - INFO - Had find the element ' 申报材料 ' successful by id via value: nav_sbcl 
2018-09-10 17:34:53,321 - BasePage - INFO - The element ' 申报材料 ' was clicked.
2018-09-10 17:34:53,459 - BasePage - INFO - hand wait and changed frame
2018-09-10 17:34:53,500 - BasePage - INFO - had wait for the element: 上传额外材料
2018-09-10 17:34:53,512 - BasePage - INFO - Had find the element ' 上传额外材料 ' successful by xpath via value: //*[@id="subWrap"]/div[1]/div/div/div/div[1]/a[1] 
2018-09-10 17:34:53,631 - BasePage - INFO - The element ' 上传额外材料 ' was clicked.
2018-09-10 17:34:53,638 - BasePage - INFO - had came back to the main frame
2018-09-10 17:34:53,756 - BasePage - INFO - hand wait and changed frame
2018-09-10 17:34:53,796 - BasePage - INFO - Had find the element ' 请选择文件 ' successful by xpath via value: //*[@id="i_select_files"]/div 
2018-09-10 17:34:53,861 - BasePage - INFO - The element ' 请选择文件 ' was clicked.
2018-09-10 17:34:59,384 - BasePage - INFO - Had find the element ' 开始上传 ' successful by xpath via value: /html/body/button[1] 
2018-09-10 17:34:59,447 - BasePage - INFO - The element ' 开始上传 ' was clicked.
2018-09-10 17:35:02,501 - BasePage - INFO - had came back to the main frame
2018-09-10 17:35:02,528 - BasePage - INFO - Had find the element ' × ' successful by xpath via value: /html/body/div[6]/div/table/tbody/tr[1]/td/button 
2018-09-10 17:35:02,590 - BasePage - INFO - The element ' × ' was clicked.
2018-09-10 17:35:02,599 - BasePage - INFO - had changed the frame
2018-09-10 17:35:03,664 - BasePage - INFO - Had find the element ' 请选择
合格
不合格
免交 ' successful by id via value: auditResult0 
2018-09-10 17:35:03,727 - BasePage - INFO - had select 合格
2018-09-10 17:35:03,758 - BasePage - INFO - Had find the element '  ' successful by xpath via value: //*[@id="datagrid-row-r1-2-0"]/td[9]/div/input 
2018-09-10 17:35:03,812 - BasePage - INFO - Had type ' 审核通过 ' in inputBox
2018-09-10 17:35:03,844 - BasePage - INFO - Had find the element ' 纸质材料齐全 ' successful by xpath via value: //*[@id="subWrap"]/div[1]/div/div/div/div[1]/a[2] 
2018-09-10 17:35:04,023 - BasePage - INFO - The element ' 纸质材料齐全 ' was clicked.
2018-09-10 17:35:04,033 - BasePage - INFO - had came back to the main frame
2018-09-10 17:35:04,156 - BasePage - INFO - hand wait and changed frame
2018-09-10 17:35:04,171 - BasePage - INFO - Had find the element '  ' successful by id via value: contents 
2018-09-10 17:35:04,220 - BasePage - INFO - Had type ' 纸质材料收集完毕 ' in inputBox
2018-09-10 17:35:04,257 - BasePage - INFO - Had find the element ' 保存 ' successful by id via value: savePaperStuff 
2018-09-10 17:35:04,311 - BasePage - INFO - The element ' 保存 ' was clicked.
2018-09-10 17:35:04,833 - BasePage - INFO - had wait for the alert
2018-09-10 17:35:04,858 - BasePage - INFO - closed alert and alert message is 保存成功
2018-09-10 17:35:05,226 - BasePage - INFO - Had take screenshot and save to folder : /screenshots
2018-09-10 17:35:05,226 - BasePage - INFO - had came back to the main frame
2018-09-10 17:35:05,226 - BasePage - INFO - had changed the frame
2018-09-10 17:35:05,257 - BasePage - INFO - Had find the element '         请选择审核结果
        合格
        不合格
        信任后补
        免交
        ' successful by id via value: attaStatusSelect 
2018-09-10 17:35:05,305 - BasePage - INFO - had select 合格
2018-09-10 17:35:05,305 - BasePage - INFO - had came back to the main frame
2018-09-10 17:35:05,320 - BasePage - INFO - Had find the element ' 进入材料审核 ' successful by id via value: doSend 
2018-09-10 17:35:06,313 - BasePage - INFO - The element ' 进入材料审核 ' was clicked.
2018-09-10 17:35:09,598 - BasePage - INFO - Had find the element ' 进入受理 ' successful by id via value: doSend 
2018-09-10 17:35:09,615 - BasePage - INFO - The element_text is: 进入受理
2018-09-10 17:35:10,007 - BasePage - INFO - Had take screenshot and save to folder : /screenshots
2018-09-10 17:35:10,023 - BasePage - INFO - Had find the element ' 同意审核 ' successful by id via value: doSave 
2018-09-10 17:35:11,046 - BasePage - INFO - The element ' 同意审核 ' was clicked.
2018-09-10 17:35:12,122 - BasePage - INFO - Had find the element ' 进入受理 ' successful by id via value: doSend 
2018-09-10 17:35:12,734 - BasePage - INFO - The element ' 进入受理 ' was clicked.
2018-09-10 17:35:16,327 - BasePage - INFO - Had find the element ' 进入承办 ' successful by id via value: doSend 
2018-09-10 17:35:16,351 - BasePage - INFO - The element_text is: 进入承办
2018-09-10 17:35:16,732 - BasePage - INFO - Had take screenshot and save to folder : /screenshots
2018-09-10 17:35:16,752 - BasePage - INFO - Had find the element ' 受理 ' successful by id via value: doSave 
2018-09-10 17:35:16,789 - BasePage - INFO - The element ' 受理 ' was clicked.
2018-09-10 17:35:17,794 - BasePage - INFO - had wait for the alert
2018-09-10 17:35:17,810 - BasePage - INFO - closed alert and alert message is 受理之后，办件开始倒计时。
2018-09-10 17:35:19,002 - BasePage - INFO - Had take screenshot and save to folder : /screenshots
2018-09-10 17:35:19,021 - BasePage - INFO - Had find the element ' 进入承办 ' successful by id via value: doSend 
2018-09-10 17:35:19,106 - BasePage - INFO - The element ' 进入承办 ' was clicked.
2018-09-10 17:35:20,181 - BasePage - INFO - Had find the element ' 跳过 ' successful by xpath via value: //button[text()="跳过"] 
2018-09-10 17:35:20,737 - BasePage - INFO - The element ' 跳过 ' was clicked.
2018-09-10 17:35:24,480 - BasePage - INFO - Had find the element ' 转入审核 ' successful by id via value: doSend 
2018-09-10 17:35:24,527 - BasePage - INFO - The element_text is: 转入审核
2018-09-10 17:35:24,853 - BasePage - INFO - Had take screenshot and save to folder : /screenshots
2018-09-10 17:35:24,869 - BasePage - INFO - Had find the element ' 保存承办 ' successful by id via value: doSave 
2018-09-10 17:35:25,912 - BasePage - INFO - The element ' 保存承办 ' was clicked.
2018-09-10 17:35:26,982 - BasePage - INFO - Had find the element ' 转入审核 ' successful by id via value: doSend 
2018-09-10 17:35:27,556 - BasePage - INFO - The element ' 转入审核 ' was clicked.
2018-09-10 17:35:31,625 - BasePage - INFO - Had find the element ' 进入批准 ' successful by id via value: doSend 
2018-09-10 17:35:31,625 - BasePage - INFO - The element_text is: 进入批准
2018-09-10 17:35:31,945 - BasePage - INFO - Had take screenshot and save to folder : /screenshots
2018-09-10 17:35:31,961 - BasePage - INFO - Had find the element ' 保存审核 ' successful by id via value: doSave 
2018-09-10 17:35:33,040 - BasePage - INFO - The element ' 保存审核 ' was clicked.
2018-09-10 17:35:34,107 - BasePage - INFO - Had find the element ' 进入批准 ' successful by id via value: doSend 
2018-09-10 17:35:34,697 - BasePage - INFO - The element ' 进入批准 ' was clicked.
2018-09-10 17:35:38,744 - BasePage - INFO - Had find the element ' 办结 ' successful by id via value: doSend 
2018-09-10 17:35:38,745 - BasePage - INFO - The element_text is: 办结
2018-09-10 17:35:39,070 - BasePage - INFO - Had take screenshot and save to folder : /screenshots
2018-09-10 17:35:39,086 - BasePage - INFO - Had find the element ' 保存批准 ' successful by id via value: doSave 
2018-09-10 17:35:40,151 - BasePage - INFO - The element ' 保存批准 ' was clicked.
2018-09-10 17:35:41,208 - BasePage - INFO - Had find the element ' 办结 ' successful by id via value: doSend 
2018-09-10 17:35:41,729 - BasePage - INFO - The element ' 办结 ' was clicked.
2018-09-10 17:35:45,803 - BasePage - INFO - Had find the element ' 下一步 ' successful by id via value: doSend 
2018-09-10 17:35:45,818 - BasePage - INFO - The element_text is: 下一步
2018-09-10 17:35:46,129 - BasePage - INFO - Had take screenshot and save to folder : /screenshots
2018-09-10 17:35:46,161 - BasePage - INFO - Had find the element ' 保存内部审批完成意见 ' successful by id via value: doSave 
2018-09-10 17:35:47,206 - BasePage - INFO - The element ' 保存内部审批完成意见 ' was clicked.
2018-09-10 17:35:48,260 - BasePage - INFO - Had find the element ' 下一步 ' successful by id via value: doSend 
2018-09-10 17:35:48,965 - BasePage - INFO - The element ' 下一步 ' was clicked.
2018-09-10 17:35:52,982 - BasePage - INFO - Had find the element ' 结束 ' successful by id via value: doSend 
2018-09-10 17:35:52,998 - BasePage - INFO - The element_text is: 结束
2018-09-10 17:35:53,326 - BasePage - INFO - Had take screenshot and save to folder : /screenshots
2018-09-10 17:35:53,342 - BasePage - INFO - Had find the element ' 出件 ' successful by id via value: doSave 
2018-09-10 17:35:54,280 - BasePage - INFO - The element ' 出件 ' was clicked.
2018-09-10 17:35:55,339 - BasePage - INFO - Had find the element ' 结束 ' successful by id via value: doSend 
2018-09-10 17:35:55,480 - BasePage - INFO - The element ' 结束 ' was clicked.
2018-09-10 17:35:56,580 - BasePage - INFO - Had find the element ' 跳过 ' successful by xpath via value: //button[text()="跳过"] 
2018-09-10 17:35:56,995 - BasePage - INFO - The element ' 跳过 ' was clicked.
2018-09-10 17:36:01,323 - BasePage - INFO - Had take screenshot and save to folder : /screenshots
2018-09-10 17:36:04,410 - BrowserEngine - INFO - you had select Chrome browser.
2018-09-10 17:36:04,410 - BrowserEngine - INFO - The test server url is:http://192.168.0.133:7001/ApprBase
2018-09-10 17:36:09,694 - BrowserEngine - INFO - Starting chrome browser.
2018-09-10 17:36:10,202 - BrowserEngine - INFO - Open url:http://192.168.0.133:7001/ApprBase
2018-09-10 17:36:11,372 - BrowserEngine - INFO - Maxmize the current window.
2018-09-10 17:36:11,386 - BasePage - INFO - Had find the element '  ' successful by id via value: j_username 
2018-09-10 17:36:11,433 - BasePage - INFO - Had type ' admin ' in inputBox
2018-09-10 17:36:11,472 - BasePage - INFO - Had find the element '  ' successful by id via value: j_password 
2018-09-10 17:36:11,532 - BasePage - INFO - Had type ' abc123456 ' in inputBox
2018-09-10 17:36:11,558 - BasePage - INFO - Had find the element ' 登    录 ' successful by xpath via value: //*[@id='login-tabs-item']/div/div[2]/div/div[1]/div/a[1] 
2018-09-10 17:36:11,828 - BasePage - INFO - The element ' 登    录 ' was clicked.
2018-09-10 17:36:12,424 - BasePage - INFO - had wait for the element: 欢迎您！
2018-09-10 17:36:12,780 - BasePage - INFO - Had take screenshot and save to folder : /screenshots
2018-09-10 17:36:12,780 - BasePage - INFO - Current page title is 网上审批系统
2018-09-10 17:36:12,819 - BasePage - INFO - Had find the element ' 退出 ' successful by xpath via value: //*[@id='header']/ul/li[4]/a/span 
2018-09-10 17:36:13,037 - BasePage - INFO - The element ' 退出 ' was clicked.
2018-09-10 17:36:13,045 - BasePage - INFO - Current page title is 登录
2018-09-10 17:36:16,130 - EmailReport - INFO - the report:D:\PycharmProjects\General Approval\test_report\2018-09-10-17-34-37HTMLtemplate.htmlwill be send
2018-09-10 17:36:16,130 - EmailReport - INFO - connectting email server.....
2018-09-10 17:36:16,821 - EmailReport - INFO - logging email.....
2018-09-10 17:36:17,942 - EmailReport - INFO - email has sent
