2018-09-12 11:16:13,018 - BrowserEngine - INFO - you had select Chrome browser.
2018-09-12 11:16:13,018 - BrowserEngine - INFO - The test server url is:http://192.168.0.133:7001/ApprBase
2018-09-12 11:16:18,258 - BrowserEngine - INFO - Starting chrome browser.
2018-09-12 11:16:19,162 - BrowserEngine - INFO - Open url:http://192.168.0.133:7001/ApprBase
2018-09-12 11:16:20,325 - BrowserEngine - INFO - Maxmize the current window.
2018-09-12 11:16:20,327 - BrowserEngine - INFO - Set implicitly wait 8 seconds.
2018-09-12 11:16:20,355 - BasePage - INFO - Had find the element '  ' successful by id via value: j_username 
2018-09-12 11:16:20,395 - BasePage - INFO - Had type ' ceshi1 ' in inputBox
2018-09-12 11:16:20,432 - BasePage - INFO - Had find the element '  ' successful by id via value: j_password 
2018-09-12 11:16:20,493 - BasePage - INFO - Had type ' abc123456! ' in inputBox
2018-09-12 11:16:20,520 - BasePage - INFO - Had find the element ' 登    录 ' successful by xpath via value: //*[@id='login-tabs-item']/div/div[2]/div/div[1]/div/a[1] 
2018-09-12 11:16:21,171 - BasePage - INFO - The element ' 登    录 ' was clicked.
2018-09-12 11:16:21,373 - BasePage - INFO - had wait for the element: 欢迎您！
2018-09-12 11:16:21,408 - BasePage - INFO - Had find the element ' 办件登记 ' successful by xpath via value: //*[@id="j-nav"]/li[2]/a/span 
2018-09-12 11:16:21,466 - BasePage - INFO - Had find the element ' 普通窗口登记 ' successful by xpath via value: //*[@id="j-033-tree"]/ul/li/a 
2018-09-12 11:16:21,520 - BasePage - INFO - The element ' 普通窗口登记 ' was clicked.
2018-09-12 11:16:22,560 - BasePage - INFO - had changed the frame
2018-09-12 11:16:22,607 - BasePage - INFO - had wait for the element: 
2018-09-12 11:16:23,875 - BasePage - INFO - Had find the element ' 窗口登记 ' successful by xpath via value: //body/div[2]/div/div/div/div[1]/div[2]/div[2]/table/tbody/tr/td[5]/div/a[1]/font 
2018-09-12 11:16:24,114 - BasePage - INFO - The element ' 窗口登记 ' was clicked.
2018-09-12 11:16:24,117 - BasePage - INFO - had came back to the main frame
2018-09-12 11:16:25,120 - BasePage - INFO - switch to second window:CDwindow-48A87A7055940AA93A62F3C4158BA008 
2018-09-12 11:16:26,329 - BasePage - INFO - hand wait and changed frame
2018-09-12 11:16:26,355 - BasePage - INFO - Had find the element '  ' successful by xpath via value: //*[@id="selectCustQY"] 
2018-09-12 11:16:26,452 - BasePage - INFO - The element '  ' was clicked.
2018-09-12 11:16:26,458 - BasePage - INFO - had came back to the main frame
2018-09-12 11:16:26,652 - BasePage - INFO - hand wait and changed frame
2018-09-12 11:16:26,817 - BasePage - INFO - had wait for the element: 
2018-09-12 11:16:26,851 - BasePage - INFO - Had find the element '  ' successful by xpath via value: //*[@id="datagrid-row-r1-1-4"]/td[2]/div/input 
2018-09-12 11:16:26,920 - BasePage - INFO - The element '  ' was clicked.
2018-09-12 11:16:26,957 - BasePage - INFO - Had find the element '  ' successful by xpath via value: //*[@id="selectedButton"] 
2018-09-12 11:16:27,081 - BasePage - INFO - The element '  ' was clicked.
2018-09-12 11:16:27,084 - BasePage - INFO - had came back to the main frame
2018-09-12 11:16:27,097 - BasePage - INFO - had changed the frame
2018-09-12 11:16:27,115 - BasePage - INFO - had wait for the element input value:橡皮有限公司
2018-09-12 11:16:27,118 - BasePage - INFO - had scroll to the foot
2018-09-12 11:16:27,156 - BasePage - INFO - Had find the element '  ' successful by xpath via value: //*[@id="custContactPerson"] 
2018-09-12 11:16:27,231 - BasePage - INFO - Had type ' damon ' in inputBox
2018-09-12 11:16:27,256 - BasePage - INFO - Had find the element '  ' successful by xpath via value: //*[@id="idCard"] 
2018-09-12 11:16:27,369 - BasePage - INFO - Had type ' 362421199303019322 ' in inputBox
2018-09-12 11:16:27,394 - BasePage - INFO - Had find the element '  ' successful by xpath via value: //*[@id="custMobile"] 
2018-09-12 11:16:27,478 - BasePage - INFO - Had type ' 13148907967 ' in inputBox
2018-09-12 11:16:27,480 - BasePage - INFO - had came back to the main frame
2018-09-12 11:16:27,505 - BasePage - INFO - Had find the element ' 保存 ' successful by id via value: doSave 
2018-09-12 11:16:27,586 - BasePage - INFO - The element ' 保存 ' was clicked.
2018-09-12 11:16:30,657 - BasePage - INFO - Had find the element ' 进入材料审核 ' successful by id via value: doSend 
2018-09-12 11:16:30,673 - BasePage - INFO - The element_text is: 进入材料审核
2018-09-12 11:16:30,704 - BasePage - INFO - Had find the element ' 申报材料 ' successful by id via value: nav_sbcl 
2018-09-12 11:16:30,799 - BasePage - INFO - The element ' 申报材料 ' was clicked.
2018-09-12 11:16:30,919 - BasePage - INFO - hand wait and changed frame
2018-09-12 11:16:30,955 - BasePage - INFO - had wait for the element: 上传额外材料
2018-09-12 11:16:30,968 - BasePage - INFO - Had find the element ' 上传额外材料 ' successful by xpath via value: //*[@id="subWrap"]/div[1]/div/div/div/div[1]/a[1] 
2018-09-12 11:16:31,084 - BasePage - INFO - The element ' 上传额外材料 ' was clicked.
2018-09-12 11:16:31,088 - BasePage - INFO - had came back to the main frame
2018-09-12 11:16:31,188 - BasePage - INFO - hand wait and changed frame
2018-09-12 11:16:31,228 - BasePage - INFO - Had find the element ' 请选择文件 ' successful by xpath via value: //*[@id="i_select_files"]/div 
2018-09-12 11:16:31,305 - BasePage - INFO - The element ' 请选择文件 ' was clicked.
2018-09-12 11:16:36,775 - BasePage - INFO - Had find the element ' 开始上传 ' successful by xpath via value: /html/body/button[1] 
2018-09-12 11:16:36,837 - BasePage - INFO - The element ' 开始上传 ' was clicked.
2018-09-12 11:16:39,849 - BasePage - INFO - had came back to the main frame
2018-09-12 11:16:39,895 - BasePage - INFO - Had find the element ' × ' successful by xpath via value: /html/body/div[6]/div/table/tbody/tr[1]/td/button 
2018-09-12 11:16:39,959 - BasePage - INFO - The element ' × ' was clicked.
2018-09-12 11:16:39,971 - BasePage - INFO - had changed the frame
2018-09-12 11:16:41,034 - BasePage - INFO - Had find the element ' 请选择
合格
不合格
免交 ' successful by id via value: auditResult0 
2018-09-12 11:16:41,105 - BasePage - INFO - had select 合格
2018-09-12 11:16:41,127 - BasePage - INFO - Had find the element '  ' successful by xpath via value: //*[@id="datagrid-row-r1-2-0"]/td[9]/div/input 
2018-09-12 11:16:41,182 - BasePage - INFO - Had type ' 审核通过 ' in inputBox
2018-09-12 11:16:41,208 - BasePage - INFO - Had find the element ' 纸质材料齐全 ' successful by xpath via value: //*[@id="subWrap"]/div[1]/div/div/div/div[1]/a[2] 
2018-09-12 11:16:41,372 - BasePage - INFO - The element ' 纸质材料齐全 ' was clicked.
2018-09-12 11:16:41,377 - BasePage - INFO - had came back to the main frame
2018-09-12 11:16:41,419 - BasePage - INFO - hand wait and changed frame
2018-09-12 11:16:41,548 - BasePage - INFO - Had find the element '  ' successful by id via value: contents 
2018-09-12 11:16:41,602 - BasePage - INFO - Had type ' 纸质材料收集完毕 ' in inputBox
2018-09-12 11:16:41,627 - BasePage - INFO - Had find the element ' 保存 ' successful by id via value: savePaperStuff 
2018-09-12 11:16:41,697 - BasePage - INFO - The element ' 保存 ' was clicked.
2018-09-12 11:16:42,205 - BasePage - INFO - had wait for the alert
2018-09-12 11:16:42,233 - BasePage - INFO - closed alert and alert message is 保存成功
2018-09-12 11:16:42,257 - BasePage - INFO - had came back to the main frame
2018-09-12 11:16:42,266 - BasePage - INFO - had changed the frame
2018-09-12 11:16:42,292 - BasePage - INFO - Had find the element '         请选择审核结果
        合格
        不合格
        信任后补
        免交
        ' successful by id via value: attaStatusSelect 
2018-09-12 11:16:42,339 - BasePage - INFO - had select 合格
2018-09-12 11:16:42,339 - BasePage - INFO - had came back to the main frame
2018-09-12 11:16:42,358 - BasePage - INFO - Had find the element ' 进入材料审核 ' successful by id via value: doSend 
2018-09-12 11:18:00,139 - BasePage - INFO - The element ' 进入材料审核 ' was clicked.
2018-09-12 11:18:03,196 - BasePage - INFO - Had find the element ' 进入受理 ' successful by id via value: doSend 
2018-09-12 11:18:03,196 - BasePage - INFO - The element_text is: 进入受理
2018-09-12 11:18:03,227 - BasePage - INFO - Had find the element ' 同意审核 ' successful by id via value: doSave 
2018-09-12 11:18:04,148 - BasePage - INFO - The element ' 同意审核 ' was clicked.
2018-09-12 11:18:05,206 - BasePage - INFO - Had find the element ' 进入受理 ' successful by id via value: doSend 
2018-09-12 11:18:05,817 - BasePage - INFO - The element ' 进入受理 ' was clicked.
2018-09-12 11:18:09,288 - BasePage - INFO - Had find the element ' 进入承办 ' successful by id via value: doSend 
2018-09-12 11:18:09,298 - BasePage - INFO - The element_text is: 进入承办
2018-09-12 11:18:09,421 - BasePage - INFO - Had find the element ' 受理 ' successful by id via value: doSave 
2018-09-12 11:18:09,526 - BasePage - INFO - The element ' 受理 ' was clicked.
2018-09-12 11:18:10,531 - BasePage - INFO - had wait for the alert
2018-09-12 11:18:10,554 - BasePage - INFO - closed alert and alert message is 受理之后，办件开始倒计时。
2018-09-12 11:18:11,523 - BasePage - INFO - Had find the element ' 进入承办 ' successful by id via value: doSend 
2018-09-12 11:18:11,759 - BasePage - INFO - The element ' 进入承办 ' was clicked.
2018-09-12 11:18:12,827 - BasePage - INFO - Had find the element ' 跳过 ' successful by xpath via value: //button[text()="跳过"] 
2018-09-12 11:18:13,404 - BasePage - INFO - The element ' 跳过 ' was clicked.
2018-09-12 11:18:17,200 - BasePage - INFO - Had find the element ' 转入审核 ' successful by id via value: doSend 
2018-09-12 11:18:17,245 - BasePage - INFO - The element_text is: 转入审核
2018-09-12 11:18:17,324 - BasePage - INFO - Had find the element ' 保存承办 ' successful by id via value: doSave 
2018-09-12 11:18:18,266 - BasePage - INFO - The element ' 保存承办 ' was clicked.
2018-09-12 11:18:19,327 - BasePage - INFO - Had find the element ' 转入审核 ' successful by id via value: doSend 
2018-09-12 11:18:19,873 - BasePage - INFO - The element ' 转入审核 ' was clicked.
2018-09-12 11:18:23,478 - BasePage - INFO - Had find the element ' 进入批准 ' successful by id via value: doSend 
2018-09-12 11:18:23,579 - BasePage - INFO - The element_text is: 进入批准
2018-09-12 11:18:23,654 - BasePage - INFO - Had find the element ' 保存审核 ' successful by id via value: doSave 
2018-09-12 11:18:24,653 - BasePage - INFO - The element ' 保存审核 ' was clicked.
2018-09-12 11:18:25,720 - BasePage - INFO - Had find the element ' 进入批准 ' successful by id via value: doSend 
2018-09-12 11:18:26,277 - BasePage - INFO - The element ' 进入批准 ' was clicked.
2018-09-12 11:18:29,979 - BasePage - INFO - Had find the element ' 办结 ' successful by id via value: doSend 
2018-09-12 11:18:30,002 - BasePage - INFO - The element_text is: 办结
2018-09-12 11:18:30,077 - BasePage - INFO - Had find the element ' 保存批准 ' successful by id via value: doSave 
2018-09-12 11:18:31,047 - BasePage - INFO - The element ' 保存批准 ' was clicked.
2018-09-12 11:18:32,111 - BasePage - INFO - Had find the element ' 办结 ' successful by id via value: doSend 
2018-09-12 11:18:32,686 - BasePage - INFO - The element ' 办结 ' was clicked.
2018-09-12 11:18:36,231 - BasePage - INFO - Had find the element ' 下一步 ' successful by id via value: doSend 
2018-09-12 11:18:36,238 - BasePage - INFO - The element_text is: 下一步
2018-09-12 11:18:36,315 - BasePage - INFO - Had find the element ' 保存内部审批完成意见 ' successful by id via value: doSave 
2018-09-12 11:18:37,487 - BasePage - INFO - The element ' 保存内部审批完成意见 ' was clicked.
2018-09-12 11:18:38,534 - BasePage - INFO - Had find the element ' 下一步 ' successful by id via value: doSend 
2018-09-12 11:18:39,196 - BasePage - INFO - The element ' 下一步 ' was clicked.
2018-09-12 11:18:42,637 - BasePage - INFO - Had find the element ' 结束 ' successful by id via value: doSend 
2018-09-12 11:18:42,697 - BasePage - INFO - The element_text is: 结束
2018-09-12 11:18:42,766 - BasePage - INFO - Had find the element ' 出件 ' successful by id via value: doSave 
2018-09-12 11:18:43,823 - BasePage - INFO - The element ' 出件 ' was clicked.
2018-09-12 11:18:44,884 - BasePage - INFO - Had find the element ' 结束 ' successful by id via value: doSend 
2018-09-12 11:18:45,006 - BasePage - INFO - The element ' 结束 ' was clicked.
2018-09-12 11:18:46,076 - BasePage - INFO - Had find the element ' 跳过 ' successful by xpath via value: //button[text()="跳过"] 
2018-09-12 11:18:46,453 - BasePage - INFO - The element ' 跳过 ' was clicked.
