2018-09-11 13:42:18,866 - BrowserEngine - INFO - you had select Chrome browser.
2018-09-11 13:42:18,866 - BrowserEngine - INFO - The test server url is:http://192.168.0.133:7001/ApprBase
2018-09-11 13:42:23,587 - BrowserEngine - INFO - Starting chrome browser.
2018-09-11 13:42:24,071 - BrowserEngine - INFO - Open url:http://192.168.0.133:7001/ApprBase
2018-09-11 13:42:25,221 - BrowserEngine - INFO - Maxmize the current window.
2018-09-11 13:42:25,222 - BrowserEngine - INFO - Set implicitly wait 10 seconds.
2018-09-11 13:42:25,249 - BasePage - INFO - Had find the element '  ' successful by id via value: j_username 
2018-09-11 13:42:25,303 - BasePage - INFO - Had type ' ceshi1 ' in inputBox
2018-09-11 13:42:25,328 - BasePage - INFO - Had find the element '  ' successful by id via value: j_password 
2018-09-11 13:42:25,388 - BasePage - INFO - Had type ' abc123456! ' in inputBox
2018-09-11 13:42:25,413 - BasePage - INFO - Had find the element ' 登    录 ' successful by xpath via value: //*[@id='login-tabs-item']/div/div[2]/div/div[1]/div/a[1] 
2018-09-11 13:42:25,654 - BasePage - INFO - The element ' 登    录 ' was clicked.
2018-09-11 13:42:25,904 - BasePage - INFO - had wait for the element: 欢迎您！
2018-09-11 13:42:25,941 - BasePage - INFO - Had find the element ' 办件登记 ' successful by xpath via value: //*[@id="j-nav"]/li[2]/a/span 
2018-09-11 13:42:25,998 - BasePage - INFO - Had find the element ' 普通窗口登记 ' successful by xpath via value: //*[@id="j-033-tree"]/ul/li/a 
2018-09-11 13:42:26,054 - BasePage - INFO - The element ' 普通窗口登记 ' was clicked.
2018-09-11 13:42:27,090 - BasePage - INFO - had changed the frame
2018-09-11 13:42:27,142 - BasePage - INFO - had wait for the element: 测试局
2010828
限时办结
测试局-子部门
窗口登记
绿色通道登记
2018-09-11 13:42:27,169 - BasePage - INFO - Had find the element ' 窗口登记 ' successful by xpath via value: //body/div[2]/div/div/div/div[1]/div[2]/div[2]/table/tbody/tr/td[5]/div/a[1]/font 
2018-09-11 13:42:27,319 - BasePage - INFO - The element ' 窗口登记 ' was clicked.
2018-09-11 13:42:27,322 - BasePage - INFO - had came back to the main frame
2018-09-11 13:42:28,334 - BasePage - INFO - switch to second window:CDwindow-F4D2716471D8C3D445BED207BD587540 
2018-09-11 13:42:29,545 - BasePage - INFO - hand wait and changed frame
2018-09-11 13:42:29,570 - BasePage - INFO - Had find the element '  ' successful by xpath via value: //*[@id="selectCustQY"] 
2018-09-11 13:42:29,657 - BasePage - INFO - The element '  ' was clicked.
2018-09-11 13:42:29,661 - BasePage - INFO - had came back to the main frame
2018-09-11 13:42:29,886 - BasePage - INFO - hand wait and changed frame
2018-09-11 13:42:30,041 - BasePage - INFO - had wait for the element: 
2018-09-11 13:42:30,055 - BasePage - INFO - Had find the element '  ' successful by xpath via value: //*[@id="datagrid-row-r1-1-3"]/td[2]/div/input 
2018-09-11 13:42:30,131 - BasePage - INFO - The element '  ' was clicked.
2018-09-11 13:42:30,162 - BasePage - INFO - Had find the element '  ' successful by xpath via value: //*[@id="selectedButton"] 
2018-09-11 13:42:30,285 - BasePage - INFO - The element '  ' was clicked.
2018-09-11 13:42:30,288 - BasePage - INFO - had came back to the main frame
2018-09-11 13:42:30,298 - BasePage - INFO - had changed the frame
2018-09-11 13:42:30,314 - BasePage - INFO - had wait for the element input value:小企业
2018-09-11 13:42:30,319 - BasePage - INFO - had scroll to the foot
2018-09-11 13:42:30,347 - BasePage - INFO - Had find the element '  ' successful by xpath via value: //*[@id="custContactPerson"] 
2018-09-11 13:42:30,426 - BasePage - INFO - Had type ' damon ' in inputBox
2018-09-11 13:42:30,454 - BasePage - INFO - Had find the element '  ' successful by xpath via value: //*[@id="idCard"] 
2018-09-11 13:42:30,579 - BasePage - INFO - Had type ' 362421199303019322 ' in inputBox
2018-09-11 13:42:30,609 - BasePage - INFO - Had find the element '  ' successful by xpath via value: //*[@id="custMobile"] 
2018-09-11 13:42:30,696 - BasePage - INFO - Had type ' 13148907967 ' in inputBox
2018-09-11 13:42:30,698 - BasePage - INFO - had came back to the main frame
2018-09-11 13:42:30,724 - BasePage - INFO - Had find the element ' 保存 ' successful by id via value: doSave 
2018-09-11 13:42:30,798 - BasePage - INFO - The element ' 保存 ' was clicked.
2018-09-11 13:42:33,846 - BasePage - INFO - Had find the element ' 进入材料审核 ' successful by id via value: doSend 
2018-09-11 13:42:33,854 - BasePage - INFO - The element_text is: 进入材料审核
2018-09-11 13:42:33,878 - BasePage - INFO - Had find the element ' 申报材料 ' successful by id via value: nav_sbcl 
2018-09-11 13:42:33,953 - BasePage - INFO - The element ' 申报材料 ' was clicked.
2018-09-11 13:42:34,097 - BasePage - INFO - hand wait and changed frame
2018-09-11 13:42:34,144 - BasePage - INFO - had wait for the element: 上传额外材料
2018-09-11 13:42:34,157 - BasePage - INFO - Had find the element ' 上传额外材料 ' successful by xpath via value: //*[@id="subWrap"]/div[1]/div/div/div/div[1]/a[1] 
2018-09-11 13:42:34,276 - BasePage - INFO - The element ' 上传额外材料 ' was clicked.
2018-09-11 13:42:34,281 - BasePage - INFO - had came back to the main frame
2018-09-11 13:42:34,391 - BasePage - INFO - hand wait and changed frame
2018-09-11 13:42:34,424 - BasePage - INFO - Had find the element ' 请选择文件 ' successful by xpath via value: //*[@id="i_select_files"]/div 
2018-09-11 13:42:34,505 - BasePage - INFO - The element ' 请选择文件 ' was clicked.
2018-09-11 13:42:35,584 - BasePage - INFO - Had find the element ' 开始上传 ' successful by xpath via value: /html/body/button[1] 
2018-09-11 13:42:35,655 - BasePage - INFO - The element ' 开始上传 ' was clicked.
2018-09-11 13:42:38,665 - BasePage - INFO - had came back to the main frame
2018-09-11 13:42:38,732 - BasePage - INFO - Had find the element ' × ' successful by xpath via value: /html/body/div[6]/div/table/tbody/tr[1]/td/button 
2018-09-11 13:42:38,832 - BasePage - INFO - The element ' × ' was clicked.
2018-09-11 13:42:38,851 - BasePage - INFO - had changed the frame
2018-09-11 13:42:49,915 - BasePage - ERROR - NoSuchElementException: Message: no such element: Unable to locate element: {"method":"id","selector":"auditResult0"}
  (Session info: chrome=68.0.3440.106)
  (Driver info: chromedriver=2.37.544315 (730aa6a5fdba159ac9f4c1e8cbc59bf1b5ce12b7),platform=Windows NT 6.1.7601 SP1 x86_64)

2018-09-11 13:42:50,266 - BasePage - INFO - Had take screenshot and save to folder : /screenshots
2018-09-11 13:42:50,270 - BasePage - INFO - had came back to the main frame
2018-09-11 13:42:50,280 - BasePage - INFO - had changed the frame
2018-09-11 13:42:50,306 - BasePage - INFO - Had find the element '         请选择审核结果
        合格
        不合格
        信任后补
        免交
        ' successful by id via value: attaStatusSelect 
2018-09-11 13:42:50,356 - BasePage - INFO - had select 合格
2018-09-11 13:42:50,396 - BasePage - INFO - had came back to the main frame
2018-09-11 13:42:50,421 - BasePage - INFO - Had find the element ' 进入材料审核 ' successful by id via value: doSend 
2018-09-11 13:42:51,284 - BasePage - INFO - The element ' 进入材料审核 ' was clicked.
2018-09-11 13:42:54,690 - BasePage - INFO - Had find the element ' 进入受理 ' successful by id via value: doSend 
2018-09-11 13:42:54,711 - BasePage - INFO - The element_text is: 进入受理
2018-09-11 13:42:54,814 - BasePage - INFO - Had find the element ' 同意审核 ' successful by id via value: doSave 
2018-09-11 13:42:55,662 - BasePage - INFO - The element ' 同意审核 ' was clicked.
