2018-10-24 10:56:28,352 - BrowserEngine - INFO - you had select Chrome browser.
2018-10-24 10:56:28,354 - BrowserEngine - INFO - The test server url is:http://192.168.0.133:7001/ApprBase
2018-10-24 10:56:33,096 - BrowserEngine - INFO - Starting chrome browser.
2018-10-24 10:56:33,596 - BrowserEngine - INFO - Open url:http://192.168.0.133:7001/ApprBase
2018-10-24 10:56:34,779 - BrowserEngine - INFO - Maxmize the current window.
2018-10-24 10:56:34,779 - BrowserEngine - INFO - Set implicitly wait 8 seconds.
2018-10-24 10:56:34,805 - BasePage - INFO - Had find the element '  ' successful by id via value: j_username 
2018-10-24 10:56:34,859 - BasePage - INFO - Had type ' admin ' in inputBox
2018-10-24 10:56:34,885 - BasePage - INFO - Had find the element '  ' successful by id via value: j_password 
2018-10-24 10:56:34,951 - BasePage - INFO - Had type ' abc123456 ' in inputBox
2018-10-24 10:56:34,979 - BasePage - INFO - Had find the element ' 登    录 ' successful by xpath via value: //*[@id='login-tabs-item']/div/div[2]/div/div[1]/div/a[1] 
2018-10-24 10:56:35,269 - BasePage - INFO - The element ' 登    录 ' was clicked.
2018-10-24 10:56:35,897 - BasePage - INFO - had wait for the element: 欢迎您！
2018-10-24 10:56:35,920 - BasePage - INFO - Had find the element '  ' successful by xpath via value: //a[@href='/ApprBase/admin/system/role/toListUserGroup.do'] 
2018-10-24 10:56:35,940 - BasePage - INFO - had click the button:
2018-10-24 10:56:35,984 - BasePage - INFO - Had find the element '  ' successful by xpath via value: //iframe[@src='/ApprBase/admin/system/role/toListUserGroup.do'] 
2018-10-24 10:56:35,993 - BasePage - INFO - had came back to the main frame
2018-10-24 10:56:36,183 - BasePage - INFO - had changed the frame
2018-10-24 10:56:37,259 - BasePage - INFO - Had find the element ' 新增用户组 ' successful by xpath via value: //span[contains(text(),'新增用户组')] 
2018-10-24 10:56:37,407 - BasePage - INFO - The element ' 新增用户组 ' was clicked.
2018-10-24 10:56:38,418 - BasePage - INFO - had came back to the main frame
2018-10-24 10:56:38,494 - BasePage - INFO - had wait and changed frame
2018-10-24 10:56:38,520 - BasePage - INFO - Had find the element '  ' successful by id via value: roleName 
2018-10-24 10:56:38,595 - BasePage - INFO - Had type ' 自动测试系统 ' in inputBox
2018-10-24 10:56:38,627 - BasePage - INFO - Had find the element '  ' successful by id via value: selectUnit 
2018-10-24 10:56:38,714 - BasePage - INFO - The element '  ' was clicked.
2018-10-24 10:56:39,724 - BasePage - INFO - had came back to the main frame
2018-10-24 10:56:39,815 - BasePage - INFO - had wait and changed frame
2018-10-24 10:56:39,848 - BasePage - INFO - Had find the element '  ' successful by id via value: unitName 
2018-10-24 10:56:39,907 - BasePage - INFO - Had type ' 测试科 ' in inputBox
2018-10-24 10:56:39,937 - BasePage - INFO - Had find the element '  ' successful by xpath via value: //input[@value='查 询'] 
2018-10-24 10:56:40,020 - BasePage - INFO - The element '  ' was clicked.
2018-10-24 10:56:41,101 - BasePage - INFO - Had find the element ' 测试科 ' successful by xpath via value: //span[contains(text(),'测试科')] 
2018-10-24 10:56:41,190 - BasePage - INFO - The element ' 测试科 ' was clicked.
2018-10-24 10:56:41,220 - BasePage - INFO - Had find the element '  ' successful by xpath via value: //input[@value='确定'] 
2018-10-24 10:56:41,292 - BasePage - INFO - The element '  ' was clicked.
2018-10-24 10:56:42,301 - BasePage - INFO - had came back to the main frame
2018-10-24 10:56:42,365 - BasePage - INFO - had wait and changed frame
2018-10-24 10:56:42,397 - BasePage - INFO - Had find the element '  ' successful by id via value: sumbitButton 
2018-10-24 10:56:42,520 - BasePage - INFO - The element '  ' was clicked.
2018-10-24 10:56:44,562 - BasePage - INFO - Had find the element ' 保存成功! ' successful by xpath via value: //div[@class='messager-body panel-body panel-body-noborder window-body'] 
2018-10-24 10:56:44,579 - BasePage - INFO - The element_text is: 保存成功!
2018-10-24 10:56:44,618 - BasePage - INFO - Had find the element ' 确定 ' successful by xpath via value: //span[contains(text(),'确定')] 
2018-10-24 10:56:44,703 - BasePage - INFO - The element ' 确定 ' was clicked.
2018-10-24 10:56:44,707 - BasePage - INFO - had came back to the main frame
2018-10-24 10:56:46,953 - BasePage - INFO - Had find the element '  ' successful by xpath via value: //a[@href='/ApprBase/admin/system/role/toListUserGroup.do'] 
2018-10-24 10:56:46,996 - BasePage - INFO - had click the button:
2018-10-24 10:56:47,170 - BasePage - INFO - Had find the element '  ' successful by xpath via value: //iframe[@src='/ApprBase/admin/system/role/toListUserGroup.do'] 
2018-10-24 10:56:47,183 - BasePage - INFO - had came back to the main frame
2018-10-24 10:56:47,229 - BasePage - INFO - had changed the frame
2018-10-24 10:56:48,289 - BasePage - INFO - Had find the element '  ' successful by id via value: roleName 
2018-10-24 10:56:48,359 - BasePage - INFO - Had type ' 自动测试系统 ' in inputBox
2018-10-24 10:56:48,381 - BasePage - INFO - Had find the element '  ' successful by xpath via value: //input[@value='查 询'] 
2018-10-24 10:56:48,456 - BasePage - INFO - The element '  ' was clicked.
2018-10-24 10:56:50,523 - BasePage - INFO - Had find the element ' 自动测试系统 ' successful by xpath via value: //div[@class='datagrid-cell datagrid-cell-c1-roleName'] 
2018-10-24 10:56:50,533 - BasePage - INFO - The element_text is: 自动测试系统
2018-10-24 10:56:50,536 - BasePage - INFO - had came back to the main frame
2018-10-24 10:56:52,737 - BasePage - INFO - Had find the element '  ' successful by xpath via value: //a[@href='/ApprBase/admin/system/role/toListUserGroup.do'] 
2018-10-24 10:56:52,760 - BasePage - INFO - had click the button:
2018-10-24 10:56:52,799 - BasePage - INFO - Had find the element '  ' successful by xpath via value: //iframe[@src='/ApprBase/admin/system/role/toListUserGroup.do'] 
2018-10-24 10:56:52,823 - BasePage - INFO - had came back to the main frame
2018-10-24 10:56:52,983 - BasePage - INFO - had changed the frame
2018-10-24 10:56:55,043 - BasePage - INFO - Had find the element '  ' successful by xpath via value: //td[contains(text(),'所属地区')]//following-sibling::td//a[@class='textbox-icon combo-arrow'] 
2018-10-24 10:56:55,171 - BasePage - INFO - The element '  ' was clicked.
2018-10-24 10:56:56,247 - BasePage - INFO - Had find the element ' 广东省 ' successful by xpath via value: //span[contains(text(),'广东省')] 
2018-10-24 10:56:56,323 - BasePage - INFO - The element ' 广东省 ' was clicked.
2018-10-24 10:56:56,354 - BasePage - INFO - Had find the element '  ' successful by xpath via value: //td[contains(text(),'所属单位')]//following-sibling::td//a[@class='textbox-icon combo-arrow'] 
2018-10-24 10:56:56,477 - BasePage - INFO - The element '  ' was clicked.
2018-10-24 10:56:57,543 - BasePage - INFO - Had find the element ' 测试科 ' successful by xpath via value: //span[contains(text(),'测试科')] 
2018-10-24 10:56:57,637 - BasePage - INFO - The element ' 测试科 ' was clicked.
2018-10-24 10:56:58,697 - BasePage - INFO - Had find the element '  ' successful by xpath via value: //input[@value='查 询'] 
2018-10-24 10:56:58,796 - BasePage - INFO - The element '  ' was clicked.
2018-10-24 10:57:00,882 - BasePage - INFO - Had find the element ' 自动测试系统 ' successful by xpath via value: //div[@class='datagrid-cell datagrid-cell-c1-roleName'] 
2018-10-24 10:57:00,895 - BasePage - INFO - The element_text is: 自动测试系统
2018-10-24 10:57:00,898 - BasePage - INFO - had came back to the main frame
2018-10-24 10:57:03,128 - BasePage - INFO - Had find the element '  ' successful by xpath via value: //a[@href='/ApprBase/admin/system/role/toListUserGroup.do'] 
2018-10-24 10:57:03,150 - BasePage - INFO - had click the button:
2018-10-24 10:57:03,326 - BasePage - INFO - Had find the element '  ' successful by xpath via value: //iframe[@src='/ApprBase/admin/system/role/toListUserGroup.do'] 
2018-10-24 10:57:03,355 - BasePage - INFO - had came back to the main frame
2018-10-24 10:57:03,377 - BasePage - INFO - had changed the frame
2018-10-24 10:57:04,441 - BasePage - INFO - Had find the element '  ' successful by id via value: roleName 
2018-10-24 10:57:04,515 - BasePage - INFO - Had type ' 自动测试系统 ' in inputBox
2018-10-24 10:57:04,542 - BasePage - INFO - Had find the element '  ' successful by xpath via value: //input[@value='查 询'] 
2018-10-24 10:57:04,618 - BasePage - INFO - The element '  ' was clicked.
2018-10-24 10:57:06,703 - BasePage - INFO - Had find the element '  ' successful by xpath via value: //input[@name='ck'] 
2018-10-24 10:57:06,836 - BasePage - INFO - The element '  ' was clicked.
2018-10-24 10:57:06,898 - BasePage - INFO - Had find the element ' 编辑用户组 ' successful by xpath via value: //span[contains(text(),'编辑用户组')] 
2018-10-24 10:57:07,009 - BasePage - INFO - The element ' 编辑用户组 ' was clicked.
2018-10-24 10:57:07,015 - BasePage - INFO - had came back to the main frame
2018-10-24 10:57:07,118 - BasePage - INFO - had wait and changed frame
2018-10-24 10:57:07,154 - BasePage - INFO - Had find the element '  ' successful by id via value: roleName 
2018-10-24 10:57:07,232 - BasePage - INFO - Had type ' 自动化测试系统 ' in inputBox
2018-10-24 10:57:07,256 - BasePage - INFO - Had find the element '  ' successful by id via value: sumbitButton 
2018-10-24 10:57:07,365 - BasePage - INFO - The element '  ' was clicked.
2018-10-24 10:57:09,434 - BasePage - INFO - Had find the element ' 保存成功! ' successful by xpath via value: //div[@class='messager-body panel-body panel-body-noborder window-body'] 
2018-10-24 10:57:09,447 - BasePage - INFO - The element_text is: 保存成功!
2018-10-24 10:57:09,473 - BasePage - INFO - Had find the element ' 确定 ' successful by xpath via value: //span[contains(text(),'确定')] 
2018-10-24 10:57:09,584 - BasePage - INFO - The element ' 确定 ' was clicked.
2018-10-24 10:57:09,605 - BasePage - INFO - had came back to the main frame
2018-10-24 10:57:11,812 - BasePage - INFO - Had find the element '  ' successful by xpath via value: //a[@href='/ApprBase/admin/system/role/toListUserGroup.do'] 
2018-10-24 10:57:11,839 - BasePage - INFO - had click the button:
2018-10-24 10:57:11,888 - BasePage - INFO - Had find the element '  ' successful by xpath via value: //iframe[@src='/ApprBase/admin/system/role/toListUserGroup.do'] 
2018-10-24 10:57:11,904 - BasePage - INFO - had came back to the main frame
2018-10-24 10:57:12,058 - BasePage - INFO - had changed the frame
2018-10-24 10:57:13,109 - BasePage - INFO - Had find the element '  ' successful by id via value: roleName 
2018-10-24 10:57:13,181 - BasePage - INFO - Had type ' 自动化测试系统 ' in inputBox
2018-10-24 10:57:13,203 - BasePage - INFO - Had find the element '  ' successful by xpath via value: //input[@value='查 询'] 
2018-10-24 10:57:13,282 - BasePage - INFO - The element '  ' was clicked.
2018-10-24 10:57:15,335 - BasePage - INFO - Had find the element '  ' successful by xpath via value: //input[@name='ck'] 
2018-10-24 10:57:15,463 - BasePage - INFO - The element '  ' was clicked.
2018-10-24 10:57:15,503 - BasePage - INFO - Had find the element ' 分配用户 ' successful by xpath via value: //span[contains(text(),'分配用户')] 
2018-10-24 10:57:15,608 - BasePage - INFO - The element ' 分配用户 ' was clicked.
2018-10-24 10:57:16,618 - BasePage - INFO - had came back to the main frame
2018-10-24 10:57:16,687 - BasePage - INFO - had wait and changed frame
2018-10-24 10:57:16,720 - BasePage - INFO - Had find the element '  ' successful by id via value: userCode 
2018-10-24 10:57:16,776 - BasePage - INFO - Had type ' cyl ' in inputBox
2018-10-24 10:57:16,799 - BasePage - INFO - Had find the element '  ' successful by xpath via value: //input[@value='查 询'] 
2018-10-24 10:57:16,907 - BasePage - INFO - The element '  ' was clicked.
2018-10-24 10:57:17,979 - BasePage - INFO - Had find the element '  ' successful by xpath via value: //input[@name='ck'] 
2018-10-24 10:57:18,075 - BasePage - INFO - The element '  ' was clicked.
2018-10-24 10:57:18,102 - BasePage - INFO - Had find the element ' 配置 ' successful by xpath via value: //span[contains(text(),'配置')] 
2018-10-24 10:57:18,178 - BasePage - INFO - The element ' 配置 ' was clicked.
2018-10-24 10:57:19,216 - BasePage - INFO - Had find the element ' 确定 ' successful by xpath via value: //span[contains(text(),'确定')] 
2018-10-24 10:57:19,285 - BasePage - INFO - The element ' 确定 ' was clicked.
2018-10-24 10:57:21,332 - BasePage - INFO - Had find the element ' 已配置 ' successful by xpath via value: //tr[@id='datagrid-row-r2-2-0']//div[@class='datagrid-cell datagrid-cell-c2-userRole'] 
2018-10-24 10:57:21,339 - BasePage - INFO - The element_text is: 已配置
2018-10-24 10:57:21,365 - BasePage - INFO - Had find the element '  ' successful by id via value: closeButton 
2018-10-24 10:57:21,450 - BasePage - INFO - The element '  ' was clicked.
2018-10-24 10:57:21,451 - BasePage - INFO - had came back to the main frame
2018-10-24 10:57:23,647 - BasePage - INFO - Had find the element '  ' successful by xpath via value: //a[@href='/ApprBase/admin/system/role/toListUserGroup.do'] 
2018-10-24 10:57:23,720 - BasePage - INFO - had click the button:
2018-10-24 10:57:23,865 - BasePage - INFO - Had find the element '  ' successful by xpath via value: //iframe[@src='/ApprBase/admin/system/role/toListUserGroup.do'] 
2018-10-24 10:57:23,875 - BasePage - INFO - had came back to the main frame
2018-10-24 10:57:23,895 - BasePage - INFO - had changed the frame
2018-10-24 10:57:24,954 - BasePage - INFO - Had find the element '  ' successful by id via value: roleName 
2018-10-24 10:57:25,032 - BasePage - INFO - Had type ' 自动化测试系统 ' in inputBox
2018-10-24 10:57:25,055 - BasePage - INFO - Had find the element '  ' successful by xpath via value: //input[@value='查 询'] 
2018-10-24 10:57:25,131 - BasePage - INFO - The element '  ' was clicked.
2018-10-24 10:57:27,196 - BasePage - INFO - Had find the element '  ' successful by xpath via value: //input[@name='ck'] 
2018-10-24 10:57:27,303 - BasePage - INFO - The element '  ' was clicked.
2018-10-24 10:57:27,349 - BasePage - INFO - Had find the element ' 分配权限 ' successful by xpath via value: //span[contains(text(),'分配权限')] 
2018-10-24 10:57:27,466 - BasePage - INFO - The element ' 分配权限 ' was clicked.
2018-10-24 10:57:28,476 - BasePage - INFO - had came back to the main frame
2018-10-24 10:57:28,540 - BasePage - INFO - had wait and changed frame
2018-10-24 10:57:28,573 - BasePage - INFO - Had find the element '  ' successful by xpath via value: //span[contains(text(),'文书系统')]//preceding-sibling::span[@class='tree-checkbox tree-checkbox0'] 
2018-10-24 10:57:28,653 - BasePage - INFO - The element '  ' was clicked.
2018-10-24 10:57:28,680 - BasePage - INFO - Had find the element '  ' successful by xpath via value: //input[@value='确定'] 
2018-10-24 10:57:28,750 - BasePage - INFO - The element '  ' was clicked.
2018-10-24 10:57:30,835 - BasePage - INFO - Had find the element ' 分配权限成功! ' successful by xpath via value: //div[@class='messager-body panel-body panel-body-noborder window-body'] 
2018-10-24 10:57:30,851 - BasePage - INFO - The element_text is: 分配权限成功!
2018-10-24 10:57:30,884 - BasePage - INFO - Had find the element ' 确定 ' successful by xpath via value: //span[contains(text(),'确定')] 
2018-10-24 10:57:31,003 - BasePage - INFO - The element ' 确定 ' was clicked.
2018-10-24 10:57:31,009 - BasePage - INFO - had came back to the main frame
2018-10-24 10:57:33,160 - BasePage - INFO - Had find the element '  ' successful by xpath via value: //a[@href='/ApprBase/admin/system/role/toListUserGroup.do'] 
2018-10-24 10:57:33,204 - BasePage - INFO - had click the button:
2018-10-24 10:57:33,374 - BasePage - INFO - Had find the element '  ' successful by xpath via value: //iframe[@src='/ApprBase/admin/system/role/toListUserGroup.do'] 
2018-10-24 10:57:33,380 - BasePage - INFO - had came back to the main frame
2018-10-24 10:57:33,404 - BasePage - INFO - had changed the frame
2018-10-24 10:57:34,464 - BasePage - INFO - Had find the element '  ' successful by id via value: roleName 
2018-10-24 10:57:34,542 - BasePage - INFO - Had type ' 自动化测试系统 ' in inputBox
2018-10-24 10:57:34,565 - BasePage - INFO - Had find the element '  ' successful by xpath via value: //input[@value='查 询'] 
2018-10-24 10:57:34,638 - BasePage - INFO - The element '  ' was clicked.
2018-10-24 10:57:36,703 - BasePage - INFO - Had find the element '  ' successful by xpath via value: //input[@name='ck'] 
2018-10-24 10:57:36,854 - BasePage - INFO - The element '  ' was clicked.
2018-10-24 10:57:36,898 - BasePage - INFO - Had find the element ' 删除用户组 ' successful by xpath via value: //span[contains(text(),'删除用户组')] 
2018-10-24 10:57:36,996 - BasePage - INFO - The element ' 删除用户组 ' was clicked.
2018-10-24 10:57:38,063 - BasePage - INFO - Had find the element ' 确定 ' successful by xpath via value: //span[contains(text(),'确定')] 
2018-10-24 10:57:38,141 - BasePage - INFO - The element ' 确定 ' was clicked.
2018-10-24 10:57:40,201 - BasePage - INFO - Had find the element ' 删除成功! ' successful by xpath via value: //div[@class='messager-body panel-body panel-body-noborder window-body'] 
2018-10-24 10:57:40,214 - BasePage - INFO - The element_text is: 删除成功!
2018-10-24 10:57:40,244 - BasePage - INFO - Had find the element ' 确定 ' successful by xpath via value: //span[contains(text(),'确定')] 
2018-10-24 10:57:40,334 - BasePage - INFO - The element ' 确定 ' was clicked.
2018-10-24 10:57:40,335 - BasePage - INFO - had came back to the main frame
