2018-09-14 13:40:33,695 - BrowserEngine - INFO - you had select Chrome browser.
2018-09-14 13:40:33,695 - BrowserEngine - INFO - The test server url is:http://192.168.0.133:7001/ApprBase
2018-09-14 13:40:38,422 - BrowserEngine - INFO - Starting chrome browser.
2018-09-14 13:40:38,889 - BrowserEngine - INFO - Open url:http://192.168.0.133:7001/ApprBase
2018-09-14 13:40:40,096 - BrowserEngine - INFO - Maxmize the current window.
2018-09-14 13:40:40,096 - BrowserEngine - INFO - Set implicitly wait 8 seconds.
2018-09-14 13:40:40,127 - BasePage - INFO - Had find the element '  ' successful by id via value: j_username 
2018-09-14 13:40:40,174 - BasePage - INFO - Had type ' ceshi1 ' in inputBox
2018-09-14 13:40:40,203 - BasePage - INFO - Had find the element '  ' successful by id via value: j_password 
2018-09-14 13:40:40,261 - BasePage - INFO - Had type ' abc123456! ' in inputBox
2018-09-14 13:40:40,286 - BasePage - INFO - Had find the element ' 登    录 ' successful by xpath via value: //*[@id='login-tabs-item']/div/div[2]/div/div[1]/div/a[1] 
2018-09-14 13:40:40,533 - BasePage - INFO - The element ' 登    录 ' was clicked.
2018-09-14 13:40:40,796 - BasePage - INFO - had wait for the element: 欢迎您！
2018-09-14 13:40:40,842 - BasePage - INFO - Had find the element ' 办件登记 ' successful by xpath via value: //*[@id="j-nav"]/li[2]/a/span 
2018-09-14 13:40:40,858 - BasePage - INFO - mouse stop on the element
2018-09-14 13:40:40,892 - BasePage - INFO - Had find the element ' 普通窗口登记 ' successful by xpath via value: //*[@id="j-033-tree"]/ul/li/a 
2018-09-14 13:40:40,943 - BasePage - INFO - The element ' 普通窗口登记 ' was clicked.
2018-09-14 13:40:41,981 - BasePage - INFO - had changed the frame
2018-09-14 13:40:42,028 - BasePage - INFO - had wait for the element: 测试局
2010828
限时办结
测试局-子部门
窗口登记
绿色通道登记
2018-09-14 13:40:42,059 - BasePage - INFO - Had find the element ' 窗口登记 ' successful by xpath via value: //body/div[2]/div/div/div/div[1]/div[2]/div[2]/table/tbody/tr/td[5]/div/a[1]/font 
2018-09-14 13:40:42,357 - BasePage - INFO - The element ' 窗口登记 ' was clicked.
2018-09-14 13:40:42,361 - BasePage - INFO - had came back to the main frame
2018-09-14 13:40:43,372 - BasePage - INFO - switch to second window:CDwindow-182C7C5587ECE3FEB1537F2E377F8FD7 
2018-09-14 13:40:44,520 - BasePage - INFO - had wait and changed frame
2018-09-14 13:40:44,544 - BasePage - INFO - Had find the element '  ' successful by xpath via value: //*[@id="selectCustQY"] 
2018-09-14 13:40:44,651 - BasePage - INFO - The element '  ' was clicked.
2018-09-14 13:40:44,653 - BasePage - INFO - had came back to the main frame
2018-09-14 13:40:44,688 - BasePage - INFO - had wait and changed frame
2018-09-14 13:40:45,136 - BasePage - INFO - had wait for the element: 
2018-09-14 13:40:45,164 - BasePage - INFO - Had find the element '  ' successful by xpath via value: //*[@id="datagrid-row-r1-1-4"]/td[2]/div/input 
2018-09-14 13:40:45,247 - BasePage - INFO - The element '  ' was clicked.
2018-09-14 13:40:45,278 - BasePage - INFO - Had find the element '  ' successful by xpath via value: //*[@id="selectedButton"] 
2018-09-14 13:40:45,418 - BasePage - INFO - The element '  ' was clicked.
2018-09-14 13:40:45,422 - BasePage - INFO - had came back to the main frame
2018-09-14 13:40:45,434 - BasePage - INFO - had changed the frame
2018-09-14 13:40:45,441 - BasePage - INFO - had wait for the input value:橡皮有限公司
2018-09-14 13:40:45,457 - BasePage - INFO - had scroll to the foot
2018-09-14 13:40:45,492 - BasePage - INFO - Had find the element '  ' successful by xpath via value: //*[@id="custContactPerson"] 
2018-09-14 13:40:45,566 - BasePage - INFO - Had type ' damon ' in inputBox
2018-09-14 13:40:45,596 - BasePage - INFO - Had find the element '  ' successful by xpath via value: //*[@id="idCard"] 
2018-09-14 13:40:45,711 - BasePage - INFO - Had type ' 362421199303019322 ' in inputBox
2018-09-14 13:40:45,734 - BasePage - INFO - Had find the element '  ' successful by xpath via value: //*[@id="custMobile"] 
2018-09-14 13:40:45,820 - BasePage - INFO - Had type ' 13148907967 ' in inputBox
2018-09-14 13:40:45,824 - BasePage - INFO - had came back to the main frame
2018-09-14 13:40:45,847 - BasePage - INFO - Had find the element ' 保存 ' successful by id via value: doSave 
2018-09-14 13:40:46,017 - BasePage - INFO - The element ' 保存 ' was clicked.
2018-09-14 13:40:49,042 - BasePage - INFO - Had find the element ' 进入材料审核 ' successful by id via value: doSend 
2018-09-14 13:40:49,057 - BasePage - INFO - The element_text is: 进入材料审核
2018-09-14 13:40:49,073 - BasePage - INFO - Had find the element ' 申报材料 ' successful by id via value: nav_sbcl 
2018-09-14 13:40:49,158 - BasePage - INFO - The element ' 申报材料 ' was clicked.
2018-09-14 13:40:49,198 - BasePage - INFO - had wait and changed frame
2018-09-14 13:40:50,273 - BasePage - INFO - had wait for the element: 上传额外材料
2018-09-14 13:40:50,305 - BasePage - INFO - Had find the element ' 上传额外材料 ' successful by xpath via value: //*[@id="subWrap"]/div[1]/div/div/div/div[1]/a[1] 
2018-09-14 13:40:50,425 - BasePage - INFO - The element ' 上传额外材料 ' was clicked.
2018-09-14 13:40:50,428 - BasePage - INFO - had came back to the main frame
2018-09-14 13:40:50,465 - BasePage - INFO - had wait and changed frame
2018-09-14 13:40:50,634 - BasePage - INFO - Had find the element ' 请选择文件 ' successful by xpath via value: //*[@id="i_select_files"]/div 
2018-09-14 13:40:50,699 - BasePage - INFO - The element ' 请选择文件 ' was clicked.
2018-09-14 13:40:56,126 - BasePage - INFO - Had find the element ' 开始上传 ' successful by xpath via value: /html/body/button[1] 
2018-09-14 13:40:56,204 - BasePage - INFO - The element ' 开始上传 ' was clicked.
2018-09-14 13:40:59,216 - BasePage - INFO - had came back to the main frame
2018-09-14 13:40:59,279 - BasePage - INFO - Had find the element ' × ' successful by xpath via value: /html/body/div[6]/div/table/tbody/tr[1]/td/button 
2018-09-14 13:40:59,386 - BasePage - INFO - The element ' × ' was clicked.
2018-09-14 13:41:00,415 - BasePage - INFO - had changed the frame
2018-09-14 13:41:00,493 - BasePage - INFO - Had find the element ' 请选择
合格
不合格
免交 ' successful by id via value: auditResult0 
2018-09-14 13:41:00,555 - BasePage - INFO - had select 合格
2018-09-14 13:41:00,599 - BasePage - INFO - Had find the element '  ' successful by xpath via value: //*[@id="datagrid-row-r1-2-0"]/td[9]/div/input 
2018-09-14 13:41:00,650 - BasePage - INFO - Had type ' 审核通过 ' in inputBox
2018-09-14 13:41:00,677 - BasePage - INFO - Had find the element ' 纸质材料齐全 ' successful by xpath via value: //*[@id="subWrap"]/div[1]/div/div/div/div[1]/a[2] 
2018-09-14 13:41:00,977 - BasePage - INFO - The element ' 纸质材料齐全 ' was clicked.
2018-09-14 13:41:00,992 - BasePage - INFO - had came back to the main frame
2018-09-14 13:41:01,072 - BasePage - INFO - had wait and changed frame
2018-09-14 13:41:01,100 - BasePage - INFO - Had find the element '  ' successful by id via value: contents 
2018-09-14 13:41:01,151 - BasePage - INFO - Had type ' 纸质材料收集完毕 ' in inputBox
2018-09-14 13:41:01,176 - BasePage - INFO - Had find the element ' 保存 ' successful by id via value: savePaperStuff 
2018-09-14 13:41:01,246 - BasePage - INFO - The element ' 保存 ' was clicked.
2018-09-14 13:41:01,749 - BasePage - INFO - had wait for the alert
2018-09-14 13:41:01,780 - BasePage - INFO - closed alert and alert message is 保存成功
2018-09-14 13:41:01,797 - BasePage - INFO - had came back to the main frame
2018-09-14 13:41:01,809 - BasePage - INFO - had changed the frame
2018-09-14 13:41:01,840 - BasePage - INFO - Had find the element '         请选择审核结果
        合格
        不合格
        信任后补
        免交
        ' successful by id via value: attaStatusSelect 
2018-09-14 13:41:01,917 - BasePage - INFO - had select 合格
2018-09-14 13:41:01,920 - BasePage - INFO - had came back to the main frame
2018-09-14 13:41:01,938 - BasePage - INFO - Had find the element ' 进入材料审核 ' successful by id via value: doSend 
2018-09-14 13:41:03,532 - BasePage - INFO - The element ' 进入材料审核 ' was clicked.
2018-09-14 13:41:06,741 - BasePage - INFO - Had find the element ' 进入受理 ' successful by id via value: doSend 
2018-09-14 13:41:06,807 - BasePage - INFO - The element_text is: 进入受理
2018-09-14 13:41:06,834 - BasePage - INFO - Had find the element ' 同意审核 ' successful by id via value: doSave 
2018-09-14 13:41:07,992 - BasePage - INFO - The element ' 同意审核 ' was clicked.
2018-09-14 13:41:09,055 - BasePage - INFO - Had find the element ' 进入受理 ' successful by id via value: doSend 
2018-09-14 13:41:10,076 - BasePage - INFO - The element ' 进入受理 ' was clicked.
2018-09-14 13:41:13,690 - BasePage - INFO - Had find the element ' 进入承办 ' successful by id via value: doSend 
2018-09-14 13:41:13,698 - BasePage - INFO - The element_text is: 进入承办
2018-09-14 13:41:13,716 - BasePage - INFO - Had find the element ' 受理 ' successful by id via value: doSave 
2018-09-14 13:41:13,838 - BasePage - INFO - The element ' 受理 ' was clicked.
2018-09-14 13:41:14,842 - BasePage - INFO - had wait for the alert
2018-09-14 13:41:14,862 - BasePage - INFO - closed alert and alert message is 受理之后，办件开始倒计时。
2018-09-14 13:41:15,103 - BasePage - INFO - Had find the element ' 进入承办 ' successful by id via value: doSend 
2018-09-14 13:41:15,292 - BasePage - INFO - The element ' 进入承办 ' was clicked.
2018-09-14 13:41:16,363 - BasePage - INFO - Had find the element ' 跳过 ' successful by xpath via value: //button[text()="跳过"] 
2018-09-14 13:41:17,249 - BasePage - INFO - The element ' 跳过 ' was clicked.
2018-09-14 13:41:21,202 - BasePage - INFO - Had find the element ' 转入审核 ' successful by id via value: doSend 
2018-09-14 13:41:21,302 - BasePage - INFO - The element_text is: 转入审核
2018-09-14 13:41:21,391 - BasePage - INFO - Had find the element ' 保存承办 ' successful by id via value: doSave 
2018-09-14 13:41:22,839 - BasePage - INFO - The element ' 保存承办 ' was clicked.
2018-09-14 13:41:23,887 - BasePage - INFO - Had find the element ' 转入审核 ' successful by id via value: doSend 
2018-09-14 13:41:24,906 - BasePage - INFO - The element ' 转入审核 ' was clicked.
2018-09-14 13:41:28,709 - BasePage - INFO - Had find the element ' 进入批准 ' successful by id via value: doSend 
2018-09-14 13:41:28,757 - BasePage - INFO - The element_text is: 进入批准
2018-09-14 13:41:28,862 - BasePage - INFO - Had find the element ' 保存审核 ' successful by id via value: doSave 
2018-09-14 13:41:30,244 - BasePage - INFO - The element ' 保存审核 ' was clicked.
2018-09-14 13:41:31,321 - BasePage - INFO - Had find the element ' 进入批准 ' successful by id via value: doSend 
2018-09-14 13:41:32,220 - BasePage - INFO - The element ' 进入批准 ' was clicked.
2018-09-14 13:41:36,212 - BasePage - INFO - Had find the element ' 办结 ' successful by id via value: doSend 
2018-09-14 13:41:36,260 - BasePage - INFO - The element_text is: 办结
2018-09-14 13:41:36,343 - BasePage - INFO - Had find the element ' 保存批准 ' successful by id via value: doSave 
2018-09-14 13:41:37,821 - BasePage - INFO - The element ' 保存批准 ' was clicked.
2018-09-14 13:41:38,894 - BasePage - INFO - Had find the element ' 办结 ' successful by id via value: doSend 
2018-09-14 13:41:39,806 - BasePage - INFO - The element ' 办结 ' was clicked.
2018-09-14 13:41:43,517 - BasePage - INFO - Had find the element ' 下一步 ' successful by id via value: doSend 
2018-09-14 13:41:43,524 - BasePage - INFO - The element_text is: 下一步
2018-09-14 13:41:43,542 - BasePage - INFO - Had find the element ' 保存内部审批完成意见 ' successful by id via value: doSave 
2018-09-14 13:41:44,985 - BasePage - INFO - The element ' 保存内部审批完成意见 ' was clicked.
2018-09-14 13:41:46,034 - BasePage - INFO - Had find the element ' 下一步 ' successful by id via value: doSend 
2018-09-14 13:41:47,485 - BasePage - INFO - The element ' 下一步 ' was clicked.
2018-09-14 13:41:50,539 - BasePage - INFO - Had find the element ' 结束 ' successful by id via value: doSend 
2018-09-14 13:41:50,546 - BasePage - INFO - The element_text is: 结束
2018-09-14 13:41:50,564 - BasePage - INFO - Had find the element ' 出件 ' successful by id via value: doSave 
2018-09-14 13:41:50,660 - BasePage - INFO - The element ' 出件 ' was clicked.
2018-09-14 13:41:51,712 - BasePage - INFO - Had find the element ' 结束 ' successful by id via value: doSend 
2018-09-14 13:41:51,974 - BasePage - INFO - The element ' 结束 ' was clicked.
2018-09-14 13:41:53,047 - BasePage - INFO - Had find the element ' 跳过 ' successful by xpath via value: //button[text()="跳过"] 
2018-09-14 13:41:53,723 - BasePage - INFO - The element ' 跳过 ' was clicked.
2018-09-14 13:42:00,850 - BrowserEngine - INFO - you had select Chrome browser.
2018-09-14 13:42:00,850 - BrowserEngine - INFO - The test server url is:http://192.168.0.133:7001/ApprBase
2018-09-14 13:42:05,609 - BrowserEngine - INFO - Starting chrome browser.
2018-09-14 13:42:06,119 - BrowserEngine - INFO - Open url:http://192.168.0.133:7001/ApprBase
2018-09-14 13:42:07,307 - BrowserEngine - INFO - Maxmize the current window.
2018-09-14 13:42:07,307 - BrowserEngine - INFO - Set implicitly wait 8 seconds.
2018-09-14 13:42:07,338 - BasePage - INFO - Had find the element '  ' successful by id via value: j_username 
2018-09-14 13:42:07,385 - BasePage - INFO - Had type ' admin ' in inputBox
2018-09-14 13:42:07,424 - BasePage - INFO - Had find the element '  ' successful by id via value: j_password 
2018-09-14 13:42:07,483 - BasePage - INFO - Had type ' abc123456 ' in inputBox
2018-09-14 13:42:07,510 - BasePage - INFO - Had find the element ' 登    录 ' successful by xpath via value: //*[@id='login-tabs-item']/div/div[2]/div/div[1]/div/a[1] 
2018-09-14 13:42:07,762 - BasePage - INFO - The element ' 登    录 ' was clicked.
2018-09-14 13:42:08,143 - BasePage - INFO - had wait for the element: 欢迎您！
2018-09-14 13:42:08,147 - BasePage - INFO - Current page title is 网上审批系统
2018-09-14 13:42:08,168 - BasePage - INFO - Had find the element ' 退出 ' successful by xpath via value: //*[@id='header']/ul/li[4]/a/span 
2018-09-14 13:42:08,373 - BasePage - INFO - The element ' 退出 ' was clicked.
2018-09-14 13:42:08,394 - BasePage - INFO - Current page title is 登录
2018-09-14 13:42:11,500 - EmailReport - INFO - the report:D:\PycharmProjects\General_Approval/test_report\2018-09-14-13-40-33HTMLtemplate.htmlwill be send
2018-09-14 13:42:11,500 - EmailReport - INFO - connectting email server.....
2018-09-14 13:42:12,109 - EmailReport - INFO - logging email.....
2018-09-14 13:42:12,967 - EmailReport - INFO - email has sent
