2018-10-24 11:24:42,970 - BrowserEngine - INFO - you had select Chrome browser.
2018-10-24 11:24:42,970 - BrowserEngine - INFO - The test server url is:http://192.168.0.133:7001/ApprBase
2018-10-24 11:24:47,740 - BrowserEngine - INFO - Starting chrome browser.
2018-10-24 11:24:48,494 - BrowserEngine - INFO - Open url:http://192.168.0.133:7001/ApprBase
2018-10-24 11:24:49,644 - BrowserEngine - INFO - Maxmize the current window.
2018-10-24 11:24:49,647 - BrowserEngine - INFO - Set implicitly wait 8 seconds.
2018-10-24 11:24:49,678 - BasePage - INFO - Had find the element '  ' successful by id via value: j_username 
2018-10-24 11:24:49,733 - BasePage - INFO - Had type ' admin ' in inputBox
2018-10-24 11:24:49,760 - BasePage - INFO - Had find the element '  ' successful by id via value: j_password 
2018-10-24 11:24:49,825 - BasePage - INFO - Had type ' abc123456 ' in inputBox
2018-10-24 11:24:49,855 - BasePage - INFO - Had find the element ' 登    录 ' successful by xpath via value: //*[@id='login-tabs-item']/div/div[2]/div/div[1]/div/a[1] 
2018-10-24 11:24:50,167 - BasePage - INFO - The element ' 登    录 ' was clicked.
2018-10-24 11:24:50,799 - BasePage - INFO - had wait for the element: 欢迎您！
2018-10-24 11:24:50,823 - BasePage - INFO - Had find the element '  ' successful by xpath via value: //a[@href='/ApprSupport/appr/flow/apprStep/toApprStepList.do'] 
2018-10-24 11:24:50,844 - BasePage - INFO - had click the button:
2018-10-24 11:24:51,871 - BasePage - INFO - Had find the element '  ' successful by xpath via value: //iframe[@src='/ApprSupport/appr/flow/apprStep/toApprStepList.do'] 
2018-10-24 11:24:51,874 - BasePage - INFO - had came back to the main frame
2018-10-24 11:24:51,891 - BasePage - INFO - had changed the frame
2018-10-24 11:24:51,917 - BasePage - INFO - Had find the element ' 新增步骤 ' successful by xpath via value: //span[contains(text(),'新增步骤')] 
2018-10-24 11:24:52,033 - BasePage - INFO - The element ' 新增步骤 ' was clicked.
2018-10-24 11:24:54,036 - BasePage - INFO - had came back to the main frame
2018-10-24 11:24:54,072 - BasePage - INFO - had wait and changed frame
2018-10-24 11:24:54,098 - BasePage - INFO - Had find the element '  ' successful by id via value: stepName 
2018-10-24 11:24:54,196 - BasePage - INFO - Had type ' 自动化步骤 ' in inputBox
2018-10-24 11:24:54,224 - BasePage - INFO - Had find the element '  ' successful by id via value: selectUnit 
2018-10-24 11:24:54,319 - BasePage - INFO - The element '  ' was clicked.
2018-10-24 11:24:56,325 - BasePage - INFO - had came back to the main frame
2018-10-24 11:24:56,384 - BasePage - INFO - had wait and changed frame
2018-10-24 11:24:56,420 - BasePage - INFO - Had find the element '  ' successful by id via value: unitName 
2018-10-24 11:24:56,539 - BasePage - INFO - Had type ' 测试科 ' in inputBox
2018-10-24 11:24:56,568 - BasePage - INFO - Had find the element '  ' successful by xpath via value: //input[@value='查 询'] 
2018-10-24 11:24:56,655 - BasePage - INFO - The element '  ' was clicked.
2018-10-24 11:24:58,719 - BasePage - INFO - Had find the element '  ' successful by xpath via value: //input[@name='ck'] 
2018-10-24 11:24:58,825 - BasePage - INFO - The element '  ' was clicked.
2018-10-24 11:24:58,892 - BasePage - INFO - Had find the element '  ' successful by xpath via value: //input[@value='确定'] 
2018-10-24 11:24:58,984 - BasePage - INFO - The element '  ' was clicked.
2018-10-24 11:24:59,993 - BasePage - INFO - had came back to the main frame
2018-10-24 11:25:00,052 - BasePage - INFO - had wait and changed frame
2018-10-24 11:25:00,091 - BasePage - INFO - Had find the element '  ' successful by id via value: stepDesc 
2018-10-24 11:25:00,157 - BasePage - INFO - Had type ' 测试专用步骤 ' in inputBox
2018-10-24 11:25:00,184 - BasePage - INFO - Had find the element '  ' successful by id via value: sumbitButton 
2018-10-24 11:25:00,253 - BasePage - INFO - The element '  ' was clicked.
2018-10-24 11:25:02,322 - BasePage - INFO - Had find the element ' 新增审批流程步骤成功! ' successful by xpath via value: //div[@class='messager-body panel-body panel-body-noborder window-body'] 
2018-10-24 11:25:02,334 - BasePage - INFO - The element_text is: 新增审批流程步骤成功!
2018-10-24 11:25:02,359 - BasePage - INFO - Had find the element ' 确定 ' successful by xpath via value: //span[contains(text(),'确定')] 
2018-10-24 11:25:02,450 - BasePage - INFO - The element ' 确定 ' was clicked.
2018-10-24 11:25:04,680 - BasePage - INFO - Had find the element '  ' successful by xpath via value: //a[@href='/ApprSupport/appr/flow/apprStep/toApprStepList.do'] 
2018-10-24 11:25:04,736 - BasePage - INFO - had click the button:
2018-10-24 11:25:05,806 - BasePage - INFO - Had find the element '  ' successful by xpath via value: //iframe[@src='/ApprSupport/appr/flow/apprStep/toApprStepList.do'] 
2018-10-24 11:25:05,812 - BasePage - INFO - had came back to the main frame
2018-10-24 11:25:05,844 - BasePage - INFO - had changed the frame
2018-10-24 11:25:05,865 - BasePage - INFO - Had find the element '  ' successful by id via value: stepName 
2018-10-24 11:25:05,933 - BasePage - INFO - Had type ' 自动化步骤 ' in inputBox
2018-10-24 11:25:05,954 - BasePage - INFO - Had find the element '  ' successful by xpath via value: //input[@value='查 询'] 
2018-10-24 11:25:06,038 - BasePage - INFO - The element '  ' was clicked.
2018-10-24 11:25:08,121 - BasePage - INFO - Had find the element ' 自动化步骤 ' successful by xpath via value: //tr[@id='datagrid-row-r1-2-0']//td[@field='stepName'] 
2018-10-24 11:25:08,134 - BasePage - INFO - The element_text is: 自动化步骤
2018-10-24 11:25:10,345 - BasePage - INFO - Had find the element '  ' successful by xpath via value: //a[@href='/ApprSupport/appr/flow/apprStep/toApprStepList.do'] 
2018-10-24 11:25:10,367 - BasePage - INFO - had click the button:
2018-10-24 11:25:11,430 - BasePage - INFO - Had find the element '  ' successful by xpath via value: //iframe[@src='/ApprSupport/appr/flow/apprStep/toApprStepList.do'] 
2018-10-24 11:25:11,437 - BasePage - INFO - had came back to the main frame
2018-10-24 11:25:11,474 - BasePage - INFO - had changed the frame
2018-10-24 11:25:11,506 - BasePage - INFO - Had find the element '  ' successful by xpath via value: //a[@class='textbox-icon combo-arrow'] 
2018-10-24 11:25:11,588 - BasePage - INFO - The element '  ' was clicked.
2018-10-24 11:25:12,660 - BasePage - INFO - Had find the element '  ' successful by xpath via value: //div[@id='_easyui_tree_2']//span[@class='tree-hit tree-collapsed'] 
2018-10-24 11:25:12,730 - BasePage - INFO - The element '  ' was clicked.
2018-10-24 11:25:13,802 - BasePage - INFO - Had find the element ' 潮州市 ' successful by xpath via value: // span[contains(text(), '潮州市')] 
2018-10-24 11:25:13,894 - BasePage - INFO - The element ' 潮州市 ' was clicked.
2018-10-24 11:25:13,924 - BasePage - INFO - Had find the element '  ' successful by xpath via value: //td[contains(text(),'所属单位')]//following-sibling::td//a[@class='textbox-icon combo-arrow'] 
2018-10-24 11:25:13,997 - BasePage - INFO - The element '  ' was clicked.
2018-10-24 11:25:15,081 - BasePage - INFO - Had find the element ' 自动化单位 ' successful by xpath via value: //span[contains(text(),'自动化单位')] 
2018-10-24 11:25:15,147 - BasePage - INFO - The element ' 自动化单位 ' was clicked.
2018-10-24 11:25:15,173 - BasePage - INFO - Had find the element '  ' successful by xpath via value: //input[@value='查 询'] 
2018-10-24 11:25:15,244 - BasePage - INFO - The element '  ' was clicked.
2018-10-24 11:25:17,302 - BasePage - INFO - Had find the element ' 自动化查询步骤 ' successful by xpath via value: //tr[@id='datagrid-row-r1-2-0']//td[@field='stepName'] 
2018-10-24 11:25:17,315 - BasePage - INFO - The element_text is: 自动化查询步骤
2018-10-24 11:25:19,539 - BasePage - INFO - Had find the element '  ' successful by xpath via value: //a[@href='/ApprSupport/appr/flow/apprStep/toApprStepList.do'] 
2018-10-24 11:25:19,563 - BasePage - INFO - had click the button:
2018-10-24 11:25:20,631 - BasePage - INFO - Had find the element '  ' successful by xpath via value: //iframe[@src='/ApprSupport/appr/flow/apprStep/toApprStepList.do'] 
2018-10-24 11:25:20,635 - BasePage - INFO - had came back to the main frame
2018-10-24 11:25:20,661 - BasePage - INFO - had changed the frame
2018-10-24 11:25:20,687 - BasePage - INFO - Had find the element '  ' successful by id via value: stepName 
2018-10-24 11:25:20,749 - BasePage - INFO - Had type ' 自动化步骤 ' in inputBox
2018-10-24 11:25:20,770 - BasePage - INFO - Had find the element '  ' successful by xpath via value: //input[@value='查 询'] 
2018-10-24 11:25:20,851 - BasePage - INFO - The element '  ' was clicked.
2018-10-24 11:25:22,892 - BasePage - INFO - Had find the element ' 自动化步骤 ' successful by xpath via value: //tr[@id='datagrid-row-r1-2-0']//td[@field='stepName'] 
2018-10-24 11:25:22,976 - BasePage - INFO - The element ' 自动化步骤 ' was clicked.
2018-10-24 11:25:23,030 - BasePage - INFO - Had find the element ' 编辑步骤 ' successful by xpath via value: //span[contains(text(),'编辑步骤')] 
2018-10-24 11:25:23,135 - BasePage - INFO - The element ' 编辑步骤 ' was clicked.
2018-10-24 11:25:25,138 - BasePage - INFO - had came back to the main frame
2018-10-24 11:25:25,171 - BasePage - INFO - had wait and changed frame
2018-10-24 11:25:25,191 - BasePage - INFO - Had find the element '  ' successful by id via value: stepName 
2018-10-24 11:25:25,292 - BasePage - INFO - Had type ' 自动步骤 ' in inputBox
2018-10-24 11:25:25,316 - BasePage - INFO - Had find the element '  ' successful by id via value: sumbitButton 
2018-10-24 11:25:25,397 - BasePage - INFO - The element '  ' was clicked.
2018-10-24 11:25:27,424 - BasePage - INFO - Had find the element ' 编辑审批流程步骤成功! ' successful by xpath via value: //div[@class='messager-body panel-body panel-body-noborder window-body'] 
2018-10-24 11:25:27,430 - BasePage - INFO - The element_text is: 编辑审批流程步骤成功!
2018-10-24 11:25:27,456 - BasePage - INFO - Had find the element ' 确定 ' successful by xpath via value: //span[contains(text(),'确定')] 
2018-10-24 11:25:27,549 - BasePage - INFO - The element ' 确定 ' was clicked.
2018-10-24 11:25:29,750 - BasePage - INFO - Had find the element '  ' successful by xpath via value: //a[@href='/ApprSupport/appr/flow/apprStep/toApprStepList.do'] 
2018-10-24 11:25:29,786 - BasePage - INFO - had click the button:
2018-10-24 11:25:30,845 - BasePage - INFO - Had find the element '  ' successful by xpath via value: //iframe[@src='/ApprSupport/appr/flow/apprStep/toApprStepList.do'] 
2018-10-24 11:25:30,851 - BasePage - INFO - had came back to the main frame
2018-10-24 11:25:30,878 - BasePage - INFO - had changed the frame
2018-10-24 11:25:30,901 - BasePage - INFO - Had find the element '  ' successful by id via value: stepName 
2018-10-24 11:25:30,963 - BasePage - INFO - Had type ' 自动步骤 ' in inputBox
2018-10-24 11:25:30,989 - BasePage - INFO - Had find the element '  ' successful by xpath via value: //input[@value='查 询'] 
2018-10-24 11:25:31,071 - BasePage - INFO - The element '  ' was clicked.
2018-10-24 11:25:33,135 - BasePage - INFO - Had find the element ' 自动步骤 ' successful by xpath via value: //tr[@id='datagrid-row-r1-2-0']//td[@field='stepName'] 
2018-10-24 11:25:33,213 - BasePage - INFO - The element ' 自动步骤 ' was clicked.
2018-10-24 11:25:33,250 - BasePage - INFO - Had find the element ' 删除步骤 ' successful by xpath via value: //span[contains(text(),'删除步骤')] 
2018-10-24 11:25:33,338 - BasePage - INFO - The element ' 删除步骤 ' was clicked.
2018-10-24 11:25:35,398 - BasePage - INFO - Had find the element ' 确定 ' successful by xpath via value: //span[contains(text(),'确定')] 
2018-10-24 11:25:35,489 - BasePage - INFO - The element ' 确定 ' was clicked.
2018-10-24 11:25:36,552 - BasePage - INFO - Had find the element ' 删除审批流程步骤失败！ ' successful by xpath via value: //div[@class='messager-body panel-body panel-body-noborder window-body'] 
2018-10-24 11:25:36,566 - BasePage - INFO - The element_text is: 删除审批流程步骤失败！
2018-10-24 11:25:36,588 - BasePage - INFO - Had find the element ' 确定 ' successful by xpath via value: //span[contains(text(),'确定')] 
2018-10-24 11:25:36,653 - BasePage - INFO - The element ' 确定 ' was clicked.
2018-10-24 11:25:36,989 - BasePage - INFO - Had take screenshot and save to folder : /screenshots
