2018-10-24 11:04:46,161 - BrowserEngine - INFO - you had select Chrome browser.
2018-10-24 11:04:46,161 - BrowserEngine - INFO - The test server url is:http://192.168.0.133:7001/ApprBase
2018-10-24 11:04:50,996 - BrowserEngine - INFO - Starting chrome browser.
2018-10-24 11:04:51,407 - BrowserEngine - INFO - Open url:http://192.168.0.133:7001/ApprBase
2018-10-24 11:04:52,566 - BrowserEngine - INFO - Maxmize the current window.
2018-10-24 11:04:52,569 - BrowserEngine - INFO - Set implicitly wait 8 seconds.
2018-10-24 11:04:52,598 - BasePage - INFO - Had find the element '  ' successful by id via value: j_username 
2018-10-24 11:04:52,651 - BasePage - INFO - Had type ' admin ' in inputBox
2018-10-24 11:04:52,677 - BasePage - INFO - Had find the element '  ' successful by id via value: j_password 
2018-10-24 11:04:52,742 - BasePage - INFO - Had type ' abc123456 ' in inputBox
2018-10-24 11:04:52,767 - BasePage - INFO - Had find the element ' 登    录 ' successful by xpath via value: //*[@id='login-tabs-item']/div/div[2]/div/div[1]/div/a[1] 
2018-10-24 11:04:53,042 - BasePage - INFO - The element ' 登    录 ' was clicked.
2018-10-24 11:04:53,632 - BasePage - INFO - had wait for the element: 欢迎您！
2018-10-24 11:04:53,658 - BasePage - INFO - Had find the element '  ' successful by xpath via value: //a[@href='/ApprSupport/appr/item/itemManage/init/toItemList.do'] 
2018-10-24 11:04:53,680 - BasePage - INFO - had click the button:
2018-10-24 11:04:54,809 - BasePage - INFO - Had find the element '  ' successful by xpath via value: //iframe[@src='/ApprSupport/appr/item/itemManage/init/toItemList.do'] 
2018-10-24 11:04:54,812 - BasePage - INFO - had came back to the main frame
2018-10-24 11:04:54,835 - BasePage - INFO - had changed the frame
2018-10-24 11:04:54,864 - BasePage - INFO - Had find the element '  ' successful by xpath via value: //span[contains(text(),'独立事项')] 
2018-10-24 11:04:54,924 - BasePage - INFO - had click the button:
2018-10-24 11:04:57,993 - BasePage - INFO - had came back to the main frame
2018-10-24 11:04:58,023 - BasePage - INFO - had wait and changed frame
2018-10-24 11:04:58,049 - BasePage - INFO - Had find the element '  ' successful by xpath via value: //input[@id='_easyui_textbox_input1'] 
2018-10-24 11:04:58,262 - BasePage - INFO - Had type ' 独立事项cyl-1 ' in inputBox
2018-10-24 11:04:58,288 - BasePage - INFO - Had find the element '  ' successful by xpath via value: //input[@id='_easyui_textbox_input2'] 
2018-10-24 11:04:58,390 - BasePage - INFO - Had type ' 924 ' in inputBox
2018-10-24 11:04:58,413 - BasePage - INFO - Had find the element '  ' successful by id via value: bzUnitBtn 
2018-10-24 11:04:58,522 - BasePage - INFO - The element '  ' was clicked.
2018-10-24 11:04:59,529 - BasePage - INFO - had came back to the main frame
2018-10-24 11:04:59,586 - BasePage - INFO - had wait and changed frame
2018-10-24 11:04:59,609 - BasePage - INFO - Had find the element '  ' successful by id via value: unitName 
2018-10-24 11:04:59,661 - BasePage - INFO - Had type ' 测试科 ' in inputBox
2018-10-24 11:04:59,694 - BasePage - INFO - Had find the element '  ' successful by xpath via value: //input[@value='查 询'] 
2018-10-24 11:04:59,780 - BasePage - INFO - The element '  ' was clicked.
2018-10-24 11:05:00,858 - BasePage - INFO - Had find the element ' 测试科 ' successful by xpath via value: //span[contains(text(),'测试科')] 
2018-10-24 11:05:00,947 - BasePage - INFO - The element ' 测试科 ' was clicked.
2018-10-24 11:05:00,976 - BasePage - INFO - Had find the element '  ' successful by xpath via value: //input[@value='确定'] 
2018-10-24 11:05:01,053 - BasePage - INFO - The element '  ' was clicked.
2018-10-24 11:05:02,062 - BasePage - INFO - had came back to the main frame
2018-10-24 11:05:02,119 - BasePage - INFO - had wait and changed frame
2018-10-24 11:05:02,164 - BasePage - INFO - Had find the element '  ' successful by xpath via value: //td[contains(text(),'事项类型')]//following-sibling::td//a[@class='textbox-icon combo-arrow'] 
2018-10-24 11:05:02,256 - BasePage - INFO - The element '  ' was clicked.
2018-10-24 11:05:02,302 - BasePage - INFO - Had find the element ' 行政许可 ' successful by xpath via value: //div[contains(text(),'行政许可')] 
2018-10-24 11:05:02,375 - BasePage - INFO - The element ' 行政许可 ' was clicked.
2018-10-24 11:05:02,407 - BasePage - INFO - Had find the element '  ' successful by xpath via value: //td[contains(text(),'服务对象')]//following-sibling::td//span[@class='textbox combo'] 
2018-10-24 11:05:02,483 - BasePage - INFO - The element '  ' was clicked.
2018-10-24 11:05:02,512 - BasePage - INFO - Had find the element ' 企业/个人 ' successful by xpath via value: //div[contains(text(),'企业/个人')] 
2018-10-24 11:05:02,586 - BasePage - INFO - The element ' 企业/个人 ' was clicked.
2018-10-24 11:05:02,611 - BasePage - INFO - Had find the element ' 办理时限 ' successful by xpath via value: //span[contains(text(),'办理时限')] 
2018-10-24 11:05:02,690 - BasePage - INFO - The element ' 办理时限 ' was clicked.
2018-10-24 11:05:04,772 - BasePage - INFO - had wait and changed frame
2018-10-24 11:05:04,801 - BasePage - INFO - Had find the element ' 新增 ' successful by xpath via value: /html/body/div[1]/div/div/div/div[1]/table/tbody/tr/td[1]/a/span/span[1] 
2018-10-24 11:05:04,924 - BasePage - INFO - The element ' 新增 ' was clicked.
2018-10-24 11:05:04,960 - BasePage - INFO - Had find the element '  ' successful by xpath via value: //tr[@id='datagrid-row-r1-2-0']//td[@field='ptLimit'] 
2018-10-24 11:05:05,085 - BasePage - INFO - double click on the element
2018-10-24 11:05:06,148 - BasePage - INFO - Had find the element '  ' successful by xpath via value: //tr[@id='datagrid-row-r1-2-0']//td[@field='ptLimit']//input[@class='textbox-text validatebox-text textbox-prompt'] 
2018-10-24 11:05:06,203 - BasePage - INFO - Had type ' 5 ' in inputBox
2018-10-24 11:05:06,230 - BasePage - INFO - Had find the element '  ' successful by xpath via value: //td[@field='ptLegalLimit']//input[@class='textbox-text validatebox-text textbox-prompt'] 
2018-10-24 11:05:06,279 - BasePage - INFO - Had type ' 5 ' in inputBox
2018-10-24 11:05:06,282 - BasePage - INFO - had came back to the main frame
2018-10-24 11:05:06,302 - BasePage - INFO - had wait and changed frame
2018-10-24 11:05:06,328 - BasePage - INFO - Had find the element ' 保存 ' successful by xpath via value: //a[@onclick='doSave()'] 
2018-10-24 11:05:06,434 - BasePage - INFO - The element ' 保存 ' was clicked.
2018-10-24 11:05:09,536 - BasePage - INFO - Had find the element ' 保存事项信息成功 ' successful by xpath via value: //div[@class='messager-body panel-body panel-body-noborder window-body'] 
2018-10-24 11:05:09,549 - BasePage - INFO - The element_text is: 保存事项信息成功
2018-10-24 11:05:09,586 - BasePage - INFO - Had find the element ' 确定 ' successful by xpath via value: //span[contains(text(),'确定')] 
2018-10-24 11:05:09,660 - BasePage - INFO - The element ' 确定 ' was clicked.
2018-10-24 11:05:13,724 - BasePage - INFO - had came back to the main frame
2018-10-24 11:05:13,753 - BasePage - INFO - Had find the element ' × ' successful by xpath via value: //button[@i='close'] 
2018-10-24 11:05:13,862 - BasePage - INFO - The element ' × ' was clicked.
2018-10-24 11:05:16,141 - BasePage - INFO - Had find the element '  ' successful by xpath via value: //a[@href='/ApprSupport/appr/item/itemManage/init/toItemList.do'] 
2018-10-24 11:05:16,197 - BasePage - INFO - had click the button:
2018-10-24 11:05:17,230 - BasePage - INFO - Had find the element '  ' successful by xpath via value: //iframe[@src='/ApprSupport/appr/item/itemManage/init/toItemList.do'] 
2018-10-24 11:05:17,236 - BasePage - INFO - had came back to the main frame
2018-10-24 11:05:17,262 - BasePage - INFO - had changed the frame
2018-10-24 11:05:17,293 - BasePage - INFO - Had find the element '  ' successful by xpath via value: //span[contains(text(),'事项目录')] 
2018-10-24 11:05:17,368 - BasePage - INFO - had click the button:
2018-10-24 11:05:20,431 - BasePage - INFO - had came back to the main frame
2018-10-24 11:05:20,463 - BasePage - INFO - had wait and changed frame
2018-10-24 11:05:20,487 - BasePage - INFO - Had find the element '  ' successful by xpath via value: //input[@id='_easyui_textbox_input1'] 
2018-10-24 11:05:20,571 - BasePage - INFO - Had type ' 独立事项cyl-1 ' in inputBox
2018-10-24 11:05:20,598 - BasePage - INFO - Had find the element '  ' successful by xpath via value: //input[@id='_easyui_textbox_input2'] 
2018-10-24 11:05:20,658 - BasePage - INFO - Had type ' 433 ' in inputBox
2018-10-24 11:05:20,684 - BasePage - INFO - Had find the element '  ' successful by id via value: bzUnitBtn 
2018-10-24 11:05:20,779 - BasePage - INFO - The element '  ' was clicked.
2018-10-24 11:05:21,788 - BasePage - INFO - had came back to the main frame
2018-10-24 11:05:21,888 - BasePage - INFO - had wait and changed frame
2018-10-24 11:05:21,923 - BasePage - INFO - Had find the element '  ' successful by id via value: unitName 
2018-10-24 11:05:21,983 - BasePage - INFO - Had type ' 测试科 ' in inputBox
2018-10-24 11:05:22,013 - BasePage - INFO - Had find the element '  ' successful by xpath via value: //input[@value='查 询'] 
2018-10-24 11:05:22,124 - BasePage - INFO - The element '  ' was clicked.
2018-10-24 11:05:23,194 - BasePage - INFO - Had find the element ' 测试科 ' successful by xpath via value: //span[contains(text(),'测试科')] 
2018-10-24 11:05:23,288 - BasePage - INFO - The element ' 测试科 ' was clicked.
2018-10-24 11:05:23,321 - BasePage - INFO - Had find the element '  ' successful by xpath via value: //input[@value='确定'] 
2018-10-24 11:05:23,391 - BasePage - INFO - The element '  ' was clicked.
2018-10-24 11:05:24,398 - BasePage - INFO - had came back to the main frame
2018-10-24 11:05:24,447 - BasePage - INFO - had wait and changed frame
2018-10-24 11:05:24,473 - BasePage - INFO - Had find the element ' 保存 ' successful by xpath via value: //a[@onclick='doSave()'] 
2018-10-24 11:05:24,559 - BasePage - INFO - The element ' 保存 ' was clicked.
2018-10-24 11:05:24,696 - BasePage - INFO - Had find the element ' 保存事项信息成功 ' successful by xpath via value: //div[@class='messager-body panel-body panel-body-noborder window-body'] 
2018-10-24 11:05:24,703 - BasePage - INFO - The element_text is: 保存事项信息成功
2018-10-24 11:05:24,730 - BasePage - INFO - Had find the element ' 确定 ' successful by xpath via value: //span[contains(text(),'确定')] 
2018-10-24 11:05:24,792 - BasePage - INFO - The element ' 确定 ' was clicked.
2018-10-24 11:05:28,865 - BasePage - INFO - had came back to the main frame
2018-10-24 11:05:28,890 - BasePage - INFO - Had find the element ' × ' successful by xpath via value: //button[@i='close'] 
2018-10-24 11:05:29,000 - BasePage - INFO - The element ' × ' was clicked.
2018-10-24 11:05:31,220 - BasePage - INFO - Had find the element '  ' successful by xpath via value: //a[@href='/ApprSupport/appr/item/itemManage/init/toItemList.do'] 
2018-10-24 11:05:31,247 - BasePage - INFO - had click the button:
2018-10-24 11:05:32,288 - BasePage - INFO - Had find the element '  ' successful by xpath via value: //iframe[@src='/ApprSupport/appr/item/itemManage/init/toItemList.do'] 
2018-10-24 11:05:32,292 - BasePage - INFO - had came back to the main frame
2018-10-24 11:05:32,312 - BasePage - INFO - had changed the frame
2018-10-24 11:05:32,342 - BasePage - INFO - Had find the element '  ' successful by id via value: itemCode 
2018-10-24 11:05:32,473 - BasePage - INFO - Had type ' 201807131356 ' in inputBox
2018-10-24 11:05:32,506 - BasePage - INFO - Had find the element '  ' successful by xpath via value: //input[@value='查 询'] 
2018-10-24 11:05:32,878 - BasePage - INFO - The element '  ' was clicked.
2018-10-24 11:05:35,947 - BasePage - INFO - Had find the element ' 201807131356 ' successful by xpath via value: //tr[@id='datagrid-row-r1-2-328b1e95b7cf4fb7aba3f9e830006b27']//td[@field='itemCode'] 
2018-10-24 11:05:35,960 - BasePage - INFO - The element_text is: 201807131356
2018-10-24 11:05:35,963 - BasePage - INFO - had came back to the main frame
2018-10-24 11:05:38,131 - BasePage - INFO - Had find the element '  ' successful by xpath via value: //a[@href='/ApprSupport/appr/item/itemManage/init/toItemList.do'] 
2018-10-24 11:05:38,155 - BasePage - INFO - had click the button:
2018-10-24 11:05:39,184 - BasePage - INFO - Had find the element '  ' successful by xpath via value: //iframe[@src='/ApprSupport/appr/item/itemManage/init/toItemList.do'] 
2018-10-24 11:05:39,187 - BasePage - INFO - had came back to the main frame
2018-10-24 11:05:39,219 - BasePage - INFO - had changed the frame
2018-10-24 11:05:39,253 - BasePage - INFO - Had find the element '  ' successful by xpath via value: //td[contains(text(),'办理方式')]//following-sibling::td//span[@class='textbox combo'] 
2018-10-24 11:05:39,371 - BasePage - INFO - The element '  ' was clicked.
2018-10-24 11:05:39,407 - BasePage - INFO - Had find the element ' 行政罚款 ' successful by xpath via value: //div[@class='combo-panel panel-body panel-body-noheader']//div[contains(text(),'行政罚款')] 
2018-10-24 11:05:39,756 - BasePage - INFO - The element ' 行政罚款 ' was clicked.
2018-10-24 11:05:39,792 - BasePage - INFO - Had find the element '  ' successful by xpath via value: //input[@value='查 询'] 
2018-10-24 11:05:39,875 - BasePage - INFO - The element '  ' was clicked.
2018-10-24 11:05:42,948 - BasePage - INFO - Had find the element ' 行政罚款 ' successful by xpath via value: //tr[@id='datagrid-row-r1-2-6678']//td[@field='approveDealwithWay'] 
2018-10-24 11:05:42,963 - BasePage - INFO - The element_text is: 行政罚款
2018-10-24 11:05:42,967 - BasePage - INFO - had came back to the main frame
2018-10-24 11:05:45,178 - BasePage - INFO - Had find the element '  ' successful by xpath via value: //a[@href='/ApprSupport/appr/item/itemManage/init/toItemList.do'] 
2018-10-24 11:05:45,200 - BasePage - INFO - had click the button:
2018-10-24 11:05:46,249 - BasePage - INFO - Had find the element '  ' successful by xpath via value: //iframe[@src='/ApprSupport/appr/item/itemManage/init/toItemList.do'] 
2018-10-24 11:05:46,252 - BasePage - INFO - had came back to the main frame
2018-10-24 11:05:46,279 - BasePage - INFO - had changed the frame
2018-10-24 11:05:54,295 - BasePage - ERROR - NoSuchElementException: Message: no such element: Unable to locate element: {"method":"xpath","selector":"// span[contains(text(), '潮州市')]"}
  (Session info: chrome=68.0.3440.106)
  (Driver info: chromedriver=2.37.544315 (730aa6a5fdba159ac9f4c1e8cbc59bf1b5ce12b7),platform=Windows NT 6.1.7601 SP1 x86_64)

2018-10-24 11:05:54,651 - BasePage - INFO - Had take screenshot and save to folder : /screenshots
