2018-09-14 12:40:24,425 - BrowserEngine - INFO - you had select Chrome browser.
2018-09-14 12:40:24,425 - BrowserEngine - INFO - The test server url is:http://192.168.0.133:7001/ApprBase
2018-09-14 12:40:29,156 - BrowserEngine - INFO - Starting chrome browser.
2018-09-14 12:40:29,669 - BrowserEngine - INFO - Open url:http://192.168.0.133:7001/ApprBase
2018-09-14 12:40:30,859 - BrowserEngine - INFO - Maxmize the current window.
2018-09-14 12:40:30,861 - BrowserEngine - INFO - Set implicitly wait 8 seconds.
2018-09-14 12:40:30,890 - BasePage - INFO - Had find the element '  ' successful by id via value: j_username 
2018-09-14 12:40:30,941 - BasePage - INFO - Had type ' ceshi1 ' in inputBox
2018-09-14 12:40:30,970 - BasePage - INFO - Had find the element '  ' successful by id via value: j_password 
2018-09-14 12:40:31,035 - BasePage - INFO - Had type ' abc123456! ' in inputBox
2018-09-14 12:40:31,060 - BasePage - INFO - Had find the element ' 登    录 ' successful by xpath via value: //*[@id='login-tabs-item']/div/div[2]/div/div[1]/div/a[1] 
2018-09-14 12:40:31,320 - BasePage - INFO - The element ' 登    录 ' was clicked.
2018-09-14 12:40:31,580 - BasePage - INFO - had wait for the element: 欢迎您！
2018-09-14 12:40:31,617 - BasePage - INFO - Had find the element ' 办件登记 ' successful by xpath via value: //*[@id="j-nav"]/li[2]/a/span 
2018-09-14 12:40:31,640 - BasePage - INFO - mouse stop on the element
2018-09-14 12:40:31,672 - BasePage - INFO - Had find the element ' 普通窗口登记 ' successful by xpath via value: //*[@id="j-033-tree"]/ul/li/a 
2018-09-14 12:40:31,722 - BasePage - INFO - The element ' 普通窗口登记 ' was clicked.
2018-09-14 12:40:32,765 - BasePage - INFO - had changed the frame
2018-09-14 12:40:32,812 - BasePage - INFO - had wait for the element: 测试局
2010828
限时办结
测试局-子部门
窗口登记
绿色通道登记
2018-09-14 12:40:32,843 - BasePage - INFO - Had find the element ' 窗口登记 ' successful by xpath via value: //body/div[2]/div/div/div/div[1]/div[2]/div[2]/table/tbody/tr/td[5]/div/a[1]/font 
2018-09-14 12:40:33,148 - BasePage - INFO - The element ' 窗口登记 ' was clicked.
2018-09-14 12:40:33,152 - BasePage - INFO - had came back to the main frame
2018-09-14 12:40:34,172 - BasePage - INFO - switch to second window:CDwindow-713C104064EE43DA6F6A901B8D3BB9E4 
2018-09-14 12:40:35,353 - BasePage - INFO - had wait and changed frame
2018-09-14 12:40:35,371 - BasePage - INFO - Had find the element '  ' successful by xpath via value: //*[@id="selectCustQY"] 
2018-09-14 12:40:35,495 - BasePage - INFO - The element '  ' was clicked.
2018-09-14 12:40:35,499 - BasePage - INFO - had came back to the main frame
2018-09-14 12:40:35,542 - BasePage - INFO - had wait and changed frame
2018-09-14 12:40:35,889 - BasePage - INFO - had wait for the element: 
2018-09-14 12:40:35,915 - BasePage - INFO - Had find the element '  ' successful by xpath via value: //*[@id="datagrid-row-r1-1-4"]/td[2]/div/input 
2018-09-14 12:40:35,983 - BasePage - INFO - The element '  ' was clicked.
2018-09-14 12:40:36,014 - BasePage - INFO - Had find the element '  ' successful by xpath via value: //*[@id="selectedButton"] 
2018-09-14 12:40:36,182 - BasePage - INFO - The element '  ' was clicked.
2018-09-14 12:40:36,189 - BasePage - INFO - had came back to the main frame
2018-09-14 12:40:36,205 - BasePage - INFO - had changed the frame
2018-09-14 12:40:36,236 - BasePage - INFO - had wait for the input value:橡皮有限公司
2018-09-14 12:40:36,252 - BasePage - INFO - had scroll to the foot
2018-09-14 12:40:36,280 - BasePage - INFO - Had find the element '  ' successful by xpath via value: //*[@id="custContactPerson"] 
2018-09-14 12:40:36,354 - BasePage - INFO - Had type ' damon ' in inputBox
2018-09-14 12:40:36,379 - BasePage - INFO - Had find the element '  ' successful by xpath via value: //*[@id="idCard"] 
2018-09-14 12:40:36,496 - BasePage - INFO - Had type ' 362421199303019322 ' in inputBox
2018-09-14 12:40:36,520 - BasePage - INFO - Had find the element '  ' successful by xpath via value: //*[@id="custMobile"] 
2018-09-14 12:40:36,600 - BasePage - INFO - Had type ' 13148907967 ' in inputBox
2018-09-14 12:40:36,604 - BasePage - INFO - had came back to the main frame
2018-09-14 12:40:36,626 - BasePage - INFO - Had find the element ' 保存 ' successful by id via value: doSave 
2018-09-14 12:40:36,809 - BasePage - INFO - The element ' 保存 ' was clicked.
2018-09-14 12:40:39,880 - BasePage - INFO - Had find the element ' 进入材料审核 ' successful by id via value: doSend 
2018-09-14 12:40:39,880 - BasePage - INFO - The element_text is: 进入材料审核
2018-09-14 12:40:39,896 - BasePage - INFO - Had find the element ' 申报材料 ' successful by id via value: nav_sbcl 
2018-09-14 12:40:40,009 - BasePage - INFO - The element ' 申报材料 ' was clicked.
2018-09-14 12:40:40,054 - BasePage - INFO - had wait and changed frame
2018-09-14 12:40:41,110 - BasePage - INFO - had wait for the element: 上传额外材料
2018-09-14 12:40:41,126 - BasePage - INFO - Had find the element ' 上传额外材料 ' successful by xpath via value: //*[@id="subWrap"]/div[1]/div/div/div/div[1]/a[1] 
2018-09-14 12:40:41,243 - BasePage - INFO - The element ' 上传额外材料 ' was clicked.
2018-09-14 12:40:41,248 - BasePage - INFO - had came back to the main frame
2018-09-14 12:40:41,290 - BasePage - INFO - had wait and changed frame
2018-09-14 12:40:41,502 - BasePage - INFO - Had find the element ' 请选择文件 ' successful by xpath via value: //*[@id="i_select_files"]/div 
2018-09-14 12:40:41,563 - BasePage - INFO - The element ' 请选择文件 ' was clicked.
2018-09-14 12:40:47,005 - BasePage - INFO - Had find the element ' 开始上传 ' successful by xpath via value: /html/body/button[1] 
2018-09-14 12:40:47,067 - BasePage - INFO - The element ' 开始上传 ' was clicked.
2018-09-14 12:40:50,080 - BasePage - INFO - had came back to the main frame
2018-09-14 12:40:50,127 - BasePage - INFO - Had find the element ' × ' successful by xpath via value: /html/body/div[6]/div/table/tbody/tr[1]/td/button 
2018-09-14 12:40:50,205 - BasePage - INFO - The element ' × ' was clicked.
2018-09-14 12:40:51,243 - BasePage - INFO - had changed the frame
2018-09-14 12:40:51,289 - BasePage - INFO - Had find the element ' 请选择
合格
不合格
免交 ' successful by id via value: auditResult0 
2018-09-14 12:40:51,352 - BasePage - INFO - had select 合格
2018-09-14 12:40:51,378 - BasePage - INFO - Had find the element '  ' successful by xpath via value: //*[@id="datagrid-row-r1-2-0"]/td[9]/div/input 
2018-09-14 12:40:51,428 - BasePage - INFO - Had type ' 审核通过 ' in inputBox
2018-09-14 12:40:51,459 - BasePage - INFO - Had find the element ' 纸质材料齐全 ' successful by xpath via value: //*[@id="subWrap"]/div[1]/div/div/div/div[1]/a[2] 
2018-09-14 12:40:51,732 - BasePage - INFO - The element ' 纸质材料齐全 ' was clicked.
2018-09-14 12:40:51,739 - BasePage - INFO - had came back to the main frame
2018-09-14 12:40:51,883 - BasePage - INFO - had wait and changed frame
2018-09-14 12:40:51,905 - BasePage - INFO - Had find the element '  ' successful by id via value: contents 
2018-09-14 12:40:51,960 - BasePage - INFO - Had type ' 纸质材料收集完毕 ' in inputBox
2018-09-14 12:40:51,984 - BasePage - INFO - Had find the element ' 保存 ' successful by id via value: savePaperStuff 
2018-09-14 12:40:52,052 - BasePage - INFO - The element ' 保存 ' was clicked.
2018-09-14 12:40:52,562 - BasePage - INFO - had wait for the alert
2018-09-14 12:40:52,578 - BasePage - INFO - closed alert and alert message is 保存成功
2018-09-14 12:40:52,616 - BasePage - INFO - had came back to the main frame
2018-09-14 12:40:52,625 - BasePage - INFO - had changed the frame
2018-09-14 12:40:52,653 - BasePage - INFO - Had find the element '         请选择审核结果
        合格
        不合格
        信任后补
        免交
        ' successful by id via value: attaStatusSelect 
2018-09-14 12:40:52,701 - BasePage - INFO - had select 合格
2018-09-14 12:40:52,701 - BasePage - INFO - had came back to the main frame
2018-09-14 12:40:52,716 - BasePage - INFO - Had find the element ' 进入材料审核 ' successful by id via value: doSend 
2018-09-14 12:40:54,556 - BasePage - INFO - The element ' 进入材料审核 ' was clicked.
2018-09-14 12:40:57,684 - BasePage - INFO - Had find the element ' 进入受理 ' successful by id via value: doSend 
2018-09-14 12:40:57,692 - BasePage - INFO - The element_text is: 进入受理
2018-09-14 12:40:57,713 - BasePage - INFO - Had find the element ' 同意审核 ' successful by id via value: doSave 
2018-09-14 12:40:59,031 - BasePage - INFO - The element ' 同意审核 ' was clicked.
2018-09-14 12:41:00,107 - BasePage - INFO - Had find the element ' 进入受理 ' successful by id via value: doSend 
2018-09-14 12:41:01,115 - BasePage - INFO - The element ' 进入受理 ' was clicked.
2018-09-14 12:41:04,782 - BasePage - INFO - Had find the element ' 进入承办 ' successful by id via value: doSend 
2018-09-14 12:41:04,788 - BasePage - INFO - The element_text is: 进入承办
2018-09-14 12:41:04,806 - BasePage - INFO - Had find the element ' 受理 ' successful by id via value: doSave 
2018-09-14 12:41:04,928 - BasePage - INFO - The element ' 受理 ' was clicked.
2018-09-14 12:41:05,932 - BasePage - INFO - had wait for the alert
2018-09-14 12:41:05,955 - BasePage - INFO - closed alert and alert message is 受理之后，办件开始倒计时。
2018-09-14 12:41:06,203 - BasePage - INFO - Had find the element ' 进入承办 ' successful by id via value: doSend 
2018-09-14 12:41:06,436 - BasePage - INFO - The element ' 进入承办 ' was clicked.
2018-09-14 12:41:07,504 - BasePage - INFO - Had find the element ' 跳过 ' successful by xpath via value: //button[text()="跳过"] 
2018-09-14 12:41:08,455 - BasePage - INFO - The element ' 跳过 ' was clicked.
2018-09-14 12:41:12,526 - BasePage - INFO - Had find the element ' 转入审核 ' successful by id via value: doSend 
2018-09-14 12:41:12,578 - BasePage - INFO - The element_text is: 转入审核
2018-09-14 12:41:12,615 - BasePage - INFO - Had find the element ' 保存承办 ' successful by id via value: doSave 
2018-09-14 12:41:13,943 - BasePage - INFO - The element ' 保存承办 ' was clicked.
2018-09-14 12:41:15,017 - BasePage - INFO - Had find the element ' 转入审核 ' successful by id via value: doSend 
2018-09-14 12:41:15,989 - BasePage - INFO - The element ' 转入审核 ' was clicked.
2018-09-14 12:41:19,941 - BasePage - INFO - Had find the element ' 进入批准 ' successful by id via value: doSend 
2018-09-14 12:41:19,983 - BasePage - INFO - The element_text is: 进入批准
2018-09-14 12:41:20,069 - BasePage - INFO - Had find the element ' 保存审核 ' successful by id via value: doSave 
2018-09-14 12:41:21,370 - BasePage - INFO - The element ' 保存审核 ' was clicked.
2018-09-14 12:41:22,434 - BasePage - INFO - Had find the element ' 进入批准 ' successful by id via value: doSend 
2018-09-14 12:41:23,365 - BasePage - INFO - The element ' 进入批准 ' was clicked.
2018-09-14 12:41:27,305 - BasePage - INFO - Had find the element ' 办结 ' successful by id via value: doSend 
2018-09-14 12:41:27,346 - BasePage - INFO - The element_text is: 办结
2018-09-14 12:41:27,424 - BasePage - INFO - Had find the element ' 保存批准 ' successful by id via value: doSave 
2018-09-14 12:41:28,829 - BasePage - INFO - The element ' 保存批准 ' was clicked.
2018-09-14 12:41:29,901 - BasePage - INFO - Had find the element ' 办结 ' successful by id via value: doSend 
2018-09-14 12:41:30,778 - BasePage - INFO - The element ' 办结 ' was clicked.
2018-09-14 12:41:34,473 - BasePage - INFO - Had find the element ' 下一步 ' successful by id via value: doSend 
2018-09-14 12:41:34,482 - BasePage - INFO - The element_text is: 下一步
2018-09-14 12:41:34,501 - BasePage - INFO - Had find the element ' 保存内部审批完成意见 ' successful by id via value: doSave 
2018-09-14 12:41:34,713 - BasePage - INFO - The element ' 保存内部审批完成意见 ' was clicked.
2018-09-14 12:41:35,769 - BasePage - INFO - Had find the element ' 下一步 ' successful by id via value: doSend 
2018-09-14 12:41:37,319 - BasePage - INFO - The element ' 下一步 ' was clicked.
2018-09-14 12:41:40,419 - BasePage - INFO - Had find the element ' 结束 ' successful by id via value: doSend 
2018-09-14 12:41:40,427 - BasePage - INFO - The element_text is: 结束
2018-09-14 12:41:40,444 - BasePage - INFO - Had find the element ' 出件 ' successful by id via value: doSave 
2018-09-14 12:41:40,543 - BasePage - INFO - The element ' 出件 ' was clicked.
2018-09-14 12:41:41,597 - BasePage - INFO - Had find the element ' 结束 ' successful by id via value: doSend 
2018-09-14 12:41:41,857 - BasePage - INFO - The element ' 结束 ' was clicked.
2018-09-14 12:41:42,935 - BasePage - INFO - Had find the element ' 跳过 ' successful by xpath via value: //button[text()="跳过"] 
2018-09-14 12:41:43,611 - BasePage - INFO - The element ' 跳过 ' was clicked.
2018-09-14 12:41:50,739 - BrowserEngine - INFO - you had select Chrome browser.
2018-09-14 12:41:50,739 - BrowserEngine - INFO - The test server url is:http://192.168.0.133:7001/ApprBase
2018-09-14 12:41:55,565 - BrowserEngine - INFO - Starting chrome browser.
2018-09-14 12:41:56,061 - BrowserEngine - INFO - Open url:http://192.168.0.133:7001/ApprBase
2018-09-14 12:41:57,237 - BrowserEngine - INFO - Maxmize the current window.
2018-09-14 12:41:57,238 - BrowserEngine - INFO - Set implicitly wait 8 seconds.
2018-09-14 12:41:57,266 - BasePage - INFO - Had find the element '  ' successful by id via value: j_username 
2018-09-14 12:41:57,305 - BasePage - INFO - Had type ' admin ' in inputBox
2018-09-14 12:41:57,339 - BasePage - INFO - Had find the element '  ' successful by id via value: j_password 
2018-09-14 12:41:57,397 - BasePage - INFO - Had type ' abc123456 ' in inputBox
2018-09-14 12:41:57,424 - BasePage - INFO - Had find the element ' 登    录 ' successful by xpath via value: //*[@id='login-tabs-item']/div/div[2]/div/div[1]/div/a[1] 
2018-09-14 12:41:57,823 - BasePage - INFO - The element ' 登    录 ' was clicked.
2018-09-14 12:41:58,235 - BasePage - INFO - had wait for the element: 欢迎您！
2018-09-14 12:41:58,238 - BasePage - INFO - Current page title is 网上审批系统
2018-09-14 12:41:58,253 - BasePage - INFO - Had find the element ' 退出 ' successful by xpath via value: //*[@id='header']/ul/li[4]/a/span 
2018-09-14 12:41:58,513 - BasePage - INFO - The element ' 退出 ' was clicked.
2018-09-14 12:41:58,520 - BasePage - INFO - Current page title is 登录
2018-09-14 12:41:59,287 - BasePage - INFO - Had take screenshot and save to folder : /screenshots
2018-09-14 12:42:02,321 - EmailReport - INFO - the report:D:\PycharmProjects\General_Approval/test_report\2018-09-14-12-40-24HTMLtemplate.htmlwill be send
2018-09-14 12:42:02,321 - EmailReport - INFO - connectting email server.....
2018-09-14 12:42:02,916 - EmailReport - INFO - logging email.....
2018-09-14 12:42:04,009 - EmailReport - INFO - email has sent
