2018-10-24 11:12:50,184 - BrowserEngine - INFO - you had select Chrome browser.
2018-10-24 11:12:50,184 - BrowserEngine - INFO - The test server url is:http://192.168.0.133:7001/ApprBase
2018-10-24 11:12:55,388 - BrowserEngine - INFO - Starting chrome browser.
2018-10-24 11:12:55,996 - BrowserEngine - INFO - Open url:http://192.168.0.133:7001/ApprBase
2018-10-24 11:12:57,157 - BrowserEngine - INFO - Maxmize the current window.
2018-10-24 11:12:57,157 - BrowserEngine - INFO - Set implicitly wait 8 seconds.
2018-10-24 11:12:57,187 - BasePage - INFO - Had find the element '  ' successful by id via value: j_username 
2018-10-24 11:12:57,243 - BasePage - INFO - Had type ' admin ' in inputBox
2018-10-24 11:12:57,269 - BasePage - INFO - Had find the element '  ' successful by id via value: j_password 
2018-10-24 11:12:57,335 - BasePage - INFO - Had type ' abc123456 ' in inputBox
2018-10-24 11:12:57,361 - BasePage - INFO - Had find the element ' 登    录 ' successful by xpath via value: //*[@id='login-tabs-item']/div/div[2]/div/div[1]/div/a[1] 
2018-10-24 11:12:57,632 - BasePage - INFO - The element ' 登    录 ' was clicked.
2018-10-24 11:12:58,213 - BasePage - INFO - had wait for the element: 欢迎您！
2018-10-24 11:13:00,430 - BasePage - INFO - Had find the element '  ' successful by xpath via value: //a[@href='/ApprSupport/appr/item/itemManage/init/toItemList.do'] 
2018-10-24 11:13:00,459 - BasePage - INFO - had click the button:
2018-10-24 11:13:01,619 - BasePage - INFO - Had find the element '  ' successful by xpath via value: //iframe[@src='/ApprSupport/appr/item/itemManage/init/toItemList.do'] 
2018-10-24 11:13:01,621 - BasePage - INFO - had came back to the main frame
2018-10-24 11:13:01,644 - BasePage - INFO - had changed the frame
2018-10-24 11:13:01,713 - BasePage - INFO - Had find the element '  ' successful by xpath via value: //td[contains(text(),'所属地区')]//following-sibling::td//a[@class='textbox-icon combo-arrow'] 
2018-10-24 11:13:01,842 - BasePage - INFO - The element '  ' was clicked.
2018-10-24 11:13:03,907 - BasePage - INFO - Had find the element '  ' successful by xpath via value: //div[@id='_easyui_tree_2']//span[@class='tree-hit tree-collapsed'] 
2018-10-24 11:13:03,924 - BasePage - INFO - had click the button:
2018-10-24 11:13:06,006 - BasePage - INFO - Had find the element ' 潮州市 ' successful by xpath via value: // span[contains(text(), '潮州市')] 
2018-10-24 11:13:06,088 - BasePage - INFO - The element ' 潮州市 ' was clicked.
2018-10-24 11:13:06,122 - BasePage - INFO - Had find the element '  ' successful by xpath via value: //td[contains(text(),'所属单位')]//following-sibling::td//a[@class='textbox-icon combo-arrow'] 
2018-10-24 11:13:06,203 - BasePage - INFO - The element '  ' was clicked.
2018-10-24 11:13:07,306 - BasePage - INFO - Had find the element ' 自动化单位 ' successful by xpath via value: //span[contains(text(),'自动化单位')] 
2018-10-24 11:13:07,381 - BasePage - INFO - The element ' 自动化单位 ' was clicked.
2018-10-24 11:13:07,414 - BasePage - INFO - Had find the element '  ' successful by xpath via value: //input[@value='查 询'] 
2018-10-24 11:13:07,500 - BasePage - INFO - The element '  ' was clicked.
2018-10-24 11:13:09,569 - BasePage - INFO - Had find the element ' 自动化单位 ' successful by xpath via value: //tr[@id='datagrid-row-r1-2-328b1e95b7cf4fb7aba3f9e830006b27']//td[@field='unitName'] 
2018-10-24 11:13:09,579 - BasePage - INFO - The element_text is: 自动化单位
2018-10-24 11:13:09,582 - BasePage - INFO - had came back to the main frame
