2018-09-11 14:13:08,407 - BrowserEngine - INFO - you had select Chrome browser.
2018-09-11 14:13:08,407 - BrowserEngine - INFO - The test server url is:http://192.168.0.133:7001/ApprBase
2018-09-11 14:13:13,072 - BrowserEngine - INFO - Starting chrome browser.
2018-09-11 14:13:13,471 - BrowserEngine - INFO - Open url:http://192.168.0.133:7001/ApprBase
2018-09-11 14:13:14,638 - BrowserEngine - INFO - Maxmize the current window.
2018-09-11 14:13:14,640 - BrowserEngine - INFO - Set implicitly wait 10 seconds.
2018-09-11 14:13:14,665 - BasePage - INFO - Had find the element '  ' successful by id via value: j_username 
2018-09-11 14:13:14,718 - BasePage - INFO - Had type ' ceshi1 ' in inputBox
2018-09-11 14:13:14,744 - BasePage - INFO - Had find the element '  ' successful by id via value: j_password 
2018-09-11 14:13:14,808 - BasePage - INFO - Had type ' abc123456! ' in inputBox
2018-09-11 14:13:14,834 - BasePage - INFO - Had find the element ' 登    录 ' successful by xpath via value: //*[@id='login-tabs-item']/div/div[2]/div/div[1]/div/a[1] 
2018-09-11 14:13:15,098 - BasePage - INFO - The element ' 登    录 ' was clicked.
2018-09-11 14:13:15,360 - BasePage - INFO - had wait for the element: 欢迎您！
2018-09-11 14:13:15,406 - BasePage - INFO - Had find the element ' 办件登记 ' successful by xpath via value: //*[@id="j-nav"]/li[2]/a/span 
2018-09-11 14:13:15,457 - BasePage - INFO - Had find the element ' 普通窗口登记 ' successful by xpath via value: //*[@id="j-033-tree"]/ul/li/a 
2018-09-11 14:13:15,511 - BasePage - INFO - The element ' 普通窗口登记 ' was clicked.
2018-09-11 14:13:16,528 - BasePage - INFO - had changed the frame
2018-09-11 14:13:16,569 - BasePage - INFO - had wait for the element: 测试局
2010828
限时办结
测试局-子部门
窗口登记
绿色通道登记
2018-09-11 14:13:16,594 - BasePage - INFO - Had find the element ' 窗口登记 ' successful by xpath via value: //body/div[2]/div/div/div/div[1]/div[2]/div[2]/table/tbody/tr/td[5]/div/a[1]/font 
2018-09-11 14:13:16,729 - BasePage - INFO - The element ' 窗口登记 ' was clicked.
2018-09-11 14:13:16,731 - BasePage - INFO - had came back to the main frame
2018-09-11 14:13:17,744 - BasePage - INFO - switch to second window:CDwindow-67635D209E9F4C1A7E5131E09A48688C 
2018-09-11 14:13:18,939 - BasePage - INFO - hand wait and changed frame
2018-09-11 14:13:18,964 - BasePage - INFO - Had find the element '  ' successful by xpath via value: //*[@id="selectCustQY"] 
2018-09-11 14:13:19,061 - BasePage - INFO - The element '  ' was clicked.
2018-09-11 14:13:19,064 - BasePage - INFO - had came back to the main frame
2018-09-11 14:13:19,107 - BasePage - INFO - hand wait and changed frame
2018-09-11 14:13:19,510 - BasePage - INFO - had wait for the element: 
2018-09-11 14:13:19,528 - BasePage - INFO - Had find the element '  ' successful by xpath via value: //*[@id="datagrid-row-r1-1-3"]/td[2]/div/input 
2018-09-11 14:13:19,612 - BasePage - INFO - The element '  ' was clicked.
2018-09-11 14:13:19,641 - BasePage - INFO - Had find the element '  ' successful by xpath via value: //*[@id="selectedButton"] 
2018-09-11 14:13:19,744 - BasePage - INFO - The element '  ' was clicked.
2018-09-11 14:13:19,747 - BasePage - INFO - had came back to the main frame
2018-09-11 14:13:19,778 - BasePage - INFO - had changed the frame
