2018-10-24 14:45:04,516 - BrowserEngine - INFO - you had select Chrome browser.
2018-10-24 14:45:04,516 - BrowserEngine - INFO - The test server url is:http://192.168.0.133:7001/ApprBase
2018-10-24 14:45:09,227 - BrowserEngine - INFO - Starting chrome browser.
2018-10-24 14:45:09,760 - BrowserEngine - INFO - Open url:http://192.168.0.133:7001/ApprBase
2018-10-24 14:45:10,927 - BrowserEngine - INFO - Maxmize the current window.
2018-10-24 14:45:10,927 - BrowserEngine - INFO - Set implicitly wait 8 seconds.
2018-10-24 14:45:10,957 - BasePage - INFO - Had find the element '  ' successful by id via value: j_username 
2018-10-24 14:45:11,009 - BasePage - INFO - Had type ' admin ' in inputBox
2018-10-24 14:45:11,036 - BasePage - INFO - Had find the element '  ' successful by id via value: j_password 
2018-10-24 14:45:11,099 - BasePage - INFO - Had type ' abc123456 ' in inputBox
2018-10-24 14:45:11,127 - BasePage - INFO - Had find the element ' 登    录 ' successful by xpath via value: //*[@id='login-tabs-item']/div/div[2]/div/div[1]/div/a[1] 
2018-10-24 14:45:11,434 - BasePage - INFO - The element ' 登    录 ' was clicked.
2018-10-24 14:45:12,065 - BasePage - INFO - had wait for the element: 欢迎您！
2018-10-24 14:45:12,092 - BasePage - INFO - Had find the element '  ' successful by xpath via value: //a[@href='/ApprSupport/appr/flow/apprFlow/toDelayFlowList.do'] 
2018-10-24 14:45:12,112 - BasePage - INFO - had click the button:
2018-10-24 14:45:13,184 - BasePage - INFO - Had find the element '  ' successful by xpath via value: //iframe[@src='/ApprSupport/appr/flow/apprFlow/toDelayFlowList.do'] 
2018-10-24 14:45:13,188 - BasePage - INFO - had came back to the main frame
2018-10-24 14:45:13,220 - BasePage - INFO - had changed the frame
2018-10-24 14:45:13,252 - BasePage - INFO - Had find the element ' 新增延期申请流程 ' successful by xpath via value: //span[contains(text(),'新增延期申请流程')] 
2018-10-24 14:45:13,375 - BasePage - INFO - The element ' 新增延期申请流程 ' was clicked.
2018-10-24 14:45:14,384 - BasePage - INFO - had came back to the main frame
2018-10-24 14:45:14,473 - BasePage - INFO - had wait and changed frame
2018-10-24 14:45:14,516 - BasePage - INFO - Had find the element '  ' successful by id via value: flowName 
2018-10-24 14:45:14,585 - BasePage - INFO - Had type ' 自动化流程 ' in inputBox
2018-10-24 14:45:14,615 - BasePage - INFO - Had find the element '  ' successful by id via value: selectUnit 
2018-10-24 14:45:14,714 - BasePage - INFO - The element '  ' was clicked.
2018-10-24 14:45:16,717 - BasePage - INFO - had came back to the main frame
2018-10-24 14:45:16,747 - BasePage - INFO - had wait and changed frame
2018-10-24 14:45:16,772 - BasePage - INFO - Had find the element '  ' successful by id via value: unitName 
2018-10-24 14:45:16,875 - BasePage - INFO - Had type ' 测试科 ' in inputBox
2018-10-24 14:45:16,901 - BasePage - INFO - Had find the element '  ' successful by xpath via value: //input[@value='查 询'] 
2018-10-24 14:45:16,992 - BasePage - INFO - The element '  ' was clicked.
2018-10-24 14:45:19,055 - BasePage - INFO - Had find the element '  ' successful by xpath via value: //input[@name='ck'] 
2018-10-24 14:45:19,165 - BasePage - INFO - The element '  ' was clicked.
2018-10-24 14:45:19,243 - BasePage - INFO - Had find the element '  ' successful by xpath via value: //input[@value='确定'] 
2018-10-24 14:45:19,319 - BasePage - INFO - The element '  ' was clicked.
2018-10-24 14:45:20,328 - BasePage - INFO - had came back to the main frame
2018-10-24 14:45:20,390 - BasePage - INFO - had wait and changed frame
2018-10-24 14:45:20,437 - BasePage - INFO - Had find the element '  ' successful by id via value: flowDesc 
2018-10-24 14:45:20,496 - BasePage - INFO - Had type ' 测试专用流程 ' in inputBox
2018-10-24 14:45:20,520 - BasePage - INFO - Had find the element '  ' successful by id via value: sumbitButton 
2018-10-24 14:45:20,592 - BasePage - INFO - The element '  ' was clicked.
2018-10-24 14:45:22,684 - BasePage - INFO - Had find the element ' 新增延期申请流程成功! ' successful by xpath via value: //div[@class='messager-body panel-body panel-body-noborder window-body'] 
2018-10-24 14:45:22,707 - BasePage - INFO - The element_text is: 新增延期申请流程成功!
2018-10-24 14:45:22,747 - BasePage - INFO - Had find the element ' 确定 ' successful by xpath via value: //span[contains(text(),'确定')] 
2018-10-24 14:45:22,855 - BasePage - INFO - The element ' 确定 ' was clicked.
2018-10-24 14:45:25,062 - BasePage - INFO - Had find the element '  ' successful by xpath via value: //a[@href='/ApprSupport/appr/flow/apprFlow/toDelayFlowList.do'] 
2018-10-24 14:45:25,138 - BasePage - INFO - had click the button:
2018-10-24 14:45:26,207 - BasePage - INFO - Had find the element '  ' successful by xpath via value: //iframe[@src='/ApprSupport/appr/flow/apprFlow/toDelayFlowList.do'] 
2018-10-24 14:45:26,213 - BasePage - INFO - had came back to the main frame
2018-10-24 14:45:26,242 - BasePage - INFO - had changed the frame
2018-10-24 14:45:26,262 - BasePage - INFO - Had find the element '  ' successful by id via value: flowName 
2018-10-24 14:45:26,329 - BasePage - INFO - Had type ' 自动化流程 ' in inputBox
2018-10-24 14:45:26,349 - BasePage - INFO - Had find the element '  ' successful by xpath via value: //input[@value='查 询'] 
2018-10-24 14:45:26,427 - BasePage - INFO - The element '  ' was clicked.
2018-10-24 14:45:28,482 - BasePage - INFO - Had find the element ' 自动化流程(配置中) ' successful by xpath via value: //tr[@id='datagrid-row-r1-2-0']//td[@field='flowName'] 
2018-10-24 14:45:28,494 - BasePage - INFO - The element_text is: 自动化流程(配置中)
2018-10-24 14:45:30,694 - BasePage - INFO - Had find the element '  ' successful by xpath via value: //a[@href='/ApprSupport/appr/flow/apprFlow/toDelayFlowList.do'] 
2018-10-24 14:45:30,719 - BasePage - INFO - had click the button:
2018-10-24 14:45:31,785 - BasePage - INFO - Had find the element '  ' successful by xpath via value: //iframe[@src='/ApprSupport/appr/flow/apprFlow/toDelayFlowList.do'] 
2018-10-24 14:45:31,790 - BasePage - INFO - had came back to the main frame
2018-10-24 14:45:31,829 - BasePage - INFO - had changed the frame
2018-10-24 14:45:31,865 - BasePage - INFO - Had find the element '  ' successful by xpath via value: //a[@class='textbox-icon combo-arrow'] 
2018-10-24 14:45:31,957 - BasePage - INFO - The element '  ' was clicked.
2018-10-24 14:45:34,017 - BasePage - INFO - Had find the element '  ' successful by xpath via value: //div[@id='_easyui_tree_2']//span[@class='tree-hit tree-collapsed'] 
2018-10-24 14:45:34,032 - BasePage - INFO - had click the button:
2018-10-24 14:45:35,101 - BasePage - INFO - Had find the element ' 潮州市 ' successful by xpath via value: // span[contains(text(), '潮州市')] 
2018-10-24 14:45:35,186 - BasePage - INFO - The element ' 潮州市 ' was clicked.
2018-10-24 14:45:35,217 - BasePage - INFO - Had find the element '  ' successful by xpath via value: //td[contains(text(),'所属单位')]//following-sibling::td//a[@class='textbox-icon combo-arrow'] 
2018-10-24 14:45:35,292 - BasePage - INFO - The element '  ' was clicked.
2018-10-24 14:45:36,358 - BasePage - INFO - Had find the element ' 自动化单位 ' successful by xpath via value: //span[contains(text(),'自动化单位')] 
2018-10-24 14:45:36,477 - BasePage - INFO - The element ' 自动化单位 ' was clicked.
2018-10-24 14:45:36,535 - BasePage - INFO - Had find the element '  ' successful by xpath via value: //input[@value='查 询'] 
2018-10-24 14:45:36,608 - BasePage - INFO - The element '  ' was clicked.
2018-10-24 14:45:38,700 - BasePage - INFO - Had find the element ' 自动化查询流程* ' successful by xpath via value: //tr[@id='datagrid-row-r1-2-0']//td[@field='flowName'] 
2018-10-24 14:45:38,733 - BasePage - INFO - The element_text is: 自动化查询流程*
2018-10-24 14:45:40,947 - BasePage - INFO - Had find the element '  ' successful by xpath via value: //a[@href='/ApprSupport/appr/flow/apprFlow/toDelayFlowList.do'] 
2018-10-24 14:45:40,976 - BasePage - INFO - had click the button:
2018-10-24 14:45:42,042 - BasePage - INFO - Had find the element '  ' successful by xpath via value: //iframe[@src='/ApprSupport/appr/flow/apprFlow/toDelayFlowList.do'] 
2018-10-24 14:45:42,049 - BasePage - INFO - had came back to the main frame
2018-10-24 14:45:42,072 - BasePage - INFO - had changed the frame
2018-10-24 14:45:42,098 - BasePage - INFO - Had find the element '  ' successful by id via value: flowName 
2018-10-24 14:45:42,164 - BasePage - INFO - Had type ' 自动化流程 ' in inputBox
2018-10-24 14:45:42,188 - BasePage - INFO - Had find the element '  ' successful by xpath via value: //input[@value='查 询'] 
2018-10-24 14:45:42,269 - BasePage - INFO - The element '  ' was clicked.
2018-10-24 14:45:44,335 - BasePage - INFO - Had find the element ' 自动化流程(配置中) ' successful by xpath via value: //tr[@id='datagrid-row-r1-2-0']//td[@field='flowName'] 
2018-10-24 14:45:44,414 - BasePage - INFO - The element ' 自动化流程(配置中) ' was clicked.
2018-10-24 14:45:44,448 - BasePage - INFO - Had find the element ' 编辑延期申请流程 ' successful by xpath via value: //span[contains(text(),'编辑延期申请流程')] 
2018-10-24 14:45:44,539 - BasePage - INFO - The element ' 编辑延期申请流程 ' was clicked.
2018-10-24 14:45:46,542 - BasePage - INFO - had came back to the main frame
2018-10-24 14:45:46,581 - BasePage - INFO - had wait and changed frame
2018-10-24 14:45:46,608 - BasePage - INFO - Had find the element '  ' successful by id via value: flowName 
2018-10-24 14:45:46,710 - BasePage - INFO - Had type ' 自动流程 ' in inputBox
2018-10-24 14:45:47,788 - BasePage - INFO - Had find the element '  ' successful by id via value: sumbitButton 
2018-10-24 14:45:47,875 - BasePage - INFO - The element '  ' was clicked.
2018-10-24 14:45:49,926 - BasePage - INFO - Had find the element ' 编辑延期申请流程成功! ' successful by xpath via value: //div[@class='messager-body panel-body panel-body-noborder window-body'] 
2018-10-24 14:45:49,934 - BasePage - INFO - The element_text is: 编辑延期申请流程成功!
2018-10-24 14:45:49,960 - BasePage - INFO - Had find the element ' 确定 ' successful by xpath via value: //span[contains(text(),'确定')] 
2018-10-24 14:45:50,072 - BasePage - INFO - The element ' 确定 ' was clicked.
2018-10-24 14:45:52,255 - BasePage - INFO - Had find the element '  ' successful by xpath via value: //a[@href='/ApprSupport/appr/flow/apprFlow/toDelayFlowList.do'] 
2018-10-24 14:45:52,316 - BasePage - INFO - had click the button:
2018-10-24 14:45:53,380 - BasePage - INFO - Had find the element '  ' successful by xpath via value: //iframe[@src='/ApprSupport/appr/flow/apprFlow/toDelayFlowList.do'] 
2018-10-24 14:45:53,384 - BasePage - INFO - had came back to the main frame
2018-10-24 14:45:53,411 - BasePage - INFO - had changed the frame
2018-10-24 14:45:53,433 - BasePage - INFO - Had find the element '  ' successful by id via value: flowName 
2018-10-24 14:45:53,509 - BasePage - INFO - Had type ' 自动流程 ' in inputBox
2018-10-24 14:45:53,535 - BasePage - INFO - Had find the element '  ' successful by xpath via value: //input[@value='查 询'] 
2018-10-24 14:45:53,619 - BasePage - INFO - The element '  ' was clicked.
2018-10-24 14:45:55,683 - BasePage - INFO - Had find the element ' 自动流程(配置中) ' successful by xpath via value: //tr[@id='datagrid-row-r1-2-0']//td[@field='flowName'] 
2018-10-24 14:45:55,802 - BasePage - INFO - The element ' 自动流程(配置中) ' was clicked.
2018-10-24 14:45:55,868 - BasePage - INFO - Had find the element ' 复制流程 ' successful by xpath via value: //span[contains(text(),'复制流程')] 
2018-10-24 14:45:55,961 - BasePage - INFO - The element ' 复制流程 ' was clicked.
2018-10-24 14:45:57,966 - BasePage - INFO - had came back to the main frame
2018-10-24 14:45:58,029 - BasePage - INFO - had wait and changed frame
2018-10-24 14:45:58,061 - BasePage - INFO - Had find the element '  ' successful by xpath via value: //input[@id='flowName'] 
2018-10-24 14:45:58,161 - BasePage - INFO - Had type ' 云浮延期流程 ' in inputBox
2018-10-24 14:45:58,187 - BasePage - INFO - Had find the element '  ' successful by xpath via value: //input[@value='查 询'] 
2018-10-24 14:45:58,286 - BasePage - INFO - The element '  ' was clicked.
2018-10-24 14:46:00,368 - BasePage - INFO - Had find the element '  ' successful by xpath via value: //input[@name='ck'] 
2018-10-24 14:46:00,457 - BasePage - INFO - The element '  ' was clicked.
2018-10-24 14:46:00,484 - BasePage - INFO - Had find the element ' 复制 ' successful by xpath via value: //span[contains(text(),'复制')] 
2018-10-24 14:46:00,555 - BasePage - INFO - The element ' 复制 ' was clicked.
2018-10-24 14:46:01,608 - BasePage - INFO - Had find the element '  ' successful by id via value: closeButton 
2018-10-24 14:46:01,694 - BasePage - INFO - The element '  ' was clicked.
2018-10-24 14:46:02,743 - BasePage - INFO - Had find the element '  ' successful by xpath via value: //iframe[@src='/ApprSupport/appr/flow/apprFlow/toDelayFlowList.do'] 
2018-10-24 14:46:02,749 - BasePage - INFO - had came back to the main frame
2018-10-24 14:46:02,782 - BasePage - INFO - had changed the frame
2018-10-24 14:46:02,812 - BasePage - INFO - Had find the element ' 自动流程* ' successful by xpath via value: //tr[@id='datagrid-row-r1-2-0']//td[@field='flowName'] 
2018-10-24 14:46:02,822 - BasePage - INFO - The element_text is: 自动流程*
2018-10-24 14:46:05,013 - BasePage - INFO - Had find the element '  ' successful by xpath via value: //a[@href='/ApprSupport/appr/flow/apprFlow/toDelayFlowList.do'] 
2018-10-24 14:46:05,042 - BasePage - INFO - had click the button:
2018-10-24 14:46:06,107 - BasePage - INFO - Had find the element '  ' successful by xpath via value: //iframe[@src='/ApprSupport/appr/flow/apprFlow/toDelayFlowList.do'] 
2018-10-24 14:46:06,111 - BasePage - INFO - had came back to the main frame
2018-10-24 14:46:06,134 - BasePage - INFO - had changed the frame
2018-10-24 14:46:06,151 - BasePage - INFO - Had find the element '  ' successful by id via value: flowName 
2018-10-24 14:46:06,213 - BasePage - INFO - Had type ' 自动流程 ' in inputBox
2018-10-24 14:46:06,236 - BasePage - INFO - Had find the element '  ' successful by xpath via value: //input[@value='查 询'] 
2018-10-24 14:46:06,313 - BasePage - INFO - The element '  ' was clicked.
2018-10-24 14:46:08,387 - BasePage - INFO - Had find the element ' 自动流程* ' successful by xpath via value: //tr[@id='datagrid-row-r1-2-0']//td[@field='flowName'] 
2018-10-24 14:46:08,486 - BasePage - INFO - The element ' 自动流程* ' was clicked.
2018-10-24 14:46:08,546 - BasePage - INFO - Had find the element ' 删除延期申请流程 ' successful by xpath via value: //span[contains(text(),'删除延期申请流程')] 
2018-10-24 14:46:08,635 - BasePage - INFO - The element ' 删除延期申请流程 ' was clicked.
2018-10-24 14:46:10,707 - BasePage - INFO - Had find the element ' 确定 ' successful by xpath via value: //span[contains(text(),'确定')] 
2018-10-24 14:46:10,842 - BasePage - INFO - The element ' 确定 ' was clicked.
2018-10-24 14:46:11,914 - BasePage - INFO - Had find the element ' 删除流程失败！ ' successful by xpath via value: //div[@class='messager-body panel-body panel-body-noborder window-body'] 
2018-10-24 14:46:11,921 - BasePage - INFO - The element_text is: 删除流程失败！
2018-10-24 14:46:11,940 - BasePage - INFO - Had find the element ' 确定 ' successful by xpath via value: //span[contains(text(),'确定')] 
2018-10-24 14:46:12,002 - BasePage - INFO - The element ' 确定 ' was clicked.
2018-10-24 14:46:12,331 - BasePage - INFO - Had take screenshot and save to folder : /screenshots
