2018-09-20 17:07:13,695 - BrowserEngine - INFO - you had select Chrome browser.
2018-09-20 17:07:13,695 - BrowserEngine - INFO - The test server url is:http://192.168.0.133:7001/ApprBase
2018-09-20 17:07:18,475 - BrowserEngine - INFO - Starting chrome browser.
2018-09-20 17:07:19,792 - BrowserEngine - INFO - Open url:http://192.168.0.133:7001/ApprBase
2018-09-20 17:07:20,984 - BrowserEngine - INFO - Maxmize the current window.
2018-09-20 17:07:20,984 - BrowserEngine - INFO - Set implicitly wait 8 seconds.
2018-09-20 17:07:21,020 - BasePage - INFO - Had find the element '  ' successful by id via value: j_username 
2018-09-20 17:07:21,082 - BasePage - INFO - Had type ' ceshi1 ' in inputBox
2018-09-20 17:07:21,110 - BasePage - INFO - Had find the element '  ' successful by id via value: j_password 
2018-09-20 17:07:21,176 - BasePage - INFO - Had type ' abc123456! ' in inputBox
2018-09-20 17:07:21,204 - BasePage - INFO - Had find the element ' 登    录 ' successful by xpath via value: //*[@id='login-tabs-item']/div/div[2]/div/div[1]/div/a[1] 
2018-09-20 17:07:21,643 - BasePage - INFO - The element ' 登    录 ' was clicked.
2018-09-20 17:07:22,049 - BasePage - INFO - had wait for the element: 欢迎您！
2018-09-20 17:07:22,096 - BasePage - INFO - Had find the element ' 办件登记 ' successful by xpath via value: //*[@id="j-nav"]/li[2]/a/span 
2018-09-20 17:07:22,116 - BasePage - INFO - mouse stop on the element
2018-09-20 17:07:22,151 - BasePage - INFO - Had find the element ' 普通窗口登记 ' successful by xpath via value: //*[@id="j-033-tree"]/ul/li/a 
2018-09-20 17:07:22,209 - BasePage - INFO - The element ' 普通窗口登记 ' was clicked.
2018-09-20 17:07:23,274 - BasePage - INFO - had changed the frame
2018-09-20 17:07:28,359 - BasePage - INFO - Had find the element ' 窗口登记 ' successful by xpath via value: //body/div[2]/div/div/div/div[1]/div[2]/div[2]/table/tbody/tr/td[5]/div/a[1]/font 
2018-09-20 17:07:28,779 - BasePage - INFO - The element ' 窗口登记 ' was clicked.
2018-09-20 17:07:28,786 - BasePage - INFO - had came back to the main frame
2018-09-20 17:07:29,826 - BasePage - INFO - switch to second window:CDwindow-143A2AD2B15A973D3D4716B36875CBE1 
2018-09-20 17:07:31,069 - BasePage - INFO - had wait and changed frame
2018-09-20 17:07:31,126 - BasePage - INFO - Had find the element '  ' successful by xpath via value: //*[@id="selectCustQY"] 
2018-09-20 17:07:31,339 - BasePage - INFO - The element '  ' was clicked.
2018-09-20 17:07:31,344 - BasePage - INFO - had came back to the main frame
2018-09-20 17:07:31,401 - BasePage - INFO - had wait and changed frame
2018-09-20 17:07:31,804 - BasePage - INFO - had wait for the element: 
2018-09-20 17:07:31,831 - BasePage - INFO - Had find the element '  ' successful by xpath via value: //*[@id="datagrid-row-r1-1-5"]/td[2]/div/input 
2018-09-20 17:07:31,914 - BasePage - INFO - The element '  ' was clicked.
2018-09-20 17:07:31,949 - BasePage - INFO - Had find the element '  ' successful by xpath via value: //*[@id="selectedButton"] 
2018-09-20 17:07:32,211 - BasePage - INFO - The element '  ' was clicked.
2018-09-20 17:07:32,219 - BasePage - INFO - had came back to the main frame
2018-09-20 17:07:32,241 - BasePage - INFO - had changed the frame
2018-09-20 17:07:32,279 - BasePage - INFO - had wait for the input value:橡皮有限公司
2018-09-20 17:07:32,291 - BasePage - INFO - had scroll to the foot
2018-09-20 17:07:32,356 - BasePage - INFO - Had find the element '  ' successful by xpath via value: //*[@id="custContactPerson"] 
2018-09-20 17:07:32,494 - BasePage - INFO - Had type ' damon ' in inputBox
2018-09-20 17:07:32,541 - BasePage - INFO - Had find the element '  ' successful by xpath via value: //*[@id="idCard"] 
2018-09-20 17:07:32,694 - BasePage - INFO - Had type ' 362421199303019322 ' in inputBox
2018-09-20 17:07:32,724 - BasePage - INFO - Had find the element '  ' successful by xpath via value: //*[@id="custMobile"] 
2018-09-20 17:07:32,821 - BasePage - INFO - Had type ' 13148907967 ' in inputBox
2018-09-20 17:07:32,824 - BasePage - INFO - had came back to the main frame
2018-09-20 17:07:32,851 - BasePage - INFO - Had find the element ' 保存 ' successful by id via value: doSave 
2018-09-20 17:07:33,034 - BasePage - INFO - The element ' 保存 ' was clicked.
2018-09-20 17:07:36,131 - BasePage - INFO - Had find the element ' 进入材料审核 ' successful by id via value: doSend 
2018-09-20 17:07:36,151 - BasePage - INFO - The element_text is: 进入材料审核
2018-09-20 17:07:36,221 - BasePage - INFO - Had find the element ' 申报材料 ' successful by id via value: nav_sbcl 
2018-09-20 17:07:36,391 - BasePage - INFO - The element ' 申报材料 ' was clicked.
2018-09-20 17:07:36,461 - BasePage - INFO - had wait and changed frame
2018-09-20 17:07:37,549 - BasePage - INFO - had wait for the element: 上传额外材料
2018-09-20 17:07:37,589 - BasePage - INFO - Had find the element ' 上传额外材料 ' successful by xpath via value: //*[@id="subWrap"]/div[1]/div/div/div/div[1]/a[1] 
2018-09-20 17:07:37,904 - BasePage - INFO - The element ' 上传额外材料 ' was clicked.
2018-09-20 17:07:37,909 - BasePage - INFO - had came back to the main frame
2018-09-20 17:07:37,944 - BasePage - INFO - had wait and changed frame
2018-09-20 17:07:38,219 - BasePage - INFO - Had find the element ' 请选择文件 ' successful by xpath via value: //*[@id="i_select_files"]/div 
2018-09-20 17:07:38,324 - BasePage - INFO - The element ' 请选择文件 ' was clicked.
2018-09-20 17:07:45,819 - BasePage - INFO - Had find the element ' 开始上传 ' successful by xpath via value: /html/body/button[1] 
2018-09-20 17:07:45,991 - BasePage - INFO - The element ' 开始上传 ' was clicked.
2018-09-20 17:07:48,994 - BasePage - INFO - had came back to the main frame
2018-09-20 17:07:49,044 - BasePage - INFO - Had find the element ' × ' successful by xpath via value: /html/body/div[6]/div/table/tbody/tr[1]/td/button 
2018-09-20 17:07:49,139 - BasePage - INFO - The element ' × ' was clicked.
2018-09-20 17:07:51,169 - BasePage - INFO - had changed the frame
2018-09-20 17:07:51,256 - BasePage - INFO - Had find the element ' 请选择
合格
不合格
免交 ' successful by id via value: auditResult0 
2018-09-20 17:07:51,421 - BasePage - INFO - had select 合格
2018-09-20 17:07:51,469 - BasePage - INFO - Had find the element '  ' successful by xpath via value: //*[@id="datagrid-row-r1-2-0"]/td[9]/div/input 
2018-09-20 17:07:51,526 - BasePage - INFO - Had type ' 审核通过 ' in inputBox
2018-09-20 17:07:51,554 - BasePage - INFO - Had find the element ' 纸质材料齐全 ' successful by xpath via value: //*[@id="subWrap"]/div[1]/div/div/div/div[1]/a[2] 
2018-09-20 17:07:51,874 - BasePage - INFO - The element ' 纸质材料齐全 ' was clicked.
2018-09-20 17:07:51,879 - BasePage - INFO - had came back to the main frame
2018-09-20 17:07:51,999 - BasePage - INFO - had wait and changed frame
2018-09-20 17:07:52,114 - BasePage - INFO - Had find the element '  ' successful by id via value: contents 
2018-09-20 17:07:52,174 - BasePage - INFO - Had type ' 纸质材料收集完毕 ' in inputBox
2018-09-20 17:07:52,204 - BasePage - INFO - Had find the element ' 保存 ' successful by id via value: savePaperStuff 
2018-09-20 17:07:52,284 - BasePage - INFO - The element ' 保存 ' was clicked.
2018-09-20 17:07:52,791 - BasePage - INFO - had wait for the alert
2018-09-20 17:07:52,819 - BasePage - INFO - closed alert and alert message is 保存成功
2018-09-20 17:07:52,851 - BasePage - INFO - had came back to the main frame
2018-09-20 17:07:52,871 - BasePage - INFO - had changed the frame
2018-09-20 17:07:52,931 - BasePage - INFO - Had find the element '         请选择审核结果
        合格
        不合格
        信任后补
        免交
        ' successful by id via value: attaStatusSelect 
2018-09-20 17:07:53,054 - BasePage - INFO - had select 合格
2018-09-20 17:07:53,059 - BasePage - INFO - had came back to the main frame
2018-09-20 17:07:53,086 - BasePage - INFO - Had find the element ' 进入材料审核 ' successful by id via value: doSend 
2018-09-20 17:07:58,989 - BasePage - INFO - The element ' 进入材料审核 ' was clicked.
2018-09-20 17:08:02,069 - BasePage - INFO - Had find the element ' 进入受理 ' successful by id via value: doSend 
2018-09-20 17:08:02,086 - BasePage - INFO - The element_text is: 进入受理
2018-09-20 17:08:02,141 - BasePage - INFO - Had find the element ' 同意审核 ' successful by id via value: doSave 
2018-09-20 17:08:03,554 - BasePage - INFO - The element ' 同意审核 ' was clicked.
2018-09-20 17:08:04,626 - BasePage - INFO - Had find the element ' 进入受理 ' successful by id via value: doSend 
2018-09-20 17:08:05,711 - BasePage - INFO - The element ' 进入受理 ' was clicked.
2018-09-20 17:08:09,331 - BasePage - INFO - Had find the element ' 进入承办 ' successful by id via value: doSend 
2018-09-20 17:08:09,346 - BasePage - INFO - The element_text is: 进入承办
2018-09-20 17:08:09,391 - BasePage - INFO - Had find the element ' 受理 ' successful by id via value: doSave 
2018-09-20 17:08:09,514 - BasePage - INFO - The element ' 受理 ' was clicked.
2018-09-20 17:08:10,519 - BasePage - INFO - had wait for the alert
2018-09-20 17:08:10,541 - BasePage - INFO - closed alert and alert message is 受理之后，办件开始倒计时。
2018-09-20 17:08:10,889 - BasePage - INFO - Had find the element ' 进入承办 ' successful by id via value: doSend 
2018-09-20 17:08:11,114 - BasePage - INFO - The element ' 进入承办 ' was clicked.
2018-09-20 17:08:14,194 - BasePage - INFO - Had find the element ' 跳过 ' successful by xpath via value: //button[text()="跳过"] 
2018-09-20 17:08:15,204 - BasePage - INFO - The element ' 跳过 ' was clicked.
2018-09-20 17:08:19,359 - BasePage - INFO - Had find the element ' 转入审核 ' successful by id via value: doSend 
2018-09-20 17:08:19,396 - BasePage - INFO - The element_text is: 转入审核
2018-09-20 17:08:19,471 - BasePage - INFO - Had find the element ' 保存承办 ' successful by id via value: doSave 
2018-09-20 17:08:20,754 - BasePage - INFO - The element ' 保存承办 ' was clicked.
2018-09-20 17:08:21,829 - BasePage - INFO - Had find the element ' 转入审核 ' successful by id via value: doSend 
2018-09-20 17:08:22,694 - BasePage - INFO - The element ' 转入审核 ' was clicked.
2018-09-20 17:08:27,084 - BasePage - INFO - Had find the element ' 进入批准 ' successful by id via value: doSend 
2018-09-20 17:08:27,104 - BasePage - INFO - The element_text is: 进入批准
2018-09-20 17:08:27,189 - BasePage - INFO - Had find the element ' 保存审核 ' successful by id via value: doSave 
2018-09-20 17:08:28,756 - BasePage - INFO - The element ' 保存审核 ' was clicked.
2018-09-20 17:08:29,826 - BasePage - INFO - Had find the element ' 进入批准 ' successful by id via value: doSend 
2018-09-20 17:08:30,824 - BasePage - INFO - The element ' 进入批准 ' was clicked.
2018-09-20 17:08:35,094 - BasePage - INFO - Had find the element ' 办结 ' successful by id via value: doSend 
2018-09-20 17:08:35,154 - BasePage - INFO - The element_text is: 办结
2018-09-20 17:08:35,186 - BasePage - INFO - Had find the element ' 保存批准 ' successful by id via value: doSave 
2018-09-20 17:08:36,721 - BasePage - INFO - The element ' 保存批准 ' was clicked.
2018-09-20 17:08:37,789 - BasePage - INFO - Had find the element ' 办结 ' successful by id via value: doSend 
2018-09-20 17:08:38,694 - BasePage - INFO - The element ' 办结 ' was clicked.
2018-09-20 17:08:42,439 - BasePage - INFO - Had find the element ' 下一步 ' successful by id via value: doSend 
2018-09-20 17:08:42,479 - BasePage - INFO - The element_text is: 下一步
2018-09-20 17:08:42,644 - BasePage - INFO - Had find the element ' 保存内部审批完成意见 ' successful by id via value: doSave 
2018-09-20 17:08:44,056 - BasePage - INFO - The element ' 保存内部审批完成意见 ' was clicked.
2018-09-20 17:08:45,124 - BasePage - INFO - Had find the element ' 下一步 ' successful by id via value: doSend 
2018-09-20 17:08:46,489 - BasePage - INFO - The element ' 下一步 ' was clicked.
2018-09-20 17:08:49,631 - BasePage - INFO - Had find the element ' 结束 ' successful by id via value: doSend 
2018-09-20 17:08:49,641 - BasePage - INFO - The element_text is: 结束
2018-09-20 17:08:49,671 - BasePage - INFO - Had find the element ' 出件 ' successful by id via value: doSave 
2018-09-20 17:08:51,174 - BasePage - INFO - The element ' 出件 ' was clicked.
2018-09-20 17:08:52,254 - BasePage - INFO - Had find the element ' 结束 ' successful by id via value: doSend 
2018-09-20 17:08:52,579 - BasePage - INFO - The element ' 结束 ' was clicked.
2018-09-20 17:08:53,661 - BasePage - INFO - Had find the element ' 跳过 ' successful by xpath via value: //button[text()="跳过"] 
2018-09-20 17:08:55,009 - BasePage - INFO - The element ' 跳过 ' was clicked.
2018-09-20 17:09:02,166 - BrowserEngine - INFO - you had select Chrome browser.
2018-09-20 17:09:02,166 - BrowserEngine - INFO - The test server url is:http://192.168.0.133:7001/ApprBase
2018-09-20 17:09:07,507 - BrowserEngine - INFO - Starting chrome browser.
2018-09-20 17:09:08,359 - BrowserEngine - INFO - Open url:http://192.168.0.133:7001/ApprBase
2018-09-20 17:09:09,542 - BrowserEngine - INFO - Maxmize the current window.
2018-09-20 17:09:09,542 - BrowserEngine - INFO - Set implicitly wait 8 seconds.
2018-09-20 17:09:09,567 - BasePage - INFO - Had find the element '  ' successful by id via value: j_username 
2018-09-20 17:09:09,628 - BasePage - INFO - Had type ' admin ' in inputBox
2018-09-20 17:09:09,655 - BasePage - INFO - Had find the element '  ' successful by id via value: j_password 
2018-09-20 17:09:09,738 - BasePage - INFO - Had type ' abc123456 ' in inputBox
2018-09-20 17:09:09,798 - BasePage - INFO - Had find the element ' 登    录 ' successful by xpath via value: //*[@id='login-tabs-item']/div/div[2]/div/div[1]/div/a[1] 
2018-09-20 17:09:10,200 - BasePage - INFO - The element ' 登    录 ' was clicked.
2018-09-20 17:09:10,802 - BasePage - INFO - had wait for the element: 欢迎您！
2018-09-20 17:09:10,809 - BasePage - INFO - Current page title is 网上审批系统
2018-09-20 17:09:10,834 - BasePage - INFO - Had find the element ' 退出 ' successful by xpath via value: //*[@id='header']/ul/li[4]/a/span 
2018-09-20 17:09:11,189 - BasePage - INFO - The element ' 退出 ' was clicked.
2018-09-20 17:09:11,204 - BasePage - INFO - Current page title is 登录
2018-09-20 17:09:14,308 - EmailReport - INFO - the report:D:\PycharmProjects\General_Approval/test_report\2018-09-20-17-07-13HTMLtemplate.htmlwill be send
2018-09-20 17:09:14,308 - EmailReport - INFO - connectting email server.....
2018-09-20 17:09:15,151 - EmailReport - INFO - logging email.....
2018-09-20 17:09:16,606 - EmailReport - INFO - email has sent
