2018-09-20 16:18:43,647 - BrowserEngine - INFO - you had select Chrome browser.
2018-09-20 16:18:43,647 - BrowserEngine - INFO - The test server url is:http://192.168.0.133:7001/ApprBase
2018-09-20 16:18:48,441 - BrowserEngine - INFO - Starting chrome browser.
2018-09-20 16:18:49,048 - BrowserEngine - INFO - Open url:http://192.168.0.133:7001/ApprBase
2018-09-20 16:18:50,262 - BrowserEngine - INFO - Maxmize the current window.
2018-09-20 16:18:50,262 - BrowserEngine - INFO - Set implicitly wait 8 seconds.
2018-09-20 16:18:50,277 - BasePage - INFO - Had find the element '  ' successful by id via value: j_username 
2018-09-20 16:18:50,341 - BasePage - INFO - Had type ' ceshi1 ' in inputBox
2018-09-20 16:18:50,380 - BasePage - INFO - Had find the element '  ' successful by id via value: j_password 
2018-09-20 16:18:50,449 - BasePage - INFO - Had type ' abc123456! ' in inputBox
2018-09-20 16:18:50,476 - BasePage - INFO - Had find the element ' 登    录 ' successful by xpath via value: //*[@id='login-tabs-item']/div/div[2]/div/div[1]/div/a[1] 
2018-09-20 16:18:50,923 - BasePage - INFO - The element ' 登    录 ' was clicked.
2018-09-20 16:18:51,289 - BasePage - INFO - had wait for the element: 欢迎您！
2018-09-20 16:18:51,337 - BasePage - INFO - Had find the element ' 办件登记 ' successful by xpath via value: //*[@id="j-nav"]/li[2]/a/span 
2018-09-20 16:18:51,354 - BasePage - INFO - mouse stop on the element
2018-09-20 16:18:51,387 - BasePage - INFO - Had find the element ' 普通窗口登记 ' successful by xpath via value: //*[@id="j-033-tree"]/ul/li/a 
2018-09-20 16:18:51,443 - BasePage - INFO - The element ' 普通窗口登记 ' was clicked.
2018-09-20 16:18:52,487 - BasePage - INFO - had changed the frame
2018-09-20 16:18:57,543 - BasePage - INFO - Had find the element ' 窗口登记 ' successful by xpath via value: //body/div[2]/div/div/div/div[1]/div[2]/div[2]/table/tbody/tr/td[5]/div/a[1]/font 
2018-09-20 16:18:57,799 - BasePage - INFO - The element ' 窗口登记 ' was clicked.
2018-09-20 16:18:57,803 - BasePage - INFO - had came back to the main frame
2018-09-20 16:18:58,807 - BasePage - INFO - switch to second window:CDwindow-5314FE5B9DB6AC750A3721AD64200048 
2018-09-20 16:18:59,938 - BasePage - INFO - had wait and changed frame
2018-09-20 16:18:59,967 - BasePage - INFO - Had find the element '  ' successful by xpath via value: //*[@id="selectCustQY"] 
2018-09-20 16:19:00,074 - BasePage - INFO - The element '  ' was clicked.
2018-09-20 16:19:00,077 - BasePage - INFO - had came back to the main frame
2018-09-20 16:19:00,123 - BasePage - INFO - had wait and changed frame
2018-09-20 16:19:00,511 - BasePage - INFO - had wait for the element: 
2018-09-20 16:19:00,539 - BasePage - INFO - Had find the element '  ' successful by xpath via value: //*[@id="datagrid-row-r1-1-5"]/td[2]/div/input 
2018-09-20 16:19:00,614 - BasePage - INFO - The element '  ' was clicked.
2018-09-20 16:19:00,648 - BasePage - INFO - Had find the element '  ' successful by xpath via value: //*[@id="selectedButton"] 
2018-09-20 16:19:00,796 - BasePage - INFO - The element '  ' was clicked.
2018-09-20 16:19:00,802 - BasePage - INFO - had came back to the main frame
2018-09-20 16:19:00,822 - BasePage - INFO - had changed the frame
2018-09-20 16:19:00,840 - BasePage - INFO - had wait for the input value:橡皮有限公司
2018-09-20 16:19:00,845 - BasePage - INFO - had scroll to the foot
2018-09-20 16:19:00,875 - BasePage - INFO - Had find the element '  ' successful by xpath via value: //*[@id="custContactPerson"] 
2018-09-20 16:19:00,954 - BasePage - INFO - Had type ' damon ' in inputBox
2018-09-20 16:19:00,981 - BasePage - INFO - Had find the element '  ' successful by xpath via value: //*[@id="idCard"] 
2018-09-20 16:19:01,124 - BasePage - INFO - Had type ' 362421199303019322 ' in inputBox
2018-09-20 16:19:01,150 - BasePage - INFO - Had find the element '  ' successful by xpath via value: //*[@id="custMobile"] 
2018-09-20 16:19:01,237 - BasePage - INFO - Had type ' 13148907967 ' in inputBox
2018-09-20 16:19:01,240 - BasePage - INFO - had came back to the main frame
2018-09-20 16:19:01,265 - BasePage - INFO - Had find the element ' 保存 ' successful by id via value: doSave 
2018-09-20 16:19:01,428 - BasePage - INFO - The element ' 保存 ' was clicked.
2018-09-20 16:19:04,498 - BasePage - INFO - Had find the element ' 进入材料审核 ' successful by id via value: doSend 
2018-09-20 16:19:04,506 - BasePage - INFO - The element_text is: 进入材料审核
2018-09-20 16:19:04,531 - BasePage - INFO - Had find the element ' 申报材料 ' successful by id via value: nav_sbcl 
2018-09-20 16:19:04,615 - BasePage - INFO - The element ' 申报材料 ' was clicked.
2018-09-20 16:19:04,669 - BasePage - INFO - had wait and changed frame
2018-09-20 16:19:05,749 - BasePage - INFO - had wait for the element: 上传额外材料
2018-09-20 16:19:05,768 - BasePage - INFO - Had find the element ' 上传额外材料 ' successful by xpath via value: //*[@id="subWrap"]/div[1]/div/div/div/div[1]/a[1] 
2018-09-20 16:19:05,886 - BasePage - INFO - The element ' 上传额外材料 ' was clicked.
2018-09-20 16:19:05,889 - BasePage - INFO - had came back to the main frame
2018-09-20 16:19:05,941 - BasePage - INFO - had wait and changed frame
2018-09-20 16:19:06,099 - BasePage - INFO - Had find the element ' 请选择文件 ' successful by xpath via value: //*[@id="i_select_files"]/div 
2018-09-20 16:19:06,191 - BasePage - INFO - The element ' 请选择文件 ' was clicked.
2018-09-20 16:19:13,703 - BasePage - INFO - Had find the element ' 开始上传 ' successful by xpath via value: /html/body/button[1] 
2018-09-20 16:19:13,789 - BasePage - INFO - The element ' 开始上传 ' was clicked.
2018-09-20 16:19:16,799 - BasePage - INFO - had came back to the main frame
2018-09-20 16:19:16,872 - BasePage - INFO - Had find the element ' × ' successful by xpath via value: /html/body/div[6]/div/table/tbody/tr[1]/td/button 
2018-09-20 16:19:16,931 - BasePage - INFO - The element ' × ' was clicked.
2018-09-20 16:19:18,969 - BasePage - INFO - had changed the frame
2018-09-20 16:19:19,041 - BasePage - INFO - Had find the element ' 请选择
合格
不合格
免交 ' successful by id via value: auditResult0 
2018-09-20 16:19:19,103 - BasePage - INFO - had select 合格
2018-09-20 16:19:19,142 - BasePage - INFO - Had find the element '  ' successful by xpath via value: //*[@id="datagrid-row-r1-2-0"]/td[9]/div/input 
2018-09-20 16:19:19,192 - BasePage - INFO - Had type ' 审核通过 ' in inputBox
2018-09-20 16:19:19,218 - BasePage - INFO - Had find the element ' 纸质材料齐全 ' successful by xpath via value: //*[@id="subWrap"]/div[1]/div/div/div/div[1]/a[2] 
2018-09-20 16:19:19,447 - BasePage - INFO - The element ' 纸质材料齐全 ' was clicked.
2018-09-20 16:19:19,457 - BasePage - INFO - had came back to the main frame
2018-09-20 16:19:19,598 - BasePage - INFO - had wait and changed frame
2018-09-20 16:19:19,634 - BasePage - INFO - Had find the element '  ' successful by id via value: contents 
2018-09-20 16:19:19,694 - BasePage - INFO - Had type ' 纸质材料收集完毕 ' in inputBox
2018-09-20 16:19:19,721 - BasePage - INFO - Had find the element ' 保存 ' successful by id via value: savePaperStuff 
2018-09-20 16:19:19,795 - BasePage - INFO - The element ' 保存 ' was clicked.
2018-09-20 16:19:20,302 - BasePage - INFO - had wait for the alert
2018-09-20 16:19:20,338 - BasePage - INFO - closed alert and alert message is 保存成功
2018-09-20 16:19:20,356 - BasePage - INFO - had came back to the main frame
2018-09-20 16:19:20,367 - BasePage - INFO - had changed the frame
2018-09-20 16:19:20,395 - BasePage - INFO - Had find the element '         请选择审核结果
        合格
        不合格
        信任后补
        免交
        ' successful by id via value: attaStatusSelect 
2018-09-20 16:19:20,449 - BasePage - INFO - had select 合格
2018-09-20 16:19:20,452 - BasePage - INFO - had came back to the main frame
2018-09-20 16:19:20,479 - BasePage - INFO - Had find the element ' 进入材料审核 ' successful by id via value: doSend 
2018-09-20 16:19:21,952 - BasePage - INFO - The element ' 进入材料审核 ' was clicked.
2018-09-20 16:19:25,036 - BasePage - INFO - Had find the element ' 进入受理 ' successful by id via value: doSend 
2018-09-20 16:19:25,043 - BasePage - INFO - The element_text is: 进入受理
2018-09-20 16:19:25,071 - BasePage - INFO - Had find the element ' 同意审核 ' successful by id via value: doSave 
2018-09-20 16:19:26,183 - BasePage - INFO - The element ' 同意审核 ' was clicked.
2018-09-20 16:19:27,251 - BasePage - INFO - Had find the element ' 进入受理 ' successful by id via value: doSend 
2018-09-20 16:19:28,117 - BasePage - INFO - The element ' 进入受理 ' was clicked.
2018-09-20 16:19:31,679 - BasePage - INFO - Had find the element ' 进入承办 ' successful by id via value: doSend 
2018-09-20 16:19:31,685 - BasePage - INFO - The element_text is: 进入承办
2018-09-20 16:19:31,784 - BasePage - INFO - Had find the element ' 受理 ' successful by id via value: doSave 
2018-09-20 16:19:31,916 - BasePage - INFO - The element ' 受理 ' was clicked.
2018-09-20 16:19:32,922 - BasePage - INFO - had wait for the alert
2018-09-20 16:19:32,948 - BasePage - INFO - closed alert and alert message is 受理之后，办件开始倒计时。
2018-09-20 16:19:34,158 - BasePage - INFO - Had find the element ' 进入承办 ' successful by id via value: doSend 
2018-09-20 16:19:34,359 - BasePage - INFO - The element ' 进入承办 ' was clicked.
2018-09-20 16:19:37,431 - BasePage - INFO - Had find the element ' 跳过 ' successful by xpath via value: //button[text()="跳过"] 
2018-09-20 16:19:38,325 - BasePage - INFO - The element ' 跳过 ' was clicked.
2018-09-20 16:19:42,116 - BasePage - INFO - Had find the element ' 转入审核 ' successful by id via value: doSend 
2018-09-20 16:19:42,180 - BasePage - INFO - The element_text is: 转入审核
2018-09-20 16:19:42,293 - BasePage - INFO - Had find the element ' 保存承办 ' successful by id via value: doSave 
2018-09-20 16:19:43,484 - BasePage - INFO - The element ' 保存承办 ' was clicked.
2018-09-20 16:19:44,567 - BasePage - INFO - Had find the element ' 转入审核 ' successful by id via value: doSend 
2018-09-20 16:19:45,378 - BasePage - INFO - The element ' 转入审核 ' was clicked.
2018-09-20 16:19:49,098 - BasePage - INFO - Had find the element ' 进入批准 ' successful by id via value: doSend 
2018-09-20 16:19:49,189 - BasePage - INFO - The element_text is: 进入批准
2018-09-20 16:19:49,275 - BasePage - INFO - Had find the element ' 保存审核 ' successful by id via value: doSave 
2018-09-20 16:19:50,475 - BasePage - INFO - The element ' 保存审核 ' was clicked.
2018-09-20 16:19:51,541 - BasePage - INFO - Had find the element ' 进入批准 ' successful by id via value: doSend 
2018-09-20 16:19:52,255 - BasePage - INFO - The element ' 进入批准 ' was clicked.
2018-09-20 16:19:56,006 - BasePage - INFO - Had find the element ' 办结 ' successful by id via value: doSend 
2018-09-20 16:19:56,104 - BasePage - INFO - The element_text is: 办结
2018-09-20 16:19:56,191 - BasePage - INFO - Had find the element ' 保存批准 ' successful by id via value: doSave 
2018-09-20 16:19:57,446 - BasePage - INFO - The element ' 保存批准 ' was clicked.
2018-09-20 16:19:58,512 - BasePage - INFO - Had find the element ' 办结 ' successful by id via value: doSend 
2018-09-20 16:19:59,846 - BasePage - INFO - The element ' 办结 ' was clicked.
2018-09-20 16:20:03,487 - BasePage - INFO - Had find the element ' 下一步 ' successful by id via value: doSend 
2018-09-20 16:20:03,495 - BasePage - INFO - The element_text is: 下一步
2018-09-20 16:20:03,601 - BasePage - INFO - Had find the element ' 保存内部审批完成意见 ' successful by id via value: doSave 
2018-09-20 16:20:04,816 - BasePage - INFO - The element ' 保存内部审批完成意见 ' was clicked.
2018-09-20 16:20:05,884 - BasePage - INFO - Had find the element ' 下一步 ' successful by id via value: doSend 
2018-09-20 16:20:07,224 - BasePage - INFO - The element ' 下一步 ' was clicked.
2018-09-20 16:20:10,325 - BasePage - INFO - Had find the element ' 结束 ' successful by id via value: doSend 
2018-09-20 16:20:10,332 - BasePage - INFO - The element_text is: 结束
2018-09-20 16:20:10,438 - BasePage - INFO - Had find the element ' 出件 ' successful by id via value: doSave 
2018-09-20 16:20:11,774 - BasePage - INFO - The element ' 出件 ' was clicked.
2018-09-20 16:20:12,841 - BasePage - INFO - Had find the element ' 结束 ' successful by id via value: doSend 
2018-09-20 16:20:13,072 - BasePage - INFO - The element ' 结束 ' was clicked.
2018-09-20 16:20:14,164 - BasePage - INFO - Had find the element ' 跳过 ' successful by xpath via value: //button[text()="跳过"] 
2018-09-20 16:20:14,692 - BasePage - INFO - The element ' 跳过 ' was clicked.
