2018-09-11 13:55:15,722 - BrowserEngine - INFO - you had select Chrome browser.
2018-09-11 13:55:15,722 - BrowserEngine - INFO - The test server url is:http://192.168.0.133:7001/ApprBase
2018-09-11 13:55:20,464 - BrowserEngine - INFO - Starting chrome browser.
2018-09-11 13:55:21,022 - BrowserEngine - INFO - Open url:http://192.168.0.133:7001/ApprBase
2018-09-11 13:55:22,180 - BrowserEngine - INFO - Maxmize the current window.
2018-09-11 13:55:22,182 - BrowserEngine - INFO - Set implicitly wait 10 seconds.
2018-09-11 13:55:22,219 - BasePage - INFO - Had find the element '  ' successful by id via value: j_username 
2018-09-11 13:55:22,274 - BasePage - INFO - Had type ' ceshi1 ' in inputBox
2018-09-11 13:55:22,300 - BasePage - INFO - Had find the element '  ' successful by id via value: j_password 
2018-09-11 13:55:22,361 - BasePage - INFO - Had type ' abc123456! ' in inputBox
2018-09-11 13:55:22,387 - BasePage - INFO - Had find the element ' 登    录 ' successful by xpath via value: //*[@id='login-tabs-item']/div/div[2]/div/div[1]/div/a[1] 
2018-09-11 13:55:22,693 - BasePage - INFO - The element ' 登    录 ' was clicked.
2018-09-11 13:55:22,957 - BasePage - INFO - had wait for the element: 欢迎您！
2018-09-11 13:55:23,004 - BasePage - INFO - Had find the element ' 办件登记 ' successful by xpath via value: //*[@id="j-nav"]/li[2]/a/span 
2018-09-11 13:55:23,052 - BasePage - INFO - Had find the element ' 普通窗口登记 ' successful by xpath via value: //*[@id="j-033-tree"]/ul/li/a 
2018-09-11 13:55:23,104 - BasePage - INFO - The element ' 普通窗口登记 ' was clicked.
2018-09-11 13:55:24,145 - BasePage - INFO - had changed the frame
2018-09-11 13:55:24,201 - BasePage - INFO - had wait for the element: 测试局
2010828
限时办结
测试局-子部门
窗口登记
绿色通道登记
2018-09-11 13:55:24,235 - BasePage - INFO - Had find the element ' 窗口登记 ' successful by xpath via value: //body/div[2]/div/div/div/div[1]/div[2]/div[2]/table/tbody/tr/td[5]/div/a[1]/font 
2018-09-11 13:55:24,389 - BasePage - INFO - The element ' 窗口登记 ' was clicked.
2018-09-11 13:55:24,392 - BasePage - INFO - had came back to the main frame
2018-09-11 13:55:25,404 - BasePage - INFO - switch to second window:CDwindow-2B32904343AEE5964DABFE2857A3B2EE 
2018-09-11 13:55:26,546 - BasePage - INFO - hand wait and changed frame
2018-09-11 13:55:26,571 - BasePage - INFO - Had find the element '  ' successful by xpath via value: //*[@id="selectCustQY"] 
2018-09-11 13:55:26,668 - BasePage - INFO - The element '  ' was clicked.
2018-09-11 13:55:26,673 - BasePage - INFO - had came back to the main frame
2018-09-11 13:55:26,877 - BasePage - INFO - hand wait and changed frame
2018-09-11 13:55:27,049 - BasePage - INFO - had wait for the element: 
2018-09-11 13:55:27,065 - BasePage - INFO - Had find the element '  ' successful by xpath via value: //*[@id="datagrid-row-r1-1-3"]/td[2]/div/input 
2018-09-11 13:55:27,137 - BasePage - INFO - The element '  ' was clicked.
2018-09-11 13:55:27,166 - BasePage - INFO - Had find the element '  ' successful by xpath via value: //*[@id="selectedButton"] 
2018-09-11 13:55:27,325 - BasePage - INFO - The element '  ' was clicked.
2018-09-11 13:55:27,328 - BasePage - INFO - had came back to the main frame
2018-09-11 13:55:27,344 - BasePage - INFO - had changed the frame
2018-09-11 13:55:27,363 - BasePage - INFO - had wait for the element input value:小企业
2018-09-11 13:55:27,369 - BasePage - INFO - had scroll to the foot
2018-09-11 13:55:27,397 - BasePage - INFO - Had find the element '  ' successful by xpath via value: //*[@id="custContactPerson"] 
2018-09-11 13:55:27,473 - BasePage - INFO - Had type ' damon ' in inputBox
2018-09-11 13:55:27,497 - BasePage - INFO - Had find the element '  ' successful by xpath via value: //*[@id="idCard"] 
2018-09-11 13:55:27,610 - BasePage - INFO - Had type ' 362421199303019322 ' in inputBox
2018-09-11 13:55:27,633 - BasePage - INFO - Had find the element '  ' successful by xpath via value: //*[@id="custMobile"] 
2018-09-11 13:55:27,715 - BasePage - INFO - Had type ' 13148907967 ' in inputBox
2018-09-11 13:55:27,717 - BasePage - INFO - had came back to the main frame
2018-09-11 13:55:27,741 - BasePage - INFO - Had find the element ' 保存 ' successful by id via value: doSave 
2018-09-11 13:55:27,821 - BasePage - INFO - The element ' 保存 ' was clicked.
2018-09-11 13:55:30,900 - BasePage - INFO - Had find the element ' 进入材料审核 ' successful by id via value: doSend 
2018-09-11 13:55:30,907 - BasePage - INFO - The element_text is: 进入材料审核
2018-09-11 13:55:30,931 - BasePage - INFO - Had find the element ' 申报材料 ' successful by id via value: nav_sbcl 
2018-09-11 13:55:31,003 - BasePage - INFO - The element ' 申报材料 ' was clicked.
2018-09-11 13:55:31,148 - BasePage - INFO - hand wait and changed frame
2018-09-11 13:55:31,185 - BasePage - INFO - had wait for the element: 上传额外材料
2018-09-11 13:55:31,199 - BasePage - INFO - Had find the element ' 上传额外材料 ' successful by xpath via value: //*[@id="subWrap"]/div[1]/div/div/div/div[1]/a[1] 
2018-09-11 13:55:31,319 - BasePage - INFO - The element ' 上传额外材料 ' was clicked.
2018-09-11 13:55:31,325 - BasePage - INFO - had came back to the main frame
2018-09-11 13:55:31,399 - BasePage - INFO - hand wait and changed frame
2018-09-11 13:55:31,453 - BasePage - INFO - Had find the element ' 请选择文件 ' successful by xpath via value: //*[@id="i_select_files"]/div 
2018-09-11 13:55:31,530 - BasePage - INFO - The element ' 请选择文件 ' was clicked.
2018-09-11 13:55:32,605 - BasePage - INFO - Had find the element ' 开始上传 ' successful by xpath via value: /html/body/button[1] 
2018-09-11 13:55:32,668 - BasePage - INFO - The element ' 开始上传 ' was clicked.
2018-09-11 13:55:35,675 - BasePage - INFO - had came back to the main frame
2018-09-11 13:55:35,733 - BasePage - INFO - Had find the element ' × ' successful by xpath via value: /html/body/div[6]/div/table/tbody/tr[1]/td/button 
2018-09-11 13:55:35,792 - BasePage - INFO - The element ' × ' was clicked.
2018-09-11 13:55:35,807 - BasePage - INFO - had changed the frame
