2018-09-19 15:46:16,925 - BrowserEngine - INFO - you had select Chrome browser.
2018-09-19 15:46:16,926 - BrowserEngine - INFO - The test server url is:http://192.168.0.133:7001/ApprBase
2018-09-19 15:46:21,733 - BrowserEngine - INFO - Starting chrome browser.
2018-09-19 15:46:22,163 - BrowserEngine - INFO - Open url:http://192.168.0.133:7001/ApprBase
2018-09-19 15:46:23,327 - BrowserEngine - INFO - Maxmize the current window.
2018-09-19 15:46:23,329 - BrowserEngine - INFO - Set implicitly wait 8 seconds.
2018-09-19 15:46:23,369 - BasePage - INFO - Had find the element '  ' successful by id via value: j_username 
2018-09-19 15:46:23,445 - BasePage - INFO - Had type ' ceshi1 ' in inputBox
2018-09-19 15:46:23,472 - BasePage - INFO - Had find the element '  ' successful by id via value: j_password 
2018-09-19 15:46:23,543 - BasePage - INFO - Had type ' abc123456! ' in inputBox
2018-09-19 15:46:23,572 - BasePage - INFO - Had find the element ' 登    录 ' successful by xpath via value: //*[@id='login-tabs-item']/div/div[2]/div/div[1]/div/a[1] 
2018-09-19 15:46:23,855 - BasePage - INFO - The element ' 登    录 ' was clicked.
2018-09-19 15:46:24,186 - BasePage - INFO - had wait for the element: 欢迎您！
2018-09-19 15:46:24,228 - BasePage - INFO - Had find the element ' 办件登记 ' successful by xpath via value: //*[@id="j-nav"]/li[2]/a/span 
2018-09-19 15:46:24,244 - BasePage - INFO - mouse stop on the element
2018-09-19 15:46:24,276 - BasePage - INFO - Had find the element ' 普通窗口登记 ' successful by xpath via value: //*[@id="j-033-tree"]/ul/li/a 
2018-09-19 15:46:24,329 - BasePage - INFO - The element ' 普通窗口登记 ' was clicked.
2018-09-19 15:46:25,368 - BasePage - INFO - had changed the frame
2018-09-19 15:46:25,428 - BasePage - INFO - had wait for the element: 测试局
2010828
限时办结
测试局-子部门
窗口登记
绿色通道登记
2018-09-19 15:46:25,453 - BasePage - INFO - Had find the element ' 窗口登记 ' successful by xpath via value: //body/div[2]/div/div/div/div[1]/div[2]/div[2]/table/tbody/tr/td[5]/div/a[1]/font 
2018-09-19 15:46:25,685 - BasePage - INFO - The element ' 窗口登记 ' was clicked.
2018-09-19 15:46:25,689 - BasePage - INFO - had came back to the main frame
2018-09-19 15:46:26,694 - BasePage - INFO - switch to second window:CDwindow-938F2DBB255C7AB773DB20368747A06E 
2018-09-19 15:46:27,825 - BasePage - INFO - had wait and changed frame
2018-09-19 15:46:27,849 - BasePage - INFO - Had find the element '  ' successful by xpath via value: //*[@id="selectCustQY"] 
2018-09-19 15:46:27,954 - BasePage - INFO - The element '  ' was clicked.
2018-09-19 15:46:27,957 - BasePage - INFO - had came back to the main frame
2018-09-19 15:46:28,014 - BasePage - INFO - had wait and changed frame
2018-09-19 15:46:28,371 - BasePage - INFO - had wait for the element: 
2018-09-19 15:46:28,398 - BasePage - INFO - Had find the element '  ' successful by xpath via value: //*[@id="datagrid-row-r1-1-5"]/td[2]/div/input 
2018-09-19 15:46:28,474 - BasePage - INFO - The element '  ' was clicked.
2018-09-19 15:46:28,502 - BasePage - INFO - Had find the element '  ' successful by xpath via value: //*[@id="selectedButton"] 
2018-09-19 15:46:28,653 - BasePage - INFO - The element '  ' was clicked.
2018-09-19 15:46:28,658 - BasePage - INFO - had came back to the main frame
2018-09-19 15:46:28,669 - BasePage - INFO - had changed the frame
2018-09-19 15:46:28,688 - BasePage - INFO - had wait for the input value:橡皮有限公司
2018-09-19 15:46:28,693 - BasePage - INFO - had scroll to the foot
2018-09-19 15:46:28,722 - BasePage - INFO - Had find the element '  ' successful by xpath via value: //*[@id="custContactPerson"] 
2018-09-19 15:46:28,800 - BasePage - INFO - Had type ' damon ' in inputBox
2018-09-19 15:46:28,827 - BasePage - INFO - Had find the element '  ' successful by xpath via value: //*[@id="idCard"] 
2018-09-19 15:46:28,953 - BasePage - INFO - Had type ' 362421199303019322 ' in inputBox
2018-09-19 15:46:28,980 - BasePage - INFO - Had find the element '  ' successful by xpath via value: //*[@id="custMobile"] 
2018-09-19 15:46:29,062 - BasePage - INFO - Had type ' 13148907967 ' in inputBox
2018-09-19 15:46:29,065 - BasePage - INFO - had came back to the main frame
2018-09-19 15:46:29,090 - BasePage - INFO - Had find the element ' 保存 ' successful by id via value: doSave 
2018-09-19 15:46:29,255 - BasePage - INFO - The element ' 保存 ' was clicked.
2018-09-19 15:46:32,330 - BasePage - INFO - Had find the element ' 进入材料审核 ' successful by id via value: doSend 
2018-09-19 15:46:32,338 - BasePage - INFO - The element_text is: 进入材料审核
2018-09-19 15:46:32,363 - BasePage - INFO - Had find the element ' 申报材料 ' successful by id via value: nav_sbcl 
2018-09-19 15:46:32,431 - BasePage - INFO - The element ' 申报材料 ' was clicked.
2018-09-19 15:46:32,495 - BasePage - INFO - had wait and changed frame
2018-09-19 15:46:33,576 - BasePage - INFO - had wait for the element: 上传额外材料
2018-09-19 15:46:33,602 - BasePage - INFO - Had find the element ' 上传额外材料 ' successful by xpath via value: //*[@id="subWrap"]/div[1]/div/div/div/div[1]/a[1] 
2018-09-19 15:46:33,717 - BasePage - INFO - The element ' 上传额外材料 ' was clicked.
2018-09-19 15:46:33,725 - BasePage - INFO - had came back to the main frame
2018-09-19 15:46:33,764 - BasePage - INFO - had wait and changed frame
2018-09-19 15:46:33,905 - BasePage - INFO - Had find the element ' 请选择文件 ' successful by xpath via value: //*[@id="i_select_files"]/div 
2018-09-19 15:46:33,976 - BasePage - INFO - The element ' 请选择文件 ' was clicked.
2018-09-19 15:46:41,471 - BasePage - INFO - Had find the element ' 开始上传 ' successful by xpath via value: /html/body/button[1] 
2018-09-19 15:46:41,545 - BasePage - INFO - The element ' 开始上传 ' was clicked.
2018-09-19 15:46:44,554 - BasePage - INFO - had came back to the main frame
2018-09-19 15:46:44,620 - BasePage - INFO - Had find the element ' × ' successful by xpath via value: /html/body/div[6]/div/table/tbody/tr[1]/td/button 
2018-09-19 15:46:44,684 - BasePage - INFO - The element ' × ' was clicked.
2018-09-19 15:46:46,720 - BasePage - INFO - had changed the frame
2018-09-19 15:46:46,770 - BasePage - INFO - Had find the element ' 请选择
合格
不合格
免交 ' successful by id via value: auditResult0 
2018-09-19 15:46:46,827 - BasePage - INFO - had select 合格
2018-09-19 15:46:46,888 - BasePage - INFO - Had find the element '  ' successful by xpath via value: //*[@id="datagrid-row-r1-2-0"]/td[9]/div/input 
2018-09-19 15:46:46,937 - BasePage - INFO - Had type ' 审核通过 ' in inputBox
2018-09-19 15:46:46,963 - BasePage - INFO - Had find the element ' 纸质材料齐全 ' successful by xpath via value: //*[@id="subWrap"]/div[1]/div/div/div/div[1]/a[2] 
2018-09-19 15:46:47,231 - BasePage - INFO - The element ' 纸质材料齐全 ' was clicked.
2018-09-19 15:46:47,233 - BasePage - INFO - had came back to the main frame
2018-09-19 15:46:47,374 - BasePage - INFO - had wait and changed frame
2018-09-19 15:46:47,430 - BasePage - INFO - Had find the element '  ' successful by id via value: contents 
2018-09-19 15:46:47,486 - BasePage - INFO - Had type ' 纸质材料收集完毕 ' in inputBox
2018-09-19 15:46:47,511 - BasePage - INFO - Had find the element ' 保存 ' successful by id via value: savePaperStuff 
2018-09-19 15:46:47,583 - BasePage - INFO - The element ' 保存 ' was clicked.
2018-09-19 15:46:48,091 - BasePage - INFO - had wait for the alert
2018-09-19 15:46:48,128 - BasePage - INFO - closed alert and alert message is 保存成功
2018-09-19 15:46:48,138 - BasePage - INFO - had came back to the main frame
2018-09-19 15:46:48,156 - BasePage - INFO - had changed the frame
2018-09-19 15:46:48,184 - BasePage - INFO - Had find the element '         请选择审核结果
        合格
        不合格
        信任后补
        免交
        ' successful by id via value: attaStatusSelect 
2018-09-19 15:46:48,235 - BasePage - INFO - had select 合格
2018-09-19 15:46:48,238 - BasePage - INFO - had came back to the main frame
2018-09-19 15:46:48,263 - BasePage - INFO - Had find the element ' 进入材料审核 ' successful by id via value: doSend 
2018-09-19 15:46:49,566 - BasePage - INFO - The element ' 进入材料审核 ' was clicked.
2018-09-19 15:46:52,740 - BasePage - INFO - Had find the element ' 进入受理 ' successful by id via value: doSend 
2018-09-19 15:46:52,760 - BasePage - INFO - The element_text is: 进入受理
2018-09-19 15:46:52,859 - BasePage - INFO - Had find the element ' 同意审核 ' successful by id via value: doSave 
2018-09-19 15:46:53,922 - BasePage - INFO - The element ' 同意审核 ' was clicked.
2018-09-19 15:46:54,989 - BasePage - INFO - Had find the element ' 进入受理 ' successful by id via value: doSend 
2018-09-19 15:46:55,866 - BasePage - INFO - The element ' 进入受理 ' was clicked.
2018-09-19 15:46:59,471 - BasePage - INFO - Had find the element ' 进入承办 ' successful by id via value: doSend 
2018-09-19 15:46:59,486 - BasePage - INFO - The element_text is: 进入承办
2018-09-19 15:46:59,590 - BasePage - INFO - Had find the element ' 受理 ' successful by id via value: doSave 
2018-09-19 15:46:59,723 - BasePage - INFO - The element ' 受理 ' was clicked.
2018-09-19 15:47:00,726 - BasePage - INFO - had wait for the alert
2018-09-19 15:47:00,733 - BasePage - INFO - closed alert and alert message is 受理之后，办件开始倒计时。
2018-09-19 15:47:01,878 - BasePage - INFO - Had find the element ' 进入承办 ' successful by id via value: doSend 
2018-09-19 15:47:02,108 - BasePage - INFO - The element ' 进入承办 ' was clicked.
2018-09-19 15:47:05,170 - BasePage - INFO - Had find the element ' 跳过 ' successful by xpath via value: //button[text()="跳过"] 
2018-09-19 15:47:05,828 - BasePage - INFO - The element ' 跳过 ' was clicked.
2018-09-19 15:47:09,747 - BasePage - INFO - Had find the element ' 转入审核 ' successful by id via value: doSend 
2018-09-19 15:47:09,763 - BasePage - INFO - The element_text is: 转入审核
2018-09-19 15:47:09,833 - BasePage - INFO - Had find the element ' 保存承办 ' successful by id via value: doSave 
2018-09-19 15:47:10,985 - BasePage - INFO - The element ' 保存承办 ' was clicked.
2018-09-19 15:47:12,058 - BasePage - INFO - Had find the element ' 转入审核 ' successful by id via value: doSend 
2018-09-19 15:47:12,816 - BasePage - INFO - The element ' 转入审核 ' was clicked.
2018-09-19 15:47:16,560 - BasePage - INFO - Had find the element ' 进入批准 ' successful by id via value: doSend 
2018-09-19 15:47:16,668 - BasePage - INFO - The element_text is: 进入批准
2018-09-19 15:47:16,746 - BasePage - INFO - Had find the element ' 保存审核 ' successful by id via value: doSave 
2018-09-19 15:47:17,946 - BasePage - INFO - The element ' 保存审核 ' was clicked.
2018-09-19 15:47:19,012 - BasePage - INFO - Had find the element ' 进入批准 ' successful by id via value: doSend 
2018-09-19 15:47:19,737 - BasePage - INFO - The element ' 进入批准 ' was clicked.
2018-09-19 15:47:23,405 - BasePage - INFO - Had find the element ' 办结 ' successful by id via value: doSend 
2018-09-19 15:47:23,499 - BasePage - INFO - The element_text is: 办结
2018-09-19 15:47:23,590 - BasePage - INFO - Had find the element ' 保存批准 ' successful by id via value: doSave 
2018-09-19 15:47:24,801 - BasePage - INFO - The element ' 保存批准 ' was clicked.
2018-09-19 15:47:25,874 - BasePage - INFO - Had find the element ' 办结 ' successful by id via value: doSend 
2018-09-19 15:47:26,595 - BasePage - INFO - The element ' 办结 ' was clicked.
2018-09-19 15:47:30,231 - BasePage - INFO - Had find the element ' 下一步 ' successful by id via value: doSend 
2018-09-19 15:47:30,238 - BasePage - INFO - The element_text is: 下一步
2018-09-19 15:47:30,318 - BasePage - INFO - Had find the element ' 保存内部审批完成意见 ' successful by id via value: doSave 
2018-09-19 15:47:30,481 - BasePage - INFO - The element ' 保存内部审批完成意见 ' was clicked.
2018-09-19 15:47:31,526 - BasePage - INFO - Had find the element ' 下一步 ' successful by id via value: doSend 
2018-09-19 15:47:32,835 - BasePage - INFO - The element ' 下一步 ' was clicked.
2018-09-19 15:47:35,871 - BasePage - INFO - Had find the element ' 结束 ' successful by id via value: doSend 
2018-09-19 15:47:35,878 - BasePage - INFO - The element_text is: 结束
2018-09-19 15:47:35,986 - BasePage - INFO - Had find the element ' 出件 ' successful by id via value: doSave 
2018-09-19 15:47:37,310 - BasePage - INFO - The element ' 出件 ' was clicked.
2018-09-19 15:47:38,371 - BasePage - INFO - Had find the element ' 结束 ' successful by id via value: doSend 
2018-09-19 15:47:38,565 - BasePage - INFO - The element ' 结束 ' was clicked.
2018-09-19 15:47:39,642 - BasePage - INFO - Had find the element ' 跳过 ' successful by xpath via value: //button[text()="跳过"] 
2018-09-19 15:47:40,116 - BasePage - INFO - The element ' 跳过 ' was clicked.
2018-09-19 15:47:47,225 - BrowserEngine - INFO - you had select Chrome browser.
2018-09-19 15:47:47,226 - BrowserEngine - INFO - The test server url is:http://192.168.0.133:7001/ApprBase
2018-09-19 15:47:51,939 - BrowserEngine - INFO - Starting chrome browser.
2018-09-19 15:47:52,457 - BrowserEngine - INFO - Open url:http://192.168.0.133:7001/ApprBase
2018-09-19 15:47:53,615 - BrowserEngine - INFO - Maxmize the current window.
2018-09-19 15:47:53,616 - BrowserEngine - INFO - Set implicitly wait 8 seconds.
2018-09-19 15:47:53,643 - BasePage - INFO - Had find the element '  ' successful by id via value: j_username 
2018-09-19 15:47:53,699 - BasePage - INFO - Had type ' admin ' in inputBox
2018-09-19 15:47:53,726 - BasePage - INFO - Had find the element '  ' successful by id via value: j_password 
2018-09-19 15:47:53,788 - BasePage - INFO - Had type ' abc123456 ' in inputBox
2018-09-19 15:47:53,814 - BasePage - INFO - Had find the element ' 登    录 ' successful by xpath via value: //*[@id='login-tabs-item']/div/div[2]/div/div[1]/div/a[1] 
2018-09-19 15:47:54,085 - BasePage - INFO - The element ' 登    录 ' was clicked.
2018-09-19 15:47:54,548 - BasePage - INFO - had wait for the element: 欢迎您！
2018-09-19 15:47:54,554 - BasePage - INFO - Current page title is 网上审批系统
2018-09-19 15:47:54,583 - BasePage - INFO - Had find the element ' 退出 ' successful by xpath via value: //*[@id='header']/ul/li[4]/a/span 
2018-09-19 15:47:54,813 - BasePage - INFO - The element ' 退出 ' was clicked.
2018-09-19 15:47:54,821 - BasePage - INFO - Current page title is 登录
2018-09-19 15:47:57,868 - EmailReport - INFO - the report:D:\PycharmProjects\General_Approval/test_report\2018-09-19-15-46-16HTMLtemplate.htmlwill be send
2018-09-19 15:47:57,874 - EmailReport - INFO - connectting email server.....
2018-09-19 15:47:58,670 - EmailReport - INFO - logging email.....
2018-09-19 15:47:59,923 - EmailReport - INFO - email has sent
