2018-10-25 09:24:30,608 - BrowserEngine - INFO - you had select Chrome browser.
2018-10-25 09:24:30,608 - BrowserEngine - INFO - The test server url is:http://192.168.0.133:7001/ApprBase
2018-10-25 09:24:35,906 - BrowserEngine - INFO - Starting chrome browser.
2018-10-25 09:24:36,528 - BrowserEngine - INFO - Open url:http://192.168.0.133:7001/ApprBase
2018-10-25 09:24:37,695 - BrowserEngine - INFO - Maxmize the current window.
2018-10-25 09:24:37,696 - BrowserEngine - INFO - Set implicitly wait 8 seconds.
2018-10-25 09:24:37,723 - BasePage - INFO - Had find the element '  ' successful by id via value: j_username 
2018-10-25 09:24:37,784 - BasePage - INFO - Had type ' admin ' in inputBox
2018-10-25 09:24:37,814 - BasePage - INFO - Had find the element '  ' successful by id via value: j_password 
2018-10-25 09:24:37,880 - BasePage - INFO - Had type ' abc123456 ' in inputBox
2018-10-25 09:24:37,911 - BasePage - INFO - Had find the element ' 登    录 ' successful by xpath via value: //*[@id='login-tabs-item']/div/div[2]/div/div[1]/div/a[1] 
2018-10-25 09:24:38,217 - BasePage - INFO - The element ' 登    录 ' was clicked.
2018-10-25 09:24:38,807 - BasePage - INFO - had wait for the element: 欢迎您！
2018-10-25 09:24:38,834 - BasePage - INFO - Had find the element '  ' successful by xpath via value: //a[@href="/ApprBase/admin/system/unit/toListUnit.do"] 
2018-10-25 09:24:38,856 - BasePage - INFO - had click the button:
2018-10-25 09:24:40,920 - BasePage - INFO - Had find the element '  ' successful by xpath via value: //iframe[@src='/ApprBase/admin/system/unit/toListUnit.do'] 
2018-10-25 09:24:40,924 - BasePage - INFO - had came back to the main frame
2018-10-25 09:24:40,958 - BasePage - INFO - had changed the frame
2018-10-25 09:24:40,986 - BasePage - INFO - Had find the element ' 增加顶级单位 ' successful by xpath via value: //span[contains(text(),'增加顶级单位')] 
2018-10-25 09:24:41,112 - BasePage - INFO - The element ' 增加顶级单位 ' was clicked.
2018-10-25 09:24:42,121 - BasePage - INFO - had came back to the main frame
2018-10-25 09:24:42,131 - BasePage - INFO - had came back to the main frame
2018-10-25 09:24:42,213 - BasePage - INFO - had wait and changed frame
2018-10-25 09:24:42,250 - BasePage - INFO - Had find the element '  ' successful by xpath via value: //a[@class='textbox-icon combo-arrow'] 
2018-10-25 09:24:42,357 - BasePage - INFO - The element '  ' was clicked.
2018-10-25 09:24:42,400 - BasePage - INFO - Had find the element '  ' successful by xpath via value: //div[@id='_easyui_tree_2']//span[@class='tree-hit tree-collapsed'] 
2018-10-25 09:24:42,473 - BasePage - INFO - The element '  ' was clicked.
2018-10-25 09:24:43,517 - BasePage - INFO - Had find the element ' 广东省 ' successful by xpath via value: //span[contains(text(),"广东省")] 
2018-10-25 09:24:43,580 - BasePage - INFO - The element ' 广东省 ' was clicked.
2018-10-25 09:24:43,609 - BasePage - INFO - Had find the element '  ' successful by xpath via value: //input[@name='unitName'] 
2018-10-25 09:24:43,676 - BasePage - INFO - Had type ' 脚本局 ' in inputBox
2018-10-25 09:24:43,703 - BasePage - INFO - Had find the element '  ' successful by id via value: sumbitButton 
2018-10-25 09:24:43,792 - BasePage - INFO - The element '  ' was clicked.
2018-10-25 09:24:45,853 - BasePage - INFO - Had find the element ' 新增单位成功！ ' successful by xpath via value: //div[@class='messager-body panel-body panel-body-noborder window-body'] 
2018-10-25 09:24:45,861 - BasePage - INFO - The element_text is: 新增单位成功！
2018-10-25 09:24:45,887 - BasePage - INFO - Had find the element ' 确定 ' successful by xpath via value: //span[contains(text(),'确定')] 
2018-10-25 09:24:46,008 - BasePage - INFO - The element ' 确定 ' was clicked.
2018-10-25 09:24:46,013 - BasePage - INFO - had came back to the main frame
2018-10-25 09:24:48,364 - BasePage - INFO - Had find the element '  ' successful by xpath via value: //a[@href="/ApprBase/admin/system/unit/toListUnit.do"] 
2018-10-25 09:24:48,397 - BasePage - INFO - had click the button:
2018-10-25 09:24:48,441 - BasePage - INFO - Had find the element '  ' successful by xpath via value: //iframe[@src='/ApprBase/admin/system/unit/toListUnit.do'] 
2018-10-25 09:24:48,599 - BasePage - INFO - had came back to the main frame
2018-10-25 09:24:48,635 - BasePage - INFO - had changed the frame
2018-10-25 09:24:48,818 - BasePage - INFO - Had find the element ' 增加下级单位 ' successful by xpath via value: //span[contains(text(),'增加下级单位')] 
2018-10-25 09:24:48,929 - BasePage - INFO - The element ' 增加下级单位 ' was clicked.
2018-10-25 09:24:48,967 - BasePage - INFO - Had find the element ' 请选择上级单位 ' successful by xpath via value: //div[@class='messager-body panel-body panel-body-noborder window-body'] 
2018-10-25 09:24:48,975 - BasePage - INFO - The element_text is: 请选择上级单位
2018-10-25 09:24:48,995 - BasePage - INFO - Had find the element ' 确定 ' successful by xpath via value: //span[contains(text(),'确定')] 
2018-10-25 09:24:49,079 - BasePage - INFO - The element ' 确定 ' was clicked.
2018-10-25 09:24:49,082 - BasePage - INFO - had came back to the main frame
2018-10-25 09:24:51,262 - BasePage - INFO - Had find the element '  ' successful by xpath via value: //a[@href="/ApprBase/admin/system/unit/toListUnit.do"] 
2018-10-25 09:24:51,292 - BasePage - INFO - had click the button:
2018-10-25 09:24:53,351 - BasePage - INFO - Had find the element '  ' successful by xpath via value: //iframe[@src='/ApprBase/admin/system/unit/toListUnit.do'] 
2018-10-25 09:24:53,354 - BasePage - INFO - had came back to the main frame
2018-10-25 09:24:53,376 - BasePage - INFO - had changed the frame
2018-10-25 09:24:53,408 - BasePage - INFO - Had find the element '  ' successful by id via value: unitName 
2018-10-25 09:24:53,475 - BasePage - INFO - Had type ' 脚本局 ' in inputBox
2018-10-25 09:24:53,508 - BasePage - INFO - Had find the element '  ' successful by xpath via value: //input[@value='查 询'] 
2018-10-25 09:24:53,601 - BasePage - INFO - The element '  ' was clicked.
2018-10-25 09:24:54,673 - BasePage - INFO - Had find the element '  ' successful by xpath via value: //input[@type='checkbox'] 
2018-10-25 09:24:54,746 - BasePage - INFO - The element '  ' was clicked.
2018-10-25 09:24:54,782 - BasePage - INFO - Had find the element ' 增加处/科室 ' successful by xpath via value: //span[contains(text(),'增加处/科室')] 
2018-10-25 09:24:54,874 - BasePage - INFO - The element ' 增加处/科室 ' was clicked.
2018-10-25 09:24:56,883 - BasePage - INFO - had came back to the main frame
2018-10-25 09:24:56,949 - BasePage - INFO - had wait and changed frame
2018-10-25 09:24:56,976 - BasePage - INFO - Had find the element '  ' successful by xpath via value: //input[@id='unitName'] 
2018-10-25 09:24:57,086 - BasePage - INFO - Had type ' 科/处室 ' in inputBox
2018-10-25 09:24:57,129 - BasePage - INFO - Had find the element '  ' successful by id via value: sumbitButton 
2018-10-25 09:24:57,204 - BasePage - INFO - The element '  ' was clicked.
2018-10-25 09:24:59,226 - BasePage - INFO - Had find the element ' 新增单位成功！ ' successful by xpath via value: //div[@class='messager-body panel-body panel-body-noborder window-body'] 
2018-10-25 09:24:59,233 - BasePage - INFO - The element_text is: 新增单位成功！
2018-10-25 09:24:59,254 - BasePage - INFO - Had find the element ' 确定 ' successful by xpath via value: //span[contains(text(),'确定')] 
2018-10-25 09:24:59,330 - BasePage - INFO - The element ' 确定 ' was clicked.
2018-10-25 09:24:59,336 - BasePage - INFO - had came back to the main frame
2018-10-25 09:25:01,606 - BasePage - INFO - Had find the element '  ' successful by xpath via value: //a[@href="/ApprBase/admin/system/unit/toListUnit.do"] 
2018-10-25 09:25:01,696 - BasePage - INFO - had click the button:
2018-10-25 09:25:03,718 - BasePage - INFO - Had find the element '  ' successful by xpath via value: //iframe[@src='/ApprBase/admin/system/unit/toListUnit.do'] 
2018-10-25 09:25:03,721 - BasePage - INFO - had came back to the main frame
2018-10-25 09:25:03,740 - BasePage - INFO - had changed the frame
2018-10-25 09:25:03,759 - BasePage - INFO - Had find the element '  ' successful by id via value: unitName 
2018-10-25 09:25:03,848 - BasePage - INFO - Had type ' 脚本局 ' in inputBox
2018-10-25 09:25:03,876 - BasePage - INFO - Had find the element '  ' successful by xpath via value: //input[@value='查 询'] 
2018-10-25 09:25:03,963 - BasePage - INFO - The element '  ' was clicked.
2018-10-25 09:25:05,033 - BasePage - INFO - Had find the element '  ' successful by xpath via value: //input[@type='checkbox'] 
2018-10-25 09:25:05,121 - BasePage - INFO - The element '  ' was clicked.
2018-10-25 09:25:05,157 - BasePage - INFO - Had find the element ' 增加下级单位 ' successful by xpath via value: //span[contains(text(),'增加下级单位')] 
2018-10-25 09:25:05,251 - BasePage - INFO - The element ' 增加下级单位 ' was clicked.
2018-10-25 09:25:07,261 - BasePage - INFO - had came back to the main frame
2018-10-25 09:25:07,325 - BasePage - INFO - had wait and changed frame
2018-10-25 09:25:07,352 - BasePage - INFO - Had find the element '  ' successful by xpath via value: //a[@class='textbox-icon combo-arrow'] 
2018-10-25 09:25:07,475 - BasePage - INFO - The element '  ' was clicked.
2018-10-25 09:25:07,516 - BasePage - INFO - Had find the element '  ' successful by xpath via value: //div[@id='_easyui_tree_2']//span[@class='tree-hit tree-collapsed'] 
2018-10-25 09:25:07,587 - BasePage - INFO - The element '  ' was clicked.
2018-10-25 09:25:08,656 - BasePage - INFO - Had find the element ' 广东省 ' successful by xpath via value: //span[contains(text(),"广东省")] 
2018-10-25 09:25:08,751 - BasePage - INFO - The element ' 广东省 ' was clicked.
2018-10-25 09:25:08,785 - BasePage - INFO - Had find the element '  ' successful by xpath via value: //input[@name='unitName'] 
2018-10-25 09:25:08,855 - BasePage - INFO - Had type ' 脚本局子单位 ' in inputBox
2018-10-25 09:25:08,878 - BasePage - INFO - Had find the element '  ' successful by id via value: sumbitButton 
2018-10-25 09:25:08,949 - BasePage - INFO - The element '  ' was clicked.
2018-10-25 09:25:11,016 - BasePage - INFO - Had find the element ' 新增单位成功！ ' successful by xpath via value: //div[@class='messager-body panel-body panel-body-noborder window-body'] 
2018-10-25 09:25:11,026 - BasePage - INFO - The element_text is: 新增单位成功！
2018-10-25 09:25:11,048 - BasePage - INFO - Had find the element ' 确定 ' successful by xpath via value: //span[contains(text(),'确定')] 
2018-10-25 09:25:11,162 - BasePage - INFO - The element ' 确定 ' was clicked.
2018-10-25 09:25:11,165 - BasePage - INFO - had came back to the main frame
2018-10-25 09:25:13,371 - BasePage - INFO - Had find the element '  ' successful by xpath via value: //a[@href="/ApprBase/admin/system/unit/toListUnit.do"] 
2018-10-25 09:25:13,444 - BasePage - INFO - had click the button:
2018-10-25 09:25:15,472 - BasePage - INFO - Had find the element '  ' successful by xpath via value: //iframe[@src='/ApprBase/admin/system/unit/toListUnit.do'] 
2018-10-25 09:25:15,474 - BasePage - INFO - had came back to the main frame
2018-10-25 09:25:15,493 - BasePage - INFO - had changed the frame
2018-10-25 09:25:15,512 - BasePage - INFO - Had find the element '  ' successful by id via value: unitName 
2018-10-25 09:25:15,597 - BasePage - INFO - Had type ' 脚本局 ' in inputBox
2018-10-25 09:25:15,626 - BasePage - INFO - Had find the element '  ' successful by xpath via value: //input[@value='查 询'] 
2018-10-25 09:25:15,711 - BasePage - INFO - The element '  ' was clicked.
2018-10-25 09:25:16,775 - BasePage - INFO - Had find the element '  ' successful by xpath via value: //input[@type='checkbox'] 
2018-10-25 09:25:16,844 - BasePage - INFO - The element '  ' was clicked.
2018-10-25 09:25:16,880 - BasePage - INFO - Had find the element ' 编辑单位/处（科）室 ' successful by xpath via value: //span[contains(text(),'编辑单位/处（科）室')] 
2018-10-25 09:25:16,967 - BasePage - INFO - The element ' 编辑单位/处（科）室 ' was clicked.
2018-10-25 09:25:18,977 - BasePage - INFO - had came back to the main frame
2018-10-25 09:25:19,058 - BasePage - INFO - had wait and changed frame
2018-10-25 09:25:19,099 - BasePage - INFO - Had find the element '  ' successful by id via value: unitTel 
2018-10-25 09:25:19,264 - BasePage - INFO - Had type ' 020-87239712 ' in inputBox
2018-10-25 09:25:19,282 - BasePage - INFO - Had find the element '  ' successful by id via value: sumbitButton 
2018-10-25 09:25:19,359 - BasePage - INFO - The element '  ' was clicked.
2018-10-25 09:25:21,427 - BasePage - INFO - Had find the element ' 更新单位成功！ ' successful by xpath via value: //div[@class='messager-body panel-body panel-body-noborder window-body'] 
2018-10-25 09:25:21,437 - BasePage - INFO - The element_text is: 更新单位成功！
2018-10-25 09:25:21,457 - BasePage - INFO - Had find the element ' 确定 ' successful by xpath via value: //span[contains(text(),'确定')] 
2018-10-25 09:25:21,571 - BasePage - INFO - The element ' 确定 ' was clicked.
2018-10-25 09:25:21,575 - BasePage - INFO - had came back to the main frame
2018-10-25 09:25:23,843 - BasePage - INFO - Had find the element '  ' successful by xpath via value: //a[@href="/ApprBase/admin/system/unit/toListUnit.do"] 
2018-10-25 09:25:23,920 - BasePage - INFO - had click the button:
2018-10-25 09:25:25,959 - BasePage - INFO - Had find the element '  ' successful by xpath via value: //iframe[@src='/ApprBase/admin/system/unit/toListUnit.do'] 
2018-10-25 09:25:25,962 - BasePage - INFO - had came back to the main frame
2018-10-25 09:25:25,981 - BasePage - INFO - had changed the frame
2018-10-25 09:25:26,006 - BasePage - INFO - Had find the element '  ' successful by xpath via value: //a[@class='textbox-icon combo-arrow'] 
2018-10-25 09:25:26,096 - BasePage - INFO - The element '  ' was clicked.
2018-10-25 09:25:27,164 - BasePage - INFO - Had find the element '  ' successful by xpath via value: //*[@id='_easyui_tree_2']/span 
2018-10-25 09:25:27,186 - BasePage - INFO - had click the button:
2018-10-25 09:25:28,255 - BasePage - INFO - Had find the element ' 潮州市 ' successful by xpath via value: //span[contains(text(),'潮州市')] 
2018-10-25 09:25:28,331 - BasePage - INFO - The element ' 潮州市 ' was clicked.
2018-10-25 09:25:28,356 - BasePage - INFO - Had find the element '  ' successful by xpath via value: //input[@value='查 询'] 
2018-10-25 09:25:28,436 - BasePage - INFO - The element '  ' was clicked.
2018-10-25 09:25:30,476 - BasePage - INFO - Had find the element ' 自动化单位 ' successful by xpath via value: //*[contains(text(),'自动化单位')] 
2018-10-25 09:25:30,484 - BasePage - INFO - The element_text is: 自动化单位
2018-10-25 09:25:30,486 - BasePage - INFO - had came back to the main frame
2018-10-25 09:25:32,685 - BasePage - INFO - Had find the element '  ' successful by xpath via value: //a[@href="/ApprBase/admin/system/unit/toListUnit.do"] 
2018-10-25 09:25:32,709 - BasePage - INFO - had click the button:
2018-10-25 09:25:32,756 - BasePage - INFO - Had find the element '  ' successful by xpath via value: //iframe[@src='/ApprBase/admin/system/unit/toListUnit.do'] 
2018-10-25 09:25:32,773 - BasePage - INFO - had came back to the main frame
2018-10-25 09:25:32,950 - BasePage - INFO - had changed the frame
2018-10-25 09:25:33,141 - BasePage - INFO - Had find the element '  ' successful by xpath via value: //input[@id='leaderName'] 
2018-10-25 09:25:33,215 - BasePage - INFO - Had type ' 自动人员 ' in inputBox
2018-10-25 09:25:33,243 - BasePage - INFO - Had find the element '  ' successful by xpath via value: //input[@value='查 询'] 
2018-10-25 09:25:33,332 - BasePage - INFO - The element '  ' was clicked.
2018-10-25 09:25:35,393 - BasePage - INFO - Had find the element ' 自动化单位 ' successful by xpath via value: //*[contains(text(),'自动化单位')] 
2018-10-25 09:25:35,406 - BasePage - INFO - The element_text is: 自动化单位
2018-10-25 09:25:35,409 - BasePage - INFO - had came back to the main frame
2018-10-25 09:25:37,605 - BasePage - INFO - Had find the element '  ' successful by xpath via value: //a[@href="/ApprBase/admin/system/unit/toListUnit.do"] 
2018-10-25 09:25:37,628 - BasePage - INFO - had click the button:
2018-10-25 09:25:37,669 - BasePage - INFO - Had find the element '  ' successful by xpath via value: //iframe[@src='/ApprBase/admin/system/unit/toListUnit.do'] 
2018-10-25 09:25:37,684 - BasePage - INFO - had came back to the main frame
2018-10-25 09:25:37,848 - BasePage - INFO - had changed the frame
2018-10-25 09:25:38,038 - BasePage - INFO - Had find the element '  ' successful by id via value: unitName 
2018-10-25 09:25:38,111 - BasePage - INFO - Had type ' 脚本局 ' in inputBox
2018-10-25 09:25:38,136 - BasePage - INFO - Had find the element '  ' successful by xpath via value: //input[@value='查 询'] 
2018-10-25 09:25:38,224 - BasePage - INFO - The element '  ' was clicked.
2018-10-25 09:25:39,302 - BasePage - INFO - Had find the element '  ' successful by xpath via value: //input[@type='checkbox'] 
2018-10-25 09:25:39,375 - BasePage - INFO - The element '  ' was clicked.
2018-10-25 09:25:39,415 - BasePage - INFO - Had find the element ' 删除单位 ' successful by xpath via value: //span[contains(text(),'删除单位')] 
2018-10-25 09:25:39,525 - BasePage - INFO - The element ' 删除单位 ' was clicked.
2018-10-25 09:25:39,559 - BasePage - INFO - Had find the element ' 确定 ' successful by xpath via value: //span[contains(text(),'确定')] 
2018-10-25 09:25:39,623 - BasePage - INFO - The element ' 确定 ' was clicked.
2018-10-25 09:25:41,687 - BasePage - INFO - Had find the element ' 删除单位成功！ ' successful by xpath via value: //div[@class='messager-body panel-body panel-body-noborder window-body'] 
2018-10-25 09:25:41,695 - BasePage - INFO - The element_text is: 删除单位成功！
2018-10-25 09:25:41,719 - BasePage - INFO - Had find the element ' 确定 ' successful by xpath via value: //span[contains(text(),'确定')] 
2018-10-25 09:25:41,812 - BasePage - INFO - The element ' 确定 ' was clicked.
