2018-09-20 15:40:17,679 - BrowserEngine - INFO - you had select Chrome browser.
2018-09-20 15:40:17,679 - BrowserEngine - INFO - The test server url is:http://192.168.0.133:7001/ApprBase
2018-09-20 15:40:22,458 - BrowserEngine - INFO - Starting chrome browser.
2018-09-20 15:40:23,001 - BrowserEngine - INFO - Open url:http://192.168.0.133:7001/ApprBase
2018-09-20 15:40:24,151 - BrowserEngine - INFO - Maxmize the current window.
2018-09-20 15:40:24,152 - BrowserEngine - INFO - Set implicitly wait 8 seconds.
2018-09-20 15:40:24,177 - BasePage - INFO - Had find the element '  ' successful by id via value: j_username 
2018-09-20 15:40:24,237 - BasePage - INFO - Had type ' ceshi1 ' in inputBox
2018-09-20 15:40:24,264 - BasePage - INFO - Had find the element '  ' successful by id via value: j_password 
2018-09-20 15:40:24,332 - BasePage - INFO - Had type ' abc123456! ' in inputBox
2018-09-20 15:40:24,358 - BasePage - INFO - Had find the element ' 登    录 ' successful by xpath via value: //*[@id='login-tabs-item']/div/div[2]/div/div[1]/div/a[1] 
2018-09-20 15:40:24,666 - BasePage - INFO - The element ' 登    录 ' was clicked.
2018-09-20 15:40:24,997 - BasePage - INFO - had wait for the element: 欢迎您！
2018-09-20 15:40:25,033 - BasePage - INFO - Had find the element ' 办件登记 ' successful by xpath via value: //*[@id="j-nav"]/li[2]/a/span 
2018-09-20 15:40:25,059 - BasePage - INFO - mouse stop on the element
2018-09-20 15:40:25,095 - BasePage - INFO - Had find the element ' 普通窗口登记 ' successful by xpath via value: //*[@id="j-033-tree"]/ul/li/a 
2018-09-20 15:40:25,146 - BasePage - INFO - The element ' 普通窗口登记 ' was clicked.
2018-09-20 15:40:26,178 - BasePage - INFO - had changed the frame
2018-09-20 15:40:36,229 - BasePage - INFO - Had find the element ' 窗口登记 ' successful by xpath via value: //body/div[2]/div/div/div/div[1]/div[2]/div[2]/table/tbody/tr/td[5]/div/a[1]/font 
2018-09-20 15:40:36,488 - BasePage - INFO - The element ' 窗口登记 ' was clicked.
2018-09-20 15:40:36,491 - BasePage - INFO - had came back to the main frame
2018-09-20 15:40:37,496 - BasePage - INFO - switch to second window:CDwindow-44FDCA0BF7D6353A5ABB0C3F1BE028D9 
2018-09-20 15:40:38,630 - BasePage - INFO - had wait and changed frame
2018-09-20 15:40:38,656 - BasePage - INFO - Had find the element '  ' successful by xpath via value: //*[@id="selectCustQY"] 
2018-09-20 15:40:38,800 - BasePage - INFO - The element '  ' was clicked.
2018-09-20 15:40:38,810 - BasePage - INFO - had came back to the main frame
2018-09-20 15:40:39,018 - BasePage - INFO - had wait and changed frame
2018-09-20 15:40:39,188 - BasePage - INFO - had wait for the element: 
2018-09-20 15:40:39,218 - BasePage - INFO - Had find the element '  ' successful by xpath via value: //*[@id="datagrid-row-r1-1-5"]/td[2]/div/input 
2018-09-20 15:40:39,299 - BasePage - INFO - The element '  ' was clicked.
2018-09-20 15:40:39,334 - BasePage - INFO - Had find the element '  ' successful by xpath via value: //*[@id="selectedButton"] 
2018-09-20 15:40:39,469 - BasePage - INFO - The element '  ' was clicked.
2018-09-20 15:40:39,473 - BasePage - INFO - had came back to the main frame
2018-09-20 15:40:39,485 - BasePage - INFO - had changed the frame
2018-09-20 15:40:39,501 - BasePage - INFO - had wait for the input value:橡皮有限公司
2018-09-20 15:40:39,507 - BasePage - INFO - had scroll to the foot
2018-09-20 15:40:39,541 - BasePage - INFO - Had find the element '  ' successful by xpath via value: //*[@id="custContactPerson"] 
2018-09-20 15:40:39,620 - BasePage - INFO - Had type ' damon ' in inputBox
2018-09-20 15:40:39,647 - BasePage - INFO - Had find the element '  ' successful by xpath via value: //*[@id="idCard"] 
2018-09-20 15:40:39,781 - BasePage - INFO - Had type ' 362421199303019322 ' in inputBox
2018-09-20 15:40:39,808 - BasePage - INFO - Had find the element '  ' successful by xpath via value: //*[@id="custMobile"] 
2018-09-20 15:40:39,899 - BasePage - INFO - Had type ' 13148907967 ' in inputBox
2018-09-20 15:40:39,901 - BasePage - INFO - had came back to the main frame
2018-09-20 15:40:39,929 - BasePage - INFO - Had find the element ' 保存 ' successful by id via value: doSave 
2018-09-20 15:40:40,082 - BasePage - INFO - The element ' 保存 ' was clicked.
2018-09-20 15:40:43,153 - BasePage - INFO - Had find the element ' 进入材料审核 ' successful by id via value: doSend 
2018-09-20 15:40:43,161 - BasePage - INFO - The element_text is: 进入材料审核
2018-09-20 15:40:43,187 - BasePage - INFO - Had find the element ' 申报材料 ' successful by id via value: nav_sbcl 
2018-09-20 15:40:43,293 - BasePage - INFO - The element ' 申报材料 ' was clicked.
2018-09-20 15:40:43,341 - BasePage - INFO - had wait and changed frame
2018-09-20 15:40:44,423 - BasePage - INFO - had wait for the element: 上传额外材料
2018-09-20 15:40:44,442 - BasePage - INFO - Had find the element ' 上传额外材料 ' successful by xpath via value: //*[@id="subWrap"]/div[1]/div/div/div/div[1]/a[1] 
2018-09-20 15:40:44,570 - BasePage - INFO - The element ' 上传额外材料 ' was clicked.
2018-09-20 15:40:44,574 - BasePage - INFO - had came back to the main frame
2018-09-20 15:40:44,611 - BasePage - INFO - had wait and changed frame
2018-09-20 15:40:44,771 - BasePage - INFO - Had find the element ' 请选择文件 ' successful by xpath via value: //*[@id="i_select_files"]/div 
2018-09-20 15:40:44,842 - BasePage - INFO - The element ' 请选择文件 ' was clicked.
2018-09-20 15:40:52,337 - BasePage - INFO - Had find the element ' 开始上传 ' successful by xpath via value: /html/body/button[1] 
2018-09-20 15:40:52,461 - BasePage - INFO - The element ' 开始上传 ' was clicked.
2018-09-20 15:40:55,471 - BasePage - INFO - had came back to the main frame
2018-09-20 15:40:55,547 - BasePage - INFO - Had find the element ' × ' successful by xpath via value: /html/body/div[6]/div/table/tbody/tr[1]/td/button 
2018-09-20 15:40:55,625 - BasePage - INFO - The element ' × ' was clicked.
2018-09-20 15:40:57,665 - BasePage - INFO - had changed the frame
2018-09-20 15:40:57,724 - BasePage - INFO - Had find the element ' 请选择
合格
不合格
免交 ' successful by id via value: auditResult0 
2018-09-20 15:40:57,787 - BasePage - INFO - had select 合格
2018-09-20 15:40:57,852 - BasePage - INFO - Had find the element '  ' successful by xpath via value: //*[@id="datagrid-row-r1-2-0"]/td[9]/div/input 
2018-09-20 15:40:57,914 - BasePage - INFO - Had type ' 审核通过 ' in inputBox
2018-09-20 15:40:57,941 - BasePage - INFO - Had find the element ' 纸质材料齐全 ' successful by xpath via value: //*[@id="subWrap"]/div[1]/div/div/div/div[1]/a[2] 
2018-09-20 15:40:58,161 - BasePage - INFO - The element ' 纸质材料齐全 ' was clicked.
2018-09-20 15:40:58,183 - BasePage - INFO - had came back to the main frame
2018-09-20 15:40:58,318 - BasePage - INFO - had wait and changed frame
2018-09-20 15:40:58,349 - BasePage - INFO - Had find the element '  ' successful by id via value: contents 
2018-09-20 15:40:58,411 - BasePage - INFO - Had type ' 纸质材料收集完毕 ' in inputBox
2018-09-20 15:40:58,436 - BasePage - INFO - Had find the element ' 保存 ' successful by id via value: savePaperStuff 
2018-09-20 15:40:58,509 - BasePage - INFO - The element ' 保存 ' was clicked.
2018-09-20 15:40:59,018 - BasePage - INFO - had wait for the alert
2018-09-20 15:40:59,057 - BasePage - INFO - closed alert and alert message is 保存成功
2018-09-20 15:40:59,080 - BasePage - INFO - had came back to the main frame
2018-09-20 15:40:59,091 - BasePage - INFO - had changed the frame
2018-09-20 15:40:59,119 - BasePage - INFO - Had find the element '         请选择审核结果
        合格
        不合格
        信任后补
        免交
        ' successful by id via value: attaStatusSelect 
2018-09-20 15:40:59,172 - BasePage - INFO - had select 合格
2018-09-20 15:40:59,175 - BasePage - INFO - had came back to the main frame
2018-09-20 15:40:59,189 - BasePage - INFO - Had find the element ' 进入材料审核 ' successful by id via value: doSend 
2018-09-20 15:41:04,644 - BasePage - INFO - The element ' 进入材料审核 ' was clicked.
2018-09-20 15:41:07,691 - BasePage - INFO - Had find the element ' 进入受理 ' successful by id via value: doSend 
2018-09-20 15:41:07,699 - BasePage - INFO - The element_text is: 进入受理
2018-09-20 15:41:07,727 - BasePage - INFO - Had find the element ' 同意审核 ' successful by id via value: doSave 
2018-09-20 15:41:09,163 - BasePage - INFO - The element ' 同意审核 ' was clicked.
2018-09-20 15:41:10,233 - BasePage - INFO - Had find the element ' 进入受理 ' successful by id via value: doSend 
2018-09-20 15:41:12,091 - BasePage - INFO - The element ' 进入受理 ' was clicked.
2018-09-20 15:41:15,662 - BasePage - INFO - Had find the element ' 进入承办 ' successful by id via value: doSend 
2018-09-20 15:41:15,671 - BasePage - INFO - The element_text is: 进入承办
2018-09-20 15:41:15,692 - BasePage - INFO - Had find the element ' 受理 ' successful by id via value: doSave 
2018-09-20 15:41:15,747 - BasePage - INFO - The element ' 受理 ' was clicked.
2018-09-20 15:41:16,752 - BasePage - INFO - had wait for the alert
2018-09-20 15:41:16,768 - BasePage - INFO - closed alert and alert message is 受理之后，办件开始倒计时。
2018-09-20 15:41:17,035 - BasePage - INFO - Had find the element ' 进入承办 ' successful by id via value: doSend 
2018-09-20 15:41:17,203 - BasePage - INFO - The element ' 进入承办 ' was clicked.
2018-09-20 15:41:20,270 - BasePage - INFO - Had find the element ' 跳过 ' successful by xpath via value: //button[text()="跳过"] 
2018-09-20 15:41:21,061 - BasePage - INFO - The element ' 跳过 ' was clicked.
2018-09-20 15:41:25,302 - BasePage - INFO - Had find the element ' 转入审核 ' successful by id via value: doSend 
2018-09-20 15:41:25,309 - BasePage - INFO - The element_text is: 转入审核
2018-09-20 15:41:25,331 - BasePage - INFO - Had find the element ' 保存承办 ' successful by id via value: doSave 
2018-09-20 15:41:26,844 - BasePage - INFO - The element ' 保存承办 ' was clicked.
2018-09-20 15:41:27,919 - BasePage - INFO - Had find the element ' 转入审核 ' successful by id via value: doSend 
2018-09-20 15:41:28,696 - BasePage - INFO - The element ' 转入审核 ' was clicked.
2018-09-20 15:41:32,825 - BasePage - INFO - Had find the element ' 进入批准 ' successful by id via value: doSend 
2018-09-20 15:41:32,833 - BasePage - INFO - The element_text is: 进入批准
2018-09-20 15:41:32,859 - BasePage - INFO - Had find the element ' 保存审核 ' successful by id via value: doSave 
2018-09-20 15:41:34,192 - BasePage - INFO - The element ' 保存审核 ' was clicked.
2018-09-20 15:41:35,262 - BasePage - INFO - Had find the element ' 进入批准 ' successful by id via value: doSend 
2018-09-20 15:41:36,009 - BasePage - INFO - The element ' 进入批准 ' was clicked.
2018-09-20 15:41:40,136 - BasePage - INFO - Had find the element ' 办结 ' successful by id via value: doSend 
2018-09-20 15:41:40,186 - BasePage - INFO - The element_text is: 办结
2018-09-20 15:41:40,274 - BasePage - INFO - Had find the element ' 保存批准 ' successful by id via value: doSave 
2018-09-20 15:41:41,726 - BasePage - INFO - The element ' 保存批准 ' was clicked.
2018-09-20 15:41:42,795 - BasePage - INFO - Had find the element ' 办结 ' successful by id via value: doSend 
2018-09-20 15:41:43,582 - BasePage - INFO - The element ' 办结 ' was clicked.
2018-09-20 15:41:47,310 - BasePage - INFO - Had find the element ' 下一步 ' successful by id via value: doSend 
2018-09-20 15:41:47,317 - BasePage - INFO - The element_text is: 下一步
2018-09-20 15:41:47,337 - BasePage - INFO - Had find the element ' 保存内部审批完成意见 ' successful by id via value: doSave 
2018-09-20 15:41:47,481 - BasePage - INFO - The element ' 保存内部审批完成意见 ' was clicked.
2018-09-20 15:41:48,535 - BasePage - INFO - Had find the element ' 下一步 ' successful by id via value: doSend 
2018-09-20 15:41:54,589 - BasePage - INFO - The element ' 下一步 ' was clicked.
2018-09-20 15:41:57,664 - BasePage - INFO - Had find the element ' 结束 ' successful by id via value: doSend 
2018-09-20 15:41:57,679 - BasePage - INFO - The element_text is: 结束
2018-09-20 15:41:57,711 - BasePage - INFO - Had find the element ' 出件 ' successful by id via value: doSave 
2018-09-20 15:41:58,953 - BasePage - INFO - The element ' 出件 ' was clicked.
2018-09-20 15:42:00,016 - BasePage - INFO - Had find the element ' 结束 ' successful by id via value: doSend 
2018-09-20 15:42:00,221 - BasePage - INFO - The element ' 结束 ' was clicked.
2018-09-20 15:42:01,306 - BasePage - INFO - Had find the element ' 跳过 ' successful by xpath via value: //button[text()="跳过"] 
2018-09-20 15:42:01,894 - BasePage - INFO - The element ' 跳过 ' was clicked.
