2018-09-11 15:10:41,372 - BrowserEngine - INFO - you had select Chrome browser.
2018-09-11 15:10:41,372 - BrowserEngine - INFO - The test server url is:http://192.168.0.133:7001/ApprBase
2018-09-11 15:10:46,079 - BrowserEngine - INFO - Starting chrome browser.
2018-09-11 15:10:46,642 - BrowserEngine - INFO - Open url:http://192.168.0.133:7001/ApprBase
2018-09-11 15:10:47,802 - BrowserEngine - INFO - Maxmize the current window.
2018-09-11 15:10:47,803 - BrowserEngine - INFO - Set implicitly wait 10 seconds.
2018-09-11 15:10:47,830 - BasePage - INFO - Had find the element '  ' successful by id via value: j_username 
2018-09-11 15:10:47,885 - BasePage - INFO - Had type ' ceshi1 ' in inputBox
2018-09-11 15:10:47,910 - BasePage - INFO - Had find the element '  ' successful by id via value: j_password 
2018-09-11 15:10:47,975 - BasePage - INFO - Had type ' abc123456! ' in inputBox
2018-09-11 15:10:48,001 - BasePage - INFO - Had find the element ' 登    录 ' successful by xpath via value: //*[@id='login-tabs-item']/div/div[2]/div/div[1]/div/a[1] 
2018-09-11 15:10:48,239 - BasePage - INFO - The element ' 登    录 ' was clicked.
2018-09-11 15:10:48,480 - BasePage - INFO - had wait for the element: 欢迎您！
2018-09-11 15:10:48,530 - BasePage - INFO - Had find the element ' 办件登记 ' successful by xpath via value: //*[@id="j-nav"]/li[2]/a/span 
2018-09-11 15:10:48,576 - BasePage - INFO - Had find the element ' 普通窗口登记 ' successful by xpath via value: //*[@id="j-033-tree"]/ul/li/a 
2018-09-11 15:10:48,628 - BasePage - INFO - The element ' 普通窗口登记 ' was clicked.
2018-09-11 15:10:49,660 - BasePage - INFO - had changed the frame
2018-09-11 15:10:49,717 - BasePage - INFO - had wait for the element: 测试局
2010828
限时办结
测试局-子部门
窗口登记
绿色通道登记
2018-09-11 15:10:49,742 - BasePage - INFO - Had find the element ' 窗口登记 ' successful by xpath via value: //body/div[2]/div/div/div/div[1]/div[2]/div[2]/table/tbody/tr/td[5]/div/a[1]/font 
2018-09-11 15:10:49,918 - BasePage - INFO - The element ' 窗口登记 ' was clicked.
2018-09-11 15:10:49,925 - BasePage - INFO - had came back to the main frame
2018-09-11 15:10:50,937 - BasePage - INFO - switch to second window:CDwindow-54010A98771B2E122470603E238DDA87 
2018-09-11 15:10:52,097 - BasePage - INFO - hand wait and changed frame
2018-09-11 15:10:52,121 - BasePage - INFO - Had find the element '  ' successful by xpath via value: //*[@id="selectCustQY"] 
2018-09-11 15:10:52,222 - BasePage - INFO - The element '  ' was clicked.
2018-09-11 15:10:52,226 - BasePage - INFO - had came back to the main frame
2018-09-11 15:10:52,552 - BasePage - INFO - hand wait and changed frame
2018-09-11 15:10:52,582 - BasePage - INFO - had wait for the element: 
2018-09-11 15:10:52,595 - BasePage - INFO - Had find the element '  ' successful by xpath via value: //*[@id="datagrid-row-r1-1-3"]/td[2]/div/input 
2018-09-11 15:10:52,672 - BasePage - INFO - The element '  ' was clicked.
2018-09-11 15:10:52,705 - BasePage - INFO - Had find the element '  ' successful by xpath via value: //*[@id="selectedButton"] 
2018-09-11 15:10:52,860 - BasePage - INFO - The element '  ' was clicked.
2018-09-11 15:10:52,864 - BasePage - INFO - had came back to the main frame
2018-09-11 15:10:52,881 - BasePage - INFO - had changed the frame
2018-09-11 15:10:52,900 - BasePage - INFO - had wait for the element input value:橡皮有限公司
2018-09-11 15:10:52,905 - BasePage - INFO - had scroll to the foot
2018-09-11 15:10:52,933 - BasePage - INFO - Had find the element '  ' successful by xpath via value: //*[@id="custContactPerson"] 
2018-09-11 15:10:53,006 - BasePage - INFO - Had type ' damon ' in inputBox
2018-09-11 15:10:53,032 - BasePage - INFO - Had find the element '  ' successful by xpath via value: //*[@id="idCard"] 
2018-09-11 15:10:53,173 - BasePage - INFO - Had type ' 362421199303019322 ' in inputBox
2018-09-11 15:10:53,199 - BasePage - INFO - Had find the element '  ' successful by xpath via value: //*[@id="custMobile"] 
2018-09-11 15:10:53,289 - BasePage - INFO - Had type ' 13148907967 ' in inputBox
2018-09-11 15:10:53,290 - BasePage - INFO - had came back to the main frame
2018-09-11 15:10:53,316 - BasePage - INFO - Had find the element ' 保存 ' successful by id via value: doSave 
2018-09-11 15:10:53,393 - BasePage - INFO - The element ' 保存 ' was clicked.
2018-09-11 15:10:56,475 - BasePage - INFO - Had find the element ' 进入材料审核 ' successful by id via value: doSend 
2018-09-11 15:10:56,490 - BasePage - INFO - The element_text is: 进入材料审核
2018-09-11 15:10:56,534 - BasePage - INFO - Had find the element ' 申报材料 ' successful by id via value: nav_sbcl 
2018-09-11 15:10:56,620 - BasePage - INFO - The element ' 申报材料 ' was clicked.
2018-09-11 15:10:56,745 - BasePage - INFO - hand wait and changed frame
2018-09-11 15:10:56,782 - BasePage - INFO - had wait for the element: 上传额外材料
2018-09-11 15:10:56,798 - BasePage - INFO - Had find the element ' 上传额外材料 ' successful by xpath via value: //*[@id="subWrap"]/div[1]/div/div/div/div[1]/a[1] 
2018-09-11 15:10:56,931 - BasePage - INFO - The element ' 上传额外材料 ' was clicked.
2018-09-11 15:10:56,934 - BasePage - INFO - had came back to the main frame
2018-09-11 15:10:57,049 - BasePage - INFO - hand wait and changed frame
2018-09-11 15:10:57,085 - BasePage - INFO - Had find the element ' 请选择文件 ' successful by xpath via value: //*[@id="i_select_files"]/div 
2018-09-11 15:10:57,160 - BasePage - INFO - The element ' 请选择文件 ' was clicked.
2018-09-11 15:11:02,620 - BasePage - INFO - Had find the element ' 开始上传 ' successful by xpath via value: /html/body/button[1] 
2018-09-11 15:11:02,726 - BasePage - INFO - The element ' 开始上传 ' was clicked.
2018-09-11 15:11:05,734 - BasePage - INFO - had came back to the main frame
2018-09-11 15:11:05,798 - BasePage - INFO - Had find the element ' × ' successful by xpath via value: /html/body/div[6]/div/table/tbody/tr[1]/td/button 
2018-09-11 15:11:05,878 - BasePage - INFO - The element ' × ' was clicked.
2018-09-11 15:11:05,890 - BasePage - INFO - had changed the frame
2018-09-11 15:11:06,961 - BasePage - INFO - Had find the element ' 请选择
合格
不合格
免交 ' successful by id via value: auditResult0 
2018-09-11 15:11:07,016 - BasePage - INFO - had select 合格
2018-09-11 15:11:07,042 - BasePage - INFO - Had find the element '  ' successful by xpath via value: //*[@id="datagrid-row-r1-2-0"]/td[9]/div/input 
2018-09-11 15:11:07,117 - BasePage - INFO - Had type ' 审核通过 ' in inputBox
2018-09-11 15:11:07,142 - BasePage - INFO - Had find the element ' 纸质材料齐全 ' successful by xpath via value: //*[@id="subWrap"]/div[1]/div/div/div/div[1]/a[2] 
2018-09-11 15:11:07,266 - BasePage - INFO - The element ' 纸质材料齐全 ' was clicked.
2018-09-11 15:11:07,270 - BasePage - INFO - had came back to the main frame
2018-09-11 15:11:07,392 - BasePage - INFO - hand wait and changed frame
2018-09-11 15:11:07,425 - BasePage - INFO - Had find the element '  ' successful by id via value: contents 
2018-09-11 15:11:07,486 - BasePage - INFO - Had type ' 纸质材料收集完毕 ' in inputBox
2018-09-11 15:11:07,510 - BasePage - INFO - Had find the element ' 保存 ' successful by id via value: savePaperStuff 
2018-09-11 15:11:07,601 - BasePage - INFO - The element ' 保存 ' was clicked.
2018-09-11 15:11:08,109 - BasePage - INFO - had wait for the alert
2018-09-11 15:11:08,137 - BasePage - INFO - closed alert and alert message is 保存成功
2018-09-11 15:11:08,160 - BasePage - INFO - had came back to the main frame
2018-09-11 15:11:08,175 - BasePage - INFO - had changed the frame
2018-09-11 15:11:08,224 - BasePage - INFO - Had find the element '         请选择审核结果
        合格
        不合格
        信任后补
        免交
        ' successful by id via value: attaStatusSelect 
2018-09-11 15:11:08,313 - BasePage - INFO - had select 合格
2018-09-11 15:11:08,317 - BasePage - INFO - had came back to the main frame
2018-09-11 15:11:08,342 - BasePage - INFO - Had find the element ' 进入材料审核 ' successful by id via value: doSend 
2018-09-11 15:11:09,167 - BasePage - INFO - The element ' 进入材料审核 ' was clicked.
2018-09-11 15:11:12,470 - BasePage - INFO - Had find the element ' 进入受理 ' successful by id via value: doSend 
2018-09-11 15:11:12,493 - BasePage - INFO - The element_text is: 进入受理
2018-09-11 15:11:12,582 - BasePage - INFO - Had find the element ' 同意审核 ' successful by id via value: doSave 
2018-09-11 15:11:13,479 - BasePage - INFO - The element ' 同意审核 ' was clicked.
2018-09-11 15:11:14,540 - BasePage - INFO - Had find the element ' 进入受理 ' successful by id via value: doSend 
2018-09-11 15:11:15,090 - BasePage - INFO - The element ' 进入受理 ' was clicked.
2018-09-11 15:11:18,562 - BasePage - INFO - Had find the element ' 进入承办 ' successful by id via value: doSend 
2018-09-11 15:11:18,624 - BasePage - INFO - The element_text is: 进入承办
2018-09-11 15:11:18,726 - BasePage - INFO - Had find the element ' 受理 ' successful by id via value: doSave 
2018-09-11 15:11:18,791 - BasePage - INFO - The element ' 受理 ' was clicked.
2018-09-11 15:11:19,792 - BasePage - INFO - had wait for the alert
2018-09-11 15:11:19,796 - BasePage - INFO - closed alert and alert message is 受理之后，办件开始倒计时。
2018-09-11 15:11:20,590 - BasePage - INFO - Had find the element ' 进入承办 ' successful by id via value: doSend 
2018-09-11 15:11:20,893 - BasePage - INFO - The element ' 进入承办 ' was clicked.
2018-09-11 15:11:21,959 - BasePage - INFO - Had find the element ' 跳过 ' successful by xpath via value: //button[text()="跳过"] 
2018-09-11 15:11:22,354 - BasePage - INFO - The element ' 跳过 ' was clicked.
2018-09-11 15:11:26,058 - BasePage - INFO - Had find the element ' 转入审核 ' successful by id via value: doSend 
2018-09-11 15:11:26,107 - BasePage - INFO - The element_text is: 转入审核
2018-09-11 15:11:26,176 - BasePage - INFO - Had find the element ' 保存承办 ' successful by id via value: doSave 
2018-09-11 15:11:27,040 - BasePage - INFO - The element ' 保存承办 ' was clicked.
2018-09-11 15:11:28,089 - BasePage - INFO - Had find the element ' 转入审核 ' successful by id via value: doSend 
2018-09-11 15:11:28,583 - BasePage - INFO - The element ' 转入审核 ' was clicked.
2018-09-11 15:11:32,184 - BasePage - INFO - Had find the element ' 进入批准 ' successful by id via value: doSend 
2018-09-11 15:11:32,233 - BasePage - INFO - The element_text is: 进入批准
2018-09-11 15:11:32,308 - BasePage - INFO - Had find the element ' 保存审核 ' successful by id via value: doSave 
2018-09-11 15:11:33,165 - BasePage - INFO - The element ' 保存审核 ' was clicked.
2018-09-11 15:11:34,222 - BasePage - INFO - Had find the element ' 进入批准 ' successful by id via value: doSend 
2018-09-11 15:11:34,728 - BasePage - INFO - The element ' 进入批准 ' was clicked.
2018-09-11 15:11:38,405 - BasePage - INFO - Had find the element ' 办结 ' successful by id via value: doSend 
2018-09-11 15:11:38,425 - BasePage - INFO - The element_text is: 办结
2018-09-11 15:11:38,493 - BasePage - INFO - Had find the element ' 保存批准 ' successful by id via value: doSave 
2018-09-11 15:11:39,372 - BasePage - INFO - The element ' 保存批准 ' was clicked.
2018-09-11 15:11:40,429 - BasePage - INFO - Had find the element ' 办结 ' successful by id via value: doSend 
2018-09-11 15:11:40,955 - BasePage - INFO - The element ' 办结 ' was clicked.
2018-09-11 15:11:44,505 - BasePage - INFO - Had find the element ' 下一步 ' successful by id via value: doSend 
2018-09-11 15:11:44,570 - BasePage - INFO - The element_text is: 下一步
2018-09-11 15:11:44,679 - BasePage - INFO - Had find the element ' 保存内部审批完成意见 ' successful by id via value: doSave 
2018-09-11 15:11:45,610 - BasePage - INFO - The element ' 保存内部审批完成意见 ' was clicked.
2018-09-11 15:11:46,671 - BasePage - INFO - Had find the element ' 下一步 ' successful by id via value: doSend 
2018-09-11 15:11:47,267 - BasePage - INFO - The element ' 下一步 ' was clicked.
2018-09-11 15:11:50,630 - BasePage - INFO - Had find the element ' 结束 ' successful by id via value: doSend 
2018-09-11 15:11:50,656 - BasePage - INFO - The element_text is: 结束
2018-09-11 15:11:50,763 - BasePage - INFO - Had find the element ' 出件 ' successful by id via value: doSave 
2018-09-11 15:11:51,765 - BasePage - INFO - The element ' 出件 ' was clicked.
2018-09-11 15:11:52,817 - BasePage - INFO - Had find the element ' 结束 ' successful by id via value: doSend 
2018-09-11 15:11:52,906 - BasePage - INFO - The element ' 结束 ' was clicked.
2018-09-11 15:11:53,961 - BasePage - INFO - Had find the element ' 跳过 ' successful by xpath via value: //button[text()="跳过"] 
2018-09-11 15:11:54,266 - BasePage - INFO - The element ' 跳过 ' was clicked.
2018-09-11 15:12:01,382 - BrowserEngine - INFO - you had select Chrome browser.
2018-09-11 15:12:01,382 - BrowserEngine - INFO - The test server url is:http://192.168.0.133:7001/ApprBase
2018-09-11 15:12:06,134 - BrowserEngine - INFO - Starting chrome browser.
2018-09-11 15:12:06,610 - BrowserEngine - INFO - Open url:http://192.168.0.133:7001/ApprBase
2018-09-11 15:12:07,773 - BrowserEngine - INFO - Maxmize the current window.
2018-09-11 15:12:07,775 - BrowserEngine - INFO - Set implicitly wait 10 seconds.
2018-09-11 15:12:07,806 - BasePage - INFO - Had find the element '  ' successful by id via value: j_username 
2018-09-11 15:12:07,875 - BasePage - INFO - Had type ' admin ' in inputBox
2018-09-11 15:12:07,903 - BasePage - INFO - Had find the element '  ' successful by id via value: j_password 
2018-09-11 15:12:07,963 - BasePage - INFO - Had type ' abc123456 ' in inputBox
2018-09-11 15:12:07,991 - BasePage - INFO - Had find the element ' 登    录 ' successful by xpath via value: //*[@id='login-tabs-item']/div/div[2]/div/div[1]/div/a[1] 
2018-09-11 15:12:08,239 - BasePage - INFO - The element ' 登    录 ' was clicked.
2018-09-11 15:12:08,604 - BasePage - INFO - had wait for the element: 欢迎您！
2018-09-11 15:12:08,608 - BasePage - INFO - Current page title is 网上审批系统
2018-09-11 15:12:08,635 - BasePage - INFO - Had find the element ' 退出 ' successful by xpath via value: //*[@id='header']/ul/li[4]/a/span 
2018-09-11 15:12:08,915 - BasePage - INFO - The element ' 退出 ' was clicked.
2018-09-11 15:12:08,950 - BasePage - INFO - Current page title is 登录
2018-09-11 15:12:12,037 - EmailReport - INFO - the report:D:\PycharmProjects\General_Approval/test_report\2018-09-11-15-10-41HTMLtemplate.htmlwill be send
2018-09-11 15:12:12,040 - EmailReport - INFO - connectting email server.....
2018-09-11 15:12:12,789 - EmailReport - INFO - logging email.....
2018-09-11 15:12:13,747 - EmailReport - INFO - email has sent
