2018-09-13 11:14:55,922 - BrowserEngine - INFO - you had select Chrome browser.
2018-09-13 11:14:55,922 - BrowserEngine - INFO - The test server url is:http://192.168.0.133:7001/ApprBase
2018-09-13 11:15:00,759 - BrowserEngine - INFO - Starting chrome browser.
2018-09-13 11:15:01,343 - BrowserEngine - INFO - Open url:http://192.168.0.133:7001/ApprBase
2018-09-13 11:15:02,487 - BrowserEngine - INFO - Maxmize the current window.
2018-09-13 11:15:02,488 - BrowserEngine - INFO - Set implicitly wait 8 seconds.
2018-09-13 11:15:02,499 - BasePage - INFO - Had find the element '  ' successful by id via value: j_username 
2018-09-13 11:15:02,561 - BasePage - INFO - Had type ' ceshi1 ' in inputBox
2018-09-13 11:15:02,603 - BasePage - INFO - Had find the element '  ' successful by id via value: j_password 
2018-09-13 11:15:02,665 - BasePage - INFO - Had type ' abc123456! ' in inputBox
2018-09-13 11:15:02,699 - BasePage - INFO - Had find the element ' 登    录 ' successful by xpath via value: //*[@id='login-tabs-item']/div/div[2]/div/div[1]/div/a[1] 
2018-09-13 11:15:02,976 - BasePage - INFO - The element ' 登    录 ' was clicked.
2018-09-13 11:15:03,266 - BasePage - INFO - had wait for the element: 欢迎您！
2018-09-13 11:15:03,309 - BasePage - INFO - Had find the element ' 办件登记 ' successful by xpath via value: //*[@id="j-nav"]/li[2]/a/span 
2018-09-13 11:15:03,372 - BasePage - INFO - Had find the element ' 普通窗口登记 ' successful by xpath via value: //*[@id="j-033-tree"]/ul/li/a 
2018-09-13 11:15:03,428 - BasePage - INFO - The element ' 普通窗口登记 ' was clicked.
2018-09-13 11:15:04,439 - BasePage - INFO - had changed the frame
2018-09-13 11:15:04,468 - BasePage - INFO - had wait for the element: 测试局
2010828
限时办结
测试局-子部门
窗口登记
绿色通道登记
2018-09-13 11:15:04,492 - BasePage - INFO - Had find the element ' 窗口登记 ' successful by xpath via value: //body/div[2]/div/div/div/div[1]/div[2]/div[2]/table/tbody/tr/td[5]/div/a[1]/font 
2018-09-13 11:15:04,757 - BasePage - INFO - The element ' 窗口登记 ' was clicked.
2018-09-13 11:15:04,760 - BasePage - INFO - had came back to the main frame
2018-09-13 11:15:05,772 - BasePage - INFO - switch to second window:CDwindow-072931553581B3598109302FD8C66DB3 
2018-09-13 11:15:06,923 - BasePage - INFO - hand wait and changed frame
2018-09-13 11:15:06,946 - BasePage - INFO - Had find the element '  ' successful by xpath via value: //*[@id="selectCustQY"] 
2018-09-13 11:15:07,048 - BasePage - INFO - The element '  ' was clicked.
2018-09-13 11:15:07,053 - BasePage - INFO - had came back to the main frame
2018-09-13 11:15:07,281 - BasePage - INFO - hand wait and changed frame
2018-09-13 11:15:07,458 - BasePage - INFO - had wait for the element: 
2018-09-13 11:15:07,500 - BasePage - INFO - Had find the element '  ' successful by xpath via value: //*[@id="datagrid-row-r1-1-4"]/td[2]/div/input 
2018-09-13 11:15:07,586 - BasePage - INFO - The element '  ' was clicked.
2018-09-13 11:15:07,613 - BasePage - INFO - Had find the element '  ' successful by xpath via value: //*[@id="selectedButton"] 
2018-09-13 11:15:07,746 - BasePage - INFO - The element '  ' was clicked.
2018-09-13 11:15:07,749 - BasePage - INFO - had came back to the main frame
2018-09-13 11:15:07,760 - BasePage - INFO - had changed the frame
2018-09-13 11:15:07,776 - BasePage - INFO - had wait for the element input value:橡皮有限公司
2018-09-13 11:15:07,781 - BasePage - INFO - had scroll to the foot
2018-09-13 11:15:07,808 - BasePage - INFO - Had find the element '  ' successful by xpath via value: //*[@id="custContactPerson"] 
2018-09-13 11:15:07,886 - BasePage - INFO - Had type ' damon ' in inputBox
2018-09-13 11:15:07,913 - BasePage - INFO - Had find the element '  ' successful by xpath via value: //*[@id="idCard"] 
2018-09-13 11:15:08,072 - BasePage - INFO - Had type ' 362421199303019322 ' in inputBox
2018-09-13 11:15:08,097 - BasePage - INFO - Had find the element '  ' successful by xpath via value: //*[@id="custMobile"] 
2018-09-13 11:15:08,182 - BasePage - INFO - Had type ' 13148907967 ' in inputBox
2018-09-13 11:15:08,184 - BasePage - INFO - had came back to the main frame
2018-09-13 11:15:08,207 - BasePage - INFO - Had find the element ' 保存 ' successful by id via value: doSave 
2018-09-13 11:15:08,311 - BasePage - INFO - The element ' 保存 ' was clicked.
2018-09-13 11:15:11,344 - BasePage - INFO - Had find the element ' 进入材料审核 ' successful by id via value: doSend 
2018-09-13 11:15:11,352 - BasePage - INFO - The element_text is: 进入材料审核
2018-09-13 11:15:11,378 - BasePage - INFO - Had find the element ' 申报材料 ' successful by id via value: nav_sbcl 
2018-09-13 11:15:11,449 - BasePage - INFO - The element ' 申报材料 ' was clicked.
2018-09-13 11:15:11,493 - BasePage - INFO - hand wait and changed frame
2018-09-13 11:15:11,614 - BasePage - INFO - had wait for the element: 上传额外材料
2018-09-13 11:15:11,627 - BasePage - INFO - Had find the element ' 上传额外材料 ' successful by xpath via value: //*[@id="subWrap"]/div[1]/div/div/div/div[1]/a[1] 
2018-09-13 11:15:11,786 - BasePage - INFO - The element ' 上传额外材料 ' was clicked.
2018-09-13 11:15:11,794 - BasePage - INFO - had came back to the main frame
2018-09-13 11:15:11,911 - BasePage - INFO - hand wait and changed frame
2018-09-13 11:15:11,943 - BasePage - INFO - Had find the element ' 请选择文件 ' successful by xpath via value: //*[@id="i_select_files"]/div 
2018-09-13 11:15:12,011 - BasePage - INFO - The element ' 请选择文件 ' was clicked.
2018-09-13 11:15:17,472 - BasePage - INFO - Had find the element ' 开始上传 ' successful by xpath via value: /html/body/button[1] 
2018-09-13 11:15:17,539 - BasePage - INFO - The element ' 开始上传 ' was clicked.
2018-09-13 11:15:20,546 - BasePage - INFO - had came back to the main frame
2018-09-13 11:15:20,616 - BasePage - INFO - Had find the element ' × ' successful by xpath via value: /html/body/div[6]/div/table/tbody/tr[1]/td/button 
2018-09-13 11:15:20,690 - BasePage - INFO - The element ' × ' was clicked.
2018-09-13 11:15:20,705 - BasePage - INFO - had changed the frame
2018-09-13 11:15:21,775 - BasePage - INFO - Had find the element ' 请选择
合格
不合格
免交 ' successful by id via value: auditResult0 
2018-09-13 11:15:21,834 - BasePage - INFO - had select 合格
2018-09-13 11:15:21,860 - BasePage - INFO - Had find the element '  ' successful by xpath via value: //*[@id="datagrid-row-r1-2-0"]/td[9]/div/input 
2018-09-13 11:15:21,915 - BasePage - INFO - Had type ' 审核通过 ' in inputBox
2018-09-13 11:15:21,941 - BasePage - INFO - Had find the element ' 纸质材料齐全 ' successful by xpath via value: //*[@id="subWrap"]/div[1]/div/div/div/div[1]/a[2] 
2018-09-13 11:15:22,154 - BasePage - INFO - The element ' 纸质材料齐全 ' was clicked.
2018-09-13 11:15:22,158 - BasePage - INFO - had came back to the main frame
2018-09-13 11:15:22,282 - BasePage - INFO - hand wait and changed frame
2018-09-13 11:15:22,317 - BasePage - INFO - Had find the element '  ' successful by id via value: contents 
2018-09-13 11:15:22,399 - BasePage - INFO - Had type ' 纸质材料收集完毕 ' in inputBox
2018-09-13 11:15:22,423 - BasePage - INFO - Had find the element ' 保存 ' successful by id via value: savePaperStuff 
2018-09-13 11:15:22,506 - BasePage - INFO - The element ' 保存 ' was clicked.
2018-09-13 11:15:23,013 - BasePage - INFO - had wait for the alert
2018-09-13 11:15:23,042 - BasePage - INFO - closed alert and alert message is 保存成功
2018-09-13 11:15:23,068 - BasePage - INFO - had came back to the main frame
2018-09-13 11:15:23,080 - BasePage - INFO - had changed the frame
2018-09-13 11:15:23,106 - BasePage - INFO - Had find the element '         请选择审核结果
        合格
        不合格
        信任后补
        免交
        ' successful by id via value: attaStatusSelect 
2018-09-13 11:15:23,159 - BasePage - INFO - had select 合格
2018-09-13 11:15:23,165 - BasePage - INFO - had came back to the main frame
2018-09-13 11:15:23,177 - BasePage - INFO - Had find the element ' 进入材料审核 ' successful by id via value: doSend 
2018-09-13 11:15:24,278 - BasePage - INFO - The element ' 进入材料审核 ' was clicked.
2018-09-13 11:15:27,557 - BasePage - INFO - Had find the element ' 进入受理 ' successful by id via value: doSend 
2018-09-13 11:15:27,676 - BasePage - INFO - The element_text is: 进入受理
2018-09-13 11:15:27,896 - BasePage - INFO - Had find the element ' 同意审核 ' successful by id via value: doSave 
2018-09-13 11:15:29,325 - BasePage - INFO - The element ' 同意审核 ' was clicked.
2018-09-13 11:15:30,375 - BasePage - INFO - Had find the element ' 进入受理 ' successful by id via value: doSend 
2018-09-13 11:15:31,284 - BasePage - INFO - The element ' 进入受理 ' was clicked.
2018-09-13 11:15:35,682 - BasePage - INFO - Had find the element ' 进入承办 ' successful by id via value: doSend 
2018-09-13 11:15:35,773 - BasePage - INFO - The element_text is: 进入承办
2018-09-13 11:15:35,860 - BasePage - INFO - Had find the element ' 受理 ' successful by id via value: doSave 
2018-09-13 11:15:40,925 - BasePage - INFO - The element ' 受理 ' was clicked.
2018-09-13 11:15:41,949 - BasePage - INFO - had wait for the alert
2018-09-13 11:15:41,971 - BasePage - INFO - closed alert and alert message is 受理之后，办件开始倒计时。
2018-09-13 11:15:43,284 - BasePage - INFO - Had find the element ' 进入承办 ' successful by id via value: doSend 
2018-09-13 11:15:43,466 - BasePage - INFO - The element ' 进入承办 ' was clicked.
2018-09-13 11:15:44,531 - BasePage - INFO - Had find the element ' 跳过 ' successful by xpath via value: //button[text()="跳过"] 
2018-09-13 11:15:45,229 - BasePage - INFO - The element ' 跳过 ' was clicked.
2018-09-13 11:15:49,169 - BasePage - INFO - Had find the element ' 转入审核 ' successful by id via value: doSend 
2018-09-13 11:15:49,249 - BasePage - INFO - The element_text is: 转入审核
2018-09-13 11:15:49,381 - BasePage - INFO - Had find the element ' 保存承办 ' successful by id via value: doSave 
2018-09-13 11:15:50,709 - BasePage - INFO - The element ' 保存承办 ' was clicked.
2018-09-13 11:15:51,758 - BasePage - INFO - Had find the element ' 转入审核 ' successful by id via value: doSend 
2018-09-13 11:15:52,573 - BasePage - INFO - The element ' 转入审核 ' was clicked.
2018-09-13 11:15:56,527 - BasePage - INFO - Had find the element ' 进入批准 ' successful by id via value: doSend 
2018-09-13 11:15:56,551 - BasePage - INFO - The element_text is: 进入批准
2018-09-13 11:15:56,638 - BasePage - INFO - Had find the element ' 保存审核 ' successful by id via value: doSave 
2018-09-13 11:15:57,841 - BasePage - INFO - The element ' 保存审核 ' was clicked.
2018-09-13 11:15:58,863 - BasePage - INFO - Had find the element ' 进入批准 ' successful by id via value: doSend 
2018-09-13 11:15:59,665 - BasePage - INFO - The element ' 进入批准 ' was clicked.
2018-09-13 11:16:03,681 - BasePage - INFO - Had find the element ' 办结 ' successful by id via value: doSend 
2018-09-13 11:16:03,736 - BasePage - INFO - The element_text is: 办结
2018-09-13 11:16:03,770 - BasePage - INFO - Had find the element ' 保存批准 ' successful by id via value: doSave 
2018-09-13 11:16:05,092 - BasePage - INFO - The element ' 保存批准 ' was clicked.
2018-09-13 11:16:06,148 - BasePage - INFO - Had find the element ' 办结 ' successful by id via value: doSend 
2018-09-13 11:16:07,085 - BasePage - INFO - The element ' 办结 ' was clicked.
2018-09-13 11:16:10,821 - BasePage - INFO - Had find the element ' 下一步 ' successful by id via value: doSend 
2018-09-13 11:16:10,827 - BasePage - INFO - The element_text is: 下一步
2018-09-13 11:16:10,846 - BasePage - INFO - Had find the element ' 保存内部审批完成意见 ' successful by id via value: doSave 
2018-09-13 11:16:12,409 - BasePage - INFO - The element ' 保存内部审批完成意见 ' was clicked.
2018-09-13 11:16:13,468 - BasePage - INFO - Had find the element ' 下一步 ' successful by id via value: doSend 
2018-09-13 11:16:14,445 - BasePage - INFO - The element ' 下一步 ' was clicked.
2018-09-13 11:16:17,914 - BasePage - INFO - Had find the element ' 结束 ' successful by id via value: doSend 
2018-09-13 11:16:17,920 - BasePage - INFO - The element_text is: 结束
2018-09-13 11:16:17,940 - BasePage - INFO - Had find the element ' 出件 ' successful by id via value: doSave 
2018-09-13 11:16:18,047 - BasePage - INFO - The element ' 出件 ' was clicked.
2018-09-13 11:16:19,083 - BasePage - INFO - Had find the element ' 结束 ' successful by id via value: doSend 
2018-09-13 11:16:19,304 - BasePage - INFO - The element ' 结束 ' was clicked.
2018-09-13 11:16:20,338 - BasePage - INFO - Had find the element ' 跳过 ' successful by xpath via value: //button[text()="跳过"] 
2018-09-13 11:16:20,958 - BasePage - INFO - The element ' 跳过 ' was clicked.
