2018-10-24 14:46:24,529 - BrowserEngine - INFO - you had select Chrome browser.
2018-10-24 14:46:24,529 - BrowserEngine - INFO - The test server url is:http://192.168.0.133:7001/ApprBase
2018-10-24 14:46:29,243 - BrowserEngine - INFO - Starting chrome browser.
2018-10-24 14:46:29,750 - BrowserEngine - INFO - Open url:http://192.168.0.133:7001/ApprBase
2018-10-24 14:46:30,921 - BrowserEngine - INFO - Maxmize the current window.
2018-10-24 14:46:30,921 - BrowserEngine - INFO - Set implicitly wait 8 seconds.
2018-10-24 14:46:30,950 - BasePage - INFO - Had find the element '  ' successful by id via value: j_username 
2018-10-24 14:46:31,003 - BasePage - INFO - Had type ' admin ' in inputBox
2018-10-24 14:46:31,030 - BasePage - INFO - Had find the element '  ' successful by id via value: j_password 
2018-10-24 14:46:31,096 - BasePage - INFO - Had type ' abc123456 ' in inputBox
2018-10-24 14:46:31,125 - BasePage - INFO - Had find the element ' 登    录 ' successful by xpath via value: //*[@id='login-tabs-item']/div/div[2]/div/div[1]/div/a[1] 
2018-10-24 14:46:31,414 - BasePage - INFO - The element ' 登    录 ' was clicked.
2018-10-24 14:46:32,036 - BasePage - INFO - had wait for the element: 欢迎您！
2018-10-24 14:46:32,062 - BasePage - INFO - Had find the element '  ' successful by xpath via value: //a[@href='/ApprSupport/appr/flow/apprStep/toApprLayerStepList.do'] 
2018-10-24 14:46:32,082 - BasePage - INFO - had click the button:
2018-10-24 14:46:33,130 - BasePage - INFO - Had find the element '  ' successful by xpath via value: //iframe[@src='/ApprSupport/appr/flow/apprStep/toApprLayerStepList.do'] 
2018-10-24 14:46:33,131 - BasePage - INFO - had came back to the main frame
2018-10-24 14:46:33,151 - BasePage - INFO - had changed the frame
2018-10-24 14:46:33,177 - BasePage - INFO - Had find the element ' 新增步骤 ' successful by xpath via value: //span[contains(text(),'新增步骤')] 
2018-10-24 14:46:33,295 - BasePage - INFO - The element ' 新增步骤 ' was clicked.
2018-10-24 14:46:33,298 - BasePage - INFO - had came back to the main frame
2018-10-24 14:46:33,351 - BasePage - INFO - had wait and changed frame
2018-10-24 14:46:34,424 - BasePage - INFO - Had find the element '  ' successful by id via value: stepName 
2018-10-24 14:46:34,499 - BasePage - INFO - Had type ' 自动化步骤 ' in inputBox
2018-10-24 14:46:34,525 - BasePage - INFO - Had find the element '        ---请选择---
       国家级
       省级
       地市级
       区县级
       镇街级
       村居级
       ' successful by id via value: areaLevel 
2018-10-24 14:46:34,628 - BasePage - INFO - The element '        ---请选择---
       国家级
       省级
       地市级
       区县级
       镇街级
       村居级
       ' was clicked.
2018-10-24 14:46:35,706 - BasePage - INFO - Had find the element ' 地市级 ' successful by xpath via value: //option[@value='2'] 
2018-10-24 14:46:35,752 - BasePage - INFO - The element ' 地市级 ' was clicked.
2018-10-24 14:46:35,779 - BasePage - INFO - Had find the element '  ' successful by id via value: selectUnit 
2018-10-24 14:46:35,877 - BasePage - INFO - The element '  ' was clicked.
2018-10-24 14:46:36,885 - BasePage - INFO - had came back to the main frame
2018-10-24 14:46:36,964 - BasePage - INFO - had wait and changed frame
2018-10-24 14:46:37,000 - BasePage - INFO - Had find the element '  ' successful by id via value: unitName 
2018-10-24 14:46:37,056 - BasePage - INFO - Had type ' 测试科 ' in inputBox
2018-10-24 14:46:37,085 - BasePage - INFO - Had find the element '  ' successful by xpath via value: //input[@value='查 询'] 
2018-10-24 14:46:37,171 - BasePage - INFO - The element '  ' was clicked.
2018-10-24 14:46:39,242 - BasePage - INFO - Had find the element '  ' successful by xpath via value: //input[@name='ck'] 
2018-10-24 14:46:39,342 - BasePage - INFO - The element '  ' was clicked.
2018-10-24 14:46:39,404 - BasePage - INFO - Had find the element '  ' successful by xpath via value: //input[@value='确定'] 
2018-10-24 14:46:39,476 - BasePage - INFO - The element '  ' was clicked.
2018-10-24 14:46:40,486 - BasePage - INFO - had came back to the main frame
2018-10-24 14:46:40,542 - BasePage - INFO - had wait and changed frame
2018-10-24 14:46:40,578 - BasePage - INFO - Had find the element '  ' successful by id via value: stepDesc 
2018-10-24 14:46:40,635 - BasePage - INFO - Had type ' 测试专用步骤 ' in inputBox
2018-10-24 14:46:40,664 - BasePage - INFO - Had find the element '  ' successful by id via value: sumbitButton 
2018-10-24 14:46:40,734 - BasePage - INFO - The element '  ' was clicked.
2018-10-24 14:46:42,789 - BasePage - INFO - Had find the element ' 新增业务步骤成功! ' successful by xpath via value: //div[@class='messager-body panel-body panel-body-noborder window-body'] 
2018-10-24 14:46:42,798 - BasePage - INFO - The element_text is: 新增业务步骤成功!
2018-10-24 14:46:42,828 - BasePage - INFO - Had find the element ' 确定 ' successful by xpath via value: //span[contains(text(),'确定')] 
2018-10-24 14:46:42,903 - BasePage - INFO - The element ' 确定 ' was clicked.
2018-10-24 14:46:45,085 - BasePage - INFO - Had find the element '  ' successful by xpath via value: //a[@href='/ApprSupport/appr/flow/apprStep/toApprLayerStepList.do'] 
2018-10-24 14:46:45,107 - BasePage - INFO - had click the button:
2018-10-24 14:46:46,181 - BasePage - INFO - Had find the element '  ' successful by xpath via value: //iframe[@src='/ApprSupport/appr/flow/apprStep/toApprLayerStepList.do'] 
2018-10-24 14:46:46,187 - BasePage - INFO - had came back to the main frame
2018-10-24 14:46:46,210 - BasePage - INFO - had changed the frame
2018-10-24 14:46:46,236 - BasePage - INFO - Had find the element '  ' successful by id via value: stepName 
2018-10-24 14:46:46,299 - BasePage - INFO - Had type ' 自动化步骤 ' in inputBox
2018-10-24 14:46:46,322 - BasePage - INFO - Had find the element '  ' successful by xpath via value: //input[@value='查 询'] 
2018-10-24 14:46:46,404 - BasePage - INFO - The element '  ' was clicked.
2018-10-24 14:46:48,483 - BasePage - INFO - Had find the element ' 自动化步骤 ' successful by xpath via value: //tr[@id='datagrid-row-r1-2-0']//td[@field='stepName'] 
2018-10-24 14:46:48,493 - BasePage - INFO - The element_text is: 自动化步骤
2018-10-24 14:46:50,674 - BasePage - INFO - Had find the element '  ' successful by xpath via value: //a[@href='/ApprSupport/appr/flow/apprStep/toApprLayerStepList.do'] 
2018-10-24 14:46:50,697 - BasePage - INFO - had click the button:
2018-10-24 14:46:51,765 - BasePage - INFO - Had find the element '  ' successful by xpath via value: //iframe[@src='/ApprSupport/appr/flow/apprStep/toApprLayerStepList.do'] 
2018-10-24 14:46:51,769 - BasePage - INFO - had came back to the main frame
2018-10-24 14:46:51,803 - BasePage - INFO - had changed the frame
2018-10-24 14:46:51,829 - BasePage - INFO - Had find the element '  ' successful by xpath via value: //a[@class='textbox-icon combo-arrow'] 
2018-10-24 14:46:51,926 - BasePage - INFO - The element '  ' was clicked.
2018-10-24 14:46:52,987 - BasePage - INFO - Had find the element '  ' successful by xpath via value: //div[@id='_easyui_tree_2']//span[@class='tree-hit tree-collapsed'] 
2018-10-24 14:46:53,009 - BasePage - INFO - had click the button:
2018-10-24 14:46:54,089 - BasePage - INFO - Had find the element ' 潮州市 ' successful by xpath via value: // span[contains(text(), '潮州市')] 
2018-10-24 14:46:54,180 - BasePage - INFO - The element ' 潮州市 ' was clicked.
2018-10-24 14:46:54,210 - BasePage - INFO - Had find the element '  ' successful by xpath via value: //input[@value='查 询'] 
2018-10-24 14:46:54,286 - BasePage - INFO - The element '  ' was clicked.
2018-10-24 14:46:56,359 - BasePage - INFO - Had find the element ' 自动化查询步骤 ' successful by xpath via value: //tr[@id='datagrid-row-r1-2-0']//td[@field='stepName'] 
2018-10-24 14:46:56,372 - BasePage - INFO - The element_text is: 自动化查询步骤
2018-10-24 14:46:58,562 - BasePage - INFO - Had find the element '  ' successful by xpath via value: //a[@href='/ApprSupport/appr/flow/apprStep/toApprLayerStepList.do'] 
2018-10-24 14:46:58,585 - BasePage - INFO - had click the button:
2018-10-24 14:46:59,654 - BasePage - INFO - Had find the element '  ' successful by xpath via value: //iframe[@src='/ApprSupport/appr/flow/apprStep/toApprLayerStepList.do'] 
2018-10-24 14:46:59,658 - BasePage - INFO - had came back to the main frame
2018-10-24 14:46:59,683 - BasePage - INFO - had changed the frame
2018-10-24 14:46:59,709 - BasePage - INFO - Had find the element '  ' successful by xpath via value: //td[contains(text(),'所属单位')]//following-sibling::td//a[@class='textbox-icon combo-arrow'] 
2018-10-24 14:46:59,848 - BasePage - INFO - The element '  ' was clicked.
2018-10-24 14:47:00,923 - BasePage - INFO - Had find the element ' 自动化单位 ' successful by xpath via value: //span[contains(text(),'自动化单位')] 
2018-10-24 14:47:01,005 - BasePage - INFO - The element ' 自动化单位 ' was clicked.
2018-10-24 14:47:01,032 - BasePage - INFO - Had find the element '  ' successful by xpath via value: //input[@value='查 询'] 
2018-10-24 14:47:01,105 - BasePage - INFO - The element '  ' was clicked.
2018-10-24 14:47:03,165 - BasePage - INFO - Had find the element ' 自动化查询步骤 ' successful by xpath via value: //tr[@id='datagrid-row-r1-2-0']//td[@field='stepName'] 
2018-10-24 14:47:03,177 - BasePage - INFO - The element_text is: 自动化查询步骤
2018-10-24 14:47:05,394 - BasePage - INFO - Had find the element '  ' successful by xpath via value: //a[@href='/ApprSupport/appr/flow/apprStep/toApprLayerStepList.do'] 
2018-10-24 14:47:05,417 - BasePage - INFO - had click the button:
2018-10-24 14:47:06,461 - BasePage - INFO - Had find the element '  ' successful by xpath via value: //iframe[@src='/ApprSupport/appr/flow/apprStep/toApprLayerStepList.do'] 
2018-10-24 14:47:06,467 - BasePage - INFO - had came back to the main frame
2018-10-24 14:47:06,490 - BasePage - INFO - had changed the frame
2018-10-24 14:47:06,515 - BasePage - INFO - Had find the element '  ' successful by id via value: stepName 
2018-10-24 14:47:06,582 - BasePage - INFO - Had type ' 自动化步骤 ' in inputBox
2018-10-24 14:47:06,605 - BasePage - INFO - Had find the element '  ' successful by xpath via value: //input[@value='查 询'] 
2018-10-24 14:47:06,684 - BasePage - INFO - The element '  ' was clicked.
2018-10-24 14:47:08,749 - BasePage - INFO - Had find the element ' 自动化步骤 ' successful by xpath via value: //tr[@id='datagrid-row-r1-2-0']//td[@field='stepName'] 
2018-10-24 14:47:08,884 - BasePage - INFO - The element ' 自动化步骤 ' was clicked.
2018-10-24 14:47:08,937 - BasePage - INFO - Had find the element ' 编辑步骤 ' successful by xpath via value: //span[contains(text(),'编辑步骤')] 
2018-10-24 14:47:09,023 - BasePage - INFO - The element ' 编辑步骤 ' was clicked.
2018-10-24 14:47:11,026 - BasePage - INFO - had came back to the main frame
2018-10-24 14:47:11,059 - BasePage - INFO - had wait and changed frame
2018-10-24 14:47:11,078 - BasePage - INFO - Had find the element '  ' successful by id via value: stepName 
2018-10-24 14:47:11,161 - BasePage - INFO - Had type ' 自动步骤 ' in inputBox
2018-10-24 14:47:11,198 - BasePage - INFO - Had find the element '        ---请选择---
       国家级
       省级
       地市级
       区县级
       镇街级
       村居级
       ' successful by id via value: areaLevel 
2018-10-24 14:47:11,289 - BasePage - INFO - The element '        ---请选择---
       国家级
       省级
       地市级
       区县级
       镇街级
       村居级
       ' was clicked.
2018-10-24 14:47:12,357 - BasePage - INFO - Had find the element ' 区县级 ' successful by xpath via value: //option[@value='3'] 
2018-10-24 14:47:12,395 - BasePage - INFO - The element ' 区县级 ' was clicked.
2018-10-24 14:47:12,421 - BasePage - INFO - Had find the element '  ' successful by id via value: sumbitButton 
2018-10-24 14:47:12,496 - BasePage - INFO - The element '  ' was clicked.
2018-10-24 14:47:14,561 - BasePage - INFO - Had find the element ' 编辑业务步骤成功! ' successful by xpath via value: //div[@class='messager-body panel-body panel-body-noborder window-body'] 
2018-10-24 14:47:14,573 - BasePage - INFO - The element_text is: 编辑业务步骤成功!
2018-10-24 14:47:14,599 - BasePage - INFO - Had find the element ' 确定 ' successful by xpath via value: //span[contains(text(),'确定')] 
2018-10-24 14:47:14,677 - BasePage - INFO - The element ' 确定 ' was clicked.
2018-10-24 14:47:16,878 - BasePage - INFO - Had find the element '  ' successful by xpath via value: //a[@href='/ApprSupport/appr/flow/apprStep/toApprLayerStepList.do'] 
2018-10-24 14:47:16,914 - BasePage - INFO - had click the button:
2018-10-24 14:47:17,983 - BasePage - INFO - Had find the element '  ' successful by xpath via value: //iframe[@src='/ApprSupport/appr/flow/apprStep/toApprLayerStepList.do'] 
2018-10-24 14:47:17,987 - BasePage - INFO - had came back to the main frame
2018-10-24 14:47:18,010 - BasePage - INFO - had changed the frame
2018-10-24 14:47:18,029 - BasePage - INFO - Had find the element '  ' successful by id via value: stepName 
2018-10-24 14:47:18,095 - BasePage - INFO - Had type ' 自动步骤 ' in inputBox
2018-10-24 14:47:18,115 - BasePage - INFO - Had find the element '  ' successful by xpath via value: //input[@value='查 询'] 
2018-10-24 14:47:18,190 - BasePage - INFO - The element '  ' was clicked.
2018-10-24 14:47:20,250 - BasePage - INFO - Had find the element ' 自动步骤 ' successful by xpath via value: //tr[@id='datagrid-row-r1-2-0']//td[@field='stepName'] 
2018-10-24 14:47:20,381 - BasePage - INFO - The element ' 自动步骤 ' was clicked.
2018-10-24 14:47:20,433 - BasePage - INFO - Had find the element ' 删除步骤 ' successful by xpath via value: //span[contains(text(),'删除步骤')] 
2018-10-24 14:47:20,516 - BasePage - INFO - The element ' 删除步骤 ' was clicked.
2018-10-24 14:47:21,582 - BasePage - INFO - Had find the element ' 确定 ' successful by xpath via value: //span[contains(text(),'确定')] 
2018-10-24 14:47:21,674 - BasePage - INFO - The element ' 确定 ' was clicked.
2018-10-24 14:47:22,759 - BasePage - INFO - Had find the element ' 删除业务步骤失败！ ' successful by xpath via value: //div[@class='messager-body panel-body panel-body-noborder window-body'] 
2018-10-24 14:47:22,776 - BasePage - INFO - The element_text is: 删除业务步骤失败！
2018-10-24 14:47:22,805 - BasePage - INFO - Had find the element ' 确定 ' successful by xpath via value: //span[contains(text(),'确定')] 
2018-10-24 14:47:22,868 - BasePage - INFO - The element ' 确定 ' was clicked.
2018-10-24 14:47:23,203 - BasePage - INFO - Had take screenshot and save to folder : /screenshots
