2019-01-03 17:41:53,701 - BrowserEngine - INFO - you had select Chrome browser.
2019-01-03 17:41:53,701 - BrowserEngine - INFO - The test server url is:http://192.168.0.133:7001/ApprBase/login.do?method=ApprBase
2019-01-03 17:41:58,142 - BrowserEngine - INFO - Starting chrome browser.
2019-01-03 17:41:58,599 - BrowserEngine - INFO - Open url:http://192.168.0.133:7001/ApprBase/login.do?method=ApprBase
2019-01-03 17:41:59,710 - BrowserEngine - INFO - Maxmize the current window.
2019-01-03 17:41:59,714 - BrowserEngine - INFO - Set implicitly wait 8 seconds.
2019-01-03 17:41:59,767 - BasePage - INFO - Had find the element '  ' successful by id via value: j_username 
2019-01-03 17:41:59,822 - BasePage - INFO - Had type ' ceshi1 ' in inputBox
2019-01-03 17:41:59,845 - BasePage - INFO - Had find the element '  ' successful by id via value: j_password 
2019-01-03 17:41:59,907 - BasePage - INFO - Had type ' abc123456! ' in inputBox
2019-01-03 17:41:59,931 - BasePage - INFO - Had find the element ' 登    录 ' successful by xpath via value: //*[@id='login-tabs-item']/div/div[2]/div/div[1]/div/a[1] 
2019-01-03 17:42:00,249 - BasePage - INFO - The element ' 登    录 ' was clicked.
2019-01-03 17:42:02,331 - BasePage - INFO - had wait for the element: 欢迎您！
2019-01-03 17:42:02,364 - BasePage - INFO - Had find the element '  ' successful by xpath via value: //a[@href="/ApprSynthesis/appr/synthesis/register/loadSynthesizePage.do"] 
2019-01-03 17:42:02,387 - BasePage - INFO - had click the button:
2019-01-03 17:42:04,440 - BasePage - INFO - Had find the element '  ' successful by xpath via value: //iframe[@src="/ApprSynthesis/appr/synthesis/register/loadSynthesizePage.do"] 
2019-01-03 17:42:04,444 - BasePage - INFO - had came back to the main frame
2019-01-03 17:42:04,466 - BasePage - INFO - had changed the frame
2019-01-03 17:42:04,500 - BasePage - INFO - had wait for the element: 2010828
测试局-子部门_测试局（时限：12）
广东省
限时办结
广东省
窗口登记
2019-01-03 17:42:04,526 - BasePage - INFO - Had find the element ' 窗口登记 ' successful by xpath via value: //*[@id="datagrid-row-r1-2-39dd82f4753b4dda97da1797af0a3f33"]/td[7]/div/a/font 
2019-01-03 17:42:04,721 - BasePage - INFO - The element ' 窗口登记 ' was clicked.
2019-01-03 17:42:04,726 - BasePage - INFO - had came back to the main frame
2019-01-03 17:42:05,740 - BasePage - INFO - switch to second window:CDwindow-B36B9C2A576CAA6800BD14ACE622955D 
2019-01-03 17:42:06,805 - BasePage - INFO - had came back to the main frame
2019-01-03 17:42:06,841 - BasePage - INFO - had wait and changed frame
2019-01-03 17:42:07,888 - BasePage - INFO - Had find the element '  ' successful by xpath via value: //input[@value='为个人办理'] 
2019-01-03 17:42:07,966 - BasePage - INFO - The element '  ' was clicked.
2019-01-03 17:42:09,028 - BasePage - INFO - Had find the element '  ' successful by xpath via value: //input[@value='选择申请人'] 
2019-01-03 17:42:09,134 - BasePage - INFO - The element '  ' was clicked.
2019-01-03 17:42:11,144 - BasePage - INFO - had came back to the main frame
2019-01-03 17:42:11,174 - BasePage - INFO - had changed the frame
2019-01-03 17:42:11,219 - BasePage - INFO - Had find the element '  ' successful by xpath via value: //*[@id='datagrid-row-r1-1-0']/td[2]/div/input 
2019-01-03 17:42:11,296 - BasePage - INFO - The element '  ' was clicked.
2019-01-03 17:42:11,321 - BasePage - INFO - Had find the element '  ' successful by xpath via value: //*[@id="selectedButton"] 
2019-01-03 17:42:11,394 - BasePage - INFO - The element '  ' was clicked.
2019-01-03 17:42:13,401 - BasePage - INFO - had came back to the main frame
2019-01-03 17:42:13,459 - BasePage - INFO - Had find the element ' 保 存 ' successful by id via value: doSave 
2019-01-03 17:42:13,707 - BasePage - INFO - The element ' 保 存 ' was clicked.
2019-01-03 17:42:17,729 - BasePage - INFO - had came back to the main frame
2019-01-03 17:42:17,756 - BasePage - INFO - had changed the frame
2019-01-03 17:42:17,799 - BasePage - INFO - Had find the element '  ' successful by xpath via value: //td/input[@id="controlSeq"] 
2019-01-03 17:42:17,806 - BasePage - INFO - the input_text is:2019133377
2019-01-03 17:42:17,809 - BasePage - INFO - had came back to the main frame
2019-01-03 17:42:17,832 - BasePage - INFO - Had find the element ' 下一步 ' successful by id via value: doSend 
2019-01-03 17:42:17,839 - BasePage - INFO - The element_text is: 下一步
2019-01-03 17:42:17,865 - BasePage - INFO - Had find the element ' 申报材料 ' successful by id via value: nav_sbcl 
2019-01-03 17:42:17,924 - BasePage - INFO - The element ' 申报材料 ' was clicked.
2019-01-03 17:42:17,927 - BasePage - INFO - had came back to the main frame
2019-01-03 17:42:17,957 - BasePage - INFO - had wait and changed frame
2019-01-03 17:42:19,032 - BasePage - INFO - Had find the element ' 纸质材料齐全 ' successful by xpath via value: //*[@id="subWrap"]/div[1]/div/div/div/div[1]/a[2] 
2019-01-03 17:42:19,295 - BasePage - INFO - The element ' 纸质材料齐全 ' was clicked.
2019-01-03 17:42:19,302 - BasePage - INFO - had came back to the main frame
2019-01-03 17:42:19,305 - BasePage - INFO - had came back to the main frame
2019-01-03 17:42:19,474 - BasePage - INFO - had wait and changed frame
2019-01-03 17:42:19,517 - BasePage - INFO - Had find the element '  ' successful by id via value: contents 
2019-01-03 17:42:19,569 - BasePage - INFO - Had type ' 纸质材料收集完毕 ' in inputBox
2019-01-03 17:42:19,602 - BasePage - INFO - Had find the element ' 保存 ' successful by id via value: savePaperStuff 
2019-01-03 17:42:19,680 - BasePage - INFO - The element ' 保存 ' was clicked.
2019-01-03 17:42:20,187 - BasePage - INFO - had wait for the alert
2019-01-03 17:42:20,197 - BasePage - INFO - closed alert and alert message is 保存成功
2019-01-03 17:42:20,232 - BasePage - INFO - had came back to the main frame
2019-01-03 17:42:20,234 - BasePage - INFO - had came back to the main frame
2019-01-03 17:42:20,246 - BasePage - INFO - had changed the frame
2019-01-03 17:42:20,275 - BasePage - INFO - Had find the element '         请选择审核结果
        合格
        不合格
        
        
         免交
        
        ' successful by id via value: attaStatusSelect 
2019-01-03 17:42:20,326 - BasePage - INFO - had select 合格
2019-01-03 17:42:20,329 - BasePage - INFO - had came back to the main frame
2019-01-03 17:42:21,381 - BasePage - INFO - Had find the element ' 下一步 ' successful by id via value: doSend 
2019-01-03 17:42:22,003 - BasePage - INFO - The element ' 下一步 ' was clicked.
2019-01-03 17:42:22,036 - BasePage - INFO - Had find the element ' 确定 ' successful by xpath via value: //button[text()="确定"] 
2019-01-03 17:42:26,200 - BasePage - INFO - The element ' 确定 ' was clicked.
2019-01-03 17:42:29,263 - BasePage - INFO - Had find the element ' 进入受理 ' successful by id via value: doSend 
2019-01-03 17:42:29,270 - BasePage - INFO - The element_text is: 进入受理
2019-01-03 17:42:29,296 - BasePage - INFO - Had find the element ' 同意审核 ' successful by id via value: doSave 
2019-01-03 17:42:31,413 - BasePage - INFO - The element ' 同意审核 ' was clicked.
2019-01-03 17:42:32,471 - BasePage - INFO - Had find the element ' 进入受理 ' successful by id via value: doSend 
2019-01-03 17:42:34,239 - BasePage - INFO - The element ' 进入受理 ' was clicked.
2019-01-03 17:42:38,217 - BasePage - INFO - Had find the element ' 进入承办 ' successful by id via value: doSend 
2019-01-03 17:42:38,224 - BasePage - INFO - The element_text is: 进入承办
2019-01-03 17:42:38,247 - BasePage - INFO - Had find the element ' 受理 ' successful by id via value: doSave 
2019-01-03 17:42:38,299 - BasePage - INFO - The element ' 受理 ' was clicked.
2019-01-03 17:42:39,302 - BasePage - INFO - had wait for the alert
2019-01-03 17:42:39,312 - BasePage - INFO - closed alert and alert message is 受理之后，办件开始倒计时。
2019-01-03 17:42:39,578 - BasePage - INFO - Had find the element ' 进入承办 ' successful by id via value: doSend 
2019-01-03 17:42:45,351 - BasePage - INFO - The element ' 进入承办 ' was clicked.
2019-01-03 17:42:48,408 - BasePage - INFO - Had find the element ' 转入审核 ' successful by id via value: doSend 
2019-01-03 17:42:48,418 - BasePage - INFO - The element_text is: 转入审核
2019-01-03 17:42:48,443 - BasePage - INFO - Had find the element ' 保存承办 ' successful by id via value: doSave 
2019-01-03 17:42:50,589 - BasePage - INFO - The element ' 保存承办 ' was clicked.
2019-01-03 17:42:51,657 - BasePage - INFO - Had find the element ' 转入审核 ' successful by id via value: doSend 
2019-01-03 17:42:53,203 - BasePage - INFO - The element ' 转入审核 ' was clicked.
2019-01-03 17:42:57,365 - BasePage - INFO - Had find the element ' 进入批准 ' successful by id via value: doSend 
2019-01-03 17:42:57,371 - BasePage - INFO - The element_text is: 进入批准
2019-01-03 17:42:57,391 - BasePage - INFO - Had find the element ' 保存审核 ' successful by id via value: doSave 
2019-01-03 17:42:57,802 - BasePage - INFO - The element ' 保存审核 ' was clicked.
2019-01-03 17:42:58,838 - BasePage - INFO - Had find the element ' 进入批准 ' successful by id via value: doSend 
2019-01-03 17:43:00,434 - BasePage - INFO - The element ' 进入批准 ' was clicked.
2019-01-03 17:43:04,582 - BasePage - INFO - Had find the element ' 办结 ' successful by id via value: doSend 
2019-01-03 17:43:04,588 - BasePage - INFO - The element_text is: 办结
2019-01-03 17:43:04,608 - BasePage - INFO - Had find the element ' 保存批准 ' successful by id via value: doSave 
2019-01-03 17:43:04,881 - BasePage - INFO - The element ' 保存批准 ' was clicked.
2019-01-03 17:43:05,933 - BasePage - INFO - Had find the element ' 办结 ' successful by id via value: doSend 
2019-01-03 17:43:07,509 - BasePage - INFO - The element ' 办结 ' was clicked.
2019-01-03 17:43:11,578 - BasePage - INFO - Had find the element ' 出件 ' successful by id via value: doSend 
2019-01-03 17:43:11,585 - BasePage - INFO - The element_text is: 出件
2019-01-03 17:43:11,903 - BasePage - INFO - Had take screenshot and save to folder : /screenshots
2019-01-03 17:43:11,930 - BasePage - INFO - Had find the element ' 保存内部审批完成意见 ' successful by id via value: doSave 
2019-01-03 17:43:14,165 - BasePage - INFO - The element ' 保存内部审批完成意见 ' was clicked.
2019-01-03 17:43:15,221 - BasePage - INFO - Had find the element ' 出件 ' successful by id via value: doSend 
2019-01-03 17:43:21,720 - BasePage - INFO - The element ' 出件 ' was clicked.
2019-01-03 17:43:24,763 - BasePage - INFO - Had find the element ' 结束 ' successful by id via value: doSend 
2019-01-03 17:43:24,770 - BasePage - INFO - The element_text is: 结束
2019-01-03 17:43:27,812 - BrowserEngine - INFO - you had select Chrome browser.
2019-01-03 17:43:27,812 - BrowserEngine - INFO - The test server url is:http://192.168.0.133:7001/ApprBase/login.do?method=ApprBase
2019-01-03 17:43:32,296 - BrowserEngine - INFO - Starting chrome browser.
2019-01-03 17:43:32,740 - BrowserEngine - INFO - Open url:http://192.168.0.133:7001/ApprBase/login.do?method=ApprBase
2019-01-03 17:43:33,848 - BrowserEngine - INFO - Maxmize the current window.
2019-01-03 17:43:33,849 - BrowserEngine - INFO - Set implicitly wait 8 seconds.
2019-01-03 17:43:33,901 - BasePage - INFO - Had find the element '  ' successful by id via value: j_username 
2019-01-03 17:43:33,964 - BasePage - INFO - Had type ' ceshi1 ' in inputBox
2019-01-03 17:43:33,990 - BasePage - INFO - Had find the element '  ' successful by id via value: j_password 
2019-01-03 17:43:34,051 - BasePage - INFO - Had type ' abc123456! ' in inputBox
2019-01-03 17:43:34,076 - BasePage - INFO - Had find the element ' 登    录 ' successful by xpath via value: //*[@id='login-tabs-item']/div/div[2]/div/div[1]/div/a[1] 
2019-01-03 17:43:34,798 - BasePage - INFO - The element ' 登    录 ' was clicked.
2019-01-03 17:43:36,859 - BasePage - INFO - had wait for the element: 欢迎您！
2019-01-03 17:43:36,884 - BasePage - INFO - Had find the element '  ' successful by xpath via value: //a[@href="/ApprSynthesis/appr/synthesis/deliver/toDeliverList.do"] 
2019-01-03 17:43:36,907 - BasePage - INFO - had click the button:
2019-01-03 17:43:38,910 - BasePage - INFO - had came back to the main frame
2019-01-03 17:43:48,970 - BasePage - ERROR - NoSuchElementException: Message: no such element: Unable to locate element: {"method":"id","selector":"sendCertificate"}
  (Session info: headless chrome=71.0.3578.98)
  (Driver info: chromedriver=2.37.544315 (730aa6a5fdba159ac9f4c1e8cbc59bf1b5ce12b7),platform=Windows NT 6.1.7601 SP1 x86_64)

2019-01-03 17:43:49,322 - BasePage - INFO - Had take screenshot and save to folder : /screenshots
2019-01-03 17:43:59,381 - BasePage - ERROR - NoSuchElementException: Message: no such element: Unable to locate element: {"method":"id","selector":"doSend"}
  (Session info: headless chrome=71.0.3578.98)
  (Driver info: chromedriver=2.37.544315 (730aa6a5fdba159ac9f4c1e8cbc59bf1b5ce12b7),platform=Windows NT 6.1.7601 SP1 x86_64)

2019-01-03 17:43:59,707 - BasePage - INFO - Had take screenshot and save to folder : /screenshots
