2019-01-03 17:57:33,476 - BrowserEngine - INFO - you had select Chrome browser.
2019-01-03 17:57:33,476 - BrowserEngine - INFO - The test server url is:http://192.168.0.133:7001/ApprBase/login.do?method=ApprBase
2019-01-03 17:57:38,375 - BrowserEngine - INFO - Starting chrome browser.
2019-01-03 17:57:38,849 - BrowserEngine - INFO - Open url:http://192.168.0.133:7001/ApprBase/login.do?method=ApprBase
2019-01-03 17:57:39,954 - BrowserEngine - INFO - Maxmize the current window.
2019-01-03 17:57:39,957 - BrowserEngine - INFO - Set implicitly wait 8 seconds.
2019-01-03 17:57:40,012 - BasePage - INFO - Had find the element '  ' successful by id via value: j_username 
2019-01-03 17:57:40,068 - BasePage - INFO - Had type ' ceshi1 ' in inputBox
2019-01-03 17:57:40,098 - BasePage - INFO - Had find the element '  ' successful by id via value: j_password 
2019-01-03 17:57:40,161 - BasePage - INFO - Had type ' abc123456! ' in inputBox
2019-01-03 17:57:40,191 - BasePage - INFO - Had find the element ' 登    录 ' successful by xpath via value: //*[@id='login-tabs-item']/div/div[2]/div/div[1]/div/a[1] 
2019-01-03 17:57:40,519 - BasePage - INFO - The element ' 登    录 ' was clicked.
2019-01-03 17:57:42,579 - BasePage - INFO - had wait for the element: 欢迎您！
2019-01-03 17:57:42,607 - BasePage - INFO - Had find the element '  ' successful by xpath via value: //a[@href="/ApprSynthesis/appr/synthesis/register/loadSynthesizePage.do"] 
2019-01-03 17:57:42,630 - BasePage - INFO - had click the button:
2019-01-03 17:57:44,654 - BasePage - INFO - Had find the element '  ' successful by xpath via value: //iframe[@src="/ApprSynthesis/appr/synthesis/register/loadSynthesizePage.do"] 
2019-01-03 17:57:44,657 - BasePage - INFO - had came back to the main frame
2019-01-03 17:57:44,676 - BasePage - INFO - had changed the frame
2019-01-03 17:57:44,711 - BasePage - INFO - had wait for the element: 2010828
测试局-子部门_测试局（时限：12）
广东省
限时办结
广东省
窗口登记
2019-01-03 17:57:44,737 - BasePage - INFO - Had find the element ' 窗口登记 ' successful by xpath via value: //*[@id="datagrid-row-r1-2-39dd82f4753b4dda97da1797af0a3f33"]/td[7]/div/a/font 
2019-01-03 17:57:44,936 - BasePage - INFO - The element ' 窗口登记 ' was clicked.
2019-01-03 17:57:44,944 - BasePage - INFO - had came back to the main frame
2019-01-03 17:57:45,950 - BasePage - INFO - switch to second window:CDwindow-DAEBD62133972009FAA5C36701523AC1 
2019-01-03 17:57:47,006 - BasePage - INFO - had came back to the main frame
2019-01-03 17:57:47,048 - BasePage - INFO - had wait and changed frame
2019-01-03 17:57:48,107 - BasePage - INFO - Had find the element '  ' successful by xpath via value: //input[@value='为个人办理'] 
2019-01-03 17:57:48,184 - BasePage - INFO - The element '  ' was clicked.
2019-01-03 17:57:49,250 - BasePage - INFO - Had find the element '  ' successful by xpath via value: //input[@value='选择申请人'] 
2019-01-03 17:57:49,359 - BasePage - INFO - The element '  ' was clicked.
2019-01-03 17:57:51,368 - BasePage - INFO - had came back to the main frame
2019-01-03 17:57:51,391 - BasePage - INFO - had changed the frame
2019-01-03 17:57:51,424 - BasePage - INFO - Had find the element '  ' successful by xpath via value: //*[@id='datagrid-row-r1-1-0']/td[2]/div/input 
2019-01-03 17:57:51,505 - BasePage - INFO - The element '  ' was clicked.
2019-01-03 17:57:51,530 - BasePage - INFO - Had find the element '  ' successful by xpath via value: //*[@id="selectedButton"] 
2019-01-03 17:57:51,611 - BasePage - INFO - The element '  ' was clicked.
2019-01-03 17:57:53,621 - BasePage - INFO - had came back to the main frame
2019-01-03 17:57:53,668 - BasePage - INFO - Had find the element ' 保 存 ' successful by id via value: doSave 
2019-01-03 17:57:53,894 - BasePage - INFO - The element ' 保 存 ' was clicked.
2019-01-03 17:57:57,914 - BasePage - INFO - had came back to the main frame
2019-01-03 17:57:57,951 - BasePage - INFO - had changed the frame
2019-01-03 17:57:58,003 - BasePage - INFO - Had find the element '  ' successful by xpath via value: //td/input[@id="controlSeq"] 
2019-01-03 17:57:58,013 - BasePage - INFO - the input_text is:2019133379
2019-01-03 17:57:58,016 - BasePage - INFO - had came back to the main frame
2019-01-03 17:57:58,046 - BasePage - INFO - Had find the element ' 下一步 ' successful by id via value: doSend 
2019-01-03 17:57:58,053 - BasePage - INFO - The element_text is: 下一步
2019-01-03 17:57:58,078 - BasePage - INFO - Had find the element ' 申报材料 ' successful by id via value: nav_sbcl 
2019-01-03 17:57:58,138 - BasePage - INFO - The element ' 申报材料 ' was clicked.
2019-01-03 17:57:58,142 - BasePage - INFO - had came back to the main frame
2019-01-03 17:57:58,173 - BasePage - INFO - had wait and changed frame
2019-01-03 17:57:59,230 - BasePage - INFO - Had find the element ' 纸质材料齐全 ' successful by xpath via value: //*[@id="subWrap"]/div[1]/div/div/div/div[1]/a[2] 
2019-01-03 17:57:59,505 - BasePage - INFO - The element ' 纸质材料齐全 ' was clicked.
2019-01-03 17:57:59,513 - BasePage - INFO - had came back to the main frame
2019-01-03 17:57:59,520 - BasePage - INFO - had came back to the main frame
2019-01-03 17:57:59,673 - BasePage - INFO - had wait and changed frame
2019-01-03 17:57:59,732 - BasePage - INFO - Had find the element '  ' successful by id via value: contents 
2019-01-03 17:57:59,780 - BasePage - INFO - Had type ' 纸质材料收集完毕 ' in inputBox
2019-01-03 17:57:59,803 - BasePage - INFO - Had find the element ' 保存 ' successful by id via value: savePaperStuff 
2019-01-03 17:57:59,890 - BasePage - INFO - The element ' 保存 ' was clicked.
2019-01-03 17:58:00,392 - BasePage - INFO - had wait for the alert
2019-01-03 17:58:00,397 - BasePage - INFO - closed alert and alert message is 保存成功
2019-01-03 17:58:00,411 - BasePage - INFO - had came back to the main frame
2019-01-03 17:58:00,414 - BasePage - INFO - had came back to the main frame
2019-01-03 17:58:00,424 - BasePage - INFO - had changed the frame
2019-01-03 17:58:00,450 - BasePage - INFO - Had find the element '         请选择审核结果
        合格
        不合格
        
        
         免交
        
        ' successful by id via value: attaStatusSelect 
2019-01-03 17:58:00,507 - BasePage - INFO - had select 合格
2019-01-03 17:58:00,509 - BasePage - INFO - had came back to the main frame
2019-01-03 17:58:01,545 - BasePage - INFO - Had find the element ' 下一步 ' successful by id via value: doSend 
2019-01-03 17:58:02,029 - BasePage - INFO - The element ' 下一步 ' was clicked.
2019-01-03 17:58:02,063 - BasePage - INFO - Had find the element ' 确定 ' successful by xpath via value: //button[text()="确定"] 
2019-01-03 17:58:06,029 - BasePage - INFO - The element ' 确定 ' was clicked.
2019-01-03 17:58:09,058 - BasePage - INFO - Had find the element ' 进入受理 ' successful by id via value: doSend 
2019-01-03 17:58:09,065 - BasePage - INFO - The element_text is: 进入受理
2019-01-03 17:58:09,089 - BasePage - INFO - Had find the element ' 同意审核 ' successful by id via value: doSave 
2019-01-03 17:58:11,197 - BasePage - INFO - The element ' 同意审核 ' was clicked.
2019-01-03 17:58:12,259 - BasePage - INFO - Had find the element ' 进入受理 ' successful by id via value: doSend 
2019-01-03 17:58:14,062 - BasePage - INFO - The element ' 进入受理 ' was clicked.
2019-01-03 17:58:17,990 - BasePage - INFO - Had find the element ' 进入承办 ' successful by id via value: doSend 
2019-01-03 17:58:17,997 - BasePage - INFO - The element_text is: 进入承办
2019-01-03 17:58:18,020 - BasePage - INFO - Had find the element ' 受理 ' successful by id via value: doSave 
2019-01-03 17:58:18,095 - BasePage - INFO - The element ' 受理 ' was clicked.
2019-01-03 17:58:19,098 - BasePage - INFO - had wait for the alert
2019-01-03 17:58:19,108 - BasePage - INFO - closed alert and alert message is 受理之后，办件开始倒计时。
2019-01-03 17:58:19,438 - BasePage - INFO - Had find the element ' 进入承办 ' successful by id via value: doSend 
2019-01-03 17:58:24,871 - BasePage - INFO - The element ' 进入承办 ' was clicked.
2019-01-03 17:58:27,943 - BasePage - INFO - Had find the element ' 转入审核 ' successful by id via value: doSend 
2019-01-03 17:58:27,951 - BasePage - INFO - The element_text is: 转入审核
2019-01-03 17:58:27,973 - BasePage - INFO - Had find the element ' 保存承办 ' successful by id via value: doSave 
2019-01-03 17:58:30,107 - BasePage - INFO - The element ' 保存承办 ' was clicked.
2019-01-03 17:58:31,164 - BasePage - INFO - Had find the element ' 转入审核 ' successful by id via value: doSend 
2019-01-03 17:58:32,779 - BasePage - INFO - The element ' 转入审核 ' was clicked.
2019-01-03 17:58:37,125 - BasePage - INFO - Had find the element ' 进入批准 ' successful by id via value: doSend 
2019-01-03 17:58:37,138 - BasePage - INFO - The element_text is: 进入批准
2019-01-03 17:58:37,427 - BasePage - INFO - Had find the element ' 保存审核 ' successful by id via value: doSave 
2019-01-03 17:58:37,540 - BasePage - INFO - The element ' 保存审核 ' was clicked.
2019-01-03 17:58:38,789 - BasePage - INFO - Had find the element ' 进入批准 ' successful by id via value: doSend 
2019-01-03 17:58:40,618 - BasePage - INFO - The element ' 进入批准 ' was clicked.
2019-01-03 17:58:44,767 - BasePage - INFO - Had find the element ' 办结 ' successful by id via value: doSend 
2019-01-03 17:58:44,776 - BasePage - INFO - The element_text is: 办结
2019-01-03 17:58:44,976 - BasePage - INFO - Had find the element ' 保存批准 ' successful by id via value: doSave 
2019-01-03 17:58:45,226 - BasePage - INFO - The element ' 保存批准 ' was clicked.
2019-01-03 17:58:46,259 - BasePage - INFO - Had find the element ' 办结 ' successful by id via value: doSend 
2019-01-03 17:58:47,884 - BasePage - INFO - The element ' 办结 ' was clicked.
2019-01-03 17:58:52,036 - BasePage - INFO - Had find the element ' 出件 ' successful by id via value: doSend 
2019-01-03 17:58:52,046 - BasePage - INFO - The element_text is: 出件
2019-01-03 17:58:52,065 - BasePage - INFO - Had find the element ' 保存内部审批完成意见 ' successful by id via value: doSave 
2019-01-03 17:58:52,213 - BasePage - INFO - The element ' 保存内部审批完成意见 ' was clicked.
2019-01-03 17:58:53,270 - BasePage - INFO - Had find the element ' 出件 ' successful by id via value: doSend 
2019-01-03 17:58:58,579 - BasePage - INFO - The element ' 出件 ' was clicked.
2019-01-03 17:59:01,634 - BasePage - INFO - Had find the element ' 结束 ' successful by id via value: doSend 
2019-01-03 17:59:01,641 - BasePage - INFO - The element_text is: 结束
2019-01-03 17:59:04,677 - BrowserEngine - INFO - you had select Chrome browser.
2019-01-03 17:59:04,677 - BrowserEngine - INFO - The test server url is:http://192.168.0.133:7001/ApprBase/login.do?method=ApprBase
2019-01-03 17:59:09,099 - BrowserEngine - INFO - Starting chrome browser.
2019-01-03 17:59:09,653 - BrowserEngine - INFO - Open url:http://192.168.0.133:7001/ApprBase/login.do?method=ApprBase
2019-01-03 17:59:10,765 - BrowserEngine - INFO - Maxmize the current window.
2019-01-03 17:59:10,769 - BrowserEngine - INFO - Set implicitly wait 8 seconds.
2019-01-03 17:59:10,822 - BasePage - INFO - Had find the element '  ' successful by id via value: j_username 
2019-01-03 17:59:10,878 - BasePage - INFO - Had type ' ceshi1 ' in inputBox
2019-01-03 17:59:10,901 - BasePage - INFO - Had find the element '  ' successful by id via value: j_password 
2019-01-03 17:59:10,956 - BasePage - INFO - Had type ' abc123456! ' in inputBox
2019-01-03 17:59:10,983 - BasePage - INFO - Had find the element ' 登    录 ' successful by xpath via value: //*[@id='login-tabs-item']/div/div[2]/div/div[1]/div/a[1] 
2019-01-03 17:59:11,540 - BasePage - INFO - The element ' 登    录 ' was clicked.
2019-01-03 17:59:13,601 - BasePage - INFO - had wait for the element: 欢迎您！
2019-01-03 17:59:13,640 - BasePage - INFO - Had find the element '  ' successful by xpath via value: //a[@href="/ApprSynthesis/appr/synthesis/deliver/toDeliverList.do"] 
2019-01-03 17:59:13,664 - BasePage - INFO - had click the button:
2019-01-03 17:59:15,674 - BasePage - INFO - had came back to the main frame
2019-01-03 17:59:25,743 - BasePage - ERROR - NoSuchElementException: Message: no such element: Unable to locate element: {"method":"id","selector":"sendCertificate"}
  (Session info: headless chrome=71.0.3578.98)
  (Driver info: chromedriver=2.37.544315 (730aa6a5fdba159ac9f4c1e8cbc59bf1b5ce12b7),platform=Windows NT 6.1.7601 SP1 x86_64)

2019-01-03 17:59:26,098 - BasePage - INFO - Had take screenshot and save to folder : /screenshots
2019-01-03 17:59:36,128 - BasePage - ERROR - NoSuchElementException: Message: no such element: Unable to locate element: {"method":"id","selector":"doSend"}
  (Session info: headless chrome=71.0.3578.98)
  (Driver info: chromedriver=2.37.544315 (730aa6a5fdba159ac9f4c1e8cbc59bf1b5ce12b7),platform=Windows NT 6.1.7601 SP1 x86_64)

2019-01-03 17:59:36,473 - BasePage - INFO - Had take screenshot and save to folder : /screenshots
