2019-01-03 15:48:31,516 - BrowserEngine - INFO - you had select Chrome browser.
2019-01-03 15:48:31,516 - BrowserEngine - INFO - The test server url is:http://192.168.0.133:7001/ApprBase/login.do?method=ApprBase
2019-01-03 15:48:35,901 - BrowserEngine - INFO - Starting chrome browser.
2019-01-03 15:48:36,405 - BrowserEngine - INFO - Open url:http://192.168.0.133:7001/ApprBase/login.do?method=ApprBase
2019-01-03 15:48:37,517 - BrowserEngine - INFO - Maxmize the current window.
2019-01-03 15:48:37,522 - BrowserEngine - INFO - Set implicitly wait 8 seconds.
2019-01-03 15:48:37,582 - BasePage - INFO - Had find the element '  ' successful by id via value: j_username 
2019-01-03 15:48:37,642 - BasePage - INFO - Had type ' admin ' in inputBox
2019-01-03 15:48:37,667 - BasePage - INFO - Had find the element '  ' successful by id via value: j_password 
2019-01-03 15:48:37,740 - BasePage - INFO - Had type ' abc123456 ' in inputBox
2019-01-03 15:48:37,765 - BasePage - INFO - Had find the element ' 登    录 ' successful by xpath via value: //*[@id='login-tabs-item']/div/div[2]/div/div[1]/div/a[1] 
2019-01-03 15:48:38,095 - BasePage - INFO - The element ' 登    录 ' was clicked.
2019-01-03 15:48:40,161 - BasePage - INFO - had wait for the element: 欢迎您！
2019-01-03 15:48:40,190 - BasePage - INFO - Had find the element '  ' successful by xpath via value: //a[@href='/ApprBase/admin/system/role/toListPosition.do'] 
2019-01-03 15:48:40,214 - BasePage - INFO - had click the button:
2019-01-03 15:48:40,240 - BasePage - INFO - Had find the element '  ' successful by xpath via value: //iframe[@src='/ApprBase/admin/system/role/toListPosition.do'] 
2019-01-03 15:48:40,243 - BasePage - INFO - had came back to the main frame
2019-01-03 15:48:40,262 - BasePage - INFO - had changed the frame
2019-01-03 15:49:03,655 - BasePage - INFO - Had find the element '  ' successful by xpath via value: //a[@href='/ApprBase/admin/system/role/toListPosition.do'] 
2019-01-03 15:49:03,684 - BasePage - INFO - had click the button:
2019-01-03 15:49:03,704 - BasePage - INFO - Had find the element '  ' successful by xpath via value: //iframe[@src='/ApprBase/admin/system/role/toListPosition.do'] 
2019-01-03 15:49:03,707 - BasePage - INFO - had came back to the main frame
2019-01-03 15:49:03,726 - BasePage - INFO - had changed the frame
2019-01-03 15:49:13,740 - BasePage - ERROR - NoSuchElementException: Message: no such element: Unable to locate element: {"method":"id","selector":"roleName"}
  (Session info: headless chrome=71.0.3578.98)
  (Driver info: chromedriver=2.37.544315 (730aa6a5fdba159ac9f4c1e8cbc59bf1b5ce12b7),platform=Windows NT 6.1.7601 SP1 x86_64)

2019-01-03 15:49:14,046 - BasePage - INFO - Had take screenshot and save to folder : /screenshots
2019-01-03 15:49:16,334 - BasePage - INFO - Had find the element '  ' successful by xpath via value: //a[@href='/ApprBase/admin/system/role/toListPosition.do'] 
2019-01-03 15:49:16,355 - BasePage - INFO - had click the button:
2019-01-03 15:49:16,381 - BasePage - INFO - Had find the element '  ' successful by xpath via value: //iframe[@src='/ApprBase/admin/system/role/toListPosition.do'] 
2019-01-03 15:49:16,384 - BasePage - INFO - had came back to the main frame
2019-01-03 15:49:16,404 - BasePage - INFO - had changed the frame
2019-01-03 15:49:26,430 - BasePage - ERROR - NoSuchElementException: Message: no such element: Unable to locate element: {"method":"xpath","selector":"//a[@class='textbox-icon combo-arrow']"}
  (Session info: headless chrome=71.0.3578.98)
  (Driver info: chromedriver=2.37.544315 (730aa6a5fdba159ac9f4c1e8cbc59bf1b5ce12b7),platform=Windows NT 6.1.7601 SP1 x86_64)

2019-01-03 15:49:26,750 - BasePage - INFO - Had take screenshot and save to folder : /screenshots
2019-01-03 15:49:29,013 - BasePage - INFO - Had find the element '  ' successful by xpath via value: //a[@href='/ApprBase/admin/system/role/toListPosition.do'] 
2019-01-03 15:49:29,039 - BasePage - INFO - had click the button:
2019-01-03 15:49:29,065 - BasePage - INFO - Had find the element '  ' successful by xpath via value: //iframe[@src='/ApprBase/admin/system/role/toListPosition.do'] 
2019-01-03 15:49:29,069 - BasePage - INFO - had came back to the main frame
2019-01-03 15:49:29,088 - BasePage - INFO - had changed the frame
2019-01-03 15:49:39,134 - BasePage - ERROR - NoSuchElementException: Message: no such element: Unable to locate element: {"method":"xpath","selector":"//td[contains(text(),'所属地区')]//following-sibling::td//a[@class='textbox-icon combo-arrow']"}
  (Session info: headless chrome=71.0.3578.98)
  (Driver info: chromedriver=2.37.544315 (730aa6a5fdba159ac9f4c1e8cbc59bf1b5ce12b7),platform=Windows NT 6.1.7601 SP1 x86_64)

2019-01-03 15:49:39,415 - BasePage - INFO - Had take screenshot and save to folder : /screenshots
2019-01-03 15:49:41,457 - BasePage - INFO - Had find the element '  ' successful by xpath via value: //a[@href='/ApprBase/admin/system/role/toListPosition.do'] 
2019-01-03 15:49:41,482 - BasePage - INFO - had click the button:
2019-01-03 15:49:41,503 - BasePage - INFO - Had find the element '  ' successful by xpath via value: //iframe[@src='/ApprBase/admin/system/role/toListPosition.do'] 
2019-01-03 15:49:41,506 - BasePage - INFO - had came back to the main frame
2019-01-03 15:49:41,526 - BasePage - INFO - had changed the frame
2019-01-03 15:49:51,582 - BasePage - ERROR - NoSuchElementException: Message: no such element: Unable to locate element: {"method":"id","selector":"roleName"}
  (Session info: headless chrome=71.0.3578.98)
  (Driver info: chromedriver=2.37.544315 (730aa6a5fdba159ac9f4c1e8cbc59bf1b5ce12b7),platform=Windows NT 6.1.7601 SP1 x86_64)

2019-01-03 15:49:51,877 - BasePage - INFO - Had take screenshot and save to folder : /screenshots
2019-01-03 15:49:54,124 - BasePage - INFO - Had find the element '  ' successful by xpath via value: //a[@href='/ApprBase/admin/system/role/toListPosition.do'] 
2019-01-03 15:49:54,151 - BasePage - INFO - had click the button:
2019-01-03 15:49:54,171 - BasePage - INFO - Had find the element '  ' successful by xpath via value: //iframe[@src='/ApprBase/admin/system/role/toListPosition.do'] 
2019-01-03 15:49:54,174 - BasePage - INFO - had came back to the main frame
2019-01-03 15:49:54,193 - BasePage - INFO - had changed the frame
2019-01-03 15:50:04,252 - BasePage - ERROR - NoSuchElementException: Message: no such element: Unable to locate element: {"method":"id","selector":"roleName"}
  (Session info: headless chrome=71.0.3578.98)
  (Driver info: chromedriver=2.37.544315 (730aa6a5fdba159ac9f4c1e8cbc59bf1b5ce12b7),platform=Windows NT 6.1.7601 SP1 x86_64)

2019-01-03 15:50:04,585 - BasePage - INFO - Had take screenshot and save to folder : /screenshots
2019-01-03 15:50:06,821 - BasePage - INFO - Had find the element '  ' successful by xpath via value: //a[@href='/ApprBase/admin/system/role/toListPosition.do'] 
2019-01-03 15:50:06,844 - BasePage - INFO - had click the button:
2019-01-03 15:50:06,865 - BasePage - INFO - Had find the element '  ' successful by xpath via value: //iframe[@src='/ApprBase/admin/system/role/toListPosition.do'] 
2019-01-03 15:50:06,868 - BasePage - INFO - had came back to the main frame
2019-01-03 15:50:06,887 - BasePage - INFO - had changed the frame
2019-01-03 15:50:16,930 - BasePage - ERROR - NoSuchElementException: Message: no such element: Unable to locate element: {"method":"id","selector":"roleName"}
  (Session info: headless chrome=71.0.3578.98)
  (Driver info: chromedriver=2.37.544315 (730aa6a5fdba159ac9f4c1e8cbc59bf1b5ce12b7),platform=Windows NT 6.1.7601 SP1 x86_64)

2019-01-03 15:50:17,240 - BasePage - INFO - Had take screenshot and save to folder : /screenshots
2019-01-03 15:50:19,522 - BasePage - INFO - Had find the element '  ' successful by xpath via value: //a[@href='/ApprBase/admin/system/role/toListPosition.do'] 
2019-01-03 15:50:19,545 - BasePage - INFO - had click the button:
2019-01-03 15:50:19,569 - BasePage - INFO - Had find the element '  ' successful by xpath via value: //iframe[@src='/ApprBase/admin/system/role/toListPosition.do'] 
2019-01-03 15:50:19,572 - BasePage - INFO - had came back to the main frame
2019-01-03 15:50:19,592 - BasePage - INFO - had changed the frame
2019-01-03 15:50:29,614 - BasePage - ERROR - NoSuchElementException: Message: no such element: Unable to locate element: {"method":"id","selector":"roleName"}
  (Session info: headless chrome=71.0.3578.98)
  (Driver info: chromedriver=2.37.544315 (730aa6a5fdba159ac9f4c1e8cbc59bf1b5ce12b7),platform=Windows NT 6.1.7601 SP1 x86_64)

2019-01-03 15:50:29,953 - BasePage - INFO - Had take screenshot and save to folder : /screenshots
