2019-01-03 16:21:12,421 - BrowserEngine - INFO - you had select Chrome browser.
2019-01-03 16:21:12,421 - BrowserEngine - INFO - The test server url is:http://192.168.0.133:7001/ApprBase/login.do?method=ApprBase
2019-01-03 16:21:16,872 - BrowserEngine - INFO - Starting chrome browser.
2019-01-03 16:21:17,348 - BrowserEngine - INFO - Open url:http://192.168.0.133:7001/ApprBase/login.do?method=ApprBase
2019-01-03 16:21:18,457 - BrowserEngine - INFO - Maxmize the current window.
2019-01-03 16:21:18,461 - BrowserEngine - INFO - Set implicitly wait 8 seconds.
2019-01-03 16:21:18,519 - BasePage - INFO - Had find the element '  ' successful by id via value: j_username 
2019-01-03 16:21:18,571 - BasePage - INFO - Had type ' admin ' in inputBox
2019-01-03 16:21:18,595 - BasePage - INFO - Had find the element '  ' successful by id via value: j_password 
2019-01-03 16:21:18,651 - BasePage - INFO - Had type ' abc123456 ' in inputBox
2019-01-03 16:21:18,678 - BasePage - INFO - Had find the element ' 登    录 ' successful by xpath via value: //*[@id='login-tabs-item']/div/div[2]/div/div[1]/div/a[1] 
2019-01-03 16:21:19,220 - BasePage - INFO - The element ' 登    录 ' was clicked.
2019-01-03 16:21:21,286 - BasePage - INFO - had wait for the element: 欢迎您！
2019-01-03 16:21:21,312 - BasePage - INFO - Had find the element '  ' successful by xpath via value: //a[@href='/ApprBase/admin/system/role/toListJob.do'] 
2019-01-03 16:21:21,335 - BasePage - INFO - had click the button:
2019-01-03 16:21:21,361 - BasePage - INFO - Had find the element '  ' successful by xpath via value: //iframe[@src='/ApprBase/admin/system/role/toListJob.do'] 
2019-01-03 16:21:21,362 - BasePage - INFO - had came back to the main frame
2019-01-03 16:21:21,382 - BasePage - INFO - had changed the frame
2019-01-03 16:21:22,454 - BasePage - INFO - Had find the element ' 新增职务 ' successful by xpath via value: //span[contains(text(),'新增职务')] 
2019-01-03 16:21:22,573 - BasePage - INFO - The element ' 新增职务 ' was clicked.
2019-01-03 16:21:23,582 - BasePage - INFO - had came back to the main frame
2019-01-03 16:21:23,661 - BasePage - INFO - had wait and changed frame
2019-01-03 16:21:23,691 - BasePage - INFO - Had find the element '  ' successful by id via value: roleName 
2019-01-03 16:21:23,743 - BasePage - INFO - Had type ' 自动测试系统 ' in inputBox
2019-01-03 16:21:23,766 - BasePage - INFO - Had find the element '  ' successful by id via value: selectUnit 
2019-01-03 16:21:23,862 - BasePage - INFO - The element '  ' was clicked.
2019-01-03 16:21:24,871 - BasePage - INFO - had came back to the main frame
2019-01-03 16:21:24,924 - BasePage - INFO - had wait and changed frame
2019-01-03 16:21:24,948 - BasePage - INFO - Had find the element '  ' successful by id via value: unitName 
2019-01-03 16:21:25,000 - BasePage - INFO - Had type ' 测试科 ' in inputBox
2019-01-03 16:21:25,025 - BasePage - INFO - Had find the element '  ' successful by xpath via value: //input[@value='查 询'] 
2019-01-03 16:21:25,108 - BasePage - INFO - The element '  ' was clicked.
2019-01-03 16:21:26,161 - BasePage - INFO - Had find the element ' 测试科 ' successful by xpath via value: //span[contains(text(),'测试科')] 
2019-01-03 16:21:26,244 - BasePage - INFO - The element ' 测试科 ' was clicked.
2019-01-03 16:21:26,269 - BasePage - INFO - Had find the element '  ' successful by xpath via value: //input[@value='确定'] 
2019-01-03 16:21:26,349 - BasePage - INFO - The element '  ' was clicked.
2019-01-03 16:21:27,359 - BasePage - INFO - had came back to the main frame
2019-01-03 16:21:27,404 - BasePage - INFO - had wait and changed frame
2019-01-03 16:21:27,428 - BasePage - INFO - Had find the element '  ' successful by id via value: sumbitButton 
2019-01-03 16:21:27,592 - BasePage - INFO - The element '  ' was clicked.
2019-01-03 16:21:29,661 - BasePage - INFO - Had find the element ' 保存成功! ' successful by xpath via value: //div[@class='messager-body panel-body panel-body-noborder window-body'] 
2019-01-03 16:21:29,674 - BasePage - INFO - The element_text is: 保存成功!
2019-01-03 16:21:29,703 - BasePage - INFO - Had find the element ' 确定 ' successful by xpath via value: //span[contains(text(),'确定')] 
2019-01-03 16:21:29,779 - BasePage - INFO - The element ' 确定 ' was clicked.
2019-01-03 16:21:29,786 - BasePage - INFO - had came back to the main frame
2019-01-03 16:21:32,026 - BasePage - INFO - Had find the element '  ' successful by xpath via value: //a[@href='/ApprBase/admin/system/role/toListJob.do'] 
2019-01-03 16:21:32,059 - BasePage - INFO - had click the button:
2019-01-03 16:21:32,079 - BasePage - INFO - Had find the element '  ' successful by xpath via value: //iframe[@src='/ApprBase/admin/system/role/toListJob.do'] 
2019-01-03 16:21:32,082 - BasePage - INFO - had came back to the main frame
2019-01-03 16:21:32,104 - BasePage - INFO - had changed the frame
2019-01-03 16:21:33,163 - BasePage - INFO - Had find the element '  ' successful by id via value: roleName 
2019-01-03 16:21:33,223 - BasePage - INFO - Had type ' 自动测试系统 ' in inputBox
2019-01-03 16:21:33,244 - BasePage - INFO - Had find the element '  ' successful by xpath via value: //input[@value='查 询'] 
2019-01-03 16:21:33,319 - BasePage - INFO - The element '  ' was clicked.
2019-01-03 16:21:35,388 - BasePage - INFO - Had find the element ' 自动测试系统 ' successful by xpath via value: //div[@class='datagrid-cell datagrid-cell-c1-roleName'] 
2019-01-03 16:21:35,403 - BasePage - INFO - The element_text is: 自动测试系统
2019-01-03 16:21:35,411 - BasePage - INFO - had came back to the main frame
2019-01-03 16:21:37,644 - BasePage - INFO - Had find the element '  ' successful by xpath via value: //a[@href='/ApprBase/admin/system/role/toListJob.do'] 
2019-01-03 16:21:37,674 - BasePage - INFO - had click the button:
2019-01-03 16:21:37,694 - BasePage - INFO - Had find the element '  ' successful by xpath via value: //iframe[@src='/ApprBase/admin/system/role/toListJob.do'] 
2019-01-03 16:21:37,697 - BasePage - INFO - had came back to the main frame
2019-01-03 16:21:37,717 - BasePage - INFO - had changed the frame
2019-01-03 16:21:38,776 - BasePage - INFO - Had find the element '  ' successful by xpath via value: //td[contains(text(),'所属地区')]//following-sibling::td//a[@class='textbox-icon combo-arrow'] 
2019-01-03 16:21:38,858 - BasePage - INFO - The element '  ' was clicked.
2019-01-03 16:21:39,921 - BasePage - INFO - Had find the element ' 广东省 ' successful by xpath via value: //span[contains(text(),'广东省')] 
2019-01-03 16:21:39,996 - BasePage - INFO - The element ' 广东省 ' was clicked.
2019-01-03 16:21:40,023 - BasePage - INFO - Had find the element '  ' successful by xpath via value: //td[contains(text(),'所属单位')]//following-sibling::td//a[@class='textbox-icon combo-arrow'] 
2019-01-03 16:21:40,115 - BasePage - INFO - The element '  ' was clicked.
2019-01-03 16:21:41,180 - BasePage - INFO - Had find the element ' 测试科 ' successful by xpath via value: //span[contains(text(),'测试科')] 
2019-01-03 16:21:41,259 - BasePage - INFO - The element ' 测试科 ' was clicked.
2019-01-03 16:21:42,328 - BasePage - INFO - Had find the element '  ' successful by xpath via value: //input[@value='查 询'] 
2019-01-03 16:21:42,414 - BasePage - INFO - The element '  ' was clicked.
2019-01-03 16:21:44,463 - BasePage - INFO - Had find the element ' 自动测试系统 ' successful by xpath via value: //div[@class='datagrid-cell datagrid-cell-c1-roleName'] 
2019-01-03 16:21:44,476 - BasePage - INFO - The element_text is: 自动测试系统
2019-01-03 16:21:44,479 - BasePage - INFO - had came back to the main frame
2019-01-03 16:21:46,710 - BasePage - INFO - Had find the element '  ' successful by xpath via value: //a[@href='/ApprBase/admin/system/role/toListJob.do'] 
2019-01-03 16:21:46,736 - BasePage - INFO - had click the button:
2019-01-03 16:21:46,763 - BasePage - INFO - Had find the element '  ' successful by xpath via value: //iframe[@src='/ApprBase/admin/system/role/toListJob.do'] 
2019-01-03 16:21:46,766 - BasePage - INFO - had came back to the main frame
2019-01-03 16:21:46,785 - BasePage - INFO - had changed the frame
2019-01-03 16:21:47,858 - BasePage - INFO - Had find the element '  ' successful by id via value: roleName 
2019-01-03 16:21:47,918 - BasePage - INFO - Had type ' 自动测试系统 ' in inputBox
2019-01-03 16:21:47,944 - BasePage - INFO - Had find the element '  ' successful by xpath via value: //input[@value='查 询'] 
2019-01-03 16:21:48,033 - BasePage - INFO - The element '  ' was clicked.
2019-01-03 16:21:50,111 - BasePage - INFO - Had find the element '  ' successful by xpath via value: //input[@name='ck'] 
2019-01-03 16:21:50,180 - BasePage - INFO - The element '  ' was clicked.
2019-01-03 16:21:50,207 - BasePage - INFO - Had find the element ' 编辑职务 ' successful by xpath via value: //span[contains(text(),'编辑职务')] 
2019-01-03 16:21:50,315 - BasePage - INFO - The element ' 编辑职务 ' was clicked.
2019-01-03 16:21:51,322 - BasePage - INFO - had came back to the main frame
2019-01-03 16:21:51,391 - BasePage - INFO - had wait and changed frame
2019-01-03 16:21:51,414 - BasePage - INFO - Had find the element '  ' successful by id via value: roleName 
2019-01-03 16:21:51,467 - BasePage - INFO - Had type ' 自动化测试系统 ' in inputBox
2019-01-03 16:21:51,493 - BasePage - INFO - Had find the element '  ' successful by id via value: sumbitButton 
2019-01-03 16:21:51,644 - BasePage - INFO - The element '  ' was clicked.
2019-01-03 16:21:53,701 - BasePage - INFO - Had find the element ' 保存成功! ' successful by xpath via value: //div[@class='messager-body panel-body panel-body-noborder window-body'] 
2019-01-03 16:21:53,713 - BasePage - INFO - The element_text is: 保存成功!
2019-01-03 16:21:53,739 - BasePage - INFO - Had find the element ' 确定 ' successful by xpath via value: //span[contains(text(),'确定')] 
2019-01-03 16:21:53,815 - BasePage - INFO - The element ' 确定 ' was clicked.
2019-01-03 16:21:53,818 - BasePage - INFO - had came back to the main frame
2019-01-03 16:21:56,055 - BasePage - INFO - Had find the element '  ' successful by xpath via value: //a[@href='/ApprBase/admin/system/role/toListJob.do'] 
2019-01-03 16:21:56,088 - BasePage - INFO - had click the button:
2019-01-03 16:21:56,115 - BasePage - INFO - Had find the element '  ' successful by xpath via value: //iframe[@src='/ApprBase/admin/system/role/toListJob.do'] 
2019-01-03 16:21:56,118 - BasePage - INFO - had came back to the main frame
2019-01-03 16:21:56,137 - BasePage - INFO - had changed the frame
2019-01-03 16:21:57,177 - BasePage - INFO - Had find the element '  ' successful by id via value: roleName 
2019-01-03 16:21:57,234 - BasePage - INFO - Had type ' 自动化测试系统 ' in inputBox
2019-01-03 16:21:57,263 - BasePage - INFO - Had find the element '  ' successful by xpath via value: //input[@value='查 询'] 
2019-01-03 16:21:57,351 - BasePage - INFO - The element '  ' was clicked.
2019-01-03 16:21:59,405 - BasePage - INFO - Had find the element '  ' successful by xpath via value: //input[@name='ck'] 
2019-01-03 16:21:59,480 - BasePage - INFO - The element '  ' was clicked.
2019-01-03 16:21:59,509 - BasePage - INFO - Had find the element ' 分配用户 ' successful by xpath via value: //span[contains(text(),'分配用户')] 
2019-01-03 16:21:59,601 - BasePage - INFO - The element ' 分配用户 ' was clicked.
2019-01-03 16:22:00,611 - BasePage - INFO - had came back to the main frame
2019-01-03 16:22:00,663 - BasePage - INFO - had wait and changed frame
2019-01-03 16:22:00,704 - BasePage - INFO - Had find the element '  ' successful by id via value: userCode 
2019-01-03 16:22:00,760 - BasePage - INFO - Had type ' cyl ' in inputBox
2019-01-03 16:22:00,780 - BasePage - INFO - Had find the element '  ' successful by xpath via value: //input[@value='查 询'] 
2019-01-03 16:22:00,887 - BasePage - INFO - The element '  ' was clicked.
2019-01-03 16:22:01,953 - BasePage - INFO - Had find the element '  ' successful by xpath via value: //input[@name='ck'] 
2019-01-03 16:22:02,029 - BasePage - INFO - The element '  ' was clicked.
2019-01-03 16:22:02,055 - BasePage - INFO - Had find the element ' 配置 ' successful by xpath via value: //span[contains(text(),'配置')] 
2019-01-03 16:22:02,118 - BasePage - INFO - The element ' 配置 ' was clicked.
2019-01-03 16:22:03,184 - BasePage - INFO - Had find the element ' 确定 ' successful by xpath via value: //span[contains(text(),'确定')] 
2019-01-03 16:22:03,262 - BasePage - INFO - The element ' 确定 ' was clicked.
2019-01-03 16:22:04,315 - BasePage - INFO - Had find the element ' 已配置 ' successful by xpath via value: //tr[@id='datagrid-row-r2-2-0']//div[@class='datagrid-cell datagrid-cell-c2-userRole'] 
2019-01-03 16:22:04,328 - BasePage - INFO - The element_text is: 已配置
2019-01-03 16:22:04,354 - BasePage - INFO - Had find the element '  ' successful by id via value: closeButton 
2019-01-03 16:22:04,430 - BasePage - INFO - The element '  ' was clicked.
2019-01-03 16:22:04,434 - BasePage - INFO - had came back to the main frame
2019-01-03 16:22:06,698 - BasePage - INFO - Had find the element '  ' successful by xpath via value: //a[@href='/ApprBase/admin/system/role/toListJob.do'] 
2019-01-03 16:22:06,721 - BasePage - INFO - had click the button:
2019-01-03 16:22:06,743 - BasePage - INFO - Had find the element '  ' successful by xpath via value: //iframe[@src='/ApprBase/admin/system/role/toListJob.do'] 
2019-01-03 16:22:06,744 - BasePage - INFO - had came back to the main frame
2019-01-03 16:22:06,765 - BasePage - INFO - had changed the frame
2019-01-03 16:22:07,822 - BasePage - INFO - Had find the element '  ' successful by id via value: roleName 
2019-01-03 16:22:07,884 - BasePage - INFO - Had type ' 自动化测试系统 ' in inputBox
2019-01-03 16:22:07,904 - BasePage - INFO - Had find the element '  ' successful by xpath via value: //input[@value='查 询'] 
2019-01-03 16:22:07,976 - BasePage - INFO - The element '  ' was clicked.
2019-01-03 16:22:10,032 - BasePage - INFO - Had find the element '  ' successful by xpath via value: //input[@name='ck'] 
2019-01-03 16:22:10,117 - BasePage - INFO - The element '  ' was clicked.
2019-01-03 16:22:10,144 - BasePage - INFO - Had find the element ' 分配权限 ' successful by xpath via value: //span[contains(text(),'分配权限')] 
2019-01-03 16:22:10,250 - BasePage - INFO - The element ' 分配权限 ' was clicked.
2019-01-03 16:22:11,257 - BasePage - INFO - had came back to the main frame
2019-01-03 16:22:11,312 - BasePage - INFO - had wait and changed frame
2019-01-03 16:22:11,351 - BasePage - INFO - Had find the element ' 审批系统 ' successful by xpath via value: //div[text()="审批系统"] 
2019-01-03 16:22:11,427 - BasePage - INFO - The element ' 审批系统 ' was clicked.
2019-01-03 16:22:12,500 - BasePage - INFO - Had find the element '  ' successful by xpath via value: //span[text()="工作台"]/../span[3] 
2019-01-03 16:22:12,565 - BasePage - INFO - The element '  ' was clicked.
2019-01-03 16:22:14,825 - BasePage - INFO - Had find the element '  ' successful by xpath via value: //a[@href='/ApprBase/admin/system/role/toListJob.do'] 
2019-01-03 16:22:14,851 - BasePage - INFO - had click the button:
2019-01-03 16:22:14,871 - BasePage - INFO - Had find the element '  ' successful by xpath via value: //iframe[@src='/ApprBase/admin/system/role/toListJob.do'] 
2019-01-03 16:22:14,874 - BasePage - INFO - had came back to the main frame
2019-01-03 16:22:14,892 - BasePage - INFO - had changed the frame
2019-01-03 16:22:15,947 - BasePage - INFO - Had find the element '  ' successful by id via value: roleName 
2019-01-03 16:22:16,013 - BasePage - INFO - Had type ' 自动化测试系统 ' in inputBox
2019-01-03 16:22:16,033 - BasePage - INFO - Had find the element '  ' successful by xpath via value: //input[@value='查 询'] 
2019-01-03 16:22:16,111 - BasePage - INFO - The element '  ' was clicked.
2019-01-03 16:22:18,167 - BasePage - INFO - Had find the element '  ' successful by xpath via value: //input[@name='ck'] 
2019-01-03 16:22:18,252 - BasePage - INFO - The element '  ' was clicked.
2019-01-03 16:22:18,278 - BasePage - INFO - Had find the element ' 删除职务 ' successful by xpath via value: //span[contains(text(),'删除职务')] 
2019-01-03 16:22:18,369 - BasePage - INFO - The element ' 删除职务 ' was clicked.
2019-01-03 16:22:19,415 - BasePage - INFO - Had find the element ' 确定 ' successful by xpath via value: //span[contains(text(),'确定')] 
2019-01-03 16:22:19,483 - BasePage - INFO - The element ' 确定 ' was clicked.
2019-01-03 16:22:20,535 - BasePage - INFO - Had find the element ' 删除成功! ' successful by xpath via value: //div[@class='messager-body panel-body panel-body-noborder window-body'] 
2019-01-03 16:22:20,543 - BasePage - INFO - The element_text is: 删除成功!
2019-01-03 16:22:20,563 - BasePage - INFO - Had find the element ' 确定 ' successful by xpath via value: //span[contains(text(),'确定')] 
2019-01-03 16:22:20,631 - BasePage - INFO - The element ' 确定 ' was clicked.
2019-01-03 16:22:20,632 - BasePage - INFO - had came back to the main frame
