2019-01-03 15:51:42,667 - BrowserEngine - INFO - you had select Chrome browser.
2019-01-03 15:51:42,667 - BrowserEngine - INFO - The test server url is:http://192.168.0.133:7001/ApprBase/login.do?method=ApprBase
2019-01-03 15:51:47,122 - BrowserEngine - INFO - Starting chrome browser.
2019-01-03 15:51:47,588 - BrowserEngine - INFO - Open url:http://192.168.0.133:7001/ApprBase/login.do?method=ApprBase
2019-01-03 15:51:48,706 - BrowserEngine - INFO - Maxmize the current window.
2019-01-03 15:51:48,710 - BrowserEngine - INFO - Set implicitly wait 8 seconds.
2019-01-03 15:51:48,769 - BasePage - INFO - Had find the element '  ' successful by id via value: j_username 
2019-01-03 15:51:48,823 - BasePage - INFO - Had type ' admin ' in inputBox
2019-01-03 15:51:48,849 - BasePage - INFO - Had find the element '  ' successful by id via value: j_password 
2019-01-03 15:51:48,911 - BasePage - INFO - Had type ' abc123456 ' in inputBox
2019-01-03 15:51:48,941 - BasePage - INFO - Had find the element ' 登    录 ' successful by xpath via value: //*[@id='login-tabs-item']/div/div[2]/div/div[1]/div/a[1] 
2019-01-03 15:51:49,263 - BasePage - INFO - The element ' 登    录 ' was clicked.
2019-01-03 15:51:51,332 - BasePage - INFO - had wait for the element: 欢迎您！
2019-01-03 15:51:51,361 - BasePage - INFO - Had find the element '  ' successful by xpath via value: //a[@href='/ApprBase/admin/system/role/toListPosition.do'] 
2019-01-03 15:51:51,384 - BasePage - INFO - had click the button:
2019-01-03 15:51:51,408 - BasePage - INFO - Had find the element '  ' successful by xpath via value: //iframe[@src='/ApprBase/admin/system/role/toListPosition.do'] 
2019-01-03 15:51:51,411 - BasePage - INFO - had came back to the main frame
2019-01-03 15:51:51,427 - BasePage - INFO - had changed the frame
2019-01-03 15:52:14,852 - BasePage - INFO - Had find the element '  ' successful by xpath via value: //a[@href='/ApprBase/admin/system/role/toListPosition.do'] 
2019-01-03 15:52:14,881 - BasePage - INFO - had click the button:
2019-01-03 15:52:14,910 - BasePage - INFO - Had find the element '  ' successful by xpath via value: //iframe[@src='/ApprBase/admin/system/role/toListPosition.do'] 
2019-01-03 15:52:14,911 - BasePage - INFO - had came back to the main frame
2019-01-03 15:52:14,931 - BasePage - INFO - had changed the frame
2019-01-03 15:52:24,951 - BasePage - ERROR - NoSuchElementException: Message: no such element: Unable to locate element: {"method":"id","selector":"roleName"}
  (Session info: headless chrome=71.0.3578.98)
  (Driver info: chromedriver=2.37.544315 (730aa6a5fdba159ac9f4c1e8cbc59bf1b5ce12b7),platform=Windows NT 6.1.7601 SP1 x86_64)

2019-01-03 15:52:25,269 - BasePage - INFO - Had take screenshot and save to folder : /screenshots
2019-01-03 15:52:27,536 - BasePage - INFO - Had find the element '  ' successful by xpath via value: //a[@href='/ApprBase/admin/system/role/toListPosition.do'] 
2019-01-03 15:52:27,561 - BasePage - INFO - had click the button:
2019-01-03 15:52:27,586 - BasePage - INFO - Had find the element '  ' successful by xpath via value: //iframe[@src='/ApprBase/admin/system/role/toListPosition.do'] 
2019-01-03 15:52:27,588 - BasePage - INFO - had came back to the main frame
2019-01-03 15:52:27,605 - BasePage - INFO - had changed the frame
2019-01-03 15:52:37,621 - BasePage - ERROR - NoSuchElementException: Message: no such element: Unable to locate element: {"method":"xpath","selector":"//a[@class='textbox-icon combo-arrow']"}
  (Session info: headless chrome=71.0.3578.98)
  (Driver info: chromedriver=2.37.544315 (730aa6a5fdba159ac9f4c1e8cbc59bf1b5ce12b7),platform=Windows NT 6.1.7601 SP1 x86_64)

2019-01-03 15:52:37,927 - BasePage - INFO - Had take screenshot and save to folder : /screenshots
2019-01-03 15:52:40,154 - BasePage - INFO - Had find the element '  ' successful by xpath via value: //a[@href='/ApprBase/admin/system/role/toListPosition.do'] 
2019-01-03 15:52:40,177 - BasePage - INFO - had click the button:
2019-01-03 15:52:40,210 - BasePage - INFO - Had find the element '  ' successful by xpath via value: //iframe[@src='/ApprBase/admin/system/role/toListPosition.do'] 
2019-01-03 15:52:40,213 - BasePage - INFO - had came back to the main frame
2019-01-03 15:52:40,232 - BasePage - INFO - had changed the frame
2019-01-03 15:52:50,250 - BasePage - ERROR - NoSuchElementException: Message: no such element: Unable to locate element: {"method":"xpath","selector":"//td[contains(text(),'所属地区')]//following-sibling::td//a[@class='textbox-icon combo-arrow']"}
  (Session info: headless chrome=71.0.3578.98)
  (Driver info: chromedriver=2.37.544315 (730aa6a5fdba159ac9f4c1e8cbc59bf1b5ce12b7),platform=Windows NT 6.1.7601 SP1 x86_64)

2019-01-03 15:52:50,578 - BasePage - INFO - Had take screenshot and save to folder : /screenshots
2019-01-03 15:52:52,828 - BasePage - INFO - Had find the element '  ' successful by xpath via value: //a[@href='/ApprBase/admin/system/role/toListPosition.do'] 
2019-01-03 15:52:52,858 - BasePage - INFO - had click the button:
2019-01-03 15:52:52,878 - BasePage - INFO - Had find the element '  ' successful by xpath via value: //iframe[@src='/ApprBase/admin/system/role/toListPosition.do'] 
2019-01-03 15:52:52,881 - BasePage - INFO - had came back to the main frame
2019-01-03 15:52:52,900 - BasePage - INFO - had changed the frame
2019-01-03 15:53:02,964 - BasePage - ERROR - NoSuchElementException: Message: no such element: Unable to locate element: {"method":"id","selector":"roleName"}
  (Session info: headless chrome=71.0.3578.98)
  (Driver info: chromedriver=2.37.544315 (730aa6a5fdba159ac9f4c1e8cbc59bf1b5ce12b7),platform=Windows NT 6.1.7601 SP1 x86_64)

2019-01-03 15:53:03,273 - BasePage - INFO - Had take screenshot and save to folder : /screenshots
2019-01-03 15:53:05,591 - BasePage - INFO - Had find the element '  ' successful by xpath via value: //a[@href='/ApprBase/admin/system/role/toListPosition.do'] 
2019-01-03 15:53:05,615 - BasePage - INFO - had click the button:
2019-01-03 15:53:05,640 - BasePage - INFO - Had find the element '  ' successful by xpath via value: //iframe[@src='/ApprBase/admin/system/role/toListPosition.do'] 
2019-01-03 15:53:05,641 - BasePage - INFO - had came back to the main frame
2019-01-03 15:53:05,661 - BasePage - INFO - had changed the frame
2019-01-03 15:53:15,677 - BasePage - ERROR - NoSuchElementException: Message: no such element: Unable to locate element: {"method":"id","selector":"roleName"}
  (Session info: headless chrome=71.0.3578.98)
  (Driver info: chromedriver=2.37.544315 (730aa6a5fdba159ac9f4c1e8cbc59bf1b5ce12b7),platform=Windows NT 6.1.7601 SP1 x86_64)

2019-01-03 15:53:15,999 - BasePage - INFO - Had take screenshot and save to folder : /screenshots
2019-01-03 15:53:18,260 - BasePage - INFO - Had find the element '  ' successful by xpath via value: //a[@href='/ApprBase/admin/system/role/toListPosition.do'] 
2019-01-03 15:53:18,286 - BasePage - INFO - had click the button:
2019-01-03 15:53:18,308 - BasePage - INFO - Had find the element '  ' successful by xpath via value: //iframe[@src='/ApprBase/admin/system/role/toListPosition.do'] 
2019-01-03 15:53:18,309 - BasePage - INFO - had came back to the main frame
2019-01-03 15:53:18,328 - BasePage - INFO - had changed the frame
2019-01-03 15:53:28,394 - BasePage - ERROR - NoSuchElementException: Message: no such element: Unable to locate element: {"method":"id","selector":"roleName"}
  (Session info: headless chrome=71.0.3578.98)
  (Driver info: chromedriver=2.37.544315 (730aa6a5fdba159ac9f4c1e8cbc59bf1b5ce12b7),platform=Windows NT 6.1.7601 SP1 x86_64)

2019-01-03 15:53:28,707 - BasePage - INFO - Had take screenshot and save to folder : /screenshots
2019-01-03 15:53:30,996 - BasePage - INFO - Had find the element '  ' successful by xpath via value: //a[@href='/ApprBase/admin/system/role/toListPosition.do'] 
2019-01-03 15:53:31,032 - BasePage - INFO - had click the button:
2019-01-03 15:53:31,056 - BasePage - INFO - Had find the element '  ' successful by xpath via value: //iframe[@src='/ApprBase/admin/system/role/toListPosition.do'] 
2019-01-03 15:53:31,059 - BasePage - INFO - had came back to the main frame
2019-01-03 15:53:31,078 - BasePage - INFO - had changed the frame
2019-01-03 15:53:41,115 - BasePage - ERROR - NoSuchElementException: Message: no such element: Unable to locate element: {"method":"id","selector":"roleName"}
  (Session info: headless chrome=71.0.3578.98)
  (Driver info: chromedriver=2.37.544315 (730aa6a5fdba159ac9f4c1e8cbc59bf1b5ce12b7),platform=Windows NT 6.1.7601 SP1 x86_64)

2019-01-03 15:53:41,457 - BasePage - INFO - Had take screenshot and save to folder : /screenshots
