2019-01-03 15:53:49,395 - BrowserEngine - INFO - you had select Chrome browser.
2019-01-03 15:53:49,395 - BrowserEngine - INFO - The test server url is:http://192.168.0.133:7001/ApprBase/login.do?method=ApprBase
2019-01-03 15:53:54,346 - BrowserEngine - INFO - Starting chrome browser.
2019-01-03 15:53:54,805 - BrowserEngine - INFO - Open url:http://192.168.0.133:7001/ApprBase/login.do?method=ApprBase
2019-01-03 15:53:55,914 - BrowserEngine - INFO - Maxmize the current window.
2019-01-03 15:53:55,917 - BrowserEngine - INFO - Set implicitly wait 8 seconds.
2019-01-03 15:53:55,969 - BasePage - INFO - Had find the element '  ' successful by id via value: j_username 
2019-01-03 15:53:56,023 - BasePage - INFO - Had type ' admin ' in inputBox
2019-01-03 15:53:56,048 - BasePage - INFO - Had find the element '  ' successful by id via value: j_password 
2019-01-03 15:53:56,102 - BasePage - INFO - Had type ' abc123456 ' in inputBox
2019-01-03 15:53:56,131 - BasePage - INFO - Had find the element ' 登    录 ' successful by xpath via value: //*[@id='login-tabs-item']/div/div[2]/div/div[1]/div/a[1] 
2019-01-03 15:53:56,466 - BasePage - INFO - The element ' 登    录 ' was clicked.
2019-01-03 15:53:58,548 - BasePage - INFO - had wait for the element: 欢迎您！
2019-01-03 15:53:58,578 - BasePage - INFO - Had find the element '  ' successful by xpath via value: //a[@href='/ApprBase/admin/system/role/toListPosition.do'] 
2019-01-03 15:53:58,601 - BasePage - INFO - had click the button:
2019-01-03 15:53:59,665 - BasePage - INFO - Had find the element '  ' successful by xpath via value: //iframe[@src='/ApprBase/admin/system/role/toListPosition.do'] 
2019-01-03 15:53:59,671 - BasePage - INFO - had came back to the main frame
2019-01-03 15:53:59,696 - BasePage - INFO - had changed the frame
2019-01-03 15:53:59,721 - BasePage - INFO - had wait for the element: 新增岗位
2019-01-03 15:53:59,743 - BasePage - INFO - Had find the element ' 新增岗位 ' successful by xpath via value: //span[contains(text(),'新增岗位')] 
2019-01-03 15:53:59,858 - BasePage - INFO - The element ' 新增岗位 ' was clicked.
2019-01-03 15:53:59,861 - BasePage - INFO - had came back to the main frame
2019-01-03 15:53:59,920 - BasePage - INFO - had wait and changed frame
2019-01-03 15:54:00,986 - BasePage - INFO - Had find the element '  ' successful by id via value: roleName 
2019-01-03 15:54:01,043 - BasePage - INFO - Had type ' 自动测试系统 ' in inputBox
2019-01-03 15:54:01,069 - BasePage - INFO - Had find the element '  ' successful by id via value: selectUnit 
2019-01-03 15:54:01,155 - BasePage - INFO - The element '  ' was clicked.
2019-01-03 15:54:01,158 - BasePage - INFO - had came back to the main frame
2019-01-03 15:54:01,279 - BasePage - INFO - had wait and changed frame
2019-01-03 15:54:01,565 - BasePage - INFO - Had find the element '  ' successful by id via value: unitName 
2019-01-03 15:54:01,630 - BasePage - INFO - Had type ' 测试科 ' in inputBox
2019-01-03 15:54:01,653 - BasePage - INFO - Had find the element '  ' successful by xpath via value: //input[@value='查 询'] 
2019-01-03 15:54:01,734 - BasePage - INFO - The element '  ' was clicked.
2019-01-03 15:54:01,839 - BasePage - INFO - Had find the element ' 测试科 ' successful by xpath via value: //span[contains(text(),'测试科')] 
2019-01-03 15:54:01,910 - BasePage - INFO - The element ' 测试科 ' was clicked.
2019-01-03 15:54:01,934 - BasePage - INFO - Had find the element '  ' successful by xpath via value: //input[@value='确定'] 
2019-01-03 15:54:02,000 - BasePage - INFO - The element '  ' was clicked.
2019-01-03 15:54:02,003 - BasePage - INFO - had came back to the main frame
2019-01-03 15:54:02,029 - BasePage - INFO - had wait and changed frame
2019-01-03 15:54:02,055 - BasePage - INFO - Had find the element '  ' successful by id via value: sumbitButton 
2019-01-03 15:54:02,157 - BasePage - INFO - The element '  ' was clicked.
2019-01-03 15:54:04,217 - BasePage - INFO - Had find the element ' 保存成功! ' successful by xpath via value: //div[@class='messager-body panel-body panel-body-noborder window-body'] 
2019-01-03 15:54:04,224 - BasePage - INFO - The element_text is: 保存成功!
2019-01-03 15:54:04,250 - BasePage - INFO - Had find the element ' 确定 ' successful by xpath via value: //span[contains(text(),'确定')] 
2019-01-03 15:54:04,328 - BasePage - INFO - The element ' 确定 ' was clicked.
2019-01-03 15:54:04,335 - BasePage - INFO - had came back to the main frame
2019-01-03 15:54:06,540 - BasePage - INFO - Had find the element '  ' successful by xpath via value: //a[@href='/ApprBase/admin/system/role/toListPosition.do'] 
2019-01-03 15:54:06,568 - BasePage - INFO - had click the button:
2019-01-03 15:54:06,588 - BasePage - INFO - Had find the element '  ' successful by xpath via value: //iframe[@src='/ApprBase/admin/system/role/toListPosition.do'] 
2019-01-03 15:54:06,592 - BasePage - INFO - had came back to the main frame
2019-01-03 15:54:06,611 - BasePage - INFO - had changed the frame
2019-01-03 15:54:16,670 - BasePage - ERROR - NoSuchElementException: Message: no such element: Unable to locate element: {"method":"id","selector":"roleName"}
  (Session info: headless chrome=71.0.3578.98)
  (Driver info: chromedriver=2.37.544315 (730aa6a5fdba159ac9f4c1e8cbc59bf1b5ce12b7),platform=Windows NT 6.1.7601 SP1 x86_64)

2019-01-03 15:54:17,009 - BasePage - INFO - Had take screenshot and save to folder : /screenshots
2019-01-03 15:56:45,292 - BasePage - INFO - Had find the element '  ' successful by xpath via value: //a[@href='/ApprBase/admin/system/role/toListPosition.do'] 
2019-01-03 15:56:45,315 - BasePage - INFO - had click the button:
2019-01-03 15:56:45,346 - BasePage - INFO - Had find the element '  ' successful by xpath via value: //iframe[@src='/ApprBase/admin/system/role/toListPosition.do'] 
2019-01-03 15:56:45,348 - BasePage - INFO - had came back to the main frame
2019-01-03 15:56:45,368 - BasePage - INFO - had changed the frame
2019-01-03 15:56:55,401 - BasePage - ERROR - NoSuchElementException: Message: no such element: Unable to locate element: {"method":"xpath","selector":"//a[@class='textbox-icon combo-arrow']"}
  (Session info: headless chrome=71.0.3578.98)
  (Driver info: chromedriver=2.37.544315 (730aa6a5fdba159ac9f4c1e8cbc59bf1b5ce12b7),platform=Windows NT 6.1.7601 SP1 x86_64)

2019-01-03 15:56:55,707 - BasePage - INFO - Had take screenshot and save to folder : /screenshots
2019-01-03 15:56:58,033 - BasePage - INFO - Had find the element '  ' successful by xpath via value: //a[@href='/ApprBase/admin/system/role/toListPosition.do'] 
2019-01-03 15:56:58,085 - BasePage - INFO - had click the button:
2019-01-03 15:56:58,108 - BasePage - INFO - Had find the element '  ' successful by xpath via value: //iframe[@src='/ApprBase/admin/system/role/toListPosition.do'] 
2019-01-03 15:56:58,111 - BasePage - INFO - had came back to the main frame
2019-01-03 15:56:58,130 - BasePage - INFO - had changed the frame
2019-01-03 15:57:08,147 - BasePage - ERROR - NoSuchElementException: Message: no such element: Unable to locate element: {"method":"xpath","selector":"//td[contains(text(),'所属地区')]//following-sibling::td//a[@class='textbox-icon combo-arrow']"}
  (Session info: headless chrome=71.0.3578.98)
  (Driver info: chromedriver=2.37.544315 (730aa6a5fdba159ac9f4c1e8cbc59bf1b5ce12b7),platform=Windows NT 6.1.7601 SP1 x86_64)

2019-01-03 15:57:08,470 - BasePage - INFO - Had take screenshot and save to folder : /screenshots
2019-01-03 15:57:10,723 - BasePage - INFO - Had find the element '  ' successful by xpath via value: //a[@href='/ApprBase/admin/system/role/toListPosition.do'] 
2019-01-03 15:57:10,746 - BasePage - INFO - had click the button:
2019-01-03 15:57:10,766 - BasePage - INFO - Had find the element '  ' successful by xpath via value: //iframe[@src='/ApprBase/admin/system/role/toListPosition.do'] 
2019-01-03 15:57:10,769 - BasePage - INFO - had came back to the main frame
2019-01-03 15:57:10,792 - BasePage - INFO - had changed the frame
2019-01-03 15:57:20,844 - BasePage - ERROR - NoSuchElementException: Message: no such element: Unable to locate element: {"method":"id","selector":"roleName"}
  (Session info: headless chrome=71.0.3578.98)
  (Driver info: chromedriver=2.37.544315 (730aa6a5fdba159ac9f4c1e8cbc59bf1b5ce12b7),platform=Windows NT 6.1.7601 SP1 x86_64)

2019-01-03 15:57:21,157 - BasePage - INFO - Had take screenshot and save to folder : /screenshots
2019-01-03 15:57:23,404 - BasePage - INFO - Had find the element '  ' successful by xpath via value: //a[@href='/ApprBase/admin/system/role/toListPosition.do'] 
2019-01-03 15:57:23,428 - BasePage - INFO - had click the button:
2019-01-03 15:57:23,454 - BasePage - INFO - Had find the element '  ' successful by xpath via value: //iframe[@src='/ApprBase/admin/system/role/toListPosition.do'] 
2019-01-03 15:57:23,457 - BasePage - INFO - had came back to the main frame
2019-01-03 15:57:23,476 - BasePage - INFO - had changed the frame
2019-01-03 15:57:33,515 - BasePage - ERROR - NoSuchElementException: Message: no such element: Unable to locate element: {"method":"id","selector":"roleName"}
  (Session info: headless chrome=71.0.3578.98)
  (Driver info: chromedriver=2.37.544315 (730aa6a5fdba159ac9f4c1e8cbc59bf1b5ce12b7),platform=Windows NT 6.1.7601 SP1 x86_64)

2019-01-03 15:57:33,838 - BasePage - INFO - Had take screenshot and save to folder : /screenshots
2019-01-03 15:57:36,108 - BasePage - INFO - Had find the element '  ' successful by xpath via value: //a[@href='/ApprBase/admin/system/role/toListPosition.do'] 
2019-01-03 15:57:36,135 - BasePage - INFO - had click the button:
2019-01-03 15:57:36,155 - BasePage - INFO - Had find the element '  ' successful by xpath via value: //iframe[@src='/ApprBase/admin/system/role/toListPosition.do'] 
2019-01-03 15:57:36,158 - BasePage - INFO - had came back to the main frame
2019-01-03 15:57:36,177 - BasePage - INFO - had changed the frame
2019-01-03 15:57:46,232 - BasePage - ERROR - NoSuchElementException: Message: no such element: Unable to locate element: {"method":"id","selector":"roleName"}
  (Session info: headless chrome=71.0.3578.98)
  (Driver info: chromedriver=2.37.544315 (730aa6a5fdba159ac9f4c1e8cbc59bf1b5ce12b7),platform=Windows NT 6.1.7601 SP1 x86_64)

2019-01-03 15:57:46,536 - BasePage - INFO - Had take screenshot and save to folder : /screenshots
2019-01-03 15:57:48,757 - BasePage - INFO - Had find the element '  ' successful by xpath via value: //a[@href='/ApprBase/admin/system/role/toListPosition.do'] 
2019-01-03 15:57:48,779 - BasePage - INFO - had click the button:
2019-01-03 15:57:48,801 - BasePage - INFO - Had find the element '  ' successful by xpath via value: //iframe[@src='/ApprBase/admin/system/role/toListPosition.do'] 
2019-01-03 15:57:48,802 - BasePage - INFO - had came back to the main frame
2019-01-03 15:57:48,822 - BasePage - INFO - had changed the frame
2019-01-03 15:57:58,849 - BasePage - ERROR - NoSuchElementException: Message: no such element: Unable to locate element: {"method":"id","selector":"roleName"}
  (Session info: headless chrome=71.0.3578.98)
  (Driver info: chromedriver=2.37.544315 (730aa6a5fdba159ac9f4c1e8cbc59bf1b5ce12b7),platform=Windows NT 6.1.7601 SP1 x86_64)

2019-01-03 15:57:59,148 - BasePage - INFO - Had take screenshot and save to folder : /screenshots
